#
# There is insufficient memory for the Java Runtime Environment to continue.
# Native memory allocation (malloc) failed to allocate 407984 bytes. Error detail: Chunk::new
# Possible reasons:
#   The system is out of physical RAM or swap space
#   This process is running with CompressedOops enabled, and the Java Heap may be blocking the growth of the native heap
# Possible solutions:
#   Reduce memory load on the system
#   Increase physical memory or swap space
#   Check if swap backing store is full
#   Decrease Java heap size (-Xmx/-Xms)
#   Decrease number of Java threads
#   Decrease Java thread stack sizes (-Xss)
#   Set larger code cache with -XX:ReservedCodeCacheSize=
#   JVM is running with Unscaled Compressed Oops mode in which the Java heap is
#     placed in the first 4GB address space. The Java Heap base address is the
#     maximum limit for the native heap growth. Please use -XX:HeapBaseMinAddress
#     to set the Java Heap base and to place the Java Heap above 4GB virtual address.
# This output file may be truncated or incomplete.
#
#  Out of Memory Error (arena.cpp:168), pid=19816, tid=23488
#
# JRE version: OpenJDK Runtime Environment Temurin-21.0.7+6 (21.0.7+6) (build 21.0.7+6-LTS)
# Java VM: OpenJDK 64-Bit Server VM Temurin-21.0.7+6 (21.0.7+6-LTS, mixed mode, sharing, tiered, compressed oops, compressed class ptrs, parallel gc, windows-amd64)
# No core dump will be written. Minidumps are not enabled by default on client versions of Windows
#

---------------  S U M M A R Y ------------

Command Line: --add-modules=ALL-SYSTEM --add-opens=java.base/java.util=ALL-UNNAMED --add-opens=java.base/java.lang=ALL-UNNAMED --add-opens=java.base/sun.nio.fs=ALL-UNNAMED -Declipse.application=org.eclipse.jdt.ls.core.id1 -Dosgi.bundles.defaultStartLevel=4 -Declipse.product=org.eclipse.jdt.ls.core.product -Djava.import.generatesMetadataFilesAtProjectRoot=false -DDetectVMInstallationsJob.disabled=true -Dfile.encoding=utf8 -XX:+UseParallelGC -XX:GCTimeRatio=4 -XX:AdaptiveSizePolicyWeight=90 -Dsun.zip.disableMemoryMapping=true -Xmx2G -Xms100m -Xlog:disable -javaagent:c:\Users\PC\.vscode\extensions\redhat.java-1.43.1-win32-x64\lombok\lombok-1.18.39-4050.jar -XX:+HeapDumpOnOutOfMemoryError -XX:HeapDumpPath=c:\Users\PC\AppData\Roaming\Code\User\workspaceStorage\009dd066dbfd86fb48ec25db317acb20\redhat.java -Daether.dependencyCollector.impl=bf c:\Users\PC\.vscode\extensions\redhat.java-1.43.1-win32-x64\server\plugins\org.eclipse.equinox.launcher_1.7.0.v20250519-0528.jar -configuration c:\Users\PC\AppData\Roaming\Code\User\globalStorage\redhat.java\1.43.1\config_win -data c:\Users\PC\AppData\Roaming\Code\User\workspaceStorage\009dd066dbfd86fb48ec25db317acb20\redhat.java\jdt_ws --pipe=\\.\pipe\lsp-7435041aefc38c4f6ed8849673c02e24-sock

Host: AMD Ryzen 5 5600H with Radeon Graphics         , 12 cores, 15G,  Windows 10 , 64 bit Build 19041 (10.0.19041.5915)
Time: Sat Jul  5 00:15:17 2025 SE Asia Standard Time elapsed time: 12.992873 seconds (0d 0h 0m 12s)

---------------  T H R E A D  ---------------

Current thread (0x00000212f8d753a0):  JavaThread "C2 CompilerThread1" daemon [_thread_in_native, id=23488, stack(0x0000009a4dd00000,0x0000009a4de00000) (1024K)]


Current CompileTask:
C2:12993 15004 %     4       sun.nio.fs.WindowsPathParser::normalize @ 18 (233 bytes)

Stack: [0x0000009a4dd00000,0x0000009a4de00000]
Native frames: (J=compiled Java code, j=interpreted, Vv=VM code, C=native code)
V  [jvm.dll+0x6ce119]
V  [jvm.dll+0x8a84a1]
V  [jvm.dll+0x8aa9ce]
V  [jvm.dll+0x8ab0b3]
V  [jvm.dll+0x27f8a6]
V  [jvm.dll+0xc507d]
V  [jvm.dll+0xc55b3]
V  [jvm.dll+0x3b692c]
V  [jvm.dll+0x382aa5]
V  [jvm.dll+0x381f0a]
V  [jvm.dll+0x247af0]
V  [jvm.dll+0x2470cf]
V  [jvm.dll+0x1c760e]
V  [jvm.dll+0x25695a]
V  [jvm.dll+0x254efa]
V  [jvm.dll+0x3f03f6]
V  [jvm.dll+0x851f6b]
V  [jvm.dll+0x6cc7dd]
C  [ucrtbase.dll+0x21bb2]
C  [KERNEL32.DLL+0x17374]
C  [ntdll.dll+0x4cc91]


---------------  P R O C E S S  ---------------

Threads class SMR info:
_java_thread_list=0x000002128cc635a0, length=80, elements={
0x00000212a06c9650, 0x00000212a05f5270, 0x00000212a05f89e0, 0x00000212a05fb070,
0x00000212a05fbf80, 0x00000212a05fdbb0, 0x00000212f8d666f0, 0x00000212f8d73d50,
0x00000212f8d78a20, 0x00000212a06f64c0, 0x00000212f8d753a0, 0x00000212fa300b40,
0x00000212fa70caf0, 0x00000212ff2cad00, 0x00000212ff3ef780, 0x00000212ff3efde0,
0x00000212ff5950d0, 0x00000212ff3eb020, 0x00000212ff82fa50, 0x00000212ff82ed30,
0x00000212ff8300e0, 0x00000212ff82cc60, 0x00000212ff82d2f0, 0x00000212ff82d980,
0x00000212ff82e010, 0x00000212ff82e6a0, 0x00000212ff82f3c0, 0x0000021282acb890,
0x0000021282acab70, 0x0000021282accc40, 0x0000021282ad0de0, 0x0000021282ac9e50,
0x0000021282acd2d0, 0x0000021282ad00c0, 0x0000021282acd960, 0x0000021282acdff0,
0x0000021282ace680, 0x0000021282acbf20, 0x0000021282acc5b0, 0x0000021282aced10,
0x0000021282acf3a0, 0x0000021282acfa30, 0x0000021282ad1470, 0x0000021282ad0750,
0x0000021282aca4e0, 0x0000021282acb200, 0x000002128bb19f80, 0x000002128bb1e120,
0x000002128bb1da90, 0x000002128bb1e7b0, 0x000002128bb1d400, 0x000002128bb1c6e0,
0x000002128bb1c050, 0x000002128bb1ee40, 0x000002128bb1f4d0, 0x000002128bb1fb60,
0x000002128bb201f0, 0x000002128bb1cd70, 0x000002128bb1b9c0, 0x000002128bb20880,
0x000002128bb20f10, 0x000002128bb215a0, 0x000002128bb1a610, 0x000002128bb1aca0,
0x000002128bb1b330, 0x00000212821fc700, 0x00000212821fcd90, 0x00000212821fee60,
0x00000212821ffb80, 0x00000212821fdab0, 0x00000212821fe140, 0x00000212821fe7d0,
0x00000212821fb9e0, 0x00000212821ff4f0, 0x0000021282200210, 0x00000212822015c0,
0x00000212822022e0, 0x00000212821fc070, 0x0000021282203000, 0x000002128d02b2c0
}

Java Threads: ( => current thread )
  0x00000212a06c9650 JavaThread "main"                              [_thread_blocked, id=12648, stack(0x0000009a4d000000,0x0000009a4d100000) (1024K)]
  0x00000212a05f5270 JavaThread "Reference Handler"          daemon [_thread_blocked, id=15552, stack(0x0000009a4d400000,0x0000009a4d500000) (1024K)]
  0x00000212a05f89e0 JavaThread "Finalizer"                  daemon [_thread_blocked, id=24436, stack(0x0000009a4d500000,0x0000009a4d600000) (1024K)]
  0x00000212a05fb070 JavaThread "Signal Dispatcher"          daemon [_thread_blocked, id=11104, stack(0x0000009a4d600000,0x0000009a4d700000) (1024K)]
  0x00000212a05fbf80 JavaThread "Attach Listener"            daemon [_thread_blocked, id=24160, stack(0x0000009a4d700000,0x0000009a4d800000) (1024K)]
  0x00000212a05fdbb0 JavaThread "Service Thread"             daemon [_thread_blocked, id=25336, stack(0x0000009a4d800000,0x0000009a4d900000) (1024K)]
  0x00000212f8d666f0 JavaThread "Monitor Deflation Thread"   daemon [_thread_blocked, id=15796, stack(0x0000009a4d900000,0x0000009a4da00000) (1024K)]
  0x00000212f8d73d50 JavaThread "C2 CompilerThread0"         daemon [_thread_in_native, id=17904, stack(0x0000009a4da00000,0x0000009a4db00000) (1024K)]
  0x00000212f8d78a20 JavaThread "C1 CompilerThread0"         daemon [_thread_blocked, id=24840, stack(0x0000009a4db00000,0x0000009a4dc00000) (1024K)]
  0x00000212a06f64c0 JavaThread "Common-Cleaner"             daemon [_thread_blocked, id=24668, stack(0x0000009a4dc00000,0x0000009a4dd00000) (1024K)]
=>0x00000212f8d753a0 JavaThread "C2 CompilerThread1"         daemon [_thread_in_native, id=23488, stack(0x0000009a4dd00000,0x0000009a4de00000) (1024K)]
  0x00000212fa300b40 JavaThread "Notification Thread"        daemon [_thread_blocked, id=1624, stack(0x0000009a4de00000,0x0000009a4df00000) (1024K)]
  0x00000212fa70caf0 JavaThread "Active Thread: Equinox Container: 1cb708d0-f6cd-420d-b933-5baeba0e5dee"        [_thread_blocked, id=24976, stack(0x0000009a4e600000,0x0000009a4e700000) (1024K)]
  0x00000212ff2cad00 JavaThread "Refresh Thread: Equinox Container: 1cb708d0-f6cd-420d-b933-5baeba0e5dee" daemon [_thread_blocked, id=16756, stack(0x0000009a4e800000,0x0000009a4e900000) (1024K)]
  0x00000212ff3ef780 JavaThread "Framework Event Dispatcher: Equinox Container: 1cb708d0-f6cd-420d-b933-5baeba0e5dee" daemon [_thread_blocked, id=23252, stack(0x0000009a4e900000,0x0000009a4ea00000) (1024K)]
  0x00000212ff3efde0 JavaThread "Start Level: Equinox Container: 1cb708d0-f6cd-420d-b933-5baeba0e5dee" daemon [_thread_blocked, id=19316, stack(0x0000009a4ea00000,0x0000009a4eb00000) (1024K)]
  0x00000212ff5950d0 JavaThread "Bundle File Closer"         daemon [_thread_blocked, id=19596, stack(0x0000009a4ed00000,0x0000009a4ee00000) (1024K)]
  0x00000212ff3eb020 JavaThread "SCR Component Actor"        daemon [_thread_blocked, id=25404, stack(0x0000009a4ee00000,0x0000009a4ef00000) (1024K)]
  0x00000212ff82fa50 JavaThread "Worker-JM"                         [_thread_blocked, id=20296, stack(0x0000009a4f000000,0x0000009a4f100000) (1024K)]
  0x00000212ff82ed30 JavaThread "JNA Cleaner"                daemon [_thread_blocked, id=17656, stack(0x0000009a4f100000,0x0000009a4f200000) (1024K)]
  0x00000212ff8300e0 JavaThread "Worker-0: Initialize Workspace"        [_thread_blocked, id=3240, stack(0x0000009a4f200000,0x0000009a4f300000) (1024K)]
  0x00000212ff82cc60 JavaThread "Worker-1"                          [_thread_blocked, id=18440, stack(0x0000009a4f300000,0x0000009a4f400000) (1024K)]
  0x00000212ff82d2f0 JavaThread "Java indexing"              daemon [_thread_in_native, id=4788, stack(0x0000009a4f400000,0x0000009a4f500000) (1024K)]
  0x00000212ff82d980 JavaThread "Worker-2: Initialize workspace"        [_thread_in_Java, id=24208, stack(0x0000009a4f700000,0x0000009a4f800000) (1024K)]
  0x00000212ff82e010 JavaThread "Worker-3: Java indexing... "        [_thread_blocked, id=13920, stack(0x0000009a4f800000,0x0000009a4f900000) (1024K)]
  0x00000212ff82e6a0 JavaThread "Thread-2"                   daemon [_thread_in_native, id=21776, stack(0x0000009a4f900000,0x0000009a4fa00000) (1024K)]
  0x00000212ff82f3c0 JavaThread "Thread-3"                   daemon [_thread_in_native, id=7740, stack(0x0000009a4fa00000,0x0000009a4fb00000) (1024K)]
  0x0000021282acb890 JavaThread "Thread-4"                   daemon [_thread_in_native, id=3528, stack(0x0000009a4fb00000,0x0000009a4fc00000) (1024K)]
  0x0000021282acab70 JavaThread "Thread-5"                   daemon [_thread_in_native, id=24272, stack(0x0000009a4fc00000,0x0000009a4fd00000) (1024K)]
  0x0000021282accc40 JavaThread "Thread-6"                   daemon [_thread_in_native, id=24080, stack(0x0000009a4fd00000,0x0000009a4fe00000) (1024K)]
  0x0000021282ad0de0 JavaThread "Thread-7"                   daemon [_thread_in_native, id=9932, stack(0x0000009a4fe00000,0x0000009a4ff00000) (1024K)]
  0x0000021282ac9e50 JavaThread "Thread-8"                   daemon [_thread_in_native, id=15076, stack(0x0000009a4ff00000,0x0000009a50000000) (1024K)]
  0x0000021282acd2d0 JavaThread "Thread-9"                   daemon [_thread_in_native, id=3112, stack(0x0000009a50000000,0x0000009a50100000) (1024K)]
  0x0000021282ad00c0 JavaThread "Thread-10"                  daemon [_thread_in_native, id=23936, stack(0x0000009a50100000,0x0000009a50200000) (1024K)]
  0x0000021282acd960 JavaThread "Thread-11"                  daemon [_thread_in_native, id=24828, stack(0x0000009a50200000,0x0000009a50300000) (1024K)]
  0x0000021282acdff0 JavaThread "Thread-12"                  daemon [_thread_in_native, id=24788, stack(0x0000009a50300000,0x0000009a50400000) (1024K)]
  0x0000021282ace680 JavaThread "Thread-13"                  daemon [_thread_in_native, id=25128, stack(0x0000009a50400000,0x0000009a50500000) (1024K)]
  0x0000021282acbf20 JavaThread "Thread-14"                  daemon [_thread_in_native, id=23640, stack(0x0000009a50500000,0x0000009a50600000) (1024K)]
  0x0000021282acc5b0 JavaThread "pool-2-thread-1"                   [_thread_blocked, id=1700, stack(0x0000009a50600000,0x0000009a50700000) (1024K)]
  0x0000021282aced10 JavaThread "WorkspaceEventsHandler"            [_thread_blocked, id=4080, stack(0x0000009a50700000,0x0000009a50800000) (1024K)]
  0x0000021282acf3a0 JavaThread "pool-1-thread-1"                   [_thread_blocked, id=22076, stack(0x0000009a50800000,0x0000009a50900000) (1024K)]
  0x0000021282acfa30 JavaThread "Worker-4"                          [_thread_blocked, id=15196, stack(0x0000009a50900000,0x0000009a50a00000) (1024K)]
  0x0000021282ad1470 JavaThread "LocalFile Deleter"          daemon [_thread_blocked, id=17928, stack(0x0000009a50a00000,0x0000009a50b00000) (1024K)]
  0x0000021282ad0750 JavaThread "LocalFile Deleter"          daemon [_thread_blocked, id=24816, stack(0x0000009a50b00000,0x0000009a50c00000) (1024K)]
  0x0000021282aca4e0 JavaThread "LocalFile Deleter"          daemon [_thread_blocked, id=19812, stack(0x0000009a50c00000,0x0000009a50d00000) (1024K)]
  0x0000021282acb200 JavaThread "LocalFile Deleter"          daemon [_thread_blocked, id=19592, stack(0x0000009a50d00000,0x0000009a50e00000) (1024K)]
  0x000002128bb19f80 JavaThread "LocalFile Deleter"          daemon [_thread_blocked, id=15004, stack(0x0000009a50e00000,0x0000009a50f00000) (1024K)]
  0x000002128bb1e120 JavaThread "LocalFile Deleter"          daemon [_thread_blocked, id=12652, stack(0x0000009a50f00000,0x0000009a51000000) (1024K)]
  0x000002128bb1da90 JavaThread "LocalFile Deleter"          daemon [_thread_blocked, id=7772, stack(0x0000009a51000000,0x0000009a51100000) (1024K)]
  0x000002128bb1e7b0 JavaThread "LocalFile Deleter"          daemon [_thread_blocked, id=3960, stack(0x0000009a51100000,0x0000009a51200000) (1024K)]
  0x000002128bb1d400 JavaThread "LocalFile Deleter"          daemon [_thread_blocked, id=5528, stack(0x0000009a51200000,0x0000009a51300000) (1024K)]
  0x000002128bb1c6e0 JavaThread "LocalFile Deleter"          daemon [_thread_blocked, id=18864, stack(0x0000009a51300000,0x0000009a51400000) (1024K)]
  0x000002128bb1c050 JavaThread "LocalFile Deleter"          daemon [_thread_blocked, id=19108, stack(0x0000009a51400000,0x0000009a51500000) (1024K)]
  0x000002128bb1ee40 JavaThread "LocalFile Deleter"          daemon [_thread_blocked, id=2992, stack(0x0000009a51500000,0x0000009a51600000) (1024K)]
  0x000002128bb1f4d0 JavaThread "Compiler Source File Reader" daemon [_thread_blocked, id=2364, stack(0x0000009a51600000,0x0000009a51700000) (1024K)]
  0x000002128bb1fb60 JavaThread "Compiler Source File Reader" daemon [_thread_blocked, id=7848, stack(0x0000009a51700000,0x0000009a51800000) (1024K)]
  0x000002128bb201f0 JavaThread "Compiler Source File Reader" daemon [_thread_blocked, id=3900, stack(0x0000009a51800000,0x0000009a51900000) (1024K)]
  0x000002128bb1cd70 JavaThread "Compiler Source File Reader" daemon [_thread_blocked, id=18760, stack(0x0000009a51900000,0x0000009a51a00000) (1024K)]
  0x000002128bb1b9c0 JavaThread "Compiler Source File Reader" daemon [_thread_blocked, id=22904, stack(0x0000009a51a00000,0x0000009a51b00000) (1024K)]
  0x000002128bb20880 JavaThread "Compiler Source File Reader" daemon [_thread_blocked, id=25276, stack(0x0000009a51b00000,0x0000009a51c00000) (1024K)]
  0x000002128bb20f10 JavaThread "Compiler Source File Reader" daemon [_thread_blocked, id=12056, stack(0x0000009a51c00000,0x0000009a51d00000) (1024K)]
  0x000002128bb215a0 JavaThread "Compiler Source File Reader" daemon [_thread_blocked, id=20988, stack(0x0000009a51d00000,0x0000009a51e00000) (1024K)]
  0x000002128bb1a610 JavaThread "Compiler Source File Reader" daemon [_thread_blocked, id=23884, stack(0x0000009a51e00000,0x0000009a51f00000) (1024K)]
  0x000002128bb1aca0 JavaThread "Compiler Source File Reader" daemon [_thread_blocked, id=24120, stack(0x0000009a51f00000,0x0000009a52000000) (1024K)]
  0x000002128bb1b330 JavaThread "Compiler Processing Task"   daemon [_thread_blocked, id=18136, stack(0x0000009a52000000,0x0000009a52100000) (1024K)]
  0x00000212821fc700 JavaThread "Compiler Class File Writer" daemon [_thread_blocked, id=23180, stack(0x0000009a52100000,0x0000009a52200000) (1024K)]
  0x00000212821fcd90 JavaThread "Compiler Class File Writer" daemon [_thread_blocked, id=24728, stack(0x0000009a52200000,0x0000009a52300000) (1024K)]
  0x00000212821fee60 JavaThread "Compiler Class File Writer" daemon [_thread_blocked, id=23168, stack(0x0000009a52300000,0x0000009a52400000) (1024K)]
  0x00000212821ffb80 JavaThread "Compiler Class File Writer" daemon [_thread_blocked, id=17348, stack(0x0000009a52400000,0x0000009a52500000) (1024K)]
  0x00000212821fdab0 JavaThread "Compiler Class File Writer" daemon [_thread_blocked, id=4044, stack(0x0000009a52500000,0x0000009a52600000) (1024K)]
  0x00000212821fe140 JavaThread "Compiler Class File Writer" daemon [_thread_blocked, id=22836, stack(0x0000009a52600000,0x0000009a52700000) (1024K)]
  0x00000212821fe7d0 JavaThread "Compiler Class File Writer" daemon [_thread_blocked, id=15740, stack(0x0000009a52700000,0x0000009a52800000) (1024K)]
  0x00000212821fb9e0 JavaThread "Compiler Class File Writer" daemon [_thread_blocked, id=25064, stack(0x0000009a52800000,0x0000009a52900000) (1024K)]
  0x00000212821ff4f0 JavaThread "Compiler Class File Writer" daemon [_thread_blocked, id=10468, stack(0x0000009a52900000,0x0000009a52a00000) (1024K)]
  0x0000021282200210 JavaThread "Compiler Class File Writer" daemon [_thread_blocked, id=17404, stack(0x0000009a52a00000,0x0000009a52b00000) (1024K)]
  0x00000212822015c0 JavaThread "Worker-5"                          [_thread_blocked, id=24456, stack(0x0000009a4df00000,0x0000009a4e000000) (1024K)]
  0x00000212822022e0 JavaThread "ForkJoinPool.commonPool-worker-1" daemon [_thread_blocked, id=13204, stack(0x0000009a4ef00000,0x0000009a4f000000) (1024K)]
  0x00000212821fc070 JavaThread "ForkJoinPool.commonPool-worker-2" daemon [_thread_blocked, id=12008, stack(0x0000009a52b00000,0x0000009a52c00000) (1024K)]
  0x0000021282203000 JavaThread "ForkJoinPool.commonPool-worker-3" daemon [_thread_blocked, id=15176, stack(0x0000009a52c00000,0x0000009a52d00000) (1024K)]
  0x000002128d02b2c0 JavaThread "SCR Component Registry"     daemon [_thread_blocked, id=4840, stack(0x0000009a52d00000,0x0000009a52e00000) (1024K)]
Total: 80

Other Threads:
  0x00000212f8d64360 VMThread "VM Thread"                           [id=25420, stack(0x0000009a4d300000,0x0000009a4d400000) (1024K)]
  0x00000212a051cb50 WatcherThread "VM Periodic Task Thread"        [id=23388, stack(0x0000009a4d200000,0x0000009a4d300000) (1024K)]
  0x00000212a06e6050 WorkerThread "GC Thread#0"                     [id=15516, stack(0x0000009a4d100000,0x0000009a4d200000) (1024K)]
  0x00000212fa52d7b0 WorkerThread "GC Thread#1"                     [id=18472, stack(0x0000009a4e000000,0x0000009a4e100000) (1024K)]
  0x00000212fa629460 WorkerThread "GC Thread#2"                     [id=24388, stack(0x0000009a4e100000,0x0000009a4e200000) (1024K)]
  0x00000212fa7898f0 WorkerThread "GC Thread#3"                     [id=10284, stack(0x0000009a4e200000,0x0000009a4e300000) (1024K)]
  0x00000212fa789c90 WorkerThread "GC Thread#4"                     [id=21236, stack(0x0000009a4e300000,0x0000009a4e400000) (1024K)]
  0x00000212fa78a030 WorkerThread "GC Thread#5"                     [id=10696, stack(0x0000009a4e400000,0x0000009a4e500000) (1024K)]
  0x00000212fa78a3d0 WorkerThread "GC Thread#6"                     [id=3692, stack(0x0000009a4e500000,0x0000009a4e600000) (1024K)]
  0x00000212ff2ca960 WorkerThread "GC Thread#7"                     [id=13808, stack(0x0000009a4e700000,0x0000009a4e800000) (1024K)]
  0x00000212ff499910 WorkerThread "GC Thread#8"                     [id=24932, stack(0x0000009a4eb00000,0x0000009a4ec00000) (1024K)]
  0x00000212ff61cc20 WorkerThread "GC Thread#9"                     [id=7180, stack(0x0000009a4ec00000,0x0000009a4ed00000) (1024K)]
Total: 12

Threads with active compile tasks:
C2 CompilerThread0  13023 15012   !   4       org.eclipse.jdt.internal.core.util.DeduplicationUtil::intern (149 bytes)
C2 CompilerThread1  13023 15004 %     4       sun.nio.fs.WindowsPathParser::normalize @ 18 (233 bytes)
Total: 2

VM state: not at safepoint (normal execution)

VM Mutex/Monitor currently owned by a thread: None

Heap address: 0x0000000080000000, size: 2048 MB, Compressed Oops mode: 32-bit

CDS archive(s) mapped at: [0x00000212b7000000-0x00000212b7ba0000-0x00000212b7ba0000), size 12189696, SharedBaseAddress: 0x00000212b7000000, ArchiveRelocationMode: 1.
Compressed class space mapped at: 0x00000212b8000000-0x00000212f8000000, reserved size: 1073741824
Narrow klass base: 0x00000212b7000000, Narrow klass shift: 0, Narrow klass range: 0x100000000

GC Precious Log:
 CardTable entry size: 512
 CPUs: 12 total, 12 available
 Memory: 15752M
 Large Page Support: Disabled
 NUMA Support: Disabled
 Compressed Oops: Enabled (32-bit)
 Alignments: Space 512K, Generation 512K, Heap 2M
 Heap Min Capacity: 100M
 Heap Initial Capacity: 100M
 Heap Max Capacity: 2G
 Pre-touch: Disabled
 Parallel Workers: 10

Heap:
 PSYoungGen      total 30720K, used 27028K [0x00000000d5580000, 0x00000000d7600000, 0x0000000100000000)
  eden space 29696K, 88% used [0x00000000d5580000,0x00000000d6f2d2c0,0x00000000d7280000)
  from space 1024K, 71% used [0x00000000d7380000,0x00000000d7438000,0x00000000d7480000)
  to   space 1536K, 0% used [0x00000000d7480000,0x00000000d7480000,0x00000000d7600000)
 ParOldGen       total 540672K, used 540554K [0x0000000080000000, 0x00000000a1000000, 0x00000000d5580000)
  object space 540672K, 99% used [0x0000000080000000,0x00000000a0fe2ab8,0x00000000a1000000)
 Metaspace       used 67630K, committed 69184K, reserved 1114112K
  class space    used 6753K, committed 7488K, reserved 1048576K

Card table byte_map: [0x000002129fff0000,0x00000212a0400000] _byte_map_base: 0x000002129fbf0000

Marking Bits: (ParMarkBitMap*) 0x00007ff93ac731f0
 Begin Bits: [0x00000212b2af0000, 0x00000212b4af0000)
 End Bits:   [0x00000212b4af0000, 0x00000212b6af0000)

Polling page: 0x000002129e0c0000

Metaspace:

Usage:
  Non-class:     59.45 MB used.
      Class:      6.60 MB used.
       Both:     66.05 MB used.

Virtual space:
  Non-class space:       64.00 MB reserved,      60.25 MB ( 94%) committed,  1 nodes.
      Class space:        1.00 GB reserved,       7.31 MB ( <1%) committed,  1 nodes.
             Both:        1.06 GB reserved,      67.56 MB (  6%) committed. 

Chunk freelists:
   Non-Class:  3.00 MB
       Class:  8.73 MB
        Both:  11.73 MB

MaxMetaspaceSize: unlimited
CompressedClassSpaceSize: 1.00 GB
Initial GC threshold: 21.00 MB
Current GC threshold: 97.31 MB
CDS: on
 - commit_granule_bytes: 65536.
 - commit_granule_words: 8192.
 - virtual_space_node_default_size: 8388608.
 - enlarge_chunks_in_place: 1.
 - use_allocation_guard: 0.


Internal statistics:

num_allocs_failed_limit: 9.
num_arena_births: 1346.
num_arena_deaths: 14.
num_vsnodes_births: 2.
num_vsnodes_deaths: 0.
num_space_committed: 1081.
num_space_uncommitted: 0.
num_chunks_returned_to_freelist: 23.
num_chunks_taken_from_freelist: 4549.
num_chunk_merges: 10.
num_chunk_splits: 2819.
num_chunks_enlarged: 1643.
num_inconsistent_stats: 0.

CodeHeap 'non-profiled nmethods': size=120000Kb used=10460Kb max_used=10460Kb free=109540Kb
 bounds [0x00000212ab310000, 0x00000212abd50000, 0x00000212b2840000]
CodeHeap 'profiled nmethods': size=120000Kb used=33430Kb max_used=33430Kb free=86569Kb
 bounds [0x00000212a3840000, 0x00000212a58f0000, 0x00000212aad70000]
CodeHeap 'non-nmethods': size=5760Kb used=1438Kb max_used=1506Kb free=4321Kb
 bounds [0x00000212aad70000, 0x00000212aafe0000, 0x00000212ab310000]
 total_blobs=14953 nmethods=14205 adapters=652
 compilation: enabled
              stopped_count=0, restarted_count=0
 full_count=0

Compilation events (20 events):
Event: 12.974 Thread 0x00000212f8d78a20 14995       3       java.nio.file.Path::of (9 bytes)
Event: 12.974 Thread 0x00000212f8d78a20 nmethod 14995 0x00000212a58d8310 code [0x00000212a58d84e0, 0x00000212a58d8898]
Event: 12.974 Thread 0x00000212f8d78a20 15001       3       org.eclipse.jdt.internal.core.JarPackageFragmentRoot::initRawPackageInfo (292 bytes)
Event: 12.976 Thread 0x00000212f8d78a20 nmethod 15001 0x00000212a58d8a10 code [0x00000212a58d8f80, 0x00000212a58dbdf0]
Event: 12.976 Thread 0x00000212f8d753a0 15004 %     4       sun.nio.fs.WindowsPathParser::normalize @ 18 (233 bytes)
Event: 12.976 Thread 0x00000212f8d78a20 15000       1       org.eclipse.jdt.internal.core.JarPackageFragmentRoot::getClassNameSubFolder (2 bytes)
Event: 12.976 Thread 0x00000212f8d78a20 nmethod 15000 0x00000212abd43d10 code [0x00000212abd43ea0, 0x00000212abd43f70]
Event: 12.976 Thread 0x00000212f8d78a20 15002       1       java.util.zip.ZipFile::getName (5 bytes)
Event: 12.976 Thread 0x00000212f8d78a20 nmethod 15002 0x00000212abd44010 code [0x00000212abd441a0, 0x00000212abd44268]
Event: 12.976 Thread 0x00000212f8d78a20 14996       3       java.text.MessageFormat::format (12 bytes)
Event: 12.976 Thread 0x00000212f8d78a20 nmethod 14996 0x00000212a58dcf90 code [0x00000212a58dd140, 0x00000212a58dd378]
Event: 12.976 Thread 0x00000212f8d78a20 15003  s    3       org.eclipse.core.internal.jobs.WorkerPool::jobQueued (69 bytes)
Event: 12.977 Thread 0x00000212f8d78a20 nmethod 15003 0x00000212a58dd490 code [0x00000212a58dd6e0, 0x00000212a58dde78]
Event: 12.977 Thread 0x00000212f8d78a20 15005   !   3       org.eclipse.jdt.internal.core.util.Util::getEntryName (77 bytes)
Event: 12.978 Thread 0x00000212f8d78a20 nmethod 15005 0x00000212a58de090 code [0x00000212a58de360, 0x00000212a58df2c8]
Event: 12.978 Thread 0x00000212f8d78a20 15006       3       sun.nio.fs.WindowsPath::startsWith (105 bytes)
Event: 12.978 Thread 0x00000212f8d78a20 nmethod 15006 0x00000212a58df910 code [0x00000212a58dfbc0, 0x00000212a58e0828]
Event: 12.978 Thread 0x00000212f8d78a20 15007       3       org.eclipse.jdt.internal.compiler.impl.CompilerOptions::versionFromJdkLevel (204 bytes)
Event: 12.979 Thread 0x00000212f8d78a20 nmethod 15007 0x00000212a58e0d10 code [0x00000212a58e0f80, 0x00000212a58e1920]
Event: 12.987 Thread 0x00000212f8d78a20 15011       3       java.text.Format::format (24 bytes)

GC Heap History (20 events):
Event: 12.319 GC heap before
{Heap before GC invocations=651 (full 3):
 PSYoungGen      total 21504K, used 21488K [0x00000000d5580000, 0x00000000d7500000, 0x0000000100000000)
  eden space 20480K, 100% used [0x00000000d5580000,0x00000000d6980000,0x00000000d6980000)
  from space 1024K, 98% used [0x00000000d7380000,0x00000000d747c328,0x00000000d7480000)
  to   space 512K, 0% used [0x00000000d7480000,0x00000000d7480000,0x00000000d7500000)
 ParOldGen       total 524288K, used 523973K [0x0000000080000000, 0x00000000a0000000, 0x00000000d5580000)
  object space 524288K, 99% used [0x0000000080000000,0x000000009ffb1458,0x00000000a0000000)
 Metaspace       used 66290K, committed 67840K, reserved 1114112K
  class space    used 6642K, committed 7360K, reserved 1048576K
}
Event: 12.321 GC heap after
{Heap after GC invocations=651 (full 3):
 PSYoungGen      total 20992K, used 512K [0x00000000d5580000, 0x00000000d7500000, 0x0000000100000000)
  eden space 20480K, 0% used [0x00000000d5580000,0x00000000d5580000,0x00000000d6980000)
  from space 512K, 100% used [0x00000000d7480000,0x00000000d7500000,0x00000000d7500000)
  to   space 2560K, 0% used [0x00000000d7000000,0x00000000d7000000,0x00000000d7280000)
 ParOldGen       total 526336K, used 525915K [0x0000000080000000, 0x00000000a0200000, 0x00000000d5580000)
  object space 526336K, 99% used [0x0000000080000000,0x00000000a0196e80,0x00000000a0200000)
 Metaspace       used 66290K, committed 67840K, reserved 1114112K
  class space    used 6642K, committed 7360K, reserved 1048576K
}
Event: 12.345 GC heap before
{Heap before GC invocations=652 (full 3):
 PSYoungGen      total 20992K, used 20992K [0x00000000d5580000, 0x00000000d7500000, 0x0000000100000000)
  eden space 20480K, 100% used [0x00000000d5580000,0x00000000d6980000,0x00000000d6980000)
  from space 512K, 100% used [0x00000000d7480000,0x00000000d7500000,0x00000000d7500000)
  to   space 2560K, 0% used [0x00000000d7000000,0x00000000d7000000,0x00000000d7280000)
 ParOldGen       total 526336K, used 525936K [0x0000000080000000, 0x00000000a0200000, 0x00000000d5580000)
  object space 526336K, 99% used [0x0000000080000000,0x00000000a019c2a8,0x00000000a0200000)
 Metaspace       used 66334K, committed 67904K, reserved 1114112K
  class space    used 6642K, committed 7360K, reserved 1048576K
}
Event: 12.350 GC heap after
{Heap after GC invocations=652 (full 3):
 PSYoungGen      total 23040K, used 1612K [0x00000000d5580000, 0x00000000d7500000, 0x0000000100000000)
  eden space 20480K, 0% used [0x00000000d5580000,0x00000000d5580000,0x00000000d6980000)
  from space 2560K, 62% used [0x00000000d7000000,0x00000000d7193008,0x00000000d7280000)
  to   space 2048K, 0% used [0x00000000d7300000,0x00000000d7300000,0x00000000d7500000)
 ParOldGen       total 526336K, used 526320K [0x0000000080000000, 0x00000000a0200000, 0x00000000d5580000)
  object space 526336K, 99% used [0x0000000080000000,0x00000000a01fc2a8,0x00000000a0200000)
 Metaspace       used 66334K, committed 67904K, reserved 1114112K
  class space    used 6642K, committed 7360K, reserved 1048576K
}
Event: 12.379 GC heap before
{Heap before GC invocations=653 (full 3):
 PSYoungGen      total 23040K, used 22092K [0x00000000d5580000, 0x00000000d7500000, 0x0000000100000000)
  eden space 20480K, 100% used [0x00000000d5580000,0x00000000d6980000,0x00000000d6980000)
  from space 2560K, 62% used [0x00000000d7000000,0x00000000d7193008,0x00000000d7280000)
  to   space 2048K, 0% used [0x00000000d7300000,0x00000000d7300000,0x00000000d7500000)
 ParOldGen       total 526336K, used 526320K [0x0000000080000000, 0x00000000a0200000, 0x00000000d5580000)
  object space 526336K, 99% used [0x0000000080000000,0x00000000a01fc2a8,0x00000000a0200000)
 Metaspace       used 66346K, committed 67904K, reserved 1114112K
  class space    used 6642K, committed 7360K, reserved 1048576K
}
Event: 12.386 GC heap after
{Heap after GC invocations=653 (full 3):
 PSYoungGen      total 22528K, used 2016K [0x00000000d5580000, 0x00000000d7500000, 0x0000000100000000)
  eden space 20480K, 0% used [0x00000000d5580000,0x00000000d5580000,0x00000000d6980000)
  from space 2048K, 98% used [0x00000000d7300000,0x00000000d74f8000,0x00000000d7500000)
  to   space 2560K, 0% used [0x00000000d7000000,0x00000000d7000000,0x00000000d7280000)
 ParOldGen       total 527872K, used 527809K [0x0000000080000000, 0x00000000a0380000, 0x00000000d5580000)
  object space 527872K, 99% used [0x0000000080000000,0x00000000a0370598,0x00000000a0380000)
 Metaspace       used 66346K, committed 67904K, reserved 1114112K
  class space    used 6642K, committed 7360K, reserved 1048576K
}
Event: 12.417 GC heap before
{Heap before GC invocations=654 (full 3):
 PSYoungGen      total 22528K, used 22496K [0x00000000d5580000, 0x00000000d7500000, 0x0000000100000000)
  eden space 20480K, 100% used [0x00000000d5580000,0x00000000d6980000,0x00000000d6980000)
  from space 2048K, 98% used [0x00000000d7300000,0x00000000d74f8000,0x00000000d7500000)
  to   space 2560K, 0% used [0x00000000d7000000,0x00000000d7000000,0x00000000d7280000)
 ParOldGen       total 527872K, used 527809K [0x0000000080000000, 0x00000000a0380000, 0x00000000d5580000)
  object space 527872K, 99% used [0x0000000080000000,0x00000000a0370598,0x00000000a0380000)
 Metaspace       used 66362K, committed 67904K, reserved 1114112K
  class space    used 6644K, committed 7360K, reserved 1048576K
}
Event: 12.425 GC heap after
{Heap after GC invocations=654 (full 3):
 PSYoungGen      total 23040K, used 2392K [0x00000000d5580000, 0x00000000d7380000, 0x0000000100000000)
  eden space 20480K, 0% used [0x00000000d5580000,0x00000000d5580000,0x00000000d6980000)
  from space 2560K, 93% used [0x00000000d7000000,0x00000000d7256008,0x00000000d7280000)
  to   space 1024K, 0% used [0x00000000d7280000,0x00000000d7280000,0x00000000d7380000)
 ParOldGen       total 529920K, used 529521K [0x0000000080000000, 0x00000000a0580000, 0x00000000d5580000)
  object space 529920K, 99% used [0x0000000080000000,0x00000000a051c598,0x00000000a0580000)
 Metaspace       used 66362K, committed 67904K, reserved 1114112K
  class space    used 6644K, committed 7360K, reserved 1048576K
}
Event: 12.457 GC heap before
{Heap before GC invocations=655 (full 3):
 PSYoungGen      total 23040K, used 22872K [0x00000000d5580000, 0x00000000d7380000, 0x0000000100000000)
  eden space 20480K, 100% used [0x00000000d5580000,0x00000000d6980000,0x00000000d6980000)
  from space 2560K, 93% used [0x00000000d7000000,0x00000000d7256008,0x00000000d7280000)
  to   space 1024K, 0% used [0x00000000d7280000,0x00000000d7280000,0x00000000d7380000)
 ParOldGen       total 529920K, used 529521K [0x0000000080000000, 0x00000000a0580000, 0x00000000d5580000)
  object space 529920K, 99% used [0x0000000080000000,0x00000000a051c598,0x00000000a0580000)
 Metaspace       used 66393K, committed 67904K, reserved 1114112K
  class space    used 6644K, committed 7360K, reserved 1048576K
}
Event: 12.469 GC heap after
{Heap after GC invocations=655 (full 3):
 PSYoungGen      total 21504K, used 1024K [0x00000000d5580000, 0x00000000d7380000, 0x0000000100000000)
  eden space 20480K, 0% used [0x00000000d5580000,0x00000000d5580000,0x00000000d6980000)
  from space 1024K, 100% used [0x00000000d7280000,0x00000000d7380000,0x00000000d7380000)
  to   space 4608K, 0% used [0x00000000d6a80000,0x00000000d6a80000,0x00000000d6f00000)
 ParOldGen       total 532992K, used 532632K [0x0000000080000000, 0x00000000a0880000, 0x00000000d5580000)
  object space 532992K, 99% used [0x0000000080000000,0x00000000a0826180,0x00000000a0880000)
 Metaspace       used 66393K, committed 67904K, reserved 1114112K
  class space    used 6644K, committed 7360K, reserved 1048576K
}
Event: 12.501 GC heap before
{Heap before GC invocations=656 (full 3):
 PSYoungGen      total 21504K, used 21504K [0x00000000d5580000, 0x00000000d7380000, 0x0000000100000000)
  eden space 20480K, 100% used [0x00000000d5580000,0x00000000d6980000,0x00000000d6980000)
  from space 1024K, 100% used [0x00000000d7280000,0x00000000d7380000,0x00000000d7380000)
  to   space 4608K, 0% used [0x00000000d6a80000,0x00000000d6a80000,0x00000000d6f00000)
 ParOldGen       total 532992K, used 532632K [0x0000000080000000, 0x00000000a0880000, 0x00000000d5580000)
  object space 532992K, 99% used [0x0000000080000000,0x00000000a0826180,0x00000000a0880000)
 Metaspace       used 66404K, committed 67904K, reserved 1114112K
  class space    used 6644K, committed 7360K, reserved 1048576K
}
Event: 12.521 GC heap after
{Heap after GC invocations=656 (full 3):
 PSYoungGen      total 26112K, used 1984K [0x00000000d5580000, 0x00000000d7380000, 0x0000000100000000)
  eden space 21504K, 0% used [0x00000000d5580000,0x00000000d5580000,0x00000000d6a80000)
  from space 4608K, 43% used [0x00000000d6a80000,0x00000000d6c70000,0x00000000d6f00000)
  to   space 3072K, 0% used [0x00000000d7080000,0x00000000d7080000,0x00000000d7380000)
 ParOldGen       total 534016K, used 533525K [0x0000000080000000, 0x00000000a0980000, 0x00000000d5580000)
  object space 534016K, 99% used [0x0000000080000000,0x00000000a09055e0,0x00000000a0980000)
 Metaspace       used 66404K, committed 67904K, reserved 1114112K
  class space    used 6644K, committed 7360K, reserved 1048576K
}
Event: 12.569 GC heap before
{Heap before GC invocations=657 (full 3):
 PSYoungGen      total 26112K, used 23488K [0x00000000d5580000, 0x00000000d7380000, 0x0000000100000000)
  eden space 21504K, 100% used [0x00000000d5580000,0x00000000d6a80000,0x00000000d6a80000)
  from space 4608K, 43% used [0x00000000d6a80000,0x00000000d6c70000,0x00000000d6f00000)
  to   space 3072K, 0% used [0x00000000d7080000,0x00000000d7080000,0x00000000d7380000)
 ParOldGen       total 534016K, used 533525K [0x0000000080000000, 0x00000000a0980000, 0x00000000d5580000)
  object space 534016K, 99% used [0x0000000080000000,0x00000000a09055e0,0x00000000a0980000)
 Metaspace       used 66420K, committed 67904K, reserved 1114112K
  class space    used 6644K, committed 7360K, reserved 1048576K
}
Event: 12.592 GC heap after
{Heap after GC invocations=657 (full 3):
 PSYoungGen      total 28160K, used 2452K [0x00000000d5580000, 0x00000000d7400000, 0x0000000100000000)
  eden space 25088K, 0% used [0x00000000d5580000,0x00000000d5580000,0x00000000d6e00000)
  from space 3072K, 79% used [0x00000000d7080000,0x00000000d72e5300,0x00000000d7380000)
  to   space 2560K, 0% used [0x00000000d6e00000,0x00000000d6e00000,0x00000000d7080000)
 ParOldGen       total 535552K, used 535354K [0x0000000080000000, 0x00000000a0b00000, 0x00000000d5580000)
  object space 535552K, 99% used [0x0000000080000000,0x00000000a0acebe8,0x00000000a0b00000)
 Metaspace       used 66420K, committed 67904K, reserved 1114112K
  class space    used 6644K, committed 7360K, reserved 1048576K
}
Event: 12.643 GC heap before
{Heap before GC invocations=658 (full 3):
 PSYoungGen      total 28160K, used 27540K [0x00000000d5580000, 0x00000000d7400000, 0x0000000100000000)
  eden space 25088K, 100% used [0x00000000d5580000,0x00000000d6e00000,0x00000000d6e00000)
  from space 3072K, 79% used [0x00000000d7080000,0x00000000d72e5300,0x00000000d7380000)
  to   space 2560K, 0% used [0x00000000d6e00000,0x00000000d6e00000,0x00000000d7080000)
 ParOldGen       total 535552K, used 535354K [0x0000000080000000, 0x00000000a0b00000, 0x00000000d5580000)
  object space 535552K, 99% used [0x0000000080000000,0x00000000a0acebe8,0x00000000a0b00000)
 Metaspace       used 66468K, committed 67968K, reserved 1114112K
  class space    used 6645K, committed 7360K, reserved 1048576K
}
Event: 12.663 GC heap after
{Heap after GC invocations=658 (full 3):
 PSYoungGen      total 27648K, used 2464K [0x00000000d5580000, 0x00000000d7800000, 0x0000000100000000)
  eden space 25088K, 0% used [0x00000000d5580000,0x00000000d5580000,0x00000000d6e00000)
  from space 2560K, 96% used [0x00000000d6e00000,0x00000000d7068000,0x00000000d7080000)
  to   space 2560K, 0% used [0x00000000d7580000,0x00000000d7580000,0x00000000d7800000)
 ParOldGen       total 538112K, used 537649K [0x0000000080000000, 0x00000000a0d80000, 0x00000000d5580000)
  object space 538112K, 99% used [0x0000000080000000,0x00000000a0d0c400,0x00000000a0d80000)
 Metaspace       used 66468K, committed 67968K, reserved 1114112K
  class space    used 6645K, committed 7360K, reserved 1048576K
}
Event: 12.788 GC heap before
{Heap before GC invocations=659 (full 3):
 PSYoungGen      total 27648K, used 27552K [0x00000000d5580000, 0x00000000d7800000, 0x0000000100000000)
  eden space 25088K, 100% used [0x00000000d5580000,0x00000000d6e00000,0x00000000d6e00000)
  from space 2560K, 96% used [0x00000000d6e00000,0x00000000d7068000,0x00000000d7080000)
  to   space 2560K, 0% used [0x00000000d7580000,0x00000000d7580000,0x00000000d7800000)
 ParOldGen       total 538112K, used 537649K [0x0000000080000000, 0x00000000a0d80000, 0x00000000d5580000)
  object space 538112K, 99% used [0x0000000080000000,0x00000000a0d0c400,0x00000000a0d80000)
 Metaspace       used 67525K, committed 69120K, reserved 1114112K
  class space    used 6749K, committed 7488K, reserved 1048576K
}
Event: 12.802 GC heap after
{Heap after GC invocations=659 (full 3):
 PSYoungGen      total 32256K, used 1735K [0x00000000d5580000, 0x00000000d7780000, 0x0000000100000000)
  eden space 30208K, 0% used [0x00000000d5580000,0x00000000d5580000,0x00000000d7300000)
  from space 2048K, 84% used [0x00000000d7580000,0x00000000d7731d60,0x00000000d7780000)
  to   space 2048K, 0% used [0x00000000d7380000,0x00000000d7380000,0x00000000d7580000)
 ParOldGen       total 540160K, used 539945K [0x0000000080000000, 0x00000000a0f80000, 0x00000000d5580000)
  object space 540160K, 99% used [0x0000000080000000,0x00000000a0f4a7c8,0x00000000a0f80000)
 Metaspace       used 67525K, committed 69120K, reserved 1114112K
  class space    used 6749K, committed 7488K, reserved 1048576K
}
Event: 12.876 GC heap before
{Heap before GC invocations=660 (full 3):
 PSYoungGen      total 32256K, used 31943K [0x00000000d5580000, 0x00000000d7780000, 0x0000000100000000)
  eden space 30208K, 100% used [0x00000000d5580000,0x00000000d7300000,0x00000000d7300000)
  from space 2048K, 84% used [0x00000000d7580000,0x00000000d7731d60,0x00000000d7780000)
  to   space 2048K, 0% used [0x00000000d7380000,0x00000000d7380000,0x00000000d7580000)
 ParOldGen       total 540160K, used 539945K [0x0000000080000000, 0x00000000a0f80000, 0x00000000d5580000)
  object space 540160K, 99% used [0x0000000080000000,0x00000000a0f4a7c8,0x00000000a0f80000)
 Metaspace       used 67550K, committed 69120K, reserved 1114112K
  class space    used 6752K, committed 7488K, reserved 1048576K
}
Event: 12.881 GC heap after
{Heap after GC invocations=660 (full 3):
 PSYoungGen      total 30720K, used 736K [0x00000000d5580000, 0x00000000d7600000, 0x0000000100000000)
  eden space 29696K, 0% used [0x00000000d5580000,0x00000000d5580000,0x00000000d7280000)
  from space 1024K, 71% used [0x00000000d7380000,0x00000000d7438000,0x00000000d7480000)
  to   space 1536K, 0% used [0x00000000d7480000,0x00000000d7480000,0x00000000d7600000)
 ParOldGen       total 540672K, used 540554K [0x0000000080000000, 0x00000000a1000000, 0x00000000d5580000)
  object space 540672K, 99% used [0x0000000080000000,0x00000000a0fe2ab8,0x00000000a1000000)
 Metaspace       used 67550K, committed 69120K, reserved 1114112K
  class space    used 6752K, committed 7488K, reserved 1048576K
}

Dll operation events (10 events):
Event: 0.005 Loaded shared library c:\Users\PC\.vscode\extensions\redhat.java-1.43.1-win32-x64\jre\21.0.7-win32-x86_64\bin\java.dll
Event: 0.045 Loaded shared library c:\Users\PC\.vscode\extensions\redhat.java-1.43.1-win32-x64\jre\21.0.7-win32-x86_64\bin\zip.dll
Event: 0.061 Loaded shared library C:\Users\PC\.vscode\extensions\redhat.java-1.43.1-win32-x64\jre\21.0.7-win32-x86_64\bin\instrument.dll
Event: 0.065 Loaded shared library C:\Users\PC\.vscode\extensions\redhat.java-1.43.1-win32-x64\jre\21.0.7-win32-x86_64\bin\net.dll
Event: 0.066 Loaded shared library C:\Users\PC\.vscode\extensions\redhat.java-1.43.1-win32-x64\jre\21.0.7-win32-x86_64\bin\nio.dll
Event: 0.068 Loaded shared library C:\Users\PC\.vscode\extensions\redhat.java-1.43.1-win32-x64\jre\21.0.7-win32-x86_64\bin\zip.dll
Event: 0.080 Loaded shared library C:\Users\PC\.vscode\extensions\redhat.java-1.43.1-win32-x64\jre\21.0.7-win32-x86_64\bin\jimage.dll
Event: 0.130 Loaded shared library c:\Users\PC\.vscode\extensions\redhat.java-1.43.1-win32-x64\jre\21.0.7-win32-x86_64\bin\verify.dll
Event: 0.827 Loaded shared library C:\Users\PC\AppData\Roaming\Code\User\globalStorage\redhat.java\1.43.1\config_win\org.eclipse.equinox.launcher\org.eclipse.equinox.launcher.win32.win32.x86_64_1.2.1300.v20250331-1702\eclipse_11911.dll
Event: 1.649 Loaded shared library C:\Users\PC\AppData\Local\Temp\jna-2547\jna7800085330064778672.dll

Deoptimization events (20 events):
Event: 12.969 Thread 0x00000212ff82d980 Uncommon trap: trap_request=0xffffff45 fr.pc=0x00000212ab3cd56c relative=0x000000000000004c
Event: 12.969 Thread 0x00000212ff82d980 Uncommon trap: reason=unstable_if action=reinterpret pc=0x00000212ab3cd56c method=sun.nio.fs.WindowsPathParser.isSlash(C)Z @ 9 c2
Event: 12.969 Thread 0x00000212ff82d980 DEOPT PACKING pc=0x00000212ab3cd56c sp=0x0000009a4f7fe2d0
Event: 12.969 Thread 0x00000212ff82d980 DEOPT UNPACKING pc=0x00000212aadc3aa2 sp=0x0000009a4f7fe258 mode 2
Event: 12.969 Thread 0x00000212ff82d980 Uncommon trap: trap_request=0xffffffc6 fr.pc=0x00000212ab58cb74 relative=0x0000000000000a94
Event: 12.969 Thread 0x00000212ff82d980 Uncommon trap: reason=bimorphic_or_optimized_type_check action=maybe_recompile pc=0x00000212ab58cb74 method=java.util.ArrayList.equalsRange(Ljava/util/List;II)Z @ 71 c2
Event: 12.969 Thread 0x00000212ff82d980 DEOPT PACKING pc=0x00000212ab58cb74 sp=0x0000009a4f7fe480
Event: 12.969 Thread 0x00000212ff82d980 DEOPT UNPACKING pc=0x00000212aadc3aa2 sp=0x0000009a4f7fe420 mode 2
Event: 12.969 Thread 0x00000212ff82d980 Uncommon trap: trap_request=0xffffff45 fr.pc=0x00000212ab446dfc relative=0x000000000000133c
Event: 12.969 Thread 0x00000212ff82d980 Uncommon trap: reason=unstable_if action=reinterpret pc=0x00000212ab446dfc method=sun.nio.fs.WindowsPathParser.isSlash(C)Z @ 9 c2
Event: 12.969 Thread 0x00000212ff82d980 DEOPT PACKING pc=0x00000212ab446dfc sp=0x0000009a4f7fe2b0
Event: 12.969 Thread 0x00000212ff82d980 DEOPT UNPACKING pc=0x00000212aadc3aa2 sp=0x0000009a4f7fe260 mode 2
Event: 12.969 Thread 0x00000212ff82d980 Uncommon trap: trap_request=0xffffffc6 fr.pc=0x00000212ab58cb74 relative=0x0000000000000a94
Event: 12.969 Thread 0x00000212ff82d980 Uncommon trap: reason=bimorphic_or_optimized_type_check action=maybe_recompile pc=0x00000212ab58cb74 method=java.util.ArrayList.equalsRange(Ljava/util/List;II)Z @ 71 c2
Event: 12.969 Thread 0x00000212ff82d980 DEOPT PACKING pc=0x00000212ab58cb74 sp=0x0000009a4f7fe480
Event: 12.969 Thread 0x00000212ff82d980 DEOPT UNPACKING pc=0x00000212aadc3aa2 sp=0x0000009a4f7fe420 mode 2
Event: 12.987 Thread 0x00000212ff82d2f0 Uncommon trap: trap_request=0xffffff45 fr.pc=0x00000212abb96b04 relative=0x0000000000001764
Event: 12.987 Thread 0x00000212ff82d2f0 Uncommon trap: reason=unstable_if action=reinterpret pc=0x00000212abb96b04 method=java.io.InputStream.readNBytes(I)[B @ 83 c2
Event: 12.987 Thread 0x00000212ff82d2f0 DEOPT PACKING pc=0x00000212abb96b04 sp=0x0000009a4f4fec70
Event: 12.987 Thread 0x00000212ff82d2f0 DEOPT UNPACKING pc=0x00000212aadc3aa2 sp=0x0000009a4f4fec78 mode 2

Classes loaded (20 events):
Event: 11.114 Loading class java/nio/file/PathMatcher done
Event: 11.115 Loading class sun/nio/fs/WindowsFileSystem$2 done
Event: 11.818 Loading class java/util/Collections$SynchronizedRandomAccessList
Event: 11.818 Loading class java/util/Collections$SynchronizedList
Event: 11.818 Loading class java/util/Collections$SynchronizedList done
Event: 11.818 Loading class java/util/Collections$SynchronizedRandomAccessList done
Event: 11.825 Loading class java/util/concurrent/CompletableFuture$Signaller
Event: 11.826 Loading class java/util/concurrent/CompletableFuture$Signaller done
Event: 12.051 Loading class java/nio/charset/CharacterCodingException
Event: 12.051 Loading class java/nio/charset/CharacterCodingException done
Event: 12.051 Loading class java/io/SequenceInputStream
Event: 12.051 Loading class java/io/SequenceInputStream done
Event: 12.673 Loading class java/util/concurrent/CompletableFuture$UniApply
Event: 12.673 Loading class java/util/concurrent/CompletableFuture$UniApply done
Event: 12.674 Loading class java/util/concurrent/CompletableFuture$UniExceptionally
Event: 12.674 Loading class java/util/concurrent/CompletableFuture$UniExceptionally done
Event: 12.725 Loading class java/util/Hashtable$KeySet
Event: 12.725 Loading class java/util/Hashtable$KeySet done
Event: 12.839 Loading class java/lang/invoke/MethodHandleImpl$CountingWrapper$1
Event: 12.839 Loading class java/lang/invoke/MethodHandleImpl$CountingWrapper$1 done

Classes unloaded (7 events):
Event: 1.984 Thread 0x00000212f8d64360 Unloading class 0x00000212b819d000 'java/lang/invoke/LambdaForm$MH+0x00000212b819d000'
Event: 1.984 Thread 0x00000212f8d64360 Unloading class 0x00000212b819cc00 'java/lang/invoke/LambdaForm$MH+0x00000212b819cc00'
Event: 1.984 Thread 0x00000212f8d64360 Unloading class 0x00000212b819c800 'java/lang/invoke/LambdaForm$MH+0x00000212b819c800'
Event: 1.984 Thread 0x00000212f8d64360 Unloading class 0x00000212b819c400 'java/lang/invoke/LambdaForm$MH+0x00000212b819c400'
Event: 1.984 Thread 0x00000212f8d64360 Unloading class 0x00000212b819c000 'java/lang/invoke/LambdaForm$BMH+0x00000212b819c000'
Event: 1.984 Thread 0x00000212f8d64360 Unloading class 0x00000212b819bc00 'java/lang/invoke/LambdaForm$DMH+0x00000212b819bc00'
Event: 1.984 Thread 0x00000212f8d64360 Unloading class 0x00000212b819a800 'java/lang/invoke/LambdaForm$DMH+0x00000212b819a800'

Classes redefined (0 events):
No events

Internal exceptions (20 events):
Event: 12.676 Thread 0x0000021282acf3a0 Exception <a 'java/lang/IncompatibleClassChangeError'{0x00000000d583ee18}: Found class java.lang.Object, but interface was expected> (0x00000000d583ee18) 
thrown [s\src\hotspot\share\interpreter\linkResolver.cpp, line 840]
Event: 12.686 Thread 0x0000021282acf3a0 Exception <a 'java/lang/IncompatibleClassChangeError'{0x00000000d59e9238}: Found class java.lang.Object, but interface was expected> (0x00000000d59e9238) 
thrown [s\src\hotspot\share\interpreter\linkResolver.cpp, line 840]
Event: 12.739 Thread 0x00000212ff82d980 Exception <a 'sun/nio/fs/WindowsException'{0x00000000d623f188}> (0x00000000d623f188) 
thrown [s\src\hotspot\share\prims\jni.cpp, line 520]
Event: 12.739 Thread 0x00000212ff82d980 Exception <a 'sun/nio/fs/WindowsException'{0x00000000d623f7b8}> (0x00000000d623f7b8) 
thrown [s\src\hotspot\share\prims\jni.cpp, line 520]
Event: 12.740 Thread 0x00000212ff82d980 Exception <a 'sun/nio/fs/WindowsException'{0x00000000d6240488}> (0x00000000d6240488) 
thrown [s\src\hotspot\share\prims\jni.cpp, line 520]
Event: 12.740 Thread 0x00000212ff82d980 Exception <a 'sun/nio/fs/WindowsException'{0x00000000d6240ab8}> (0x00000000d6240ab8) 
thrown [s\src\hotspot\share\prims\jni.cpp, line 520]
Event: 12.742 Thread 0x00000212ff82d980 Exception <a 'java/io/FileNotFoundException'{0x00000000d627e868}> (0x00000000d627e868) 
thrown [s\src\hotspot\share\prims\jni.cpp, line 520]
Event: 12.742 Thread 0x00000212ff82d980 Exception <a 'java/io/FileNotFoundException'{0x00000000d62a5db0}> (0x00000000d62a5db0) 
thrown [s\src\hotspot\share\prims\jni.cpp, line 520]
Event: 12.747 Thread 0x00000212ff82d980 Exception <a 'sun/nio/fs/WindowsException'{0x00000000d6352248}> (0x00000000d6352248) 
thrown [s\src\hotspot\share\prims\jni.cpp, line 520]
Event: 12.747 Thread 0x00000212ff82d980 Exception <a 'sun/nio/fs/WindowsException'{0x00000000d6352878}> (0x00000000d6352878) 
thrown [s\src\hotspot\share\prims\jni.cpp, line 520]
Event: 12.750 Thread 0x0000021282acf3a0 Exception <a 'java/lang/IncompatibleClassChangeError'{0x00000000d636fbf0}: Found class java.lang.Object, but interface was expected> (0x00000000d636fbf0) 
thrown [s\src\hotspot\share\interpreter\linkResolver.cpp, line 840]
Event: 12.771 Thread 0x00000212ff82d2f0 Exception <a 'sun/nio/fs/WindowsException'{0x00000000d6116290}> (0x00000000d6116290) 
thrown [s\src\hotspot\share\prims\jni.cpp, line 520]
Event: 12.772 Thread 0x00000212ff82d980 Exception <a 'sun/nio/fs/WindowsException'{0x00000000d63f6c68}> (0x00000000d63f6c68) 
thrown [s\src\hotspot\share\prims\jni.cpp, line 520]
Event: 12.772 Thread 0x00000212ff82d980 Exception <a 'sun/nio/fs/WindowsException'{0x00000000d63f7548}> (0x00000000d63f7548) 
thrown [s\src\hotspot\share\prims\jni.cpp, line 520]
Event: 12.869 Thread 0x00000212ff82d2f0 Exception <a 'sun/nio/fs/WindowsException'{0x00000000d70d4c30}> (0x00000000d70d4c30) 
thrown [s\src\hotspot\share\prims\jni.cpp, line 520]
Event: 12.903 Thread 0x00000212ff82d2f0 Exception <a 'sun/nio/fs/WindowsException'{0x00000000d581e260}> (0x00000000d581e260) 
thrown [s\src\hotspot\share\prims\jni.cpp, line 520]
Event: 12.919 Thread 0x00000212ff82d2f0 Exception <a 'sun/nio/fs/WindowsException'{0x00000000d58f8618}> (0x00000000d58f8618) 
thrown [s\src\hotspot\share\prims\jni.cpp, line 520]
Event: 12.938 Thread 0x00000212ff82d2f0 Exception <a 'sun/nio/fs/WindowsException'{0x00000000d5bd3a48}> (0x00000000d5bd3a48) 
thrown [s\src\hotspot\share\prims\jni.cpp, line 520]
Event: 12.959 Thread 0x00000212ff82d2f0 Exception <a 'sun/nio/fs/WindowsException'{0x00000000d5d11948}> (0x00000000d5d11948) 
thrown [s\src\hotspot\share\prims\jni.cpp, line 520]
Event: 12.974 Thread 0x00000212ff82d2f0 Exception <a 'sun/nio/fs/WindowsException'{0x00000000d5d4c260}> (0x00000000d5d4c260) 
thrown [s\src\hotspot\share\prims\jni.cpp, line 520]

ZGC Phase Switch (0 events):
No events

VM Operations (20 events):
Event: 12.319 Executing VM operation: ParallelGCSystemGC (GCLocker Initiated GC)
Event: 12.321 Executing VM operation: ParallelGCSystemGC (GCLocker Initiated GC) done
Event: 12.345 Executing VM operation: ParallelGCFailedAllocation (Allocation Failure)
Event: 12.350 Executing VM operation: ParallelGCFailedAllocation (Allocation Failure) done
Event: 12.379 Executing VM operation: ParallelGCFailedAllocation (Allocation Failure)
Event: 12.386 Executing VM operation: ParallelGCFailedAllocation (Allocation Failure) done
Event: 12.417 Executing VM operation: ParallelGCFailedAllocation (Allocation Failure)
Event: 12.425 Executing VM operation: ParallelGCFailedAllocation (Allocation Failure) done
Event: 12.457 Executing VM operation: ParallelGCFailedAllocation (Allocation Failure)
Event: 12.469 Executing VM operation: ParallelGCFailedAllocation (Allocation Failure) done
Event: 12.500 Executing VM operation: ParallelGCFailedAllocation (Allocation Failure)
Event: 12.521 Executing VM operation: ParallelGCFailedAllocation (Allocation Failure) done
Event: 12.556 Executing VM operation: ParallelGCFailedAllocation (Allocation Failure)
Event: 12.592 Executing VM operation: ParallelGCFailedAllocation (Allocation Failure) done
Event: 12.643 Executing VM operation: ParallelGCFailedAllocation (Allocation Failure)
Event: 12.663 Executing VM operation: ParallelGCFailedAllocation (Allocation Failure) done
Event: 12.788 Executing VM operation: ParallelGCFailedAllocation (Allocation Failure)
Event: 12.802 Executing VM operation: ParallelGCFailedAllocation (Allocation Failure) done
Event: 12.876 Executing VM operation: ParallelGCFailedAllocation (Allocation Failure)
Event: 12.881 Executing VM operation: ParallelGCFailedAllocation (Allocation Failure) done

Memory protections (0 events):
No events

Nmethod flushes (20 events):
Event: 6.422 Thread 0x00000212f8d64360 flushing  nmethod 0x00000212a4123110
Event: 6.422 Thread 0x00000212f8d64360 flushing  nmethod 0x00000212a414b210
Event: 6.422 Thread 0x00000212f8d64360 flushing  nmethod 0x00000212a417e210
Event: 6.422 Thread 0x00000212f8d64360 flushing  nmethod 0x00000212a4188290
Event: 6.422 Thread 0x00000212f8d64360 flushing  nmethod 0x00000212a418a510
Event: 6.422 Thread 0x00000212f8d64360 flushing  nmethod 0x00000212a418ba90
Event: 6.422 Thread 0x00000212f8d64360 flushing  nmethod 0x00000212a418cc10
Event: 6.422 Thread 0x00000212f8d64360 flushing  nmethod 0x00000212a418de10
Event: 6.422 Thread 0x00000212f8d64360 flushing  nmethod 0x00000212a418f290
Event: 6.422 Thread 0x00000212f8d64360 flushing  nmethod 0x00000212a4194c10
Event: 6.422 Thread 0x00000212f8d64360 flushing  nmethod 0x00000212a419b490
Event: 6.422 Thread 0x00000212f8d64360 flushing  nmethod 0x00000212a419cf90
Event: 6.422 Thread 0x00000212f8d64360 flushing  nmethod 0x00000212a41aca90
Event: 6.422 Thread 0x00000212f8d64360 flushing  nmethod 0x00000212a41ae010
Event: 6.422 Thread 0x00000212f8d64360 flushing  nmethod 0x00000212a41b9c90
Event: 6.422 Thread 0x00000212f8d64360 flushing  nmethod 0x00000212a41cfc90
Event: 6.422 Thread 0x00000212f8d64360 flushing  nmethod 0x00000212a41e5510
Event: 6.422 Thread 0x00000212f8d64360 flushing  nmethod 0x00000212a41f6b90
Event: 6.422 Thread 0x00000212f8d64360 flushing  nmethod 0x00000212a420eb10
Event: 6.422 Thread 0x00000212f8d64360 flushing  nmethod 0x00000212a4214490

Events (20 events):
Event: 9.173 Thread 0x0000021282201c50 Thread exited: 0x0000021282201c50
Event: 9.173 Thread 0x00000212822015c0 Thread exited: 0x00000212822015c0
Event: 9.173 Thread 0x00000212822022e0 Thread exited: 0x00000212822022e0
Event: 9.173 Thread 0x0000021282203000 Thread exited: 0x0000021282203000
Event: 9.744 Thread 0x00000212ff8300e0 Thread added: 0x00000212822015c0
Event: 9.744 Thread 0x00000212ff8300e0 Thread added: 0x0000021282201c50
Event: 9.744 Thread 0x00000212ff8300e0 Thread added: 0x00000212822022e0
Event: 9.744 Thread 0x00000212ff8300e0 Thread added: 0x0000021282203000
Event: 9.744 Thread 0x00000212ff8300e0 Thread added: 0x00000212821fc070
Event: 9.887 Thread 0x00000212821fc070 Thread exited: 0x00000212821fc070
Event: 9.887 Thread 0x0000021282201c50 Thread exited: 0x0000021282201c50
Event: 9.887 Thread 0x0000021282203000 Thread exited: 0x0000021282203000
Event: 9.887 Thread 0x00000212822022e0 Thread exited: 0x00000212822022e0
Event: 9.887 Thread 0x00000212822015c0 Thread exited: 0x00000212822015c0
Event: 11.691 Thread 0x00000212f8d75a70 Thread exited: 0x00000212f8d75a70
Event: 11.981 Thread 0x00000212ff82cc60 Thread added: 0x00000212822015c0
Event: 12.674 Thread 0x0000021282acf3a0 Thread added: 0x00000212822022e0
Event: 12.677 Thread 0x00000212822022e0 Thread added: 0x00000212821fc070
Event: 12.749 Thread 0x0000021282acf3a0 Thread added: 0x0000021282203000
Event: 12.759 Thread 0x00000212ff82d980 Thread added: 0x000002128d02b2c0


Dynamic libraries:
0x00007ff7e9360000 - 0x00007ff7e936e000 	c:\Users\PC\.vscode\extensions\redhat.java-1.43.1-win32-x64\jre\21.0.7-win32-x86_64\bin\java.exe
0x00007ff9beb70000 - 0x00007ff9bed68000 	C:\Windows\SYSTEM32\ntdll.dll
0x00007ff9bd620000 - 0x00007ff9bd6e2000 	C:\Windows\System32\KERNEL32.DLL
0x00007ff9bc640000 - 0x00007ff9bc936000 	C:\Windows\System32\KERNELBASE.dll
0x00007ff9bc940000 - 0x00007ff9bca40000 	C:\Windows\System32\ucrtbase.dll
0x00007ff9a0d30000 - 0x00007ff9a0d48000 	c:\Users\PC\.vscode\extensions\redhat.java-1.43.1-win32-x64\jre\21.0.7-win32-x86_64\bin\jli.dll
0x00007ff997590000 - 0x00007ff9975ae000 	c:\Users\PC\.vscode\extensions\redhat.java-1.43.1-win32-x64\jre\21.0.7-win32-x86_64\bin\VCRUNTIME140.dll
0x00007ff9bd0d0000 - 0x00007ff9bd26d000 	C:\Windows\System32\USER32.dll
0x00007ff9bc360000 - 0x00007ff9bc382000 	C:\Windows\System32\win32u.dll
0x00007ff9a1860000 - 0x00007ff9a1afa000 	C:\Windows\WinSxS\amd64_microsoft.windows.common-controls_6595b64144ccf1df_6.0.19041.5915_none_60b4b9d171f9c7c7\COMCTL32.dll
0x00007ff9bd460000 - 0x00007ff9bd48b000 	C:\Windows\System32\GDI32.dll
0x00007ff9bc3e0000 - 0x00007ff9bc4f9000 	C:\Windows\System32\gdi32full.dll
0x00007ff9bd3c0000 - 0x00007ff9bd45e000 	C:\Windows\System32\msvcrt.dll
0x00007ff9bcaf0000 - 0x00007ff9bcb8d000 	C:\Windows\System32\msvcp_win.dll
0x00007ff9bd0a0000 - 0x00007ff9bd0cf000 	C:\Windows\System32\IMM32.DLL
0x00007ff99af50000 - 0x00007ff99b042000 	C:\Program Files\Windhawk\Engine\1.6.1\64\windhawk.dll
0x00007ff9be160000 - 0x00007ff9be211000 	C:\Windows\System32\ADVAPI32.dll
0x00007ff9bd000000 - 0x00007ff9bd09f000 	C:\Windows\System32\sechost.dll
0x00007ff9bd7a0000 - 0x00007ff9bd8c3000 	C:\Windows\System32\RPCRT4.dll
0x00007ff9bc610000 - 0x00007ff9bc637000 	C:\Windows\System32\bcrypt.dll
0x00007ff99c300000 - 0x00007ff99c318000 	C:\ProgramData\Windhawk\Engine\Mods\64\remove-ms-store-open-with_1.0.0_410510.dll
0x00007ff9bd9f0000 - 0x00007ff9be15e000 	C:\Windows\System32\shell32.dll
0x00007ff99c2e0000 - 0x00007ff99c2f8000 	C:\ProgramData\Windhawk\Engine\Mods\64\dark-menus_1.2_337485.dll
0x00007ff9b9b10000 - 0x00007ff9b9bae000 	C:\Windows\SYSTEM32\uxtheme.dll
0x00007ff9be360000 - 0x00007ff9be6b3000 	C:\Windows\System32\combase.dll
0x00007ff99c2c0000 - 0x00007ff99c2d9000 	C:\ProgramData\Windhawk\Engine\Mods\64\eradicate-immersive-menus_1.1.0_984086.dll
0x00007ff99b3d0000 - 0x00007ff99b40a000 	C:\ProgramData\Windhawk\Engine\Mods\64\libunwind.whl
0x00007ff99ad40000 - 0x00007ff99aee9000 	C:\ProgramData\Windhawk\Engine\Mods\64\libc++.whl
0x00007ff99aae0000 - 0x00007ff99ad38000 	C:\Windows\SYSTEM32\ExplorerFrame.dll
0x00007ff9be220000 - 0x00007ff9be27b000 	C:\Windows\System32\SHLWAPI.dll
0x00007ff9b87a0000 - 0x00007ff9b8d60000 	C:\Windows\SYSTEM32\d2d1.dll
0x000002129fc60000 - 0x000002129fd0d000 	C:\Windows\System32\SHCORE.dll
0x00007ff99c210000 - 0x00007ff99c236000 	C:\ProgramData\Windhawk\Engine\Mods\64\slick-window-arrangement_455580.dll
0x00007ff99a5f0000 - 0x00007ff99a799000 	C:\ProgramData\Windhawk\Engine\Mods\64\libc++.dll
0x00007ff99a5b0000 - 0x00007ff99a5ea000 	C:\ProgramData\Windhawk\Engine\Mods\64\libunwind.dll
0x00007ff9b9c20000 - 0x00007ff9b9c4f000 	C:\Windows\SYSTEM32\dwmapi.dll
0x00007ff99a430000 - 0x00007ff99a44d000 	C:\ProgramData\Windhawk\Engine\Mods\64\modernize-folder-picker-dialog_1.0.0_154629.dll
0x00007ff9bd4f0000 - 0x00007ff9bd61b000 	C:\Windows\System32\ole32.dll
0x00007ff99a3d0000 - 0x00007ff99a3eb000 	C:\ProgramData\Windhawk\Engine\Mods\64\msg-box-font-fix_2.1.1_295034.dll
0x00007ff9b7aa0000 - 0x00007ff9b7aac000 	c:\Users\PC\.vscode\extensions\redhat.java-1.43.1-win32-x64\jre\21.0.7-win32-x86_64\bin\vcruntime140_1.dll
0x00007ff971f40000 - 0x00007ff971fcd000 	c:\Users\PC\.vscode\extensions\redhat.java-1.43.1-win32-x64\jre\21.0.7-win32-x86_64\bin\msvcp140.dll
0x00007ff939fc0000 - 0x00007ff93ad50000 	c:\Users\PC\.vscode\extensions\redhat.java-1.43.1-win32-x64\jre\21.0.7-win32-x86_64\bin\server\jvm.dll
0x00007ff9bd350000 - 0x00007ff9bd3bb000 	C:\Windows\System32\WS2_32.dll
0x00007ff9bbfb0000 - 0x00007ff9bbffb000 	C:\Windows\SYSTEM32\POWRPROF.dll
0x00007ff9b2e30000 - 0x00007ff9b2e3a000 	C:\Windows\SYSTEM32\VERSION.dll
0x00007ff9b2f20000 - 0x00007ff9b2f47000 	C:\Windows\SYSTEM32\WINMM.dll
0x00007ff9bbf90000 - 0x00007ff9bbfa2000 	C:\Windows\SYSTEM32\UMPDC.dll
0x00007ff9ba000000 - 0x00007ff9ba012000 	C:\Windows\SYSTEM32\kernel.appcore.dll
0x00007ff9b79e0000 - 0x00007ff9b79ea000 	c:\Users\PC\.vscode\extensions\redhat.java-1.43.1-win32-x64\jre\21.0.7-win32-x86_64\bin\jimage.dll
0x00007ff9ad650000 - 0x00007ff9ad851000 	C:\Windows\SYSTEM32\DBGHELP.DLL
0x00007ff9a8a40000 - 0x00007ff9a8a74000 	C:\Windows\SYSTEM32\dbgcore.DLL
0x00007ff9bc500000 - 0x00007ff9bc582000 	C:\Windows\System32\bcryptPrimitives.dll
0x00007ff9b7970000 - 0x00007ff9b797f000 	c:\Users\PC\.vscode\extensions\redhat.java-1.43.1-win32-x64\jre\21.0.7-win32-x86_64\bin\instrument.dll
0x00007ff995600000 - 0x00007ff99561f000 	c:\Users\PC\.vscode\extensions\redhat.java-1.43.1-win32-x64\jre\21.0.7-win32-x86_64\bin\java.dll
0x00007ff9ba220000 - 0x00007ff9ba9c4000 	C:\Windows\SYSTEM32\windows.storage.dll
0x00007ff9bba80000 - 0x00007ff9bbaab000 	C:\Windows\SYSTEM32\Wldp.dll
0x00007ff9be280000 - 0x00007ff9be34d000 	C:\Windows\System32\OLEAUT32.dll
0x00007ff9bc130000 - 0x00007ff9bc155000 	C:\Windows\SYSTEM32\profapi.dll
0x00007ff9a4150000 - 0x00007ff9a4168000 	c:\Users\PC\.vscode\extensions\redhat.java-1.43.1-win32-x64\jre\21.0.7-win32-x86_64\bin\zip.dll
0x00007ff9b5fa0000 - 0x00007ff9b5fb0000 	C:\Users\PC\.vscode\extensions\redhat.java-1.43.1-win32-x64\jre\21.0.7-win32-x86_64\bin\net.dll
0x00007ff9b6290000 - 0x00007ff9b639a000 	C:\Windows\SYSTEM32\WINHTTP.dll
0x00007ff9bb860000 - 0x00007ff9bb8ca000 	C:\Windows\system32\mswsock.dll
0x00007ff9a4130000 - 0x00007ff9a4146000 	C:\Users\PC\.vscode\extensions\redhat.java-1.43.1-win32-x64\jre\21.0.7-win32-x86_64\bin\nio.dll
0x00007ff9aea80000 - 0x00007ff9aea90000 	c:\Users\PC\.vscode\extensions\redhat.java-1.43.1-win32-x64\jre\21.0.7-win32-x86_64\bin\verify.dll
0x00007ff9a65f0000 - 0x00007ff9a6635000 	C:\Users\PC\AppData\Roaming\Code\User\globalStorage\redhat.java\1.43.1\config_win\org.eclipse.equinox.launcher\org.eclipse.equinox.launcher.win32.win32.x86_64_1.2.1300.v20250331-1702\eclipse_11911.dll
0x00007ff9bbac0000 - 0x00007ff9bbad8000 	C:\Windows\SYSTEM32\CRYPTSP.dll
0x00007ff9bb1a0000 - 0x00007ff9bb1d8000 	C:\Windows\system32\rsaenh.dll
0x00007ff9bc0f0000 - 0x00007ff9bc11e000 	C:\Windows\SYSTEM32\USERENV.dll
0x00007ff9bb9f0000 - 0x00007ff9bb9fc000 	C:\Windows\SYSTEM32\CRYPTBASE.dll
0x00007ff9bb560000 - 0x00007ff9bb59b000 	C:\Windows\SYSTEM32\IPHLPAPI.DLL
0x00007ff9be350000 - 0x00007ff9be358000 	C:\Windows\System32\NSI.dll
0x00007ff9a33d0000 - 0x00007ff9a3419000 	C:\Users\PC\AppData\Local\Temp\jna-2547\jna7800085330064778672.dll
0x00007ff9bce40000 - 0x00007ff9bce48000 	C:\Windows\System32\PSAPI.DLL
0x00007ff9b4cb0000 - 0x00007ff9b4cc7000 	C:\Windows\SYSTEM32\dhcpcsvc6.DLL
0x00007ff9b5560000 - 0x00007ff9b557d000 	C:\Windows\SYSTEM32\dhcpcsvc.DLL
0x00007ff9bb3f0000 - 0x00007ff9bb423000 	C:\Windows\SYSTEM32\ntmarta.dll

dbghelp: loaded successfully - version: 4.0.5 - missing functions: none
symbol engine: initialized successfully - sym options: 0x614 - pdb path: .;c:\Users\PC\.vscode\extensions\redhat.java-1.43.1-win32-x64\jre\21.0.7-win32-x86_64\bin;C:\Windows\SYSTEM32;C:\Windows\WinSxS\amd64_microsoft.windows.common-controls_6595b64144ccf1df_6.0.19041.5915_none_60b4b9d171f9c7c7;C:\Program Files\Windhawk\Engine\1.6.1\64;C:\ProgramData\Windhawk\Engine\Mods\64;c:\Users\PC\.vscode\extensions\redhat.java-1.43.1-win32-x64\jre\21.0.7-win32-x86_64\bin\server;C:\Users\PC\AppData\Roaming\Code\User\globalStorage\redhat.java\1.43.1\config_win\org.eclipse.equinox.launcher\org.eclipse.equinox.launcher.win32.win32.x86_64_1.2.1300.v20250331-1702;C:\Users\PC\AppData\Local\Temp\jna-2547

VM Arguments:
jvm_args: --add-modules=ALL-SYSTEM --add-opens=java.base/java.util=ALL-UNNAMED --add-opens=java.base/java.lang=ALL-UNNAMED --add-opens=java.base/sun.nio.fs=ALL-UNNAMED -Declipse.application=org.eclipse.jdt.ls.core.id1 -Dosgi.bundles.defaultStartLevel=4 -Declipse.product=org.eclipse.jdt.ls.core.product -Djava.import.generatesMetadataFilesAtProjectRoot=false -DDetectVMInstallationsJob.disabled=true -Dfile.encoding=utf8 -XX:+UseParallelGC -XX:GCTimeRatio=4 -XX:AdaptiveSizePolicyWeight=90 -Dsun.zip.disableMemoryMapping=true -Xmx2G -Xms100m -Xlog:disable -javaagent:c:\Users\PC\.vscode\extensions\redhat.java-1.43.1-win32-x64\lombok\lombok-1.18.39-4050.jar -XX:+HeapDumpOnOutOfMemoryError -XX:HeapDumpPath=c:\Users\PC\AppData\Roaming\Code\User\workspaceStorage\009dd066dbfd86fb48ec25db317acb20\redhat.java -Daether.dependencyCollector.impl=bf 
java_command: c:\Users\PC\.vscode\extensions\redhat.java-1.43.1-win32-x64\server\plugins\org.eclipse.equinox.launcher_1.7.0.v20250519-0528.jar -configuration c:\Users\PC\AppData\Roaming\Code\User\globalStorage\redhat.java\1.43.1\config_win -data c:\Users\PC\AppData\Roaming\Code\User\workspaceStorage\009dd066dbfd86fb48ec25db317acb20\redhat.java\jdt_ws --pipe=\\.\pipe\lsp-7435041aefc38c4f6ed8849673c02e24-sock
java_class_path (initial): c:\Users\PC\.vscode\extensions\redhat.java-1.43.1-win32-x64\server\plugins\org.eclipse.equinox.launcher_1.7.0.v20250519-0528.jar
Launcher Type: SUN_STANDARD

[Global flags]
    uintx AdaptiveSizePolicyWeight                 = 90                                        {product} {command line}
     intx CICompilerCount                          = 4                                         {product} {ergonomic}
    uintx GCTimeRatio                              = 4                                         {product} {command line}
     bool HeapDumpOnOutOfMemoryError               = true                                   {manageable} {command line}
    ccstr HeapDumpPath                             = c:\Users\PC\AppData\Roaming\Code\User\workspaceStorage\009dd066dbfd86fb48ec25db317acb20\redhat.java         {manageable} {command line}
   size_t InitialHeapSize                          = 104857600                                 {product} {command line}
   size_t MaxHeapSize                              = 2147483648                                {product} {command line}
   size_t MaxNewSize                               = 715653120                                 {product} {ergonomic}
   size_t MinHeapDeltaBytes                        = 524288                                    {product} {ergonomic}
   size_t MinHeapSize                              = 104857600                                 {product} {command line}
   size_t NewSize                                  = 34603008                                  {product} {ergonomic}
    uintx NonNMethodCodeHeapSize                   = 5839372                                {pd product} {ergonomic}
    uintx NonProfiledCodeHeapSize                  = 122909434                              {pd product} {ergonomic}
   size_t OldSize                                  = 70254592                                  {product} {ergonomic}
    uintx ProfiledCodeHeapSize                     = 122909434                              {pd product} {ergonomic}
    uintx ReservedCodeCacheSize                    = 251658240                              {pd product} {ergonomic}
     bool SegmentedCodeCache                       = true                                      {product} {ergonomic}
   size_t SoftMaxHeapSize                          = 2147483648                             {manageable} {ergonomic}
     bool UseCompressedOops                        = true                           {product lp64_product} {ergonomic}
     bool UseLargePagesIndividualAllocation        = false                                  {pd product} {ergonomic}
     bool UseParallelGC                            = true                                      {product} {command line}

Logging:
Log output configuration:
 #0: stdout all=off uptime,level,tags foldmultilines=false
 #1: stderr all=off uptime,level,tags foldmultilines=false

Environment Variables:
PATH=C:\Program Files\Common Files\Oracle\Java\javapath;C:\Program Files (x86)\Common Files\Oracle\Java\javapath;C:\Windows\system32;C:\Windows;C:\Windows\System32\Wbem;C:\Windows\System32\WindowsPowerShell\v1.0\;C:\Windows\System32\OpenSSH\;C:\Program Files\dotnet\;C:\Program Files\Git\cmd;D:\Program Files\CMake\bin;C:\Program Files (x86)\Microsoft SQL Server\160\Tools\Binn\;C:\Program Files\Microsoft SQL Server\160\Tools\Binn\;C:\Program Files\Microsoft SQL Server\Client SDK\ODBC\170\Tools\Binn\;C:\Program Files\Microsoft SQL Server\160\DTS\Binn\;C:\Program Files (x86)\Microsoft SQL Server\160\DTS\Binn\;C:\Program Files\Cloudflare\Cloudflare WARP\;C:\Program Files\nodejs\;C:\ProgramData\chocolatey\bin;C:\Program Files\Docker\Docker\resources\bin;C:\Users\PC\AppData\Local\Programs\Python\Python313\;C:\Users\PC\AppData\Local\Programs\Python\Python313\Scripts;C:\Users\PC\AppData\Local\Packages\PythonSoftwareFoundation.Python.3.13_qbz5n2kfra8p0\LocalCache\local-packages\Python313\Scripts;C:\Users\PC\AppData\Local\Programs\Python\Launcher\;C:\Users\PC\AppData\Local\Microsoft\WindowsApps;D:\Program Files\VSCode\bin;C:\Users\PC\AppData\Local\GitHubDesktop\bin;C:\Users\PC\AppData\Roaming\npm;D:\Program Files\cursor\resources\app\bin
USERNAME=PC
OS=Windows_NT
PROCESSOR_IDENTIFIER=AMD64 Family 25 Model 80 Stepping 0, AuthenticAMD
TMP=C:\Users\PC\AppData\Local\Temp
TEMP=C:\Users\PC\AppData\Local\Temp




Periodic native trim disabled

---------------  S Y S T E M  ---------------

OS:
 Windows 10 , 64 bit Build 19041 (10.0.19041.5915)
OS uptime: 0 days 3:41 hours
Hyper-V role detected

CPU: total 12 (initial active 12) (12 cores per cpu, 2 threads per core) family 25 model 80 stepping 0 microcode 0x0, cx8, cmov, fxsr, ht, mmx, 3dnowpref, sse, sse2, sse3, ssse3, sse4a, sse4.1, sse4.2, popcnt, lzcnt, tsc, tscinvbit, avx, avx2, aes, erms, clmul, bmi1, bmi2, adx, sha, fma, vzeroupper, clflush, clflushopt, hv, rdtscp, rdpid, fsrm, f16c, cet_ss
Processor Information for the first 12 processors :
  Max Mhz: 3301, Current Mhz: 3301, Mhz Limit: 3301

Memory: 4k page, system-wide physical 15752M (443M free)
TotalPageFile size 41969M (AvailPageFile size 0M)
current process WorkingSet (physical memory assigned to process): 783M, peak: 787M
current process commit charge ("private bytes"): 887M, peak: 892M

vm_info: OpenJDK 64-Bit Server VM (21.0.7+6-LTS) for windows-amd64 JRE (21.0.7+6-LTS), built on 2025-04-15T00:00:00Z by "admin" with MS VC++ 17.7 (VS2022)

END.
