#
# There is insufficient memory for the Java Runtime Environment to continue.
# Native memory allocation (malloc) failed to allocate 1876880 bytes. Error detail: Chunk::new
# Possible reasons:
#   The system is out of physical RAM or swap space
#   This process is running with CompressedOops enabled, and the Java Heap may be blocking the growth of the native heap
# Possible solutions:
#   Reduce memory load on the system
#   Increase physical memory or swap space
#   Check if swap backing store is full
#   Decrease Java heap size (-Xmx/-Xms)
#   Decrease number of Java threads
#   Decrease Java thread stack sizes (-Xss)
#   Set larger code cache with -XX:ReservedCodeCacheSize=
#   JVM is running with Unscaled Compressed Oops mode in which the Java heap is
#     placed in the first 4GB address space. The Java Heap base address is the
#     maximum limit for the native heap growth. Please use -XX:HeapBaseMinAddress
#     to set the Java Heap base and to place the Java Heap above 4GB virtual address.
# This output file may be truncated or incomplete.
#
#  Out of Memory Error (arena.cpp:168), pid=496, tid=12300
#
# JRE version: OpenJDK Runtime Environment Temurin-21.0.7+6 (21.0.7+6) (build 21.0.7+6-LTS)
# Java VM: OpenJDK 64-Bit Server VM Temurin-21.0.7+6 (21.0.7+6-LTS, mixed mode, sharing, tiered, compressed oops, compressed class ptrs, parallel gc, windows-amd64)
# No core dump will be written. Minidumps are not enabled by default on client versions of Windows
#

---------------  S U M M A R Y ------------

Command Line: --add-modules=ALL-SYSTEM --add-opens=java.base/java.util=ALL-UNNAMED --add-opens=java.base/java.lang=ALL-UNNAMED --add-opens=java.base/sun.nio.fs=ALL-UNNAMED -Declipse.application=org.eclipse.jdt.ls.core.id1 -Dosgi.bundles.defaultStartLevel=4 -Declipse.product=org.eclipse.jdt.ls.core.product -Djava.import.generatesMetadataFilesAtProjectRoot=false -DDetectVMInstallationsJob.disabled=true -Dfile.encoding=utf8 -XX:+UseParallelGC -XX:GCTimeRatio=4 -XX:AdaptiveSizePolicyWeight=90 -Dsun.zip.disableMemoryMapping=true -Xmx1G -Xms100m -Xlog:disable -javaagent:c:\Users\PC\.vscode\extensions\redhat.java-1.42.0-win32-x64\lombok\lombok-1.18.36.jar -XX:+HeapDumpOnOutOfMemoryError -XX:HeapDumpPath=c:\Users\PC\AppData\Roaming\Code\User\workspaceStorage\009dd066dbfd86fb48ec25db317acb20\redhat.java -Daether.dependencyCollector.impl=bf c:\Users\PC\.vscode\extensions\redhat.java-1.42.0-win32-x64\server\plugins\org.eclipse.equinox.launcher_1.7.0.v20250424-1814.jar -configuration c:\Users\PC\AppData\Roaming\Code\User\globalStorage\redhat.java\1.42.0\config_win -data c:\Users\PC\AppData\Roaming\Code\User\workspaceStorage\009dd066dbfd86fb48ec25db317acb20\redhat.java\jdt_ws --pipe=\\.\pipe\lsp-b01705b13cf8d04255dc4d6af5cd5382-sock

Host: AMD Ryzen 5 5600H with Radeon Graphics         , 12 cores, 15G,  Windows 10 , 64 bit Build 19041 (10.0.19041.5794)
Time: Fri Jun  6 22:32:10 2025 SE Asia Standard Time elapsed time: 8.326408 seconds (0d 0h 0m 8s)

---------------  T H R E A D  ---------------

Current thread (0x000002767089ec60):  JavaThread "C2 CompilerThread1" daemon [_thread_in_native, id=12300, stack(0x000000af5b700000,0x000000af5b800000) (1024K)]


Current CompileTask:
C2:8326 8701       4       org.eclipse.jdt.internal.compiler.util.JrtFileSystem$2::visitFile (72 bytes)

Stack: [0x000000af5b700000,0x000000af5b800000]
Native frames: (J=compiled Java code, j=interpreted, Vv=VM code, C=native code)
V  [jvm.dll+0x6ce119]
V  [jvm.dll+0x8a84a1]
V  [jvm.dll+0x8aa9ce]
V  [jvm.dll+0x8ab0b3]
V  [jvm.dll+0x27f8a6]
V  [jvm.dll+0xc507d]
V  [jvm.dll+0xc55b3]
V  [jvm.dll+0x3b692c]
V  [jvm.dll+0x1dfe33]
V  [jvm.dll+0x247c42]
V  [jvm.dll+0x2470cf]
V  [jvm.dll+0x1c760e]
V  [jvm.dll+0x25695a]
V  [jvm.dll+0x254efa]
V  [jvm.dll+0x3f03f6]
V  [jvm.dll+0x851f6b]
V  [jvm.dll+0x6cc7dd]
C  [ucrtbase.dll+0x21bb2]
C  [KERNEL32.DLL+0x17374]
C  [ntdll.dll+0x4cc91]


---------------  P R O C E S S  ---------------

Threads class SMR info:
_java_thread_list=0x0000027679351c40, length=76, elements={
0x0000027658f084c0, 0x000002766f711bf0, 0x000002766f715360, 0x000002766f7175e0,
0x000002766f7184f0, 0x000002766f719400, 0x000002766f71ce70, 0x000002767057bed0,
0x00000276705ecf20, 0x000002765ab96d10, 0x000002767089ec60, 0x00000276708ee900,
0x00000276765dbc60, 0x0000027676b83ed0, 0x0000027676a635b0, 0x0000027676a62910,
0x0000027677121b10, 0x00000276770a3460, 0x0000027676c77d70, 0x0000027676882470,
0x0000027676b51640, 0x0000027676b51cd0, 0x0000027676b52360, 0x0000027676b4eee0,
0x0000027676b4f570, 0x0000027676b50920, 0x0000027676b4fc00, 0x0000027676b50290,
0x0000027676b50fb0, 0x000002767764d700, 0x000002767764c9e0, 0x000002767764a910,
0x0000027677648840, 0x000002767764b630, 0x000002767764afa0, 0x000002767764bcc0,
0x000002767764c350, 0x000002767764dd90, 0x000002767764e420, 0x000002767764d070,
0x0000027677647b20, 0x0000027677648ed0, 0x000002767764eab0, 0x00000276776481b0,
0x000002767764a280, 0x00000276773a5140, 0x00000276773a64f0, 0x00000276773a78a0,
0x00000276773a9970, 0x00000276773a7210, 0x00000276773a3700, 0x00000276773a3070,
0x00000276773a7f30, 0x00000276773a85c0, 0x00000276773a8c50, 0x00000276773a3d90,
0x00000276773a92e0, 0x00000276773a4420, 0x00000276773aa000, 0x00000276773aa690,
0x00000276773a5e60, 0x00000276773a4ab0, 0x00000276773a57d0, 0x00000276773a6b80,
0x0000027679c17e70, 0x0000027679c18b90, 0x0000027679c18500, 0x0000027679c1c6a0,
0x0000027679c19220, 0x0000027679c198b0, 0x0000027679c1da50, 0x0000027679c1f490,
0x0000027679c1d3c0, 0x0000027679c1c010, 0x0000027679c1cd30, 0x0000027679c1ee00
}

Java Threads: ( => current thread )
  0x0000027658f084c0 JavaThread "main"                              [_thread_blocked, id=17524, stack(0x000000af5aa00000,0x000000af5ab00000) (1024K)]
  0x000002766f711bf0 JavaThread "Reference Handler"          daemon [_thread_blocked, id=20728, stack(0x000000af5ae00000,0x000000af5af00000) (1024K)]
  0x000002766f715360 JavaThread "Finalizer"                  daemon [_thread_blocked, id=20776, stack(0x000000af5af00000,0x000000af5b000000) (1024K)]
  0x000002766f7175e0 JavaThread "Signal Dispatcher"          daemon [_thread_blocked, id=13372, stack(0x000000af5b000000,0x000000af5b100000) (1024K)]
  0x000002766f7184f0 JavaThread "Attach Listener"            daemon [_thread_blocked, id=24116, stack(0x000000af5b100000,0x000000af5b200000) (1024K)]
  0x000002766f719400 JavaThread "Service Thread"             daemon [_thread_blocked, id=692, stack(0x000000af5b200000,0x000000af5b300000) (1024K)]
  0x000002766f71ce70 JavaThread "Monitor Deflation Thread"   daemon [_thread_blocked, id=14056, stack(0x000000af5b300000,0x000000af5b400000) (1024K)]
  0x000002767057bed0 JavaThread "C2 CompilerThread0"         daemon [_thread_in_native, id=24332, stack(0x000000af5b400000,0x000000af5b500000) (1024K)]
  0x00000276705ecf20 JavaThread "C1 CompilerThread0"         daemon [_thread_in_native, id=16872, stack(0x000000af5b500000,0x000000af5b600000) (1024K)]
  0x000002765ab96d10 JavaThread "Common-Cleaner"             daemon [_thread_blocked, id=2220, stack(0x000000af5b600000,0x000000af5b700000) (1024K)]
=>0x000002767089ec60 JavaThread "C2 CompilerThread1"         daemon [_thread_in_native, id=12300, stack(0x000000af5b700000,0x000000af5b800000) (1024K)]
  0x00000276708ee900 JavaThread "Notification Thread"        daemon [_thread_blocked, id=24388, stack(0x000000af5b800000,0x000000af5b900000) (1024K)]
  0x00000276765dbc60 JavaThread "Active Thread: Equinox Container: e1c128f7-b31b-449e-a9db-4a7b19541c7d"        [_thread_blocked, id=4232, stack(0x000000af5c000000,0x000000af5c100000) (1024K)]
  0x0000027676b83ed0 JavaThread "Refresh Thread: Equinox Container: e1c128f7-b31b-449e-a9db-4a7b19541c7d" daemon [_thread_blocked, id=23220, stack(0x000000af5c100000,0x000000af5c200000) (1024K)]
  0x0000027676a635b0 JavaThread "Framework Event Dispatcher: Equinox Container: e1c128f7-b31b-449e-a9db-4a7b19541c7d" daemon [_thread_blocked, id=20220, stack(0x000000af5c300000,0x000000af5c400000) (1024K)]
  0x0000027676a62910 JavaThread "Start Level: Equinox Container: e1c128f7-b31b-449e-a9db-4a7b19541c7d" daemon [_thread_blocked, id=16892, stack(0x000000af5c400000,0x000000af5c500000) (1024K)]
  0x0000027677121b10 JavaThread "Bundle File Closer"         daemon [_thread_blocked, id=19336, stack(0x000000af5c700000,0x000000af5c800000) (1024K)]
  0x00000276770a3460 JavaThread "SCR Component Actor"        daemon [_thread_blocked, id=2780, stack(0x000000af5c800000,0x000000af5c900000) (1024K)]
  0x0000027676c77d70 JavaThread "Worker-JM"                         [_thread_blocked, id=19960, stack(0x000000af5ca00000,0x000000af5cb00000) (1024K)]
  0x0000027676882470 JavaThread "JNA Cleaner"                daemon [_thread_blocked, id=15608, stack(0x000000af5b900000,0x000000af5ba00000) (1024K)]
  0x0000027676b51640 JavaThread "Worker-0"                          [_thread_blocked, id=19328, stack(0x000000af5cb00000,0x000000af5cc00000) (1024K)]
  0x0000027676b51cd0 JavaThread "Worker-1: Java indexing... "        [_thread_blocked, id=4540, stack(0x000000af5cc00000,0x000000af5cd00000) (1024K)]
  0x0000027676b52360 JavaThread "Java indexing"              daemon [_thread_in_Java, id=19556, stack(0x000000af5cd00000,0x000000af5ce00000) (1024K)]
  0x0000027676b4eee0 JavaThread "Worker-2: Building"                [_thread_blocked, id=20644, stack(0x000000af5d000000,0x000000af5d100000) (1024K)]
  0x0000027676b4f570 JavaThread "Worker-3"                          [_thread_blocked, id=15408, stack(0x000000af5d100000,0x000000af5d200000) (1024K)]
  0x0000027676b50920 JavaThread "Thread-2"                   daemon [_thread_in_native, id=13380, stack(0x000000af5d200000,0x000000af5d300000) (1024K)]
  0x0000027676b4fc00 JavaThread "Thread-3"                   daemon [_thread_in_native, id=20256, stack(0x000000af5d300000,0x000000af5d400000) (1024K)]
  0x0000027676b50290 JavaThread "Thread-4"                   daemon [_thread_in_native, id=20404, stack(0x000000af5d400000,0x000000af5d500000) (1024K)]
  0x0000027676b50fb0 JavaThread "Thread-5"                   daemon [_thread_in_native, id=16632, stack(0x000000af5d500000,0x000000af5d600000) (1024K)]
  0x000002767764d700 JavaThread "Thread-6"                   daemon [_thread_in_native, id=14200, stack(0x000000af5d600000,0x000000af5d700000) (1024K)]
  0x000002767764c9e0 JavaThread "Thread-7"                   daemon [_thread_in_native, id=19632, stack(0x000000af5d700000,0x000000af5d800000) (1024K)]
  0x000002767764a910 JavaThread "Thread-8"                   daemon [_thread_in_native, id=12456, stack(0x000000af5d800000,0x000000af5d900000) (1024K)]
  0x0000027677648840 JavaThread "Thread-9"                   daemon [_thread_in_native, id=18240, stack(0x000000af5d900000,0x000000af5da00000) (1024K)]
  0x000002767764b630 JavaThread "Thread-10"                  daemon [_thread_in_native, id=8500, stack(0x000000af5da00000,0x000000af5db00000) (1024K)]
  0x000002767764afa0 JavaThread "Thread-11"                  daemon [_thread_in_native, id=13412, stack(0x000000af5db00000,0x000000af5dc00000) (1024K)]
  0x000002767764bcc0 JavaThread "Thread-12"                  daemon [_thread_in_native, id=22368, stack(0x000000af5dc00000,0x000000af5dd00000) (1024K)]
  0x000002767764c350 JavaThread "Thread-13"                  daemon [_thread_in_native, id=7108, stack(0x000000af5dd00000,0x000000af5de00000) (1024K)]
  0x000002767764dd90 JavaThread "Thread-14"                  daemon [_thread_in_native, id=5592, stack(0x000000af5de00000,0x000000af5df00000) (1024K)]
  0x000002767764e420 JavaThread "pool-2-thread-1"                   [_thread_blocked, id=20468, stack(0x000000af5df00000,0x000000af5e000000) (1024K)]
  0x000002767764d070 JavaThread "WorkspaceEventsHandler"            [_thread_blocked, id=16456, stack(0x000000af5e000000,0x000000af5e100000) (1024K)]
  0x0000027677647b20 JavaThread "pool-1-thread-1"                   [_thread_blocked, id=12512, stack(0x000000af5e100000,0x000000af5e200000) (1024K)]
  0x0000027677648ed0 JavaThread "Worker-4"                          [_thread_blocked, id=18472, stack(0x000000af5e200000,0x000000af5e300000) (1024K)]
  0x000002767764eab0 JavaThread "Worker-5"                          [_thread_blocked, id=15832, stack(0x000000af5e300000,0x000000af5e400000) (1024K)]
  0x00000276776481b0 JavaThread "LocalFile Deleter"          daemon [_thread_blocked, id=16696, stack(0x000000af5e400000,0x000000af5e500000) (1024K)]
  0x000002767764a280 JavaThread "LocalFile Deleter"          daemon [_thread_blocked, id=15468, stack(0x000000af5e500000,0x000000af5e600000) (1024K)]
  0x00000276773a5140 JavaThread "LocalFile Deleter"          daemon [_thread_blocked, id=6920, stack(0x000000af5e600000,0x000000af5e700000) (1024K)]
  0x00000276773a64f0 JavaThread "LocalFile Deleter"          daemon [_thread_blocked, id=18848, stack(0x000000af5e700000,0x000000af5e800000) (1024K)]
  0x00000276773a78a0 JavaThread "LocalFile Deleter"          daemon [_thread_blocked, id=7196, stack(0x000000af5e800000,0x000000af5e900000) (1024K)]
  0x00000276773a9970 JavaThread "LocalFile Deleter"          daemon [_thread_blocked, id=16688, stack(0x000000af5e900000,0x000000af5ea00000) (1024K)]
  0x00000276773a7210 JavaThread "LocalFile Deleter"          daemon [_thread_blocked, id=2464, stack(0x000000af5ea00000,0x000000af5eb00000) (1024K)]
  0x00000276773a3700 JavaThread "LocalFile Deleter"          daemon [_thread_blocked, id=7844, stack(0x000000af5eb00000,0x000000af5ec00000) (1024K)]
  0x00000276773a3070 JavaThread "LocalFile Deleter"          daemon [_thread_blocked, id=18696, stack(0x000000af5ec00000,0x000000af5ed00000) (1024K)]
  0x00000276773a7f30 JavaThread "LocalFile Deleter"          daemon [_thread_blocked, id=21008, stack(0x000000af5ed00000,0x000000af5ee00000) (1024K)]
  0x00000276773a85c0 JavaThread "LocalFile Deleter"          daemon [_thread_blocked, id=16560, stack(0x000000af5ee00000,0x000000af5ef00000) (1024K)]
  0x00000276773a8c50 JavaThread "LocalFile Deleter"          daemon [_thread_blocked, id=10936, stack(0x000000af5ef00000,0x000000af5f000000) (1024K)]
  0x00000276773a3d90 JavaThread "Compiler Source File Reader" daemon [_thread_blocked, id=15916, stack(0x000000af5f000000,0x000000af5f100000) (1024K)]
  0x00000276773a92e0 JavaThread "Compiler Source File Reader" daemon [_thread_blocked, id=19740, stack(0x000000af5f100000,0x000000af5f200000) (1024K)]
  0x00000276773a4420 JavaThread "Compiler Source File Reader" daemon [_thread_blocked, id=20184, stack(0x000000af5f200000,0x000000af5f300000) (1024K)]
  0x00000276773aa000 JavaThread "Compiler Source File Reader" daemon [_thread_blocked, id=17092, stack(0x000000af5f300000,0x000000af5f400000) (1024K)]
  0x00000276773aa690 JavaThread "Compiler Source File Reader" daemon [_thread_blocked, id=4440, stack(0x000000af5f400000,0x000000af5f500000) (1024K)]
  0x00000276773a5e60 JavaThread "Compiler Source File Reader" daemon [_thread_blocked, id=12392, stack(0x000000af5f500000,0x000000af5f600000) (1024K)]
  0x00000276773a4ab0 JavaThread "Compiler Source File Reader" daemon [_thread_blocked, id=15248, stack(0x000000af5f600000,0x000000af5f700000) (1024K)]
  0x00000276773a57d0 JavaThread "Compiler Source File Reader" daemon [_thread_blocked, id=13120, stack(0x000000af5f700000,0x000000af5f800000) (1024K)]
  0x00000276773a6b80 JavaThread "Compiler Source File Reader" daemon [_thread_blocked, id=17624, stack(0x000000af5f800000,0x000000af5f900000) (1024K)]
  0x0000027679c17e70 JavaThread "Compiler Source File Reader" daemon [_thread_blocked, id=11436, stack(0x000000af5f900000,0x000000af5fa00000) (1024K)]
  0x0000027679c18b90 JavaThread "Compiler Processing Task"   daemon [_thread_in_Java, id=17932, stack(0x000000af5fa00000,0x000000af5fb00000) (1024K)]
  0x0000027679c18500 JavaThread "Compiler Class File Writer" daemon [_thread_blocked, id=17288, stack(0x000000af5fb00000,0x000000af5fc00000) (1024K)]
  0x0000027679c1c6a0 JavaThread "Compiler Class File Writer" daemon [_thread_blocked, id=16248, stack(0x000000af5fc00000,0x000000af5fd00000) (1024K)]
  0x0000027679c19220 JavaThread "Compiler Class File Writer" daemon [_thread_blocked, id=18480, stack(0x000000af5fd00000,0x000000af5fe00000) (1024K)]
  0x0000027679c198b0 JavaThread "Compiler Class File Writer" daemon [_thread_blocked, id=680, stack(0x000000af5fe00000,0x000000af5ff00000) (1024K)]
  0x0000027679c1da50 JavaThread "Compiler Class File Writer" daemon [_thread_blocked, id=20760, stack(0x000000af5ff00000,0x000000af60000000) (1024K)]
  0x0000027679c1f490 JavaThread "Compiler Class File Writer" daemon [_thread_blocked, id=16136, stack(0x000000af60000000,0x000000af60100000) (1024K)]
  0x0000027679c1d3c0 JavaThread "Compiler Class File Writer" daemon [_thread_blocked, id=3196, stack(0x000000af60100000,0x000000af60200000) (1024K)]
  0x0000027679c1c010 JavaThread "Compiler Class File Writer" daemon [_thread_blocked, id=9220, stack(0x000000af60200000,0x000000af60300000) (1024K)]
  0x0000027679c1cd30 JavaThread "Compiler Class File Writer" daemon [_thread_blocked, id=16408, stack(0x000000af60300000,0x000000af60400000) (1024K)]
  0x0000027679c1ee00 JavaThread "Compiler Class File Writer" daemon [_thread_blocked, id=22764, stack(0x000000af60400000,0x000000af60500000) (1024K)]
Total: 76

Other Threads:
  0x000002765aba6ad0 VMThread "VM Thread"                           [id=2616, stack(0x000000af5ad00000,0x000000af5ae00000) (1024K)]
  0x000002766f63ca10 WatcherThread "VM Periodic Task Thread"        [id=23364, stack(0x000000af5ac00000,0x000000af5ad00000) (1024K)]
  0x000002765ab884a0 WorkerThread "GC Thread#0"                     [id=8064, stack(0x000000af5ab00000,0x000000af5ac00000) (1024K)]
  0x00000276765ad200 WorkerThread "GC Thread#1"                     [id=22872, stack(0x000000af5ba00000,0x000000af5bb00000) (1024K)]
  0x000002767622b620 WorkerThread "GC Thread#2"                     [id=18000, stack(0x000000af5bb00000,0x000000af5bc00000) (1024K)]
  0x000002767622b9c0 WorkerThread "GC Thread#3"                     [id=12440, stack(0x000000af5bc00000,0x000000af5bd00000) (1024K)]
  0x00000276765a9dc0 WorkerThread "GC Thread#4"                     [id=10636, stack(0x000000af5bd00000,0x000000af5be00000) (1024K)]
  0x00000276765aad90 WorkerThread "GC Thread#5"                     [id=3688, stack(0x000000af5be00000,0x000000af5bf00000) (1024K)]
  0x0000027676115720 WorkerThread "GC Thread#6"                     [id=21772, stack(0x000000af5bf00000,0x000000af5c000000) (1024K)]
  0x0000027676ad9cc0 WorkerThread "GC Thread#7"                     [id=22396, stack(0x000000af5c200000,0x000000af5c300000) (1024K)]
  0x00000276770a52f0 WorkerThread "GC Thread#8"                     [id=20684, stack(0x000000af5c500000,0x000000af5c600000) (1024K)]
  0x0000027676b40fe0 WorkerThread "GC Thread#9"                     [id=16572, stack(0x000000af5c600000,0x000000af5c700000) (1024K)]
Total: 12

Threads with active compile tasks:
C2 CompilerThread0  8356 8709       4       org.eclipse.jdt.internal.compiler.util.JrtFileSystem$2::visitFile (10 bytes)
C1 CompilerThread0  8356 9751       2       java.lang.invoke.LambdaForm$MH/0x0000027601641c00::invoke (42 bytes)
C2 CompilerThread1  8356 8701       4       org.eclipse.jdt.internal.compiler.util.JrtFileSystem$2::visitFile (72 bytes)
Total: 3

VM state: not at safepoint (normal execution)

VM Mutex/Monitor currently owned by a thread: None

Heap address: 0x00000000c0000000, size: 1024 MB, Compressed Oops mode: 32-bit

CDS archive(s) mapped at: [0x0000027600000000-0x0000027600ba0000-0x0000027600ba0000), size 12189696, SharedBaseAddress: 0x0000027600000000, ArchiveRelocationMode: 1.
Compressed class space mapped at: 0x0000027601000000-0x0000027641000000, reserved size: 1073741824
Narrow klass base: 0x0000027600000000, Narrow klass shift: 0, Narrow klass range: 0x100000000

GC Precious Log:
 CardTable entry size: 512
 CPUs: 12 total, 12 available
 Memory: 15752M
 Large Page Support: Disabled
 NUMA Support: Disabled
 Compressed Oops: Enabled (32-bit)
 Alignments: Space 512K, Generation 512K, Heap 2M
 Heap Min Capacity: 100M
 Heap Initial Capacity: 100M
 Heap Max Capacity: 1G
 Pre-touch: Disabled
 Parallel Workers: 10

Heap:
 PSYoungGen      total 3584K, used 2405K [0x00000000eab00000, 0x00000000eb080000, 0x0000000100000000)
  eden space 2560K, 65% used [0x00000000eab00000,0x00000000eaca1718,0x00000000ead80000)
  from space 1024K, 71% used [0x00000000ead80000,0x00000000eae38000,0x00000000eae80000)
  to   space 1536K, 0% used [0x00000000eaf00000,0x00000000eaf00000,0x00000000eb080000)
 ParOldGen       total 196096K, used 196035K [0x00000000c0000000, 0x00000000cbf80000, 0x00000000eab00000)
  object space 196096K, 99% used [0x00000000c0000000,0x00000000cbf70d70,0x00000000cbf80000)
 Metaspace       used 58176K, committed 59648K, reserved 1114112K
  class space    used 5999K, committed 6656K, reserved 1048576K

Card table byte_map: [0x000002766cfb0000,0x000002766d1c0000] _byte_map_base: 0x000002766c9b0000

Marking Bits: (ParMarkBitMap*) 0x00007ffefab031f0
 Begin Bits: [0x000002766d320000, 0x000002766e320000)
 End Bits:   [0x000002766e320000, 0x000002766f320000)

Polling page: 0x0000027658ea0000

Metaspace:

Usage:
  Non-class:     50.95 MB used.
      Class:      5.86 MB used.
       Both:     56.81 MB used.

Virtual space:
  Non-class space:       64.00 MB reserved,      51.75 MB ( 81%) committed,  1 nodes.
      Class space:        1.00 GB reserved,       6.50 MB ( <1%) committed,  1 nodes.
             Both:        1.06 GB reserved,      58.25 MB (  5%) committed. 

Chunk freelists:
   Non-Class:  11.75 MB
       Class:  9.53 MB
        Both:  21.28 MB

MaxMetaspaceSize: unlimited
CompressedClassSpaceSize: 1.00 GB
Initial GC threshold: 21.00 MB
Current GC threshold: 58.38 MB
CDS: on
 - commit_granule_bytes: 65536.
 - commit_granule_words: 8192.
 - virtual_space_node_default_size: 8388608.
 - enlarge_chunks_in_place: 1.
 - use_allocation_guard: 0.


Internal statistics:

num_allocs_failed_limit: 6.
num_arena_births: 1154.
num_arena_deaths: 14.
num_vsnodes_births: 2.
num_vsnodes_deaths: 0.
num_space_committed: 932.
num_space_uncommitted: 0.
num_chunks_returned_to_freelist: 20.
num_chunks_taken_from_freelist: 3868.
num_chunk_merges: 12.
num_chunk_splits: 2407.
num_chunks_enlarged: 1349.
num_inconsistent_stats: 0.

CodeHeap 'non-profiled nmethods': size=120000Kb used=3832Kb max_used=3832Kb free=116167Kb
 bounds [0x00000276658a0000, 0x0000027665c60000, 0x000002766cdd0000]
CodeHeap 'profiled nmethods': size=120000Kb used=20566Kb max_used=20566Kb free=99433Kb
 bounds [0x000002765ddd0000, 0x000002765f1f0000, 0x0000027665300000]
CodeHeap 'non-nmethods': size=5760Kb used=1413Kb max_used=1467Kb free=4346Kb
 bounds [0x0000027665300000, 0x0000027665570000, 0x00000276658a0000]
 total_blobs=9823 nmethods=9100 adapters=629
 compilation: enabled
              stopped_count=0, restarted_count=0
 full_count=0

Compilation events (20 events):
Event: 8.317 Thread 0x00000276705ecf20 nmethod 9715 0x000002765f1b6c10 code [0x000002765f1b6e00, 0x000002765f1b7070]
Event: 8.317 Thread 0x00000276705ecf20 9712   !   2       lombok.core.FieldAugment$MapFieldAugment::clear (38 bytes)
Event: 8.317 Thread 0x00000276705ecf20 nmethod 9712 0x000002765f1b7190 code [0x000002765f1b7360, 0x000002765f1b76c8]
Event: 8.317 Thread 0x00000276705ecf20 9709       2       org.eclipse.jdt.internal.compiler.lookup.MethodScope::isLambdaScope (8 bytes)
Event: 8.317 Thread 0x00000276705ecf20 nmethod 9709 0x000002765f1b7910 code [0x000002765f1b7aa0, 0x000002765f1b7be8]
Event: 8.317 Thread 0x00000276705ecf20 9716       2       java.util.LinkedHashMap::clear (15 bytes)
Event: 8.317 Thread 0x00000276705ecf20 nmethod 9716 0x000002765f1b7c90 code [0x000002765f1b7e40, 0x000002765f1b7fa0]
Event: 8.317 Thread 0x00000276705ecf20 9717       2       java.util.stream.Collectors$$Lambda/0x000002760136b808::get (8 bytes)
Event: 8.317 Thread 0x00000276705ecf20 nmethod 9717 0x000002765f1b8090 code [0x000002765f1b8220, 0x000002765f1b8398]
Event: 8.317 Thread 0x00000276705ecf20 9710       2       java.lang.invoke.LambdaForm$MH/0x0000027601674c00::invoke (42 bytes)
Event: 8.317 Thread 0x00000276705ecf20 nmethod 9710 0x000002765f1b8490 code [0x000002765f1b8660, 0x000002765f1b8940]
Event: 8.317 Thread 0x00000276705ecf20 9724       2       org.eclipse.jdt.internal.compiler.lookup.ClassScope::buildMethods (591 bytes)
Event: 8.320 Thread 0x00000276705ecf20 nmethod 9724 0x000002765f1b8b90 code [0x000002765f1b8f00, 0x000002765f1ba528]
Event: 8.320 Thread 0x00000276705ecf20 9725   !   2       org.eclipse.jdt.internal.compiler.lookup.ParameterizedTypeBinding::getMethods (314 bytes)
Event: 8.324 Thread 0x00000276705ecf20 nmethod 9725 0x000002765f1bb490 code [0x000002765f1bb720, 0x000002765f1bc358]
Event: 8.324 Thread 0x00000276705ecf20 9726   !   2       org.eclipse.jdt.internal.compiler.lookup.BinaryTypeBinding::hasTypeBit (85 bytes)
Event: 8.324 Thread 0x00000276705ecf20 nmethod 9726 0x000002765f1bca90 code [0x000002765f1bcc60, 0x000002765f1bcf10]
Event: 8.324 Thread 0x00000276705ecf20 9728       2       org.eclipse.jdt.internal.compiler.ast.SingleNameReference::analyseCode (189 bytes)
Event: 8.325 Thread 0x00000276705ecf20 nmethod 9728 0x000002765f1bd110 code [0x000002765f1bd380, 0x000002765f1bd8a0]
Event: 8.325 Thread 0x00000276705ecf20 9727       2       org.eclipse.jdt.internal.compiler.impl.CompilerOptions::isAnyEnabled (37 bytes)

GC Heap History (20 events):
Event: 8.158 GC heap before
{Heap before GC invocations=113 (full 2):
 PSYoungGen      total 5632K, used 5121K [0x00000000eab00000, 0x00000000eb200000, 0x0000000100000000)
  eden space 4096K, 100% used [0x00000000eab00000,0x00000000eaf00000,0x00000000eaf00000)
  from space 1536K, 66% used [0x00000000eb080000,0x00000000eb1807d0,0x00000000eb200000)
  to   space 1536K, 0% used [0x00000000eaf00000,0x00000000eaf00000,0x00000000eb080000)
 ParOldGen       total 186880K, used 186474K [0x00000000c0000000, 0x00000000cb680000, 0x00000000eab00000)
  object space 186880K, 99% used [0x00000000c0000000,0x00000000cb61a9e0,0x00000000cb680000)
 Metaspace       used 57726K, committed 59200K, reserved 1114112K
  class space    used 5994K, committed 6656K, reserved 1048576K
}
Event: 8.159 GC heap after
{Heap after GC invocations=113 (full 2):
 PSYoungGen      total 5632K, used 1014K [0x00000000eab00000, 0x00000000eb200000, 0x0000000100000000)
  eden space 4096K, 0% used [0x00000000eab00000,0x00000000eab00000,0x00000000eaf00000)
  from space 1536K, 66% used [0x00000000eaf00000,0x00000000eaffd8e0,0x00000000eb080000)
  to   space 1536K, 0% used [0x00000000eb080000,0x00000000eb080000,0x00000000eb200000)
 ParOldGen       total 187392K, used 187298K [0x00000000c0000000, 0x00000000cb700000, 0x00000000eab00000)
  object space 187392K, 99% used [0x00000000c0000000,0x00000000cb6e8a68,0x00000000cb700000)
 Metaspace       used 57726K, committed 59200K, reserved 1114112K
  class space    used 5994K, committed 6656K, reserved 1048576K
}
Event: 8.174 GC heap before
{Heap before GC invocations=114 (full 2):
 PSYoungGen      total 5632K, used 5107K [0x00000000eab00000, 0x00000000eb200000, 0x0000000100000000)
  eden space 4096K, 99% used [0x00000000eab00000,0x00000000eaeff3f0,0x00000000eaf00000)
  from space 1536K, 66% used [0x00000000eaf00000,0x00000000eaffd8e0,0x00000000eb080000)
  to   space 1536K, 0% used [0x00000000eb080000,0x00000000eb080000,0x00000000eb200000)
 ParOldGen       total 187392K, used 187298K [0x00000000c0000000, 0x00000000cb700000, 0x00000000eab00000)
  object space 187392K, 99% used [0x00000000c0000000,0x00000000cb6e8a68,0x00000000cb700000)
 Metaspace       used 57759K, committed 59200K, reserved 1114112K
  class space    used 5995K, committed 6656K, reserved 1048576K
}
Event: 8.175 GC heap after
{Heap after GC invocations=114 (full 2):
 PSYoungGen      total 5632K, used 1142K [0x00000000eab00000, 0x00000000eb200000, 0x0000000100000000)
  eden space 4096K, 0% used [0x00000000eab00000,0x00000000eab00000,0x00000000eaf00000)
  from space 1536K, 74% used [0x00000000eb080000,0x00000000eb19dae8,0x00000000eb200000)
  to   space 1536K, 0% used [0x00000000eaf00000,0x00000000eaf00000,0x00000000eb080000)
 ParOldGen       total 188416K, used 188186K [0x00000000c0000000, 0x00000000cb800000, 0x00000000eab00000)
  object space 188416K, 99% used [0x00000000c0000000,0x00000000cb7c6ac0,0x00000000cb800000)
 Metaspace       used 57759K, committed 59200K, reserved 1114112K
  class space    used 5995K, committed 6656K, reserved 1048576K
}
Event: 8.188 GC heap before
{Heap before GC invocations=115 (full 2):
 PSYoungGen      total 5632K, used 5232K [0x00000000eab00000, 0x00000000eb200000, 0x0000000100000000)
  eden space 4096K, 99% used [0x00000000eab00000,0x00000000eaefe5b8,0x00000000eaf00000)
  from space 1536K, 74% used [0x00000000eb080000,0x00000000eb19dae8,0x00000000eb200000)
  to   space 1536K, 0% used [0x00000000eaf00000,0x00000000eaf00000,0x00000000eb080000)
 ParOldGen       total 188416K, used 188186K [0x00000000c0000000, 0x00000000cb800000, 0x00000000eab00000)
  object space 188416K, 99% used [0x00000000c0000000,0x00000000cb7c6ac0,0x00000000cb800000)
 Metaspace       used 57802K, committed 59264K, reserved 1114112K
  class space    used 5995K, committed 6656K, reserved 1048576K
}
Event: 8.190 GC heap after
{Heap after GC invocations=115 (full 2):
 PSYoungGen      total 5632K, used 994K [0x00000000eab00000, 0x00000000eb200000, 0x0000000100000000)
  eden space 4096K, 0% used [0x00000000eab00000,0x00000000eab00000,0x00000000eaf00000)
  from space 1536K, 64% used [0x00000000eaf00000,0x00000000eaff8af8,0x00000000eb080000)
  to   space 1536K, 0% used [0x00000000eb080000,0x00000000eb080000,0x00000000eb200000)
 ParOldGen       total 189440K, used 189167K [0x00000000c0000000, 0x00000000cb900000, 0x00000000eab00000)
  object space 189440K, 99% used [0x00000000c0000000,0x00000000cb8bbd60,0x00000000cb900000)
 Metaspace       used 57802K, committed 59264K, reserved 1114112K
  class space    used 5995K, committed 6656K, reserved 1048576K
}
Event: 8.206 GC heap before
{Heap before GC invocations=116 (full 2):
 PSYoungGen      total 5632K, used 5090K [0x00000000eab00000, 0x00000000eb200000, 0x0000000100000000)
  eden space 4096K, 100% used [0x00000000eab00000,0x00000000eaf00000,0x00000000eaf00000)
  from space 1536K, 64% used [0x00000000eaf00000,0x00000000eaff8af8,0x00000000eb080000)
  to   space 1536K, 0% used [0x00000000eb080000,0x00000000eb080000,0x00000000eb200000)
 ParOldGen       total 189440K, used 189167K [0x00000000c0000000, 0x00000000cb900000, 0x00000000eab00000)
  object space 189440K, 99% used [0x00000000c0000000,0x00000000cb8bbd60,0x00000000cb900000)
 Metaspace       used 57821K, committed 59264K, reserved 1114112K
  class space    used 5995K, committed 6656K, reserved 1048576K
}
Event: 8.208 GC heap after
{Heap after GC invocations=116 (full 2):
 PSYoungGen      total 5120K, used 998K [0x00000000eab00000, 0x00000000eb180000, 0x0000000100000000)
  eden space 4096K, 0% used [0x00000000eab00000,0x00000000eab00000,0x00000000eaf00000)
  from space 1024K, 97% used [0x00000000eb080000,0x00000000eb179bd8,0x00000000eb180000)
  to   space 1024K, 0% used [0x00000000eaf80000,0x00000000eaf80000,0x00000000eb080000)
 ParOldGen       total 190464K, used 190012K [0x00000000c0000000, 0x00000000cba00000, 0x00000000eab00000)
  object space 190464K, 99% used [0x00000000c0000000,0x00000000cb98f1c8,0x00000000cba00000)
 Metaspace       used 57821K, committed 59264K, reserved 1114112K
  class space    used 5995K, committed 6656K, reserved 1048576K
}
Event: 8.219 GC heap before
{Heap before GC invocations=117 (full 2):
 PSYoungGen      total 5120K, used 5094K [0x00000000eab00000, 0x00000000eb180000, 0x0000000100000000)
  eden space 4096K, 100% used [0x00000000eab00000,0x00000000eaf00000,0x00000000eaf00000)
  from space 1024K, 97% used [0x00000000eb080000,0x00000000eb179bd8,0x00000000eb180000)
  to   space 1024K, 0% used [0x00000000eaf80000,0x00000000eaf80000,0x00000000eb080000)
 ParOldGen       total 190464K, used 190012K [0x00000000c0000000, 0x00000000cba00000, 0x00000000eab00000)
  object space 190464K, 99% used [0x00000000c0000000,0x00000000cb98f1c8,0x00000000cba00000)
 Metaspace       used 57858K, committed 59264K, reserved 1114112K
  class space    used 5999K, committed 6656K, reserved 1048576K
}
Event: 8.220 GC heap after
{Heap after GC invocations=117 (full 2):
 PSYoungGen      total 5120K, used 1008K [0x00000000eab00000, 0x00000000eb100000, 0x0000000100000000)
  eden space 4096K, 0% used [0x00000000eab00000,0x00000000eab00000,0x00000000eaf00000)
  from space 1024K, 98% used [0x00000000eaf80000,0x00000000eb07c138,0x00000000eb080000)
  to   space 512K, 0% used [0x00000000eb080000,0x00000000eb080000,0x00000000eb100000)
 ParOldGen       total 190976K, used 190890K [0x00000000c0000000, 0x00000000cba80000, 0x00000000eab00000)
  object space 190976K, 99% used [0x00000000c0000000,0x00000000cba6abd0,0x00000000cba80000)
 Metaspace       used 57858K, committed 59264K, reserved 1114112K
  class space    used 5999K, committed 6656K, reserved 1048576K
}
Event: 8.248 GC heap before
{Heap before GC invocations=118 (full 2):
 PSYoungGen      total 5120K, used 5104K [0x00000000eab00000, 0x00000000eb100000, 0x0000000100000000)
  eden space 4096K, 100% used [0x00000000eab00000,0x00000000eaf00000,0x00000000eaf00000)
  from space 1024K, 98% used [0x00000000eaf80000,0x00000000eb07c138,0x00000000eb080000)
  to   space 512K, 0% used [0x00000000eb080000,0x00000000eb080000,0x00000000eb100000)
 ParOldGen       total 190976K, used 190890K [0x00000000c0000000, 0x00000000cba80000, 0x00000000eab00000)
  object space 190976K, 99% used [0x00000000c0000000,0x00000000cba6abd0,0x00000000cba80000)
 Metaspace       used 57918K, committed 59328K, reserved 1114112K
  class space    used 5999K, committed 6656K, reserved 1048576K
}
Event: 8.251 GC heap after
{Heap after GC invocations=118 (full 2):
 PSYoungGen      total 4096K, used 512K [0x00000000eab00000, 0x00000000eb300000, 0x0000000100000000)
  eden space 3584K, 0% used [0x00000000eab00000,0x00000000eab00000,0x00000000eae80000)
  from space 512K, 100% used [0x00000000eb080000,0x00000000eb100000,0x00000000eb100000)
  to   space 2048K, 0% used [0x00000000eae80000,0x00000000eae80000,0x00000000eb080000)
 ParOldGen       total 192512K, used 192243K [0x00000000c0000000, 0x00000000cbc00000, 0x00000000eab00000)
  object space 192512K, 99% used [0x00000000c0000000,0x00000000cbbbcdc0,0x00000000cbc00000)
 Metaspace       used 57918K, committed 59328K, reserved 1114112K
  class space    used 5999K, committed 6656K, reserved 1048576K
}
Event: 8.268 GC heap before
{Heap before GC invocations=119 (full 2):
 PSYoungGen      total 4096K, used 4096K [0x00000000eab00000, 0x00000000eb300000, 0x0000000100000000)
  eden space 3584K, 100% used [0x00000000eab00000,0x00000000eae80000,0x00000000eae80000)
  from space 512K, 100% used [0x00000000eb080000,0x00000000eb100000,0x00000000eb100000)
  to   space 2048K, 0% used [0x00000000eae80000,0x00000000eae80000,0x00000000eb080000)
 ParOldGen       total 192512K, used 192243K [0x00000000c0000000, 0x00000000cbc00000, 0x00000000eab00000)
  object space 192512K, 99% used [0x00000000c0000000,0x00000000cbbbcdc0,0x00000000cbc00000)
 Metaspace       used 57966K, committed 59392K, reserved 1114112K
  class space    used 5999K, committed 6656K, reserved 1048576K
}
Event: 8.270 GC heap after
{Heap after GC invocations=119 (full 2):
 PSYoungGen      total 5120K, used 1106K [0x00000000eab00000, 0x00000000eb180000, 0x0000000100000000)
  eden space 3584K, 0% used [0x00000000eab00000,0x00000000eab00000,0x00000000eae80000)
  from space 1536K, 72% used [0x00000000eae80000,0x00000000eaf94948,0x00000000eb000000)
  to   space 1536K, 0% used [0x00000000eb000000,0x00000000eb000000,0x00000000eb180000)
 ParOldGen       total 193024K, used 192714K [0x00000000c0000000, 0x00000000cbc80000, 0x00000000eab00000)
  object space 193024K, 99% used [0x00000000c0000000,0x00000000cbc32b38,0x00000000cbc80000)
 Metaspace       used 57966K, committed 59392K, reserved 1114112K
  class space    used 5999K, committed 6656K, reserved 1048576K
}
Event: 8.286 GC heap before
{Heap before GC invocations=120 (full 2):
 PSYoungGen      total 5120K, used 4690K [0x00000000eab00000, 0x00000000eb180000, 0x0000000100000000)
  eden space 3584K, 100% used [0x00000000eab00000,0x00000000eae80000,0x00000000eae80000)
  from space 1536K, 72% used [0x00000000eae80000,0x00000000eaf94948,0x00000000eb000000)
  to   space 1536K, 0% used [0x00000000eb000000,0x00000000eb000000,0x00000000eb180000)
 ParOldGen       total 193024K, used 192714K [0x00000000c0000000, 0x00000000cbc80000, 0x00000000eab00000)
  object space 193024K, 99% used [0x00000000c0000000,0x00000000cbc32b38,0x00000000cbc80000)
 Metaspace       used 58030K, committed 59456K, reserved 1114112K
  class space    used 5999K, committed 6656K, reserved 1048576K
}
Event: 8.288 GC heap after
{Heap after GC invocations=120 (full 2):
 PSYoungGen      total 5120K, used 1023K [0x00000000eab00000, 0x00000000eb180000, 0x0000000100000000)
  eden space 3584K, 0% used [0x00000000eab00000,0x00000000eab00000,0x00000000eae80000)
  from space 1536K, 66% used [0x00000000eb000000,0x00000000eb0fff08,0x00000000eb180000)
  to   space 1536K, 0% used [0x00000000eae80000,0x00000000eae80000,0x00000000eb000000)
 ParOldGen       total 194048K, used 193603K [0x00000000c0000000, 0x00000000cbd80000, 0x00000000eab00000)
  object space 194048K, 99% used [0x00000000c0000000,0x00000000cbd10f28,0x00000000cbd80000)
 Metaspace       used 58030K, committed 59456K, reserved 1114112K
  class space    used 5999K, committed 6656K, reserved 1048576K
}
Event: 8.300 GC heap before
{Heap before GC invocations=121 (full 2):
 PSYoungGen      total 5120K, used 4607K [0x00000000eab00000, 0x00000000eb180000, 0x0000000100000000)
  eden space 3584K, 100% used [0x00000000eab00000,0x00000000eae80000,0x00000000eae80000)
  from space 1536K, 66% used [0x00000000eb000000,0x00000000eb0fff08,0x00000000eb180000)
  to   space 1536K, 0% used [0x00000000eae80000,0x00000000eae80000,0x00000000eb000000)
 ParOldGen       total 194048K, used 193603K [0x00000000c0000000, 0x00000000cbd80000, 0x00000000eab00000)
  object space 194048K, 99% used [0x00000000c0000000,0x00000000cbd10f28,0x00000000cbd80000)
 Metaspace       used 58055K, committed 59456K, reserved 1114112K
  class space    used 5999K, committed 6656K, reserved 1048576K
}
Event: 8.301 GC heap after
{Heap after GC invocations=121 (full 2):
 PSYoungGen      total 4608K, used 949K [0x00000000eab00000, 0x00000000eb080000, 0x0000000100000000)
  eden space 3584K, 0% used [0x00000000eab00000,0x00000000eab00000,0x00000000eae80000)
  from space 1024K, 92% used [0x00000000eae80000,0x00000000eaf6d4c8,0x00000000eaf80000)
  to   space 1024K, 0% used [0x00000000eaf80000,0x00000000eaf80000,0x00000000eb080000)
 ParOldGen       total 194560K, used 194421K [0x00000000c0000000, 0x00000000cbe00000, 0x00000000eab00000)
  object space 194560K, 99% used [0x00000000c0000000,0x00000000cbddd620,0x00000000cbe00000)
 Metaspace       used 58055K, committed 59456K, reserved 1114112K
  class space    used 5999K, committed 6656K, reserved 1048576K
}
Event: 8.321 GC heap before
{Heap before GC invocations=122 (full 2):
 PSYoungGen      total 4608K, used 4533K [0x00000000eab00000, 0x00000000eb080000, 0x0000000100000000)
  eden space 3584K, 100% used [0x00000000eab00000,0x00000000eae80000,0x00000000eae80000)
  from space 1024K, 92% used [0x00000000eae80000,0x00000000eaf6d4c8,0x00000000eaf80000)
  to   space 1024K, 0% used [0x00000000eaf80000,0x00000000eaf80000,0x00000000eb080000)
 ParOldGen       total 194560K, used 194421K [0x00000000c0000000, 0x00000000cbe00000, 0x00000000eab00000)
  object space 194560K, 99% used [0x00000000c0000000,0x00000000cbddd620,0x00000000cbe00000)
 Metaspace       used 58096K, committed 59520K, reserved 1114112K
  class space    used 5999K, committed 6656K, reserved 1048576K
}
Event: 8.323 GC heap after
{Heap after GC invocations=122 (full 2):
 PSYoungGen      total 3584K, used 1006K [0x00000000eab00000, 0x00000000eb280000, 0x0000000100000000)
  eden space 2560K, 0% used [0x00000000eab00000,0x00000000eab00000,0x00000000ead80000)
  from space 1024K, 98% used [0x00000000eaf80000,0x00000000eb07b980,0x00000000eb080000)
  to   space 2048K, 0% used [0x00000000ead80000,0x00000000ead80000,0x00000000eaf80000)
 ParOldGen       total 195584K, used 195219K [0x00000000c0000000, 0x00000000cbf00000, 0x00000000eab00000)
  object space 195584K, 99% used [0x00000000c0000000,0x00000000cbea4db8,0x00000000cbf00000)
 Metaspace       used 58096K, committed 59520K, reserved 1114112K
  class space    used 5999K, committed 6656K, reserved 1048576K
}

Dll operation events (10 events):
Event: 0.009 Loaded shared library c:\Users\PC\.vscode\extensions\redhat.java-1.42.0-win32-x64\jre\21.0.7-win32-x86_64\bin\java.dll
Event: 0.090 Loaded shared library c:\Users\PC\.vscode\extensions\redhat.java-1.42.0-win32-x64\jre\21.0.7-win32-x86_64\bin\zip.dll
Event: 0.115 Loaded shared library C:\Users\PC\.vscode\extensions\redhat.java-1.42.0-win32-x64\jre\21.0.7-win32-x86_64\bin\instrument.dll
Event: 0.120 Loaded shared library C:\Users\PC\.vscode\extensions\redhat.java-1.42.0-win32-x64\jre\21.0.7-win32-x86_64\bin\net.dll
Event: 0.122 Loaded shared library C:\Users\PC\.vscode\extensions\redhat.java-1.42.0-win32-x64\jre\21.0.7-win32-x86_64\bin\nio.dll
Event: 0.126 Loaded shared library C:\Users\PC\.vscode\extensions\redhat.java-1.42.0-win32-x64\jre\21.0.7-win32-x86_64\bin\zip.dll
Event: 0.148 Loaded shared library C:\Users\PC\.vscode\extensions\redhat.java-1.42.0-win32-x64\jre\21.0.7-win32-x86_64\bin\jimage.dll
Event: 0.228 Loaded shared library c:\Users\PC\.vscode\extensions\redhat.java-1.42.0-win32-x64\jre\21.0.7-win32-x86_64\bin\verify.dll
Event: 1.292 Loaded shared library C:\Users\PC\AppData\Roaming\Code\User\globalStorage\redhat.java\1.42.0\config_win\org.eclipse.equinox.launcher\org.eclipse.equinox.launcher.win32.win32.x86_64_1.2.1300.v20250331-1702\eclipse_11911.dll
Event: 2.652 Loaded shared library C:\Users\PC\AppData\Local\Temp\jna-2547\jna582785550983297780.dll

Deoptimization events (20 events):
Event: 8.218 Thread 0x0000027679c18b90 DEOPT PACKING pc=0x0000027665c51910 sp=0x000000af5fafd870
Event: 8.218 Thread 0x0000027679c18b90 DEOPT UNPACKING pc=0x0000027665353aa2 sp=0x000000af5fafd770 mode 2
Event: 8.219 Thread 0x0000027679c18b90 Uncommon trap: trap_request=0xffffff45 fr.pc=0x0000027665c512d4 relative=0x0000000000000294
Event: 8.219 Thread 0x0000027679c18b90 Uncommon trap: reason=unstable_if action=reinterpret pc=0x0000027665c512d4 method=java.util.HashMap.getNode(Ljava/lang/Object;)Ljava/util/HashMap$Node; @ 131 c2
Event: 8.219 Thread 0x0000027679c18b90 DEOPT PACKING pc=0x0000027665c512d4 sp=0x000000af5fafd950
Event: 8.219 Thread 0x0000027679c18b90 DEOPT UNPACKING pc=0x0000027665353aa2 sp=0x000000af5fafd8d0 mode 2
Event: 8.226 Thread 0x0000027679c18b90 Uncommon trap: trap_request=0xffffff45 fr.pc=0x0000027665ab29e8 relative=0x0000000000000148
Event: 8.226 Thread 0x0000027679c18b90 Uncommon trap: reason=unstable_if action=reinterpret pc=0x0000027665ab29e8 method=java.util.HashMap.getNode(Ljava/lang/Object;)Ljava/util/HashMap$Node; @ 66 c2
Event: 8.226 Thread 0x0000027679c18b90 DEOPT PACKING pc=0x0000027665ab29e8 sp=0x000000af5fafe7f0
Event: 8.226 Thread 0x0000027679c18b90 DEOPT UNPACKING pc=0x0000027665353aa2 sp=0x000000af5fafe6a0 mode 2
Event: 8.226 Thread 0x0000027679c18b90 Uncommon trap: trap_request=0xffffff45 fr.pc=0x00000276659cd910 relative=0x0000000000000130
Event: 8.226 Thread 0x0000027679c18b90 Uncommon trap: reason=unstable_if action=reinterpret pc=0x00000276659cd910 method=java.util.HashMap.getNode(Ljava/lang/Object;)Ljava/util/HashMap$Node; @ 66 c2
Event: 8.226 Thread 0x0000027679c18b90 DEOPT PACKING pc=0x00000276659cd910 sp=0x000000af5fafe2d0
Event: 8.226 Thread 0x0000027679c18b90 DEOPT UNPACKING pc=0x0000027665353aa2 sp=0x000000af5fafe1e8 mode 2
Event: 8.267 Thread 0x0000027676b4eee0 Uncommon trap: trap_request=0xffffff45 fr.pc=0x0000027665af8b08 relative=0x00000000000000e8
Event: 8.267 Thread 0x0000027676b4eee0 Uncommon trap: reason=unstable_if action=reinterpret pc=0x0000027665af8b08 method=java.util.stream.SpinedBuffer.accept(Ljava/lang/Object;)V @ 9 c2
Event: 8.267 Thread 0x0000027676b4eee0 DEOPT PACKING pc=0x0000027665af8b08 sp=0x000000af5d0fded0
Event: 8.267 Thread 0x0000027676b4eee0 DEOPT UNPACKING pc=0x0000027665353aa2 sp=0x000000af5d0fde78 mode 2
Event: 8.296 Thread 0x0000027679c18b90 DEOPT PACKING pc=0x000002765f0d88d7 sp=0x000000af5fafece0
Event: 8.296 Thread 0x0000027679c18b90 DEOPT UNPACKING pc=0x0000027665354242 sp=0x000000af5fafe1c0 mode 0

Classes loaded (20 events):
Event: 7.870 Loading class jdk/internal/module/IllegalAccessLogger
Event: 7.870 Loading class jdk/internal/module/IllegalAccessLogger done
Event: 7.879 Loading class java/util/concurrent/ArrayBlockingQueue
Event: 7.879 Loading class java/util/concurrent/ArrayBlockingQueue done
Event: 7.932 Loading class java/util/Hashtable$ValueCollection
Event: 7.932 Loading class java/util/Hashtable$ValueCollection done
Event: 7.934 Loading class java/util/stream/ReferencePipeline$4
Event: 7.934 Loading class java/util/stream/ReferencePipeline$4 done
Event: 7.934 Loading class java/util/stream/Nodes$IntFixedNodeBuilder
Event: 7.934 Loading class java/util/stream/Node$Builder$OfInt
Event: 7.934 Loading class java/util/stream/Node$Builder$OfInt done
Event: 7.934 Loading class java/util/stream/Nodes$IntArrayNode
Event: 7.935 Loading class java/util/stream/Nodes$IntArrayNode done
Event: 7.935 Loading class java/util/stream/Nodes$IntFixedNodeBuilder done
Event: 7.935 Loading class java/util/stream/ReferencePipeline$4$1
Event: 7.935 Loading class java/util/stream/ReferencePipeline$4$1 done
Event: 7.935 Loading class java/util/concurrent/ConcurrentHashMap$KeySpliterator
Event: 7.935 Loading class java/util/concurrent/ConcurrentHashMap$KeySpliterator done
Event: 7.942 Loading class sun/nio/ch/ChannelOutputStream
Event: 7.943 Loading class sun/nio/ch/ChannelOutputStream done

Classes unloaded (7 events):
Event: 3.214 Thread 0x000002765aba6ad0 Unloading class 0x00000276011a4c00 'java/lang/invoke/LambdaForm$MH+0x00000276011a4c00'
Event: 3.214 Thread 0x000002765aba6ad0 Unloading class 0x00000276011a4800 'java/lang/invoke/LambdaForm$MH+0x00000276011a4800'
Event: 3.214 Thread 0x000002765aba6ad0 Unloading class 0x00000276011a4400 'java/lang/invoke/LambdaForm$MH+0x00000276011a4400'
Event: 3.214 Thread 0x000002765aba6ad0 Unloading class 0x00000276011a4000 'java/lang/invoke/LambdaForm$MH+0x00000276011a4000'
Event: 3.214 Thread 0x000002765aba6ad0 Unloading class 0x00000276011a3c00 'java/lang/invoke/LambdaForm$BMH+0x00000276011a3c00'
Event: 3.214 Thread 0x000002765aba6ad0 Unloading class 0x00000276011a3800 'java/lang/invoke/LambdaForm$DMH+0x00000276011a3800'
Event: 3.214 Thread 0x000002765aba6ad0 Unloading class 0x00000276011a2400 'java/lang/invoke/LambdaForm$DMH+0x00000276011a2400'

Classes redefined (0 events):
No events

Internal exceptions (20 events):
Event: 5.613 Thread 0x0000027676b4eee0 Exception <a 'java/io/FileNotFoundException'{0x00000000ebae7a88}> (0x00000000ebae7a88) 
thrown [s\src\hotspot\share\prims\jni.cpp, line 520]
Event: 5.615 Thread 0x0000027676b4eee0 Exception <a 'java/io/FileNotFoundException'{0x00000000ebbc5fc0}> (0x00000000ebbc5fc0) 
thrown [s\src\hotspot\share\prims\jni.cpp, line 520]
Event: 5.616 Thread 0x0000027676b4eee0 Exception <a 'java/io/FileNotFoundException'{0x00000000ebbc7338}> (0x00000000ebbc7338) 
thrown [s\src\hotspot\share\prims\jni.cpp, line 520]
Event: 5.616 Thread 0x0000027676b4eee0 Exception <a 'java/io/FileNotFoundException'{0x00000000ebbc8340}> (0x00000000ebbc8340) 
thrown [s\src\hotspot\share\prims\jni.cpp, line 520]
Event: 5.976 Thread 0x0000027676b4eee0 Exception <a 'sun/nio/fs/WindowsException'{0x00000000eb4237e8}> (0x00000000eb4237e8) 
thrown [s\src\hotspot\share\prims\jni.cpp, line 520]
Event: 5.979 Thread 0x00000276776481b0 Exception <a 'sun/nio/fs/WindowsException'{0x00000000eb470c00}> (0x00000000eb470c00) 
thrown [s\src\hotspot\share\prims\jni.cpp, line 520]
Event: 5.981 Thread 0x00000276776481b0 Exception <a 'sun/nio/fs/WindowsException'{0x00000000eb477030}> (0x00000000eb477030) 
thrown [s\src\hotspot\share\prims\jni.cpp, line 520]
Event: 5.985 Thread 0x000002767764a280 Exception <a 'sun/nio/fs/WindowsException'{0x00000000eb54bab0}> (0x00000000eb54bab0) 
thrown [s\src\hotspot\share\prims\jni.cpp, line 520]
Event: 5.985 Thread 0x00000276773a5140 Exception <a 'sun/nio/fs/WindowsException'{0x00000000eb55a100}> (0x00000000eb55a100) 
thrown [s\src\hotspot\share\prims\jni.cpp, line 520]
Event: 5.986 Thread 0x00000276773a78a0 Exception <a 'sun/nio/fs/WindowsException'{0x00000000eb576b78}> (0x00000000eb576b78) 
thrown [s\src\hotspot\share\prims\jni.cpp, line 520]
Event: 5.989 Thread 0x00000276773a64f0 Exception <a 'sun/nio/fs/WindowsException'{0x00000000eb569868}> (0x00000000eb569868) 
thrown [s\src\hotspot\share\prims\jni.cpp, line 520]
Event: 5.989 Thread 0x00000276773a85c0 Exception <a 'sun/nio/fs/WindowsException'{0x00000000eb606000}> (0x00000000eb606000) 
thrown [s\src\hotspot\share\prims\jni.cpp, line 520]
Event: 5.990 Thread 0x00000276773a7f30 Exception <a 'sun/nio/fs/WindowsException'{0x00000000eb622cd8}> (0x00000000eb622cd8) 
thrown [s\src\hotspot\share\prims\jni.cpp, line 520]
Event: 5.990 Thread 0x00000276773a78a0 Exception <a 'sun/nio/fs/WindowsException'{0x00000000eb578970}> (0x00000000eb578970) 
thrown [s\src\hotspot\share\prims\jni.cpp, line 520]
Event: 7.010 Thread 0x0000027676b4eee0 Exception <a 'java/lang/NoSuchMethodError'{0x00000000eb029980}: 'java.lang.Object java.lang.invoke.DirectMethodHandle$Holder.invokeStatic(java.lang.Object, java.lang.Object, int, int)'> (0x00000000eb029980) 
thrown [s\src\hotspot\share\interpreter\linkResolver.cpp, line 773]
Event: 7.010 Thread 0x0000027676b4eee0 Exception <a 'java/lang/NoSuchMethodError'{0x00000000eb02dd80}: 'java.lang.Object java.lang.invoke.DirectMethodHandle$Holder.invokeSpecial(java.lang.Object, java.lang.Object, java.lang.Object, int, int)'> (0x00000000eb02dd80) 
thrown [s\src\hotspot\share\interpreter\linkResolver.cpp, line 773]
Event: 7.251 Thread 0x0000027676b4eee0 Exception <a 'java/lang/NoSuchMethodError'{0x00000000ead50fa8}: 'int java.lang.invoke.DirectMethodHandle$Holder.invokeSpecialIFC(java.lang.Object, java.lang.Object, java.lang.Object)'> (0x00000000ead50fa8) 
thrown [s\src\hotspot\share\interpreter\linkResolver.cpp, line 773]
Event: 7.264 Thread 0x0000027676b4eee0 Implicit null exception at 0x0000027665935546 to 0x000002766593558f
Event: 7.915 Thread 0x0000027679c18b90 Exception <a 'java/lang/NoSuchMethodError'{0x00000000eabf8bd8}: 'void java.lang.invoke.DirectMethodHandle$Holder.invokeStatic(java.lang.Object, int, java.lang.Object)'> (0x00000000eabf8bd8) 
thrown [s\src\hotspot\share\interpreter\linkResolver.cpp, line 773]
Event: 7.939 Thread 0x0000027676b4eee0 Exception <a 'java/lang/NoSuchMethodError'{0x00000000eab287f0}: 'java.lang.Object java.lang.invoke.DirectMethodHandle$Holder.newInvokeSpecial(java.lang.Object, java.lang.Object, int, int, java.lang.Object)'> (0x00000000eab287f0) 
thrown [s\src\hotspot\share\interpreter\linkResolver.cpp, line 773]

ZGC Phase Switch (0 events):
No events

VM Operations (20 events):
Event: 8.174 Executing VM operation: ParallelGCFailedAllocation (Allocation Failure)
Event: 8.175 Executing VM operation: ParallelGCFailedAllocation (Allocation Failure) done
Event: 8.188 Executing VM operation: ParallelGCFailedAllocation (Allocation Failure)
Event: 8.190 Executing VM operation: ParallelGCFailedAllocation (Allocation Failure) done
Event: 8.206 Executing VM operation: ParallelGCFailedAllocation (Allocation Failure)
Event: 8.208 Executing VM operation: ParallelGCFailedAllocation (Allocation Failure) done
Event: 8.219 Executing VM operation: ParallelGCFailedAllocation (Allocation Failure)
Event: 8.220 Executing VM operation: ParallelGCFailedAllocation (Allocation Failure) done
Event: 8.235 Executing VM operation: HandshakeAllThreads (Deoptimize)
Event: 8.235 Executing VM operation: HandshakeAllThreads (Deoptimize) done
Event: 8.248 Executing VM operation: ParallelGCFailedAllocation (Allocation Failure)
Event: 8.252 Executing VM operation: ParallelGCFailedAllocation (Allocation Failure) done
Event: 8.268 Executing VM operation: ParallelGCFailedAllocation (Allocation Failure)
Event: 8.270 Executing VM operation: ParallelGCFailedAllocation (Allocation Failure) done
Event: 8.286 Executing VM operation: ParallelGCFailedAllocation (Allocation Failure)
Event: 8.288 Executing VM operation: ParallelGCFailedAllocation (Allocation Failure) done
Event: 8.300 Executing VM operation: ParallelGCFailedAllocation (Allocation Failure)
Event: 8.301 Executing VM operation: ParallelGCFailedAllocation (Allocation Failure) done
Event: 8.320 Executing VM operation: ParallelGCFailedAllocation (Allocation Failure)
Event: 8.323 Executing VM operation: ParallelGCFailedAllocation (Allocation Failure) done

Memory protections (0 events):
No events

Nmethod flushes (20 events):
Event: 4.395 Thread 0x000002765aba6ad0 flushing  nmethod 0x000002765e45be90
Event: 4.395 Thread 0x000002765aba6ad0 flushing  nmethod 0x000002765e45d090
Event: 4.395 Thread 0x000002765aba6ad0 flushing  nmethod 0x000002765e45d890
Event: 4.395 Thread 0x000002765aba6ad0 flushing  nmethod 0x000002765e45e010
Event: 4.395 Thread 0x000002765aba6ad0 flushing  nmethod 0x000002765e45f590
Event: 4.395 Thread 0x000002765aba6ad0 flushing  nmethod 0x000002765e460610
Event: 4.395 Thread 0x000002765aba6ad0 flushing  nmethod 0x000002765e460b10
Event: 4.395 Thread 0x000002765aba6ad0 flushing  nmethod 0x000002765e462810
Event: 4.395 Thread 0x000002765aba6ad0 flushing  nmethod 0x000002765e463710
Event: 4.395 Thread 0x000002765aba6ad0 flushing  nmethod 0x000002765e465010
Event: 4.395 Thread 0x000002765aba6ad0 flushing  nmethod 0x000002765e47ed10
Event: 4.395 Thread 0x000002765aba6ad0 flushing  nmethod 0x000002765e495190
Event: 4.395 Thread 0x000002765aba6ad0 flushing  nmethod 0x000002765e496090
Event: 4.395 Thread 0x000002765aba6ad0 flushing  nmethod 0x000002765e4b1010
Event: 4.395 Thread 0x000002765aba6ad0 flushing  nmethod 0x000002765e4ee890
Event: 4.395 Thread 0x000002765aba6ad0 flushing  nmethod 0x000002765e540710
Event: 4.395 Thread 0x000002765aba6ad0 flushing  nmethod 0x000002765e565f10
Event: 4.395 Thread 0x000002765aba6ad0 flushing  nmethod 0x000002765e577f90
Event: 4.395 Thread 0x000002765aba6ad0 flushing  nmethod 0x000002765e578410
Event: 4.395 Thread 0x000002765aba6ad0 flushing  nmethod 0x000002765e590410

Events (20 events):
Event: 6.032 Thread 0x0000027676b4eee0 Thread added: 0x00000276773a4420
Event: 6.032 Thread 0x0000027676b4eee0 Thread added: 0x00000276773aa000
Event: 6.032 Thread 0x0000027676b4eee0 Thread added: 0x00000276773aa690
Event: 6.032 Thread 0x0000027676b4eee0 Thread added: 0x00000276773a5e60
Event: 6.032 Thread 0x0000027676b4eee0 Thread added: 0x00000276773a4ab0
Event: 6.032 Thread 0x0000027676b4eee0 Thread added: 0x00000276773a57d0
Event: 6.032 Thread 0x0000027676b4eee0 Thread added: 0x00000276773a6b80
Event: 6.033 Thread 0x0000027676b4eee0 Thread added: 0x0000027679c17e70
Event: 7.880 Thread 0x0000027676b4eee0 Thread added: 0x0000027679c18b90
Event: 7.940 Thread 0x0000027676b4eee0 Thread added: 0x0000027679c18500
Event: 8.039 Thread 0x0000027676b4eee0 Thread added: 0x0000027679c1c6a0
Event: 8.039 Thread 0x0000027676b4eee0 Thread added: 0x0000027679c19220
Event: 8.094 Thread 0x0000027676b4eee0 Thread added: 0x0000027679c198b0
Event: 8.138 Thread 0x0000027676b4eee0 Thread added: 0x0000027679c1da50
Event: 8.150 Thread 0x0000027676b4eee0 Thread added: 0x0000027679c1f490
Event: 8.172 Thread 0x0000027676b4eee0 Thread added: 0x0000027679c1d3c0
Event: 8.194 Thread 0x0000027676b4eee0 Thread added: 0x0000027679c1c010
Event: 8.229 Thread 0x0000027676b4eee0 Thread added: 0x0000027679c1cd30
Event: 8.268 Thread 0x0000027676b4eee0 Thread added: 0x0000027679c1ee00
Event: 8.293 Thread 0x0000027676d1d9d0 Thread exited: 0x0000027676d1d9d0


Dynamic libraries:
0x00007ff61c7e0000 - 0x00007ff61c7ee000 	c:\Users\PC\.vscode\extensions\redhat.java-1.42.0-win32-x64\jre\21.0.7-win32-x86_64\bin\java.exe
0x00007fff852f0000 - 0x00007fff854e8000 	C:\Windows\SYSTEM32\ntdll.dll
0x00007fff83400000 - 0x00007fff834c2000 	C:\Windows\System32\KERNEL32.DLL
0x00007fff82d70000 - 0x00007fff83066000 	C:\Windows\System32\KERNELBASE.dll
0x00007fff82aa0000 - 0x00007fff82ba0000 	C:\Windows\System32\ucrtbase.dll
0x00007fff6dbf0000 - 0x00007fff6dc0e000 	c:\Users\PC\.vscode\extensions\redhat.java-1.42.0-win32-x64\jre\21.0.7-win32-x86_64\bin\VCRUNTIME140.dll
0x00007fff6dfc0000 - 0x00007fff6dfd8000 	c:\Users\PC\.vscode\extensions\redhat.java-1.42.0-win32-x64\jre\21.0.7-win32-x86_64\bin\jli.dll
0x00007fff84750000 - 0x00007fff848ed000 	C:\Windows\System32\USER32.dll
0x00007fff83190000 - 0x00007fff831b2000 	C:\Windows\System32\win32u.dll
0x00007fff6e960000 - 0x00007fff6ebfa000 	C:\Windows\WinSxS\amd64_microsoft.windows.common-controls_6595b64144ccf1df_6.0.19041.5794_none_60bcd33171f2783c\COMCTL32.dll
0x00007fff834d0000 - 0x00007fff834fb000 	C:\Windows\System32\GDI32.dll
0x00007fff84910000 - 0x00007fff849ae000 	C:\Windows\System32\msvcrt.dll
0x00007fff83070000 - 0x00007fff8318a000 	C:\Windows\System32\gdi32full.dll
0x00007fff82ca0000 - 0x00007fff82d3d000 	C:\Windows\System32\msvcp_win.dll
0x00007fff84720000 - 0x00007fff8474f000 	C:\Windows\System32\IMM32.DLL
0x00007fff63180000 - 0x00007fff63272000 	C:\Program Files\Windhawk\Engine\1.6.1\64\windhawk.dll
0x00007fff83500000 - 0x00007fff835af000 	C:\Windows\System32\ADVAPI32.dll
0x00007fff835b0000 - 0x00007fff8364f000 	C:\Windows\System32\sechost.dll
0x00007fff85000000 - 0x00007fff85123000 	C:\Windows\System32\RPCRT4.dll
0x00007fff82d40000 - 0x00007fff82d67000 	C:\Windows\System32\bcrypt.dll
0x00007fff62680000 - 0x00007fff62698000 	C:\ProgramData\Windhawk\Engine\Mods\64\remove-ms-store-open-with_1.0.0_410510.dll
0x00007fff83940000 - 0x00007fff840ae000 	C:\Windows\System32\shell32.dll
0x00007fff62660000 - 0x00007fff62678000 	C:\ProgramData\Windhawk\Engine\Mods\64\dark-menus_1.2_337485.dll
0x00007fff802a0000 - 0x00007fff8033e000 	C:\Windows\SYSTEM32\uxtheme.dll
0x00007fff84340000 - 0x00007fff84693000 	C:\Windows\System32\combase.dll
0x00007fff62630000 - 0x00007fff62649000 	C:\ProgramData\Windhawk\Engine\Mods\64\eradicate-immersive-menus_1.1.0_984086.dll
0x00007fff623c0000 - 0x00007fff62569000 	C:\ProgramData\Windhawk\Engine\Mods\64\libc++.whl
0x00007fff62380000 - 0x00007fff623ba000 	C:\ProgramData\Windhawk\Engine\Mods\64\libunwind.whl
0x00007fff62120000 - 0x00007fff62378000 	C:\Windows\SYSTEM32\ExplorerFrame.dll
0x00007fff84290000 - 0x00007fff8433d000 	C:\Windows\System32\SHCORE.dll
0x00007fff846a0000 - 0x00007fff846f5000 	C:\Windows\System32\SHLWAPI.dll
0x00007fff7eed0000 - 0x00007fff7f490000 	C:\Windows\SYSTEM32\d2d1.dll
0x00007fff620f0000 - 0x00007fff62116000 	C:\ProgramData\Windhawk\Engine\Mods\64\slick-window-arrangement_455580.dll
0x00007fff80490000 - 0x00007fff804bf000 	C:\Windows\SYSTEM32\dwmapi.dll
0x00007fff61c10000 - 0x00007fff61db9000 	C:\ProgramData\Windhawk\Engine\Mods\64\libc++.dll
0x00007fff626c0000 - 0x00007fff626fa000 	C:\ProgramData\Windhawk\Engine\Mods\64\libunwind.dll
0x00007fff626a0000 - 0x00007fff626bd000 	C:\ProgramData\Windhawk\Engine\Mods\64\modernize-folder-picker-dialog_1.0.0_154629.dll
0x00007fff84e20000 - 0x00007fff84f4b000 	C:\Windows\System32\ole32.dll
0x00007fff62580000 - 0x00007fff6259b000 	C:\ProgramData\Windhawk\Engine\Mods\64\msg-box-font-fix_2.1.1_295034.dll
0x00007fff7ab20000 - 0x00007fff7ab2c000 	c:\Users\PC\.vscode\extensions\redhat.java-1.42.0-win32-x64\jre\21.0.7-win32-x86_64\bin\vcruntime140_1.dll
0x00007fff04920000 - 0x00007fff049ad000 	c:\Users\PC\.vscode\extensions\redhat.java-1.42.0-win32-x64\jre\21.0.7-win32-x86_64\bin\msvcp140.dll
0x00007ffef9e50000 - 0x00007ffefabe0000 	c:\Users\PC\.vscode\extensions\redhat.java-1.42.0-win32-x64\jre\21.0.7-win32-x86_64\bin\server\jvm.dll
0x00007fff84190000 - 0x00007fff841fb000 	C:\Windows\System32\WS2_32.dll
0x00007fff82740000 - 0x00007fff8278b000 	C:\Windows\SYSTEM32\POWRPROF.dll
0x00007fff73360000 - 0x00007fff73387000 	C:\Windows\SYSTEM32\WINMM.dll
0x00007fff77d00000 - 0x00007fff77d0a000 	C:\Windows\SYSTEM32\VERSION.dll
0x00007fff82720000 - 0x00007fff82732000 	C:\Windows\SYSTEM32\UMPDC.dll
0x00007fff80790000 - 0x00007fff807a2000 	C:\Windows\SYSTEM32\kernel.appcore.dll
0x00007fff79670000 - 0x00007fff7967a000 	c:\Users\PC\.vscode\extensions\redhat.java-1.42.0-win32-x64\jre\21.0.7-win32-x86_64\bin\jimage.dll
0x00007fff78270000 - 0x00007fff78471000 	C:\Windows\SYSTEM32\DBGHELP.DLL
0x00007fff68950000 - 0x00007fff68984000 	C:\Windows\SYSTEM32\dbgcore.DLL
0x00007fff82a10000 - 0x00007fff82a92000 	C:\Windows\System32\bcryptPrimitives.dll
0x00007fff79630000 - 0x00007fff7963f000 	c:\Users\PC\.vscode\extensions\redhat.java-1.42.0-win32-x64\jre\21.0.7-win32-x86_64\bin\instrument.dll
0x00007fff6da60000 - 0x00007fff6da7f000 	c:\Users\PC\.vscode\extensions\redhat.java-1.42.0-win32-x64\jre\21.0.7-win32-x86_64\bin\java.dll
0x00007fff809b0000 - 0x00007fff81153000 	C:\Windows\SYSTEM32\windows.storage.dll
0x00007fff82210000 - 0x00007fff8223b000 	C:\Windows\SYSTEM32\Wldp.dll
0x00007fff840c0000 - 0x00007fff8418d000 	C:\Windows\System32\OLEAUT32.dll
0x00007fff828c0000 - 0x00007fff828e5000 	C:\Windows\SYSTEM32\profapi.dll
0x00007fff5c660000 - 0x00007fff5c678000 	c:\Users\PC\.vscode\extensions\redhat.java-1.42.0-win32-x64\jre\21.0.7-win32-x86_64\bin\zip.dll
0x00007fff79610000 - 0x00007fff79620000 	C:\Users\PC\.vscode\extensions\redhat.java-1.42.0-win32-x64\jre\21.0.7-win32-x86_64\bin\net.dll
0x00007fff7cc50000 - 0x00007fff7cd5a000 	C:\Windows\SYSTEM32\WINHTTP.dll
0x00007fff81ff0000 - 0x00007fff8205c000 	C:\Windows\system32\mswsock.dll
0x00007fff45960000 - 0x00007fff45976000 	C:\Users\PC\.vscode\extensions\redhat.java-1.42.0-win32-x64\jre\21.0.7-win32-x86_64\bin\nio.dll
0x00007fff79550000 - 0x00007fff79560000 	c:\Users\PC\.vscode\extensions\redhat.java-1.42.0-win32-x64\jre\21.0.7-win32-x86_64\bin\verify.dll
0x00007fff457e0000 - 0x00007fff45825000 	C:\Users\PC\AppData\Roaming\Code\User\globalStorage\redhat.java\1.42.0\config_win\org.eclipse.equinox.launcher\org.eclipse.equinox.launcher.win32.win32.x86_64_1.2.1300.v20250331-1702\eclipse_11911.dll
0x00007fff82250000 - 0x00007fff82268000 	C:\Windows\SYSTEM32\CRYPTSP.dll
0x00007fff81930000 - 0x00007fff81968000 	C:\Windows\system32\rsaenh.dll
0x00007fff82840000 - 0x00007fff8286e000 	C:\Windows\SYSTEM32\USERENV.dll
0x00007fff82180000 - 0x00007fff8218c000 	C:\Windows\SYSTEM32\CRYPTBASE.dll
0x00007fff81cf0000 - 0x00007fff81d2b000 	C:\Windows\SYSTEM32\IPHLPAPI.DLL
0x00007fff84900000 - 0x00007fff84908000 	C:\Windows\System32\NSI.dll
0x00007fff451c0000 - 0x00007fff45209000 	C:\Users\PC\AppData\Local\Temp\jna-2547\jna582785550983297780.dll
0x00007fff848f0000 - 0x00007fff848f8000 	C:\Windows\System32\PSAPI.DLL
0x00007fff7a270000 - 0x00007fff7a287000 	C:\Windows\SYSTEM32\dhcpcsvc6.DLL
0x00007fff7b310000 - 0x00007fff7b32d000 	C:\Windows\SYSTEM32\dhcpcsvc.DLL

dbghelp: loaded successfully - version: 4.0.5 - missing functions: none
symbol engine: initialized successfully - sym options: 0x614 - pdb path: .;c:\Users\PC\.vscode\extensions\redhat.java-1.42.0-win32-x64\jre\21.0.7-win32-x86_64\bin;C:\Windows\SYSTEM32;C:\Windows\WinSxS\amd64_microsoft.windows.common-controls_6595b64144ccf1df_6.0.19041.5794_none_60bcd33171f2783c;C:\Program Files\Windhawk\Engine\1.6.1\64;C:\ProgramData\Windhawk\Engine\Mods\64;c:\Users\PC\.vscode\extensions\redhat.java-1.42.0-win32-x64\jre\21.0.7-win32-x86_64\bin\server;C:\Users\PC\AppData\Roaming\Code\User\globalStorage\redhat.java\1.42.0\config_win\org.eclipse.equinox.launcher\org.eclipse.equinox.launcher.win32.win32.x86_64_1.2.1300.v20250331-1702;C:\Users\PC\AppData\Local\Temp\jna-2547

VM Arguments:
jvm_args: --add-modules=ALL-SYSTEM --add-opens=java.base/java.util=ALL-UNNAMED --add-opens=java.base/java.lang=ALL-UNNAMED --add-opens=java.base/sun.nio.fs=ALL-UNNAMED -Declipse.application=org.eclipse.jdt.ls.core.id1 -Dosgi.bundles.defaultStartLevel=4 -Declipse.product=org.eclipse.jdt.ls.core.product -Djava.import.generatesMetadataFilesAtProjectRoot=false -DDetectVMInstallationsJob.disabled=true -Dfile.encoding=utf8 -XX:+UseParallelGC -XX:GCTimeRatio=4 -XX:AdaptiveSizePolicyWeight=90 -Dsun.zip.disableMemoryMapping=true -Xmx1G -Xms100m -Xlog:disable -javaagent:c:\Users\PC\.vscode\extensions\redhat.java-1.42.0-win32-x64\lombok\lombok-1.18.36.jar -XX:+HeapDumpOnOutOfMemoryError -XX:HeapDumpPath=c:\Users\PC\AppData\Roaming\Code\User\workspaceStorage\009dd066dbfd86fb48ec25db317acb20\redhat.java -Daether.dependencyCollector.impl=bf 
java_command: c:\Users\PC\.vscode\extensions\redhat.java-1.42.0-win32-x64\server\plugins\org.eclipse.equinox.launcher_1.7.0.v20250424-1814.jar -configuration c:\Users\PC\AppData\Roaming\Code\User\globalStorage\redhat.java\1.42.0\config_win -data c:\Users\PC\AppData\Roaming\Code\User\workspaceStorage\009dd066dbfd86fb48ec25db317acb20\redhat.java\jdt_ws --pipe=\\.\pipe\lsp-b01705b13cf8d04255dc4d6af5cd5382-sock
java_class_path (initial): c:\Users\PC\.vscode\extensions\redhat.java-1.42.0-win32-x64\server\plugins\org.eclipse.equinox.launcher_1.7.0.v20250424-1814.jar
Launcher Type: SUN_STANDARD

[Global flags]
    uintx AdaptiveSizePolicyWeight                 = 90                                        {product} {command line}
     intx CICompilerCount                          = 4                                         {product} {ergonomic}
    uintx GCTimeRatio                              = 4                                         {product} {command line}
     bool HeapDumpOnOutOfMemoryError               = true                                   {manageable} {command line}
    ccstr HeapDumpPath                             = c:\Users\PC\AppData\Roaming\Code\User\workspaceStorage\009dd066dbfd86fb48ec25db317acb20\redhat.java         {manageable} {command line}
   size_t InitialHeapSize                          = 104857600                                 {product} {command line}
   size_t MaxHeapSize                              = 1073741824                                {product} {command line}
   size_t MaxNewSize                               = 357564416                                 {product} {ergonomic}
   size_t MinHeapDeltaBytes                        = 524288                                    {product} {ergonomic}
   size_t MinHeapSize                              = 104857600                                 {product} {command line}
   size_t NewSize                                  = 34603008                                  {product} {ergonomic}
    uintx NonNMethodCodeHeapSize                   = 5839372                                {pd product} {ergonomic}
    uintx NonProfiledCodeHeapSize                  = 122909434                              {pd product} {ergonomic}
   size_t OldSize                                  = 70254592                                  {product} {ergonomic}
    uintx ProfiledCodeHeapSize                     = 122909434                              {pd product} {ergonomic}
    uintx ReservedCodeCacheSize                    = 251658240                              {pd product} {ergonomic}
     bool SegmentedCodeCache                       = true                                      {product} {ergonomic}
   size_t SoftMaxHeapSize                          = 1073741824                             {manageable} {ergonomic}
     bool UseCompressedOops                        = true                           {product lp64_product} {ergonomic}
     bool UseLargePagesIndividualAllocation        = false                                  {pd product} {ergonomic}
     bool UseParallelGC                            = true                                      {product} {command line}

Logging:
Log output configuration:
 #0: stdout all=off uptime,level,tags foldmultilines=false
 #1: stderr all=off uptime,level,tags foldmultilines=false

Environment Variables:
PATH=C:\Program Files\Common Files\Oracle\Java\javapath;C:\Program Files (x86)\Common Files\Oracle\Java\javapath;C:\Windows\system32;C:\Windows;C:\Windows\System32\Wbem;C:\Windows\System32\WindowsPowerShell\v1.0\;C:\Windows\System32\OpenSSH\;C:\Program Files\dotnet\;C:\Program Files\Git\cmd;D:\Program Files\CMake\bin;C:\Program Files (x86)\Microsoft SQL Server\160\Tools\Binn\;C:\Program Files\Microsoft SQL Server\160\Tools\Binn\;C:\Program Files\Microsoft SQL Server\Client SDK\ODBC\170\Tools\Binn\;C:\Program Files\Microsoft SQL Server\160\DTS\Binn\;C:\Program Files (x86)\Microsoft SQL Server\160\DTS\Binn\;C:\Program Files\Cloudflare\Cloudflare WARP\;C:\Program Files\nodejs\;C:\Users\PC\AppData\Local\Programs\Python\Launcher\;C:\Users\PC\AppData\Local\Microsoft\WindowsApps;D:\Program Files\VSCode\bin;C:\Users\PC\AppData\Local\GitHubDesktop\bin;C:\Users\PC\AppData\Roaming\npm
USERNAME=PC
OS=Windows_NT
PROCESSOR_IDENTIFIER=AMD64 Family 25 Model 80 Stepping 0, AuthenticAMD
TMP=C:\Users\PC\AppData\Local\Temp
TEMP=C:\Users\PC\AppData\Local\Temp




Periodic native trim disabled

---------------  S Y S T E M  ---------------

OS:
 Windows 10 , 64 bit Build 19041 (10.0.19041.5794)
OS uptime: 0 days 7:26 hours
Hyper-V role detected

CPU: total 12 (initial active 12) (12 cores per cpu, 2 threads per core) family 25 model 80 stepping 0 microcode 0x0, cx8, cmov, fxsr, ht, mmx, 3dnowpref, sse, sse2, sse3, ssse3, sse4a, sse4.1, sse4.2, popcnt, lzcnt, tsc, tscinvbit, avx, avx2, aes, erms, clmul, bmi1, bmi2, adx, sha, fma, vzeroupper, clflush, clflushopt, hv, rdtscp, rdpid, fsrm, f16c, cet_ss
Processor Information for the first 12 processors :
  Max Mhz: 3301, Current Mhz: 3301, Mhz Limit: 3301

Memory: 4k page, system-wide physical 15752M (356M free)
TotalPageFile size 41969M (AvailPageFile size 12M)
current process WorkingSet (physical memory assigned to process): 477M, peak: 478M
current process commit charge ("private bytes"): 470M, peak: 472M

vm_info: OpenJDK 64-Bit Server VM (21.0.7+6-LTS) for windows-amd64 JRE (21.0.7+6-LTS), built on 2025-04-15T00:00:00Z by "admin" with MS VC++ 17.7 (VS2022)

END.
