#
# There is insufficient memory for the Java Runtime Environment to continue.
# Native memory allocation (malloc) failed to allocate 1800016 bytes. Error detail: Chunk::new
# Possible reasons:
#   The system is out of physical RAM or swap space
#   This process is running with CompressedOops enabled, and the Java Heap may be blocking the growth of the native heap
# Possible solutions:
#   Reduce memory load on the system
#   Increase physical memory or swap space
#   Check if swap backing store is full
#   Decrease Java heap size (-Xmx/-Xms)
#   Decrease number of Java threads
#   Decrease Java thread stack sizes (-Xss)
#   Set larger code cache with -XX:ReservedCodeCacheSize=
#   JVM is running with Unscaled Compressed Oops mode in which the Java heap is
#     placed in the first 4GB address space. The Java Heap base address is the
#     maximum limit for the native heap growth. Please use -XX:HeapBaseMinAddress
#     to set the Java Heap base and to place the Java Heap above 4GB virtual address.
# This output file may be truncated or incomplete.
#
#  Out of Memory Error (arena.cpp:168), pid=18068, tid=14644
#
# JRE version: OpenJDK Runtime Environment Temurin-21.0.7+6 (21.0.7+6) (build 21.0.7+6-LTS)
# Java VM: OpenJDK 64-Bit Server VM Temurin-21.0.7+6 (21.0.7+6-LTS, mixed mode, sharing, tiered, compressed oops, compressed class ptrs, parallel gc, windows-amd64)
# No core dump will be written. Minidumps are not enabled by default on client versions of Windows
#

---------------  S U M M A R Y ------------

Command Line: --add-modules=ALL-SYSTEM --add-opens=java.base/java.util=ALL-UNNAMED --add-opens=java.base/java.lang=ALL-UNNAMED --add-opens=java.base/sun.nio.fs=ALL-UNNAMED -Declipse.application=org.eclipse.jdt.ls.core.id1 -Dosgi.bundles.defaultStartLevel=4 -Declipse.product=org.eclipse.jdt.ls.core.product -Djava.import.generatesMetadataFilesAtProjectRoot=false -DDetectVMInstallationsJob.disabled=true -Dfile.encoding=utf8 -XX:+UseParallelGC -XX:GCTimeRatio=4 -XX:AdaptiveSizePolicyWeight=90 -Dsun.zip.disableMemoryMapping=true -Xmx2G -Xms100m -Xlog:disable -javaagent:c:\Users\PC\.vscode\extensions\redhat.java-1.43.1-win32-x64\lombok\lombok-1.18.39-4050.jar -XX:+HeapDumpOnOutOfMemoryError -XX:HeapDumpPath=c:\Users\PC\AppData\Roaming\Code\User\workspaceStorage\009dd066dbfd86fb48ec25db317acb20\redhat.java -Daether.dependencyCollector.impl=bf c:\Users\PC\.vscode\extensions\redhat.java-1.43.1-win32-x64\server\plugins\org.eclipse.equinox.launcher_1.7.0.v20250519-0528.jar -configuration c:\Users\PC\AppData\Roaming\Code\User\globalStorage\redhat.java\1.43.1\config_win -data c:\Users\PC\AppData\Roaming\Code\User\workspaceStorage\009dd066dbfd86fb48ec25db317acb20\redhat.java\jdt_ws --pipe=\\.\pipe\lsp-f446c764f614c3ccb1afd068331e5201-sock

Host: AMD Ryzen 5 5600H with Radeon Graphics         , 12 cores, 15G,  Windows 10 , 64 bit Build 19041 (10.0.19041.5915)
Time: Sat Jul  5 21:01:47 2025 SE Asia Standard Time elapsed time: 7.376299 seconds (0d 0h 0m 7s)

---------------  T H R E A D  ---------------

Current thread (0x000001ae710029b0):  JavaThread "C2 CompilerThread2" daemon [_thread_in_native, id=14644, stack(0x0000007d0be00000,0x0000007d0bf00000) (1024K)]


Current CompileTask:
C2:7376 8498   !   4       org.eclipse.jdt.internal.core.search.indexing.BinaryIndexer::indexDocument (1168 bytes)

Stack: [0x0000007d0be00000,0x0000007d0bf00000]
Native frames: (J=compiled Java code, j=interpreted, Vv=VM code, C=native code)
V  [jvm.dll+0x6ce119]
V  [jvm.dll+0x8a84a1]
V  [jvm.dll+0x8aa9ce]
V  [jvm.dll+0x8ab0b3]
V  [jvm.dll+0x27f8a6]
V  [jvm.dll+0xc507d]
V  [jvm.dll+0xc55b3]
V  [jvm.dll+0x3b68f2]
V  [jvm.dll+0x382aa5]
V  [jvm.dll+0x381f0a]
V  [jvm.dll+0x247af0]
V  [jvm.dll+0x2470cf]
V  [jvm.dll+0x1c760e]
V  [jvm.dll+0x25695a]
V  [jvm.dll+0x254efa]
V  [jvm.dll+0x3f03f6]
V  [jvm.dll+0x851f6b]
V  [jvm.dll+0x6cc7dd]
C  [ucrtbase.dll+0x21bb2]
C  [KERNEL32.DLL+0x17374]
C  [ntdll.dll+0x4cc91]


---------------  P R O C E S S  ---------------

Threads class SMR info:
_java_thread_list=0x000001ae73b3db20, length=66, elements={
0x000001ae51e08df0, 0x000001ae541fd4e0, 0x000001ae541fe880, 0x000001ae6b94b120,
0x000001ae6b94c030, 0x000001ae6b94cf40, 0x000001ae6b94eba0, 0x000001ae6b951a30,
0x000001ae6b9bc670, 0x000001ae54302810, 0x000001ae71003080, 0x000001ae7101f640,
0x000001ae71b95030, 0x000001ae71a9b710, 0x000001ae71960dd0, 0x000001ae71957bf0,
0x000001ae71bfef70, 0x000001ae71f102b0, 0x000001ae6bc8e890, 0x000001ae71f35660,
0x000001ae71f36380, 0x000001ae71f35cf0, 0x000001ae71f37dc0, 0x000001ae71f370a0,
0x000001ae71f37730, 0x000001ae710029b0, 0x000001ae71f34fd0, 0x000001ae71f36a10,
0x000001ae71f38450, 0x000001ae74702ba0, 0x000001ae746ff090, 0x000001ae747017f0,
0x000001ae74700440, 0x000001ae74701160, 0x000001ae74703230, 0x000001ae747038c0,
0x000001ae746ff720, 0x000001ae74703f50, 0x000001ae74701e80, 0x000001ae74702510,
0x000001ae746ffdb0, 0x000001ae74706020, 0x000001ae74700ad0, 0x000001ae74705990,
0x000001ae73d52900, 0x000001ae73d549d0, 0x000001ae73d52f90, 0x000001ae73d56aa0,
0x000001ae73d53620, 0x000001ae73d501a0, 0x000001ae73d53cb0, 0x000001ae73d55060,
0x000001ae73d50830, 0x000001ae73d57130, 0x000001ae73d556f0, 0x000001ae73d577c0,
0x000001ae73d50ec0, 0x000001ae73d56410, 0x000001ae73d51550, 0x000001ae73d55d80,
0x000001ae73d51be0, 0x000001ae73d52270, 0x000001ae74690c60, 0x000001ae7468f220,
0x000001ae7468e500, 0x000001ae74691980
}

Java Threads: ( => current thread )
  0x000001ae51e08df0 JavaThread "main"                              [_thread_blocked, id=19156, stack(0x0000007d09700000,0x0000007d09800000) (1024K)]
  0x000001ae541fd4e0 JavaThread "Reference Handler"          daemon [_thread_blocked, id=9504, stack(0x0000007d09b00000,0x0000007d09c00000) (1024K)]
  0x000001ae541fe880 JavaThread "Finalizer"                  daemon [_thread_blocked, id=15864, stack(0x0000007d09c00000,0x0000007d09d00000) (1024K)]
  0x000001ae6b94b120 JavaThread "Signal Dispatcher"          daemon [_thread_blocked, id=22064, stack(0x0000007d09d00000,0x0000007d09e00000) (1024K)]
  0x000001ae6b94c030 JavaThread "Attach Listener"            daemon [_thread_blocked, id=13828, stack(0x0000007d09e00000,0x0000007d09f00000) (1024K)]
  0x000001ae6b94cf40 JavaThread "Service Thread"             daemon [_thread_blocked, id=9748, stack(0x0000007d09f00000,0x0000007d0a000000) (1024K)]
  0x000001ae6b94eba0 JavaThread "Monitor Deflation Thread"   daemon [_thread_blocked, id=21728, stack(0x0000007d0a000000,0x0000007d0a100000) (1024K)]
  0x000001ae6b951a30 JavaThread "C2 CompilerThread0"         daemon [_thread_in_native, id=21244, stack(0x0000007d0a100000,0x0000007d0a200000) (1024K)]
  0x000001ae6b9bc670 JavaThread "C1 CompilerThread0"         daemon [_thread_blocked, id=12672, stack(0x0000007d0a200000,0x0000007d0a300000) (1024K)]
  0x000001ae54302810 JavaThread "Common-Cleaner"             daemon [_thread_blocked, id=18764, stack(0x0000007d0a300000,0x0000007d0a400000) (1024K)]
  0x000001ae71003080 JavaThread "C2 CompilerThread1"         daemon [_thread_in_native, id=21688, stack(0x0000007d0a400000,0x0000007d0a500000) (1024K)]
  0x000001ae7101f640 JavaThread "Notification Thread"        daemon [_thread_blocked, id=8772, stack(0x0000007d0a500000,0x0000007d0a600000) (1024K)]
  0x000001ae71b95030 JavaThread "Active Thread: Equinox Container: 6d1ccfcc-cc4a-47cb-9fb7-b6b16ea454f0"        [_thread_blocked, id=22152, stack(0x0000007d0ad00000,0x0000007d0ae00000) (1024K)]
  0x000001ae71a9b710 JavaThread "Refresh Thread: Equinox Container: 6d1ccfcc-cc4a-47cb-9fb7-b6b16ea454f0" daemon [_thread_blocked, id=21144, stack(0x0000007d0af00000,0x0000007d0b000000) (1024K)]
  0x000001ae71960dd0 JavaThread "Framework Event Dispatcher: Equinox Container: 6d1ccfcc-cc4a-47cb-9fb7-b6b16ea454f0" daemon [_thread_blocked, id=10528, stack(0x0000007d0b000000,0x0000007d0b100000) (1024K)]
  0x000001ae71957bf0 JavaThread "Start Level: Equinox Container: 6d1ccfcc-cc4a-47cb-9fb7-b6b16ea454f0" daemon [_thread_blocked, id=7580, stack(0x0000007d0b100000,0x0000007d0b200000) (1024K)]
  0x000001ae71bfef70 JavaThread "Bundle File Closer"         daemon [_thread_blocked, id=18660, stack(0x0000007d0b400000,0x0000007d0b500000) (1024K)]
  0x000001ae71f102b0 JavaThread "SCR Component Actor"        daemon [_thread_blocked, id=13236, stack(0x0000007d0b500000,0x0000007d0b600000) (1024K)]
  0x000001ae6bc8e890 JavaThread "SCR Component Registry"     daemon [_thread_blocked, id=9444, stack(0x0000007d0b600000,0x0000007d0b700000) (1024K)]
  0x000001ae71f35660 JavaThread "Worker-JM"                         [_thread_blocked, id=2912, stack(0x0000007d0a600000,0x0000007d0a700000) (1024K)]
  0x000001ae71f36380 JavaThread "JNA Cleaner"                daemon [_thread_blocked, id=19496, stack(0x0000007d0b800000,0x0000007d0b900000) (1024K)]
  0x000001ae71f35cf0 JavaThread "Worker-0"                          [_thread_blocked, id=16352, stack(0x0000007d0b900000,0x0000007d0ba00000) (1024K)]
  0x000001ae71f37dc0 JavaThread "Worker-1: Java indexing... "        [_thread_blocked, id=14384, stack(0x0000007d0ba00000,0x0000007d0bb00000) (1024K)]
  0x000001ae71f370a0 JavaThread "Java indexing"              daemon [_thread_in_Java, id=15720, stack(0x0000007d0b700000,0x0000007d0b800000) (1024K)]
  0x000001ae71f37730 JavaThread "Worker-2"                          [_thread_blocked, id=18808, stack(0x0000007d0bd00000,0x0000007d0be00000) (1024K)]
=>0x000001ae710029b0 JavaThread "C2 CompilerThread2"         daemon [_thread_in_native, id=14644, stack(0x0000007d0be00000,0x0000007d0bf00000) (1024K)]
  0x000001ae71f34fd0 JavaThread "Worker-3"                          [_thread_blocked, id=1236, stack(0x0000007d0bf00000,0x0000007d0c000000) (1024K)]
  0x000001ae71f36a10 JavaThread "Thread-2"                   daemon [_thread_in_native, id=15944, stack(0x0000007d0c000000,0x0000007d0c100000) (1024K)]
  0x000001ae71f38450 JavaThread "Thread-3"                   daemon [_thread_in_native, id=11388, stack(0x0000007d0c100000,0x0000007d0c200000) (1024K)]
  0x000001ae74702ba0 JavaThread "Thread-4"                   daemon [_thread_in_native, id=15384, stack(0x0000007d0c200000,0x0000007d0c300000) (1024K)]
  0x000001ae746ff090 JavaThread "Thread-5"                   daemon [_thread_in_native, id=3060, stack(0x0000007d0c300000,0x0000007d0c400000) (1024K)]
  0x000001ae747017f0 JavaThread "Thread-6"                   daemon [_thread_in_native, id=19432, stack(0x0000007d0c400000,0x0000007d0c500000) (1024K)]
  0x000001ae74700440 JavaThread "Thread-7"                   daemon [_thread_in_native, id=11592, stack(0x0000007d0c500000,0x0000007d0c600000) (1024K)]
  0x000001ae74701160 JavaThread "Thread-8"                   daemon [_thread_in_native, id=18552, stack(0x0000007d0c600000,0x0000007d0c700000) (1024K)]
  0x000001ae74703230 JavaThread "Thread-9"                   daemon [_thread_in_native, id=10660, stack(0x0000007d0c700000,0x0000007d0c800000) (1024K)]
  0x000001ae747038c0 JavaThread "Thread-10"                  daemon [_thread_in_native, id=21456, stack(0x0000007d0c800000,0x0000007d0c900000) (1024K)]
  0x000001ae746ff720 JavaThread "Thread-11"                  daemon [_thread_in_native, id=17532, stack(0x0000007d0c900000,0x0000007d0ca00000) (1024K)]
  0x000001ae74703f50 JavaThread "Thread-12"                  daemon [_thread_in_native, id=19348, stack(0x0000007d0ca00000,0x0000007d0cb00000) (1024K)]
  0x000001ae74701e80 JavaThread "Thread-13"                  daemon [_thread_in_native, id=14212, stack(0x0000007d0cb00000,0x0000007d0cc00000) (1024K)]
  0x000001ae74702510 JavaThread "Thread-14"                  daemon [_thread_in_native, id=22304, stack(0x0000007d0cc00000,0x0000007d0cd00000) (1024K)]
  0x000001ae746ffdb0 JavaThread "pool-2-thread-1"                   [_thread_blocked, id=17768, stack(0x0000007d0cd00000,0x0000007d0ce00000) (1024K)]
  0x000001ae74706020 JavaThread "WorkspaceEventsHandler"            [_thread_blocked, id=20388, stack(0x0000007d0ce00000,0x0000007d0cf00000) (1024K)]
  0x000001ae74700ad0 JavaThread "pool-1-thread-1"                   [_thread_blocked, id=22032, stack(0x0000007d0cf00000,0x0000007d0d000000) (1024K)]
  0x000001ae74705990 JavaThread "Worker-4: Building"                [_thread_in_native, id=19072, stack(0x0000007d0d000000,0x0000007d0d100000) (1024K)]
  0x000001ae73d52900 JavaThread "LocalFile Deleter"          daemon [_thread_blocked, id=9160, stack(0x0000007d0d100000,0x0000007d0d200000) (1024K)]
  0x000001ae73d549d0 JavaThread "LocalFile Deleter"          daemon [_thread_blocked, id=13276, stack(0x0000007d0d200000,0x0000007d0d300000) (1024K)]
  0x000001ae73d52f90 JavaThread "LocalFile Deleter"          daemon [_thread_blocked, id=8480, stack(0x0000007d0d300000,0x0000007d0d400000) (1024K)]
  0x000001ae73d56aa0 JavaThread "LocalFile Deleter"          daemon [_thread_blocked, id=22060, stack(0x0000007d0d400000,0x0000007d0d500000) (1024K)]
  0x000001ae73d53620 JavaThread "LocalFile Deleter"          daemon [_thread_blocked, id=21924, stack(0x0000007d0d500000,0x0000007d0d600000) (1024K)]
  0x000001ae73d501a0 JavaThread "LocalFile Deleter"          daemon [_thread_blocked, id=12108, stack(0x0000007d0d600000,0x0000007d0d700000) (1024K)]
  0x000001ae73d53cb0 JavaThread "LocalFile Deleter"          daemon [_thread_blocked, id=3972, stack(0x0000007d0d700000,0x0000007d0d800000) (1024K)]
  0x000001ae73d55060 JavaThread "LocalFile Deleter"          daemon [_thread_blocked, id=5536, stack(0x0000007d0d800000,0x0000007d0d900000) (1024K)]
  0x000001ae73d50830 JavaThread "LocalFile Deleter"          daemon [_thread_blocked, id=19068, stack(0x0000007d0d900000,0x0000007d0da00000) (1024K)]
  0x000001ae73d57130 JavaThread "LocalFile Deleter"          daemon [_thread_blocked, id=4264, stack(0x0000007d0da00000,0x0000007d0db00000) (1024K)]
  0x000001ae73d556f0 JavaThread "LocalFile Deleter"          daemon [_thread_blocked, id=19732, stack(0x0000007d0db00000,0x0000007d0dc00000) (1024K)]
  0x000001ae73d577c0 JavaThread "LocalFile Deleter"          daemon [_thread_blocked, id=8012, stack(0x0000007d0dc00000,0x0000007d0dd00000) (1024K)]
  0x000001ae73d50ec0 JavaThread "Compiler Source File Reader" daemon [_thread_blocked, id=22344, stack(0x0000007d0dd00000,0x0000007d0de00000) (1024K)]
  0x000001ae73d56410 JavaThread "Compiler Source File Reader" daemon [_thread_blocked, id=10488, stack(0x0000007d0de00000,0x0000007d0df00000) (1024K)]
  0x000001ae73d51550 JavaThread "Compiler Source File Reader" daemon [_thread_blocked, id=12440, stack(0x0000007d0df00000,0x0000007d0e000000) (1024K)]
  0x000001ae73d55d80 JavaThread "Compiler Source File Reader" daemon [_thread_blocked, id=10384, stack(0x0000007d0e000000,0x0000007d0e100000) (1024K)]
  0x000001ae73d51be0 JavaThread "Compiler Source File Reader" daemon [_thread_blocked, id=21136, stack(0x0000007d0e100000,0x0000007d0e200000) (1024K)]
  0x000001ae73d52270 JavaThread "Compiler Source File Reader" daemon [_thread_blocked, id=17068, stack(0x0000007d0e200000,0x0000007d0e300000) (1024K)]
  0x000001ae74690c60 JavaThread "Compiler Source File Reader" daemon [_thread_blocked, id=9672, stack(0x0000007d0e300000,0x0000007d0e400000) (1024K)]
  0x000001ae7468f220 JavaThread "Compiler Source File Reader" daemon [_thread_blocked, id=19964, stack(0x0000007d0e400000,0x0000007d0e500000) (1024K)]
  0x000001ae7468e500 JavaThread "Compiler Source File Reader" daemon [_thread_blocked, id=12244, stack(0x0000007d0e500000,0x0000007d0e600000) (1024K)]
  0x000001ae74691980 JavaThread "Compiler Source File Reader" daemon [_thread_blocked, id=8420, stack(0x0000007d0e600000,0x0000007d0e700000) (1024K)]
Total: 66

Other Threads:
  0x000001ae541e7680 VMThread "VM Thread"                           [id=22240, stack(0x0000007d09a00000,0x0000007d09b00000) (1024K)]
  0x000001ae5411cc70 WatcherThread "VM Periodic Task Thread"        [id=1792, stack(0x0000007d09900000,0x0000007d09a00000) (1024K)]
  0x000001ae542f3e60 WorkerThread "GC Thread#0"                     [id=20620, stack(0x0000007d09800000,0x0000007d09900000) (1024K)]
  0x000001ae711ebcf0 WorkerThread "GC Thread#1"                     [id=20824, stack(0x0000007d0a700000,0x0000007d0a800000) (1024K)]
  0x000001ae71bd9be0 WorkerThread "GC Thread#2"                     [id=11404, stack(0x0000007d0a800000,0x0000007d0a900000) (1024K)]
  0x000001ae71bd9f80 WorkerThread "GC Thread#3"                     [id=10632, stack(0x0000007d0a900000,0x0000007d0aa00000) (1024K)]
  0x000001ae712d2f00 WorkerThread "GC Thread#4"                     [id=10332, stack(0x0000007d0aa00000,0x0000007d0ab00000) (1024K)]
  0x000001ae712d32a0 WorkerThread "GC Thread#5"                     [id=15956, stack(0x0000007d0ab00000,0x0000007d0ac00000) (1024K)]
  0x000001ae712d3640 WorkerThread "GC Thread#6"                     [id=16204, stack(0x0000007d0ac00000,0x0000007d0ad00000) (1024K)]
  0x000001ae71994110 WorkerThread "GC Thread#7"                     [id=248, stack(0x0000007d0ae00000,0x0000007d0af00000) (1024K)]
  0x000001ae71c6e6e0 WorkerThread "GC Thread#8"                     [id=18224, stack(0x0000007d0b200000,0x0000007d0b300000) (1024K)]
  0x000001ae71c6ea80 WorkerThread "GC Thread#9"                     [id=7936, stack(0x0000007d0b300000,0x0000007d0b400000) (1024K)]
Total: 12

Threads with active compile tasks:
C2 CompilerThread0  7411 8285       4       org.eclipse.jdt.internal.compiler.parser.Scanner::getNextToken (176 bytes)
C2 CompilerThread1  7411 8533   !   4       lombok.core.FieldAugment$ReflectionFieldAugment::getAndSet (80 bytes)
C2 CompilerThread2  7411 8498   !   4       org.eclipse.jdt.internal.core.search.indexing.BinaryIndexer::indexDocument (1168 bytes)
Total: 3

VM state: not at safepoint (normal execution)

VM Mutex/Monitor currently owned by a thread: None

Heap address: 0x0000000080000000, size: 2048 MB, Compressed Oops mode: 32-bit

CDS archive(s) mapped at: [0x000001ae00000000-0x000001ae00ba0000-0x000001ae00ba0000), size 12189696, SharedBaseAddress: 0x000001ae00000000, ArchiveRelocationMode: 1.
Compressed class space mapped at: 0x000001ae01000000-0x000001ae41000000, reserved size: 1073741824
Narrow klass base: 0x000001ae00000000, Narrow klass shift: 0, Narrow klass range: 0x100000000

GC Precious Log:
 CardTable entry size: 512
 CPUs: 12 total, 12 available
 Memory: 15752M
 Large Page Support: Disabled
 NUMA Support: Disabled
 Compressed Oops: Enabled (32-bit)
 Alignments: Space 512K, Generation 512K, Heap 2M
 Heap Min Capacity: 100M
 Heap Initial Capacity: 100M
 Heap Max Capacity: 2G
 Pre-touch: Disabled
 Parallel Workers: 10

Heap:
 PSYoungGen      total 4096K, used 922K [0x00000000d5580000, 0x00000000d5b00000, 0x0000000100000000)
  eden space 3584K, 11% used [0x00000000d5580000,0x00000000d55ea4b0,0x00000000d5900000)
  from space 512K, 97% used [0x00000000d5a80000,0x00000000d5afc608,0x00000000d5b00000)
  to   space 1024K, 0% used [0x00000000d5980000,0x00000000d5980000,0x00000000d5a80000)
 ParOldGen       total 160256K, used 160112K [0x0000000080000000, 0x0000000089c80000, 0x00000000d5580000)
  object space 160256K, 99% used [0x0000000080000000,0x0000000089c5c3b0,0x0000000089c80000)
 Metaspace       used 56593K, committed 57984K, reserved 1114112K
  class space    used 5891K, committed 6528K, reserved 1048576K

Card table byte_map: [0x000001ae53bf0000,0x000001ae54000000] _byte_map_base: 0x000001ae537f0000

Marking Bits: (ParMarkBitMap*) 0x00007fff847731f0
 Begin Bits: [0x000001ae666f0000, 0x000001ae686f0000)
 End Bits:   [0x000001ae686f0000, 0x000001ae6a6f0000)

Polling page: 0x000001ae52000000

Metaspace:

Usage:
  Non-class:     49.51 MB used.
      Class:      5.75 MB used.
       Both:     55.27 MB used.

Virtual space:
  Non-class space:       64.00 MB reserved,      50.25 MB ( 79%) committed,  1 nodes.
      Class space:        1.00 GB reserved,       6.38 MB ( <1%) committed,  1 nodes.
             Both:        1.06 GB reserved,      56.62 MB (  5%) committed. 

Chunk freelists:
   Non-Class:  13.53 MB
       Class:  9.66 MB
        Both:  23.19 MB

MaxMetaspaceSize: unlimited
CompressedClassSpaceSize: 1.00 GB
Initial GC threshold: 21.00 MB
Current GC threshold: 58.38 MB
CDS: on
 - commit_granule_bytes: 65536.
 - commit_granule_words: 8192.
 - virtual_space_node_default_size: 8388608.
 - enlarge_chunks_in_place: 1.
 - use_allocation_guard: 0.


Internal statistics:

num_allocs_failed_limit: 6.
num_arena_births: 1120.
num_arena_deaths: 14.
num_vsnodes_births: 2.
num_vsnodes_deaths: 0.
num_space_committed: 906.
num_space_uncommitted: 0.
num_chunks_returned_to_freelist: 20.
num_chunks_taken_from_freelist: 3775.
num_chunk_merges: 10.
num_chunk_splits: 2308.
num_chunks_enlarged: 1285.
num_inconsistent_stats: 0.

CodeHeap 'non-profiled nmethods': size=120000Kb used=4412Kb max_used=4412Kb free=115587Kb
 bounds [0x000001ae5ef10000, 0x000001ae5f360000, 0x000001ae66440000]
CodeHeap 'profiled nmethods': size=120000Kb used=17558Kb max_used=17558Kb free=102442Kb
 bounds [0x000001ae57440000, 0x000001ae58570000, 0x000001ae5e970000]
CodeHeap 'non-nmethods': size=5760Kb used=1422Kb max_used=1479Kb free=4337Kb
 bounds [0x000001ae5e970000, 0x000001ae5ebe0000, 0x000001ae5ef10000]
 total_blobs=9022 nmethods=8306 adapters=620
 compilation: enabled
              stopped_count=0, restarted_count=0
 full_count=0

Compilation events (20 events):
Event: 7.364 Thread 0x000001ae6b9bc670 nmethod 8946 0x000001ae58555710 code [0x000001ae58555900, 0x000001ae58556110]
Event: 7.364 Thread 0x000001ae6b9bc670 8948       3       org.eclipse.jdt.internal.compiler.lookup.SortedSimpleNameVector::add (84 bytes)
Event: 7.365 Thread 0x000001ae6b9bc670 nmethod 8948 0x000001ae58556290 code [0x000001ae58556460, 0x000001ae58556898]
Event: 7.365 Thread 0x000001ae6b9bc670 8950   !   2       org.eclipse.jdt.internal.compiler.lookup.LookupEnvironment$CompleteTypeBindingsSteps::$SWITCH_TABLE$org$eclipse$jdt$internal$compiler$lookup$LookupEnvironment$CompleteTypeBindingsSteps (129 bytes)
Event: 7.365 Thread 0x000001ae6b9bc670 nmethod 8950 0x000001ae58556a10 code [0x000001ae58556c00, 0x000001ae58557070]
Event: 7.365 Thread 0x000001ae6b9bc670 8944       2       org.eclipse.jdt.internal.compiler.lookup.ReferenceBinding::hasNullBit (13 bytes)
Event: 7.365 Thread 0x000001ae6b9bc670 nmethod 8944 0x000001ae58557590 code [0x000001ae58557740, 0x000001ae58557888]
Event: 7.365 Thread 0x000001ae6b9bc670 8945       1       org.eclipse.jdt.internal.compiler.ast.Annotation::getCompilerAnnotation (5 bytes)
Event: 7.365 Thread 0x000001ae6b9bc670 nmethod 8945 0x000001ae5f358290 code [0x000001ae5f358420, 0x000001ae5f3584e8]
Event: 7.365 Thread 0x000001ae6b9bc670 8942       2       org.eclipse.jdt.internal.compiler.lookup.LookupEnvironment::getResolvedType (80 bytes)
Event: 7.366 Thread 0x000001ae6b9bc670 nmethod 8942 0x000001ae58557910 code [0x000001ae58557b00, 0x000001ae58557d90]
Event: 7.366 Thread 0x000001ae6b9bc670 8951   !   2       org.eclipse.core.internal.resources.ProjectPathVariableManager::resolveURI (170 bytes)
Event: 7.367 Thread 0x000001ae6b9bc670 nmethod 8951 0x000001ae58557f90 code [0x000001ae58558220, 0x000001ae585589c8]
Event: 7.368 Thread 0x000001ae6b9bc670 8952       2       com.sun.org.apache.xerces.internal.parsers.AbstractDOMParser::startElement (883 bytes)
Event: 7.373 Thread 0x000001ae6b951a30 nmethod 8538 0x000001ae5f358590 code [0x000001ae5f3589c0, 0x000001ae5f359c50]
Event: 7.373 Thread 0x000001ae6b951a30 8872       4       java.util.ImmutableCollections$SetN::contains (26 bytes)
Event: 7.374 Thread 0x000001ae6b9bc670 nmethod 8952 0x000001ae58558f90 code [0x000001ae58559580, 0x000001ae5855be08]
Event: 7.374 Thread 0x000001ae6b9bc670 8954       3       com.sun.org.apache.xerces.internal.util.AugmentationsImpl$SmallContainer::getItem (43 bytes)
Event: 7.374 Thread 0x000001ae6b9bc670 nmethod 8954 0x000001ae5855df90 code [0x000001ae5855e160, 0x000001ae5855e4c0]
Event: 7.374 Thread 0x000001ae6b9bc670 8955       2       com.sun.org.apache.xerces.internal.dom.DeepNodeListImpl::nextMatchingElementAfter (311 bytes)

GC Heap History (20 events):
Event: 7.156 GC heap before
{Heap before GC invocations=90 (full 2):
 PSYoungGen      total 7680K, used 7496K [0x00000000d5580000, 0x00000000d5e80000, 0x0000000100000000)
  eden space 6144K, 100% used [0x00000000d5580000,0x00000000d5b80000,0x00000000d5b80000)
  from space 1536K, 88% used [0x00000000d5b80000,0x00000000d5cd23c0,0x00000000d5d00000)
  to   space 1536K, 0% used [0x00000000d5d00000,0x00000000d5d00000,0x00000000d5e80000)
 ParOldGen       total 149504K, used 149242K [0x0000000080000000, 0x0000000089200000, 0x00000000d5580000)
  object space 149504K, 99% used [0x0000000080000000,0x00000000891be970,0x0000000089200000)
 Metaspace       used 55901K, committed 57280K, reserved 1114112K
  class space    used 5838K, committed 6464K, reserved 1048576K
}
Event: 7.158 GC heap after
{Heap after GC invocations=90 (full 2):
 PSYoungGen      total 5632K, used 1532K [0x00000000d5580000, 0x00000000d6280000, 0x0000000100000000)
  eden space 4096K, 0% used [0x00000000d5580000,0x00000000d5580000,0x00000000d5980000)
  from space 1536K, 99% used [0x00000000d5d00000,0x00000000d5e7f098,0x00000000d5e80000)
  to   space 3584K, 0% used [0x00000000d5980000,0x00000000d5980000,0x00000000d5d00000)
 ParOldGen       total 151040K, used 150637K [0x0000000080000000, 0x0000000089380000, 0x00000000d5580000)
  object space 151040K, 99% used [0x0000000080000000,0x000000008931b4f8,0x0000000089380000)
 Metaspace       used 55901K, committed 57280K, reserved 1114112K
  class space    used 5838K, committed 6464K, reserved 1048576K
}
Event: 7.181 GC heap before
{Heap before GC invocations=91 (full 2):
 PSYoungGen      total 5632K, used 5628K [0x00000000d5580000, 0x00000000d6280000, 0x0000000100000000)
  eden space 4096K, 100% used [0x00000000d5580000,0x00000000d5980000,0x00000000d5980000)
  from space 1536K, 99% used [0x00000000d5d00000,0x00000000d5e7f098,0x00000000d5e80000)
  to   space 3584K, 0% used [0x00000000d5980000,0x00000000d5980000,0x00000000d5d00000)
 ParOldGen       total 151040K, used 150637K [0x0000000080000000, 0x0000000089380000, 0x00000000d5580000)
  object space 151040K, 99% used [0x0000000080000000,0x000000008931b4f8,0x0000000089380000)
 Metaspace       used 55962K, committed 57280K, reserved 1114112K
  class space    used 5847K, committed 6464K, reserved 1048576K
}
Event: 7.183 GC heap after
{Heap after GC invocations=91 (full 2):
 PSYoungGen      total 5632K, used 1154K [0x00000000d5580000, 0x00000000d5d80000, 0x0000000100000000)
  eden space 4096K, 0% used [0x00000000d5580000,0x00000000d5580000,0x00000000d5980000)
  from space 1536K, 75% used [0x00000000d5980000,0x00000000d5aa0be0,0x00000000d5b00000)
  to   space 2048K, 0% used [0x00000000d5b80000,0x00000000d5b80000,0x00000000d5d80000)
 ParOldGen       total 152576K, used 152190K [0x0000000080000000, 0x0000000089500000, 0x00000000d5580000)
  object space 152576K, 99% used [0x0000000080000000,0x000000008949fb98,0x0000000089500000)
 Metaspace       used 55962K, committed 57280K, reserved 1114112K
  class space    used 5847K, committed 6464K, reserved 1048576K
}
Event: 7.216 GC heap before
{Heap before GC invocations=92 (full 2):
 PSYoungGen      total 5632K, used 5250K [0x00000000d5580000, 0x00000000d5d80000, 0x0000000100000000)
  eden space 4096K, 99% used [0x00000000d5580000,0x00000000d597ffe8,0x00000000d5980000)
  from space 1536K, 75% used [0x00000000d5980000,0x00000000d5aa0be0,0x00000000d5b00000)
  to   space 2048K, 0% used [0x00000000d5b80000,0x00000000d5b80000,0x00000000d5d80000)
 ParOldGen       total 152576K, used 152190K [0x0000000080000000, 0x0000000089500000, 0x00000000d5580000)
  object space 152576K, 99% used [0x0000000080000000,0x000000008949fb98,0x0000000089500000)
 Metaspace       used 56097K, committed 57408K, reserved 1114112K
  class space    used 5859K, committed 6464K, reserved 1048576K
}
Event: 7.218 GC heap after
{Heap after GC invocations=92 (full 2):
 PSYoungGen      total 5120K, used 977K [0x00000000d5580000, 0x00000000d5c80000, 0x0000000100000000)
  eden space 4096K, 0% used [0x00000000d5580000,0x00000000d5580000,0x00000000d5980000)
  from space 1024K, 95% used [0x00000000d5b80000,0x00000000d5c74628,0x00000000d5c80000)
  to   space 1536K, 0% used [0x00000000d5980000,0x00000000d5980000,0x00000000d5b00000)
 ParOldGen       total 153600K, used 153153K [0x0000000080000000, 0x0000000089600000, 0x00000000d5580000)
  object space 153600K, 99% used [0x0000000080000000,0x00000000895906c0,0x0000000089600000)
 Metaspace       used 56097K, committed 57408K, reserved 1114112K
  class space    used 5859K, committed 6464K, reserved 1048576K
}
Event: 7.238 GC heap before
{Heap before GC invocations=93 (full 2):
 PSYoungGen      total 5120K, used 5073K [0x00000000d5580000, 0x00000000d5c80000, 0x0000000100000000)
  eden space 4096K, 100% used [0x00000000d5580000,0x00000000d5980000,0x00000000d5980000)
  from space 1024K, 95% used [0x00000000d5b80000,0x00000000d5c74628,0x00000000d5c80000)
  to   space 1536K, 0% used [0x00000000d5980000,0x00000000d5980000,0x00000000d5b00000)
 ParOldGen       total 153600K, used 153153K [0x0000000080000000, 0x0000000089600000, 0x00000000d5580000)
  object space 153600K, 99% used [0x0000000080000000,0x00000000895906c0,0x0000000089600000)
 Metaspace       used 56165K, committed 57536K, reserved 1114112K
  class space    used 5863K, committed 6528K, reserved 1048576K
}
Event: 7.240 GC heap after
{Heap after GC invocations=93 (full 2):
 PSYoungGen      total 5632K, used 1066K [0x00000000d5580000, 0x00000000d5c80000, 0x0000000100000000)
  eden space 4096K, 0% used [0x00000000d5580000,0x00000000d5580000,0x00000000d5980000)
  from space 1536K, 69% used [0x00000000d5980000,0x00000000d5a8abe0,0x00000000d5b00000)
  to   space 1536K, 0% used [0x00000000d5b00000,0x00000000d5b00000,0x00000000d5c80000)
 ParOldGen       total 154112K, used 154006K [0x0000000080000000, 0x0000000089680000, 0x00000000d5580000)
  object space 154112K, 99% used [0x0000000080000000,0x0000000089665ae8,0x0000000089680000)
 Metaspace       used 56165K, committed 57536K, reserved 1114112K
  class space    used 5863K, committed 6528K, reserved 1048576K
}
Event: 7.256 GC heap before
{Heap before GC invocations=94 (full 2):
 PSYoungGen      total 5632K, used 5162K [0x00000000d5580000, 0x00000000d5c80000, 0x0000000100000000)
  eden space 4096K, 100% used [0x00000000d5580000,0x00000000d5980000,0x00000000d5980000)
  from space 1536K, 69% used [0x00000000d5980000,0x00000000d5a8abe0,0x00000000d5b00000)
  to   space 1536K, 0% used [0x00000000d5b00000,0x00000000d5b00000,0x00000000d5c80000)
 ParOldGen       total 154112K, used 154006K [0x0000000080000000, 0x0000000089680000, 0x00000000d5580000)
  object space 154112K, 99% used [0x0000000080000000,0x0000000089665ae8,0x0000000089680000)
 Metaspace       used 56287K, committed 57664K, reserved 1114112K
  class space    used 5873K, committed 6528K, reserved 1048576K
}
Event: 7.258 GC heap after
{Heap after GC invocations=94 (full 2):
 PSYoungGen      total 5120K, used 928K [0x00000000d5580000, 0x00000000d5c00000, 0x0000000100000000)
  eden space 4096K, 0% used [0x00000000d5580000,0x00000000d5580000,0x00000000d5980000)
  from space 1024K, 90% used [0x00000000d5b00000,0x00000000d5be8000,0x00000000d5c00000)
  to   space 1024K, 0% used [0x00000000d5a00000,0x00000000d5a00000,0x00000000d5b00000)
 ParOldGen       total 155136K, used 154912K [0x0000000080000000, 0x0000000089780000, 0x00000000d5580000)
  object space 155136K, 99% used [0x0000000080000000,0x0000000089748358,0x0000000089780000)
 Metaspace       used 56287K, committed 57664K, reserved 1114112K
  class space    used 5873K, committed 6528K, reserved 1048576K
}
Event: 7.281 GC heap before
{Heap before GC invocations=95 (full 2):
 PSYoungGen      total 5120K, used 5023K [0x00000000d5580000, 0x00000000d5c00000, 0x0000000100000000)
  eden space 4096K, 99% used [0x00000000d5580000,0x00000000d597fff8,0x00000000d5980000)
  from space 1024K, 90% used [0x00000000d5b00000,0x00000000d5be8000,0x00000000d5c00000)
  to   space 1024K, 0% used [0x00000000d5a00000,0x00000000d5a00000,0x00000000d5b00000)
 ParOldGen       total 155136K, used 154912K [0x0000000080000000, 0x0000000089780000, 0x00000000d5580000)
  object space 155136K, 99% used [0x0000000080000000,0x0000000089748358,0x0000000089780000)
 Metaspace       used 56346K, committed 57728K, reserved 1114112K
  class space    used 5876K, committed 6528K, reserved 1048576K
}
Event: 7.283 GC heap after
{Heap after GC invocations=95 (full 2):
 PSYoungGen      total 5120K, used 941K [0x00000000d5580000, 0x00000000d5b80000, 0x0000000100000000)
  eden space 4096K, 0% used [0x00000000d5580000,0x00000000d5580000,0x00000000d5980000)
  from space 1024K, 91% used [0x00000000d5a00000,0x00000000d5aeb520,0x00000000d5b00000)
  to   space 512K, 0% used [0x00000000d5b00000,0x00000000d5b00000,0x00000000d5b80000)
 ParOldGen       total 156160K, used 155706K [0x0000000080000000, 0x0000000089880000, 0x00000000d5580000)
  object space 156160K, 99% used [0x0000000080000000,0x000000008980ebb0,0x0000000089880000)
 Metaspace       used 56346K, committed 57728K, reserved 1114112K
  class space    used 5876K, committed 6528K, reserved 1048576K
}
Event: 7.302 GC heap before
{Heap before GC invocations=96 (full 2):
 PSYoungGen      total 5120K, used 5037K [0x00000000d5580000, 0x00000000d5b80000, 0x0000000100000000)
  eden space 4096K, 100% used [0x00000000d5580000,0x00000000d5980000,0x00000000d5980000)
  from space 1024K, 91% used [0x00000000d5a00000,0x00000000d5aeb520,0x00000000d5b00000)
  to   space 512K, 0% used [0x00000000d5b00000,0x00000000d5b00000,0x00000000d5b80000)
 ParOldGen       total 156160K, used 155706K [0x0000000080000000, 0x0000000089880000, 0x00000000d5580000)
  object space 156160K, 99% used [0x0000000080000000,0x000000008980ebb0,0x0000000089880000)
 Metaspace       used 56381K, committed 57728K, reserved 1114112K
  class space    used 5880K, committed 6528K, reserved 1048576K
}
Event: 7.303 GC heap after
{Heap after GC invocations=96 (full 2):
 PSYoungGen      total 4096K, used 512K [0x00000000d5580000, 0x00000000d5d80000, 0x0000000100000000)
  eden space 3584K, 0% used [0x00000000d5580000,0x00000000d5580000,0x00000000d5900000)
  from space 512K, 100% used [0x00000000d5b00000,0x00000000d5b80000,0x00000000d5b80000)
  to   space 2048K, 0% used [0x00000000d5900000,0x00000000d5900000,0x00000000d5b00000)
 ParOldGen       total 157184K, used 156971K [0x0000000080000000, 0x0000000089980000, 0x00000000d5580000)
  object space 157184K, 99% used [0x0000000080000000,0x000000008994ae48,0x0000000089980000)
 Metaspace       used 56381K, committed 57728K, reserved 1114112K
  class space    used 5880K, committed 6528K, reserved 1048576K
}
Event: 7.317 GC heap before
{Heap before GC invocations=97 (full 2):
 PSYoungGen      total 4096K, used 4096K [0x00000000d5580000, 0x00000000d5d80000, 0x0000000100000000)
  eden space 3584K, 100% used [0x00000000d5580000,0x00000000d5900000,0x00000000d5900000)
  from space 512K, 100% used [0x00000000d5b00000,0x00000000d5b80000,0x00000000d5b80000)
  to   space 2048K, 0% used [0x00000000d5900000,0x00000000d5900000,0x00000000d5b00000)
 ParOldGen       total 157184K, used 156971K [0x0000000080000000, 0x0000000089980000, 0x00000000d5580000)
  object space 157184K, 99% used [0x0000000080000000,0x000000008994ae48,0x0000000089980000)
 Metaspace       used 56446K, committed 57792K, reserved 1114112K
  class space    used 5885K, committed 6528K, reserved 1048576K
}
Event: 7.318 GC heap after
{Heap after GC invocations=97 (full 2):
 PSYoungGen      total 5120K, used 1104K [0x00000000d5580000, 0x00000000d5c00000, 0x0000000100000000)
  eden space 3584K, 0% used [0x00000000d5580000,0x00000000d5580000,0x00000000d5900000)
  from space 1536K, 71% used [0x00000000d5900000,0x00000000d5a14398,0x00000000d5a80000)
  to   space 1536K, 0% used [0x00000000d5a80000,0x00000000d5a80000,0x00000000d5c00000)
 ParOldGen       total 157696K, used 157523K [0x0000000080000000, 0x0000000089a00000, 0x00000000d5580000)
  object space 157696K, 99% used [0x0000000080000000,0x00000000899d4e48,0x0000000089a00000)
 Metaspace       used 56446K, committed 57792K, reserved 1114112K
  class space    used 5885K, committed 6528K, reserved 1048576K
}
Event: 7.350 GC heap before
{Heap before GC invocations=98 (full 2):
 PSYoungGen      total 5120K, used 4688K [0x00000000d5580000, 0x00000000d5c00000, 0x0000000100000000)
  eden space 3584K, 100% used [0x00000000d5580000,0x00000000d5900000,0x00000000d5900000)
  from space 1536K, 71% used [0x00000000d5900000,0x00000000d5a14398,0x00000000d5a80000)
  to   space 1536K, 0% used [0x00000000d5a80000,0x00000000d5a80000,0x00000000d5c00000)
 ParOldGen       total 157696K, used 157523K [0x0000000080000000, 0x0000000089a00000, 0x00000000d5580000)
  object space 157696K, 99% used [0x0000000080000000,0x00000000899d4e48,0x0000000089a00000)
 Metaspace       used 56503K, committed 57920K, reserved 1114112K
  class space    used 5888K, committed 6528K, reserved 1048576K
}
Event: 7.351 GC heap after
{Heap after GC invocations=98 (full 2):
 PSYoungGen      total 4608K, used 719K [0x00000000d5580000, 0x00000000d5b80000, 0x0000000100000000)
  eden space 3584K, 0% used [0x00000000d5580000,0x00000000d5580000,0x00000000d5900000)
  from space 1024K, 70% used [0x00000000d5a80000,0x00000000d5b33c50,0x00000000d5b80000)
  to   space 1024K, 0% used [0x00000000d5980000,0x00000000d5980000,0x00000000d5a80000)
 ParOldGen       total 158720K, used 158477K [0x0000000080000000, 0x0000000089b00000, 0x00000000d5580000)
  object space 158720K, 99% used [0x0000000080000000,0x0000000089ac3698,0x0000000089b00000)
 Metaspace       used 56503K, committed 57920K, reserved 1114112K
  class space    used 5888K, committed 6528K, reserved 1048576K
}
Event: 7.370 GC heap before
{Heap before GC invocations=99 (full 2):
 PSYoungGen      total 4608K, used 4303K [0x00000000d5580000, 0x00000000d5b80000, 0x0000000100000000)
  eden space 3584K, 100% used [0x00000000d5580000,0x00000000d5900000,0x00000000d5900000)
  from space 1024K, 70% used [0x00000000d5a80000,0x00000000d5b33c50,0x00000000d5b80000)
  to   space 1024K, 0% used [0x00000000d5980000,0x00000000d5980000,0x00000000d5a80000)
 ParOldGen       total 158720K, used 158477K [0x0000000080000000, 0x0000000089b00000, 0x00000000d5580000)
  object space 158720K, 99% used [0x0000000080000000,0x0000000089ac3698,0x0000000089b00000)
 Metaspace       used 56582K, committed 57984K, reserved 1114112K
  class space    used 5891K, committed 6528K, reserved 1048576K
}
Event: 7.371 GC heap after
{Heap after GC invocations=99 (full 2):
 PSYoungGen      total 4608K, used 922K [0x00000000d5580000, 0x00000000d5b00000, 0x0000000100000000)
  eden space 3584K, 0% used [0x00000000d5580000,0x00000000d5580000,0x00000000d5900000)
  from space 1024K, 90% used [0x00000000d5980000,0x00000000d5a66908,0x00000000d5a80000)
  to   space 512K, 0% used [0x00000000d5a80000,0x00000000d5a80000,0x00000000d5b00000)
 ParOldGen       total 159232K, used 159084K [0x0000000080000000, 0x0000000089b80000, 0x00000000d5580000)
  object space 159232K, 99% used [0x0000000080000000,0x0000000089b5b2f0,0x0000000089b80000)
 Metaspace       used 56582K, committed 57984K, reserved 1114112K
  class space    used 5891K, committed 6528K, reserved 1048576K
}

Dll operation events (10 events):
Event: 0.010 Loaded shared library c:\Users\PC\.vscode\extensions\redhat.java-1.43.1-win32-x64\jre\21.0.7-win32-x86_64\bin\java.dll
Event: 0.089 Loaded shared library c:\Users\PC\.vscode\extensions\redhat.java-1.43.1-win32-x64\jre\21.0.7-win32-x86_64\bin\zip.dll
Event: 0.112 Loaded shared library C:\Users\PC\.vscode\extensions\redhat.java-1.43.1-win32-x64\jre\21.0.7-win32-x86_64\bin\instrument.dll
Event: 0.117 Loaded shared library C:\Users\PC\.vscode\extensions\redhat.java-1.43.1-win32-x64\jre\21.0.7-win32-x86_64\bin\net.dll
Event: 0.120 Loaded shared library C:\Users\PC\.vscode\extensions\redhat.java-1.43.1-win32-x64\jre\21.0.7-win32-x86_64\bin\nio.dll
Event: 0.126 Loaded shared library C:\Users\PC\.vscode\extensions\redhat.java-1.43.1-win32-x64\jre\21.0.7-win32-x86_64\bin\zip.dll
Event: 0.155 Loaded shared library C:\Users\PC\.vscode\extensions\redhat.java-1.43.1-win32-x64\jre\21.0.7-win32-x86_64\bin\jimage.dll
Event: 0.239 Loaded shared library c:\Users\PC\.vscode\extensions\redhat.java-1.43.1-win32-x64\jre\21.0.7-win32-x86_64\bin\verify.dll
Event: 1.364 Loaded shared library C:\Users\PC\AppData\Roaming\Code\User\globalStorage\redhat.java\1.43.1\config_win\org.eclipse.equinox.launcher\org.eclipse.equinox.launcher.win32.win32.x86_64_1.2.1300.v20250331-1702\eclipse_11911.dll
Event: 2.806 Loaded shared library C:\Users\PC\AppData\Local\Temp\jna-2547\jna5066810886594332584.dll

Deoptimization events (20 events):
Event: 7.261 Thread 0x000001ae74705990 DEOPT PACKING pc=0x000001ae5f2c03a8 sp=0x0000007d0d0fd5e0
Event: 7.261 Thread 0x000001ae74705990 DEOPT UNPACKING pc=0x000001ae5e9c3aa2 sp=0x0000007d0d0fd5a8 mode 2
Event: 7.272 Thread 0x000001ae74705990 DEOPT PACKING pc=0x000001ae584dca45 sp=0x0000007d0d0fdd80
Event: 7.272 Thread 0x000001ae74705990 DEOPT UNPACKING pc=0x000001ae5e9c4242 sp=0x0000007d0d0fd208 mode 0
Event: 7.299 Thread 0x000001ae74705990 Uncommon trap: trap_request=0xffffff45 fr.pc=0x000001ae5f216fa8 relative=0x0000000000000628
Event: 7.299 Thread 0x000001ae74705990 Uncommon trap: reason=unstable_if action=reinterpret pc=0x000001ae5f216fa8 method=org.eclipse.jdt.internal.compiler.util.HashtableOfObject.put([CLjava/lang/Object;)Ljava/lang/Object; @ 42 c2
Event: 7.299 Thread 0x000001ae74705990 DEOPT PACKING pc=0x000001ae5f216fa8 sp=0x0000007d0d0fe4f0
Event: 7.299 Thread 0x000001ae74705990 DEOPT UNPACKING pc=0x000001ae5e9c3aa2 sp=0x0000007d0d0fe490 mode 2
Event: 7.345 Thread 0x000001ae74705990 Uncommon trap: trap_request=0xffffff45 fr.pc=0x000001ae5f16a5f8 relative=0x0000000000000518
Event: 7.345 Thread 0x000001ae74705990 Uncommon trap: reason=unstable_if action=reinterpret pc=0x000001ae5f16a5f8 method=org.eclipse.jdt.internal.compiler.util.HashtableOfObject.get([C)Ljava/lang/Object; @ 37 c2
Event: 7.345 Thread 0x000001ae74705990 DEOPT PACKING pc=0x000001ae5f16a5f8 sp=0x0000007d0d0fdaf0
Event: 7.346 Thread 0x000001ae74705990 DEOPT UNPACKING pc=0x000001ae5e9c3aa2 sp=0x0000007d0d0fda80 mode 2
Event: 7.346 Thread 0x000001ae74705990 Uncommon trap: trap_request=0xffffff45 fr.pc=0x000001ae5efb1428 relative=0x0000000000000148
Event: 7.346 Thread 0x000001ae74705990 Uncommon trap: reason=unstable_if action=reinterpret pc=0x000001ae5efb1428 method=java.util.HashMap.getNode(Ljava/lang/Object;)Ljava/util/HashMap$Node; @ 66 c2
Event: 7.346 Thread 0x000001ae74705990 DEOPT PACKING pc=0x000001ae5efb1428 sp=0x0000007d0d0fddc0
Event: 7.346 Thread 0x000001ae74705990 DEOPT UNPACKING pc=0x000001ae5e9c3aa2 sp=0x0000007d0d0fdcd0 mode 2
Event: 7.346 Thread 0x000001ae74705990 Uncommon trap: trap_request=0xffffff45 fr.pc=0x000001ae5f34ed38 relative=0x0000000000000678
Event: 7.346 Thread 0x000001ae74705990 Uncommon trap: reason=unstable_if action=reinterpret pc=0x000001ae5f34ed38 method=java.util.HashMap.putVal(ILjava/lang/Object;Ljava/lang/Object;ZZ)Ljava/lang/Object; @ 94 c2
Event: 7.346 Thread 0x000001ae74705990 DEOPT PACKING pc=0x000001ae5f34ed38 sp=0x0000007d0d0fdd80
Event: 7.346 Thread 0x000001ae74705990 DEOPT UNPACKING pc=0x000001ae5e9c3aa2 sp=0x0000007d0d0fdca0 mode 2

Classes loaded (20 events):
Event: 5.602 Loading class java/util/regex/Pattern$Pos
Event: 5.602 Loading class java/util/regex/Pattern$Pos done
Event: 5.625 Loading class sun/security/provider/MD5
Event: 5.625 Loading class sun/security/provider/MD5 done
Event: 5.626 Loading class sun/security/provider/ByteArrayAccess$LE
Event: 5.626 Loading class sun/security/provider/ByteArrayAccess$LE done
Event: 5.808 Loading class jdk/internal/math/FormattedFPDecimal
Event: 5.808 Loading class jdk/internal/math/FormattedFPDecimal done
Event: 5.840 Loading class java/util/concurrent/ForkJoinTask$AdaptedCallable
Event: 5.840 Loading class java/util/concurrent/ForkJoinTask$AdaptedCallable done
Event: 6.094 Loading class java/util/Vector$1
Event: 6.095 Loading class java/util/Vector$1 done
Event: 6.332 Loading class java/util/regex/Pattern$Caret
Event: 6.332 Loading class java/util/regex/Pattern$Caret done
Event: 7.178 Loading class java/util/stream/ReduceOps$4
Event: 7.178 Loading class java/util/stream/ReduceOps$4 done
Event: 7.178 Loading class java/util/stream/ReduceOps$4ReducingSink
Event: 7.178 Loading class java/util/stream/ReduceOps$4ReducingSink done
Event: 7.180 Loading class java/nio/file/Files$2
Event: 7.180 Loading class java/nio/file/Files$2 done

Classes unloaded (7 events):
Event: 3.292 Thread 0x000001ae541e7680 Unloading class 0x000001ae011a5000 'java/lang/invoke/LambdaForm$MH+0x000001ae011a5000'
Event: 3.292 Thread 0x000001ae541e7680 Unloading class 0x000001ae011a4c00 'java/lang/invoke/LambdaForm$MH+0x000001ae011a4c00'
Event: 3.292 Thread 0x000001ae541e7680 Unloading class 0x000001ae011a4800 'java/lang/invoke/LambdaForm$MH+0x000001ae011a4800'
Event: 3.292 Thread 0x000001ae541e7680 Unloading class 0x000001ae011a4400 'java/lang/invoke/LambdaForm$MH+0x000001ae011a4400'
Event: 3.292 Thread 0x000001ae541e7680 Unloading class 0x000001ae011a4000 'java/lang/invoke/LambdaForm$BMH+0x000001ae011a4000'
Event: 3.292 Thread 0x000001ae541e7680 Unloading class 0x000001ae011a3c00 'java/lang/invoke/LambdaForm$DMH+0x000001ae011a3c00'
Event: 3.292 Thread 0x000001ae541e7680 Unloading class 0x000001ae011a2800 'java/lang/invoke/LambdaForm$DMH+0x000001ae011a2800'

Classes redefined (0 events):
No events

Internal exceptions (20 events):
Event: 5.838 Thread 0x000001ae74705990 Exception <a 'sun/nio/fs/WindowsException'{0x00000000d5737f20}> (0x00000000d5737f20) 
thrown [s\src\hotspot\share\prims\jni.cpp, line 520]
Event: 5.847 Thread 0x000001ae74705990 Exception <a 'sun/nio/fs/WindowsException'{0x00000000d59eb1e8}> (0x00000000d59eb1e8) 
thrown [s\src\hotspot\share\prims\jni.cpp, line 520]
Event: 5.848 Thread 0x000001ae73d52900 Exception <a 'sun/nio/fs/WindowsException'{0x00000000d583bda0}> (0x00000000d583bda0) 
thrown [s\src\hotspot\share\prims\jni.cpp, line 520]
Event: 5.849 Thread 0x000001ae73d549d0 Exception <a 'sun/nio/fs/WindowsException'{0x00000000d5a1cf78}> (0x00000000d5a1cf78) 
thrown [s\src\hotspot\share\prims\jni.cpp, line 520]
Event: 5.850 Thread 0x000001ae73d56aa0 Exception <a 'sun/nio/fs/WindowsException'{0x00000000d5a25fe8}> (0x00000000d5a25fe8) 
thrown [s\src\hotspot\share\prims\jni.cpp, line 520]
Event: 5.850 Thread 0x000001ae73d52f90 Exception <a 'sun/nio/fs/WindowsException'{0x00000000d5a2f030}> (0x00000000d5a2f030) 
thrown [s\src\hotspot\share\prims\jni.cpp, line 520]
Event: 5.851 Thread 0x000001ae73d52f90 Exception <a 'sun/nio/fs/WindowsException'{0x00000000d5a32040}> (0x00000000d5a32040) 
thrown [s\src\hotspot\share\prims\jni.cpp, line 520]
Event: 5.852 Thread 0x000001ae73d501a0 Exception <a 'sun/nio/fs/WindowsException'{0x00000000d5a380b0}> (0x00000000d5a380b0) 
thrown [s\src\hotspot\share\prims\jni.cpp, line 520]
Event: 5.853 Thread 0x000001ae73d57130 Exception <a 'sun/nio/fs/WindowsException'{0x00000000d5a41538}> (0x00000000d5a41538) 
thrown [s\src\hotspot\share\prims\jni.cpp, line 520]
Event: 5.853 Thread 0x000001ae73d501a0 Exception <a 'sun/nio/fs/WindowsException'{0x00000000d5a397c8}> (0x00000000d5a397c8) 
thrown [s\src\hotspot\share\prims\jni.cpp, line 520]
Event: 5.854 Thread 0x000001ae73d52f90 Exception <a 'sun/nio/fs/WindowsException'{0x00000000d5a34af8}> (0x00000000d5a34af8) 
thrown [s\src\hotspot\share\prims\jni.cpp, line 520]
Event: 5.854 Thread 0x000001ae73d55060 Exception <a 'sun/nio/fs/WindowsException'{0x00000000d5a65028}> (0x00000000d5a65028) 
thrown [s\src\hotspot\share\prims\jni.cpp, line 520]
Event: 5.855 Thread 0x000001ae73d549d0 Exception <a 'sun/nio/fs/WindowsException'{0x00000000d5a22020}> (0x00000000d5a22020) 
thrown [s\src\hotspot\share\prims\jni.cpp, line 520]
Event: 5.856 Thread 0x000001ae73d577c0 Exception <a 'sun/nio/fs/WindowsException'{0x00000000d5a6e088}> (0x00000000d5a6e088) 
thrown [s\src\hotspot\share\prims\jni.cpp, line 520]
Event: 5.867 Thread 0x000001ae74705990 Exception <a 'sun/nio/fs/WindowsException'{0x00000000d59f1680}> (0x00000000d59f1680) 
thrown [s\src\hotspot\share\prims\jni.cpp, line 520]
Event: 6.877 Thread 0x000001ae74705990 Exception <a 'java/lang/NoSuchMethodError'{0x00000000d57a3438}: 'java.lang.Object java.lang.invoke.DirectMethodHandle$Holder.invokeStatic(java.lang.Object, java.lang.Object, int, int)'> (0x00000000d57a3438) 
thrown [s\src\hotspot\share\interpreter\linkResolver.cpp, line 773]
Event: 6.877 Thread 0x000001ae74705990 Exception <a 'java/lang/NoSuchMethodError'{0x00000000d57a7838}: 'java.lang.Object java.lang.invoke.DirectMethodHandle$Holder.invokeSpecial(java.lang.Object, java.lang.Object, java.lang.Object, int, int)'> (0x00000000d57a7838) 
thrown [s\src\hotspot\share\interpreter\linkResolver.cpp, line 773]
Event: 7.054 Thread 0x000001ae71f370a0 Implicit null exception at 0x000001ae5f31a9f0 to 0x000001ae5f31f9d0
Event: 7.062 Thread 0x000001ae74705990 Implicit null exception at 0x000001ae5f30f623 to 0x000001ae5f30f98c
Event: 7.183 Thread 0x000001ae74705990 Exception <a 'java/lang/NoSuchMethodError'{0x00000000d5582988}: 'int java.lang.invoke.DirectMethodHandle$Holder.invokeSpecialIFC(java.lang.Object, java.lang.Object, java.lang.Object)'> (0x00000000d5582988) 
thrown [s\src\hotspot\share\interpreter\linkResolver.cpp, line 773]

ZGC Phase Switch (0 events):
No events

VM Operations (20 events):
Event: 7.216 Executing VM operation: ParallelGCFailedAllocation (Allocation Failure)
Event: 7.218 Executing VM operation: ParallelGCFailedAllocation (Allocation Failure) done
Event: 7.237 Executing VM operation: HandshakeAllThreads (Deoptimize)
Event: 7.237 Executing VM operation: HandshakeAllThreads (Deoptimize) done
Event: 7.238 Executing VM operation: ParallelGCFailedAllocation (Allocation Failure)
Event: 7.240 Executing VM operation: ParallelGCFailedAllocation (Allocation Failure) done
Event: 7.256 Executing VM operation: ParallelGCFailedAllocation (Allocation Failure)
Event: 7.258 Executing VM operation: ParallelGCFailedAllocation (Allocation Failure) done
Event: 7.281 Executing VM operation: ParallelGCFailedAllocation (Allocation Failure)
Event: 7.283 Executing VM operation: ParallelGCFailedAllocation (Allocation Failure) done
Event: 7.302 Executing VM operation: ParallelGCFailedAllocation (Allocation Failure)
Event: 7.303 Executing VM operation: ParallelGCFailedAllocation (Allocation Failure) done
Event: 7.317 Executing VM operation: ParallelGCFailedAllocation (Allocation Failure)
Event: 7.318 Executing VM operation: ParallelGCFailedAllocation (Allocation Failure) done
Event: 7.327 Executing VM operation: HandshakeAllThreads (Deoptimize)
Event: 7.328 Executing VM operation: HandshakeAllThreads (Deoptimize) done
Event: 7.349 Executing VM operation: ParallelGCFailedAllocation (Allocation Failure)
Event: 7.351 Executing VM operation: ParallelGCFailedAllocation (Allocation Failure) done
Event: 7.370 Executing VM operation: ParallelGCFailedAllocation (Allocation Failure)
Event: 7.371 Executing VM operation: ParallelGCFailedAllocation (Allocation Failure) done

Memory protections (0 events):
No events

Nmethod flushes (20 events):
Event: 4.342 Thread 0x000001ae541e7680 flushing  nmethod 0x000001ae57abc010
Event: 4.342 Thread 0x000001ae541e7680 flushing  nmethod 0x000001ae57abc910
Event: 4.342 Thread 0x000001ae541e7680 flushing  nmethod 0x000001ae57abdb10
Event: 4.342 Thread 0x000001ae541e7680 flushing  nmethod 0x000001ae57abe310
Event: 4.342 Thread 0x000001ae541e7680 flushing  nmethod 0x000001ae57ac0010
Event: 4.342 Thread 0x000001ae541e7680 flushing  nmethod 0x000001ae57ac0490
Event: 4.342 Thread 0x000001ae541e7680 flushing  nmethod 0x000001ae57ac0d90
Event: 4.342 Thread 0x000001ae541e7680 flushing  nmethod 0x000001ae57ac2690
Event: 4.342 Thread 0x000001ae541e7680 flushing  nmethod 0x000001ae57ac3790
Event: 4.342 Thread 0x000001ae541e7680 flushing  nmethod 0x000001ae57ac4f10
Event: 4.342 Thread 0x000001ae541e7680 flushing  nmethod 0x000001ae57af2210
Event: 4.342 Thread 0x000001ae541e7680 flushing  nmethod 0x000001ae57b13d10
Event: 4.342 Thread 0x000001ae541e7680 flushing  nmethod 0x000001ae57b14390
Event: 4.342 Thread 0x000001ae541e7680 flushing  nmethod 0x000001ae57b58190
Event: 4.342 Thread 0x000001ae541e7680 flushing  nmethod 0x000001ae57b98510
Event: 4.342 Thread 0x000001ae541e7680 flushing  nmethod 0x000001ae57bbdb10
Event: 4.342 Thread 0x000001ae541e7680 flushing  nmethod 0x000001ae57bcb710
Event: 4.342 Thread 0x000001ae541e7680 flushing  nmethod 0x000001ae57bcbb90
Event: 4.342 Thread 0x000001ae541e7680 flushing  nmethod 0x000001ae57bcfe10
Event: 4.342 Thread 0x000001ae541e7680 flushing  nmethod 0x000001ae57be7090

Events (20 events):
Event: 5.848 Thread 0x000001ae73d549d0 Thread added: 0x000001ae73d52f90
Event: 5.848 Thread 0x000001ae73d52900 Thread added: 0x000001ae73d56aa0
Event: 5.849 Thread 0x000001ae73d549d0 Thread added: 0x000001ae73d53620
Event: 5.849 Thread 0x000001ae73d56aa0 Thread added: 0x000001ae73d501a0
Event: 5.849 Thread 0x000001ae73d52f90 Thread added: 0x000001ae73d53cb0
Event: 5.850 Thread 0x000001ae73d56aa0 Thread added: 0x000001ae73d55060
Event: 5.850 Thread 0x000001ae73d52f90 Thread added: 0x000001ae73d50830
Event: 5.851 Thread 0x000001ae73d501a0 Thread added: 0x000001ae73d57130
Event: 5.852 Thread 0x000001ae73d501a0 Thread added: 0x000001ae73d556f0
Event: 5.852 Thread 0x000001ae73d57130 Thread added: 0x000001ae73d577c0
Event: 5.897 Thread 0x000001ae74705990 Thread added: 0x000001ae73d50ec0
Event: 5.897 Thread 0x000001ae74705990 Thread added: 0x000001ae73d56410
Event: 5.897 Thread 0x000001ae74705990 Thread added: 0x000001ae73d51550
Event: 5.898 Thread 0x000001ae74705990 Thread added: 0x000001ae73d55d80
Event: 5.898 Thread 0x000001ae74705990 Thread added: 0x000001ae73d51be0
Event: 5.898 Thread 0x000001ae74705990 Thread added: 0x000001ae73d52270
Event: 5.898 Thread 0x000001ae73d50ec0 Thread added: 0x000001ae74690c60
Event: 5.898 Thread 0x000001ae73d56410 Thread added: 0x000001ae7468f220
Event: 5.898 Thread 0x000001ae74705990 Thread added: 0x000001ae7468e500
Event: 5.898 Thread 0x000001ae74705990 Thread added: 0x000001ae74691980


Dynamic libraries:
0x00007ff663000000 - 0x00007ff66300e000 	c:\Users\PC\.vscode\extensions\redhat.java-1.43.1-win32-x64\jre\21.0.7-win32-x86_64\bin\java.exe
0x00007ffff7cf0000 - 0x00007ffff7ee8000 	C:\Windows\SYSTEM32\ntdll.dll
0x00007ffff5e40000 - 0x00007ffff5f02000 	C:\Windows\System32\KERNEL32.DLL
0x00007ffff5740000 - 0x00007ffff5a36000 	C:\Windows\System32\KERNELBASE.dll
0x00007ffff5af0000 - 0x00007ffff5bf0000 	C:\Windows\System32\ucrtbase.dll
0x00007fffdf690000 - 0x00007fffdf6a8000 	c:\Users\PC\.vscode\extensions\redhat.java-1.43.1-win32-x64\jre\21.0.7-win32-x86_64\bin\jli.dll
0x00007ffff60d0000 - 0x00007ffff626d000 	C:\Windows\System32\USER32.dll
0x00007ffff5a90000 - 0x00007ffff5ab2000 	C:\Windows\System32\win32u.dll
0x00007ffff7c80000 - 0x00007ffff7cab000 	C:\Windows\System32\GDI32.dll
0x00007ffff5620000 - 0x00007ffff5739000 	C:\Windows\System32\gdi32full.dll
0x00007ffff5bf0000 - 0x00007ffff5c8d000 	C:\Windows\System32\msvcp_win.dll
0x00007fffde5c0000 - 0x00007fffde5de000 	c:\Users\PC\.vscode\extensions\redhat.java-1.43.1-win32-x64\jre\21.0.7-win32-x86_64\bin\VCRUNTIME140.dll
0x00007fffdefd0000 - 0x00007fffdf26a000 	C:\Windows\WinSxS\amd64_microsoft.windows.common-controls_6595b64144ccf1df_6.0.19041.5915_none_60b4b9d171f9c7c7\COMCTL32.dll
0x00007ffff6340000 - 0x00007ffff63de000 	C:\Windows\System32\msvcrt.dll
0x00007ffff5f10000 - 0x00007ffff5f3f000 	C:\Windows\System32\IMM32.DLL
0x00007fffd32b0000 - 0x00007fffd33a2000 	C:\Program Files\Windhawk\Engine\1.6.1\64\windhawk.dll
0x00007ffff66a0000 - 0x00007ffff6751000 	C:\Windows\System32\ADVAPI32.dll
0x00007ffff5d10000 - 0x00007ffff5daf000 	C:\Windows\System32\sechost.dll
0x00007ffff7230000 - 0x00007ffff7353000 	C:\Windows\System32\RPCRT4.dll
0x00007ffff5ac0000 - 0x00007ffff5ae7000 	C:\Windows\System32\bcrypt.dll
0x00007fffd2870000 - 0x00007fffd2888000 	C:\ProgramData\Windhawk\Engine\Mods\64\remove-ms-store-open-with_1.0.0_410510.dll
0x00007ffff7360000 - 0x00007ffff7ace000 	C:\Windows\System32\shell32.dll
0x00007fffd2850000 - 0x00007fffd2868000 	C:\ProgramData\Windhawk\Engine\Mods\64\dark-menus_1.2_337485.dll
0x00007ffff2c90000 - 0x00007ffff2d2e000 	C:\Windows\SYSTEM32\uxtheme.dll
0x00007ffff6cb0000 - 0x00007ffff7003000 	C:\Windows\System32\combase.dll
0x00007fffd2830000 - 0x00007fffd2849000 	C:\ProgramData\Windhawk\Engine\Mods\64\eradicate-immersive-menus_1.1.0_984086.dll
0x00007fffd2640000 - 0x00007fffd27e9000 	C:\ProgramData\Windhawk\Engine\Mods\64\libc++.whl
0x00007fffd27f0000 - 0x00007fffd282a000 	C:\ProgramData\Windhawk\Engine\Mods\64\libunwind.whl
0x00007fffd23d0000 - 0x00007fffd2628000 	C:\Windows\SYSTEM32\ExplorerFrame.dll
0x00007ffff64d0000 - 0x00007ffff657d000 	C:\Windows\System32\SHCORE.dll
0x00007ffff6580000 - 0x00007ffff65db000 	C:\Windows\System32\SHLWAPI.dll
0x00007ffff18c0000 - 0x00007ffff1e80000 	C:\Windows\SYSTEM32\d2d1.dll
0x00007fffd23a0000 - 0x00007fffd23c6000 	C:\ProgramData\Windhawk\Engine\Mods\64\slick-window-arrangement_455580.dll
0x00007ffff2da0000 - 0x00007ffff2dcf000 	C:\Windows\SYSTEM32\dwmapi.dll
0x00007fffd2140000 - 0x00007fffd22e9000 	C:\ProgramData\Windhawk\Engine\Mods\64\libc++.dll
0x00007fffd2100000 - 0x00007fffd213a000 	C:\ProgramData\Windhawk\Engine\Mods\64\libunwind.dll
0x00007fffd1be0000 - 0x00007fffd1bfd000 	C:\ProgramData\Windhawk\Engine\Mods\64\modernize-folder-picker-dialog_1.0.0_154629.dll
0x00007ffff7ad0000 - 0x00007ffff7bfb000 	C:\Windows\System32\ole32.dll
0x00007fffd1bc0000 - 0x00007fffd1bdb000 	C:\ProgramData\Windhawk\Engine\Mods\64\msg-box-font-fix_2.1.1_295034.dll
0x00007fffe4a30000 - 0x00007fffe4a3c000 	c:\Users\PC\.vscode\extensions\redhat.java-1.43.1-win32-x64\jre\21.0.7-win32-x86_64\bin\vcruntime140_1.dll
0x00007fffcb4a0000 - 0x00007fffcb52d000 	c:\Users\PC\.vscode\extensions\redhat.java-1.43.1-win32-x64\jre\21.0.7-win32-x86_64\bin\msvcp140.dll
0x00007fff83ac0000 - 0x00007fff84850000 	c:\Users\PC\.vscode\extensions\redhat.java-1.43.1-win32-x64\jre\21.0.7-win32-x86_64\bin\server\jvm.dll
0x00007ffff6460000 - 0x00007ffff64cb000 	C:\Windows\System32\WS2_32.dll
0x00007ffff5130000 - 0x00007ffff517b000 	C:\Windows\SYSTEM32\POWRPROF.dll
0x00007fffea7b0000 - 0x00007fffea7d7000 	C:\Windows\SYSTEM32\WINMM.dll
0x00007fffe4fe0000 - 0x00007fffe4fea000 	C:\Windows\SYSTEM32\VERSION.dll
0x00007ffff5110000 - 0x00007ffff5122000 	C:\Windows\SYSTEM32\UMPDC.dll
0x00007ffff3180000 - 0x00007ffff3192000 	C:\Windows\SYSTEM32\kernel.appcore.dll
0x00007fffde350000 - 0x00007fffde35a000 	c:\Users\PC\.vscode\extensions\redhat.java-1.43.1-win32-x64\jre\21.0.7-win32-x86_64\bin\jimage.dll
0x00007fffeaa40000 - 0x00007fffeac41000 	C:\Windows\SYSTEM32\DBGHELP.DLL
0x00007fffe4f90000 - 0x00007fffe4fc4000 	C:\Windows\SYSTEM32\dbgcore.DLL
0x00007ffff5590000 - 0x00007ffff5612000 	C:\Windows\System32\bcryptPrimitives.dll
0x00007fffde340000 - 0x00007fffde34f000 	c:\Users\PC\.vscode\extensions\redhat.java-1.43.1-win32-x64\jre\21.0.7-win32-x86_64\bin\instrument.dll
0x00007fffde270000 - 0x00007fffde28f000 	c:\Users\PC\.vscode\extensions\redhat.java-1.43.1-win32-x64\jre\21.0.7-win32-x86_64\bin\java.dll
0x00007ffff33a0000 - 0x00007ffff3b44000 	C:\Windows\SYSTEM32\windows.storage.dll
0x00007ffff4c00000 - 0x00007ffff4c2b000 	C:\Windows\SYSTEM32\Wldp.dll
0x00007ffff6270000 - 0x00007ffff633d000 	C:\Windows\System32\OLEAUT32.dll
0x00007ffff52b0000 - 0x00007ffff52d5000 	C:\Windows\SYSTEM32\profapi.dll
0x00007fffde150000 - 0x00007fffde168000 	c:\Users\PC\.vscode\extensions\redhat.java-1.43.1-win32-x64\jre\21.0.7-win32-x86_64\bin\zip.dll
0x00007fffde330000 - 0x00007fffde340000 	C:\Users\PC\.vscode\extensions\redhat.java-1.43.1-win32-x64\jre\21.0.7-win32-x86_64\bin\net.dll
0x00007fffef150000 - 0x00007fffef25a000 	C:\Windows\SYSTEM32\WINHTTP.dll
0x00007ffff49e0000 - 0x00007ffff4a4a000 	C:\Windows\system32\mswsock.dll
0x00007fffde220000 - 0x00007fffde236000 	C:\Users\PC\.vscode\extensions\redhat.java-1.43.1-win32-x64\jre\21.0.7-win32-x86_64\bin\nio.dll
0x00007fffde200000 - 0x00007fffde210000 	c:\Users\PC\.vscode\extensions\redhat.java-1.43.1-win32-x64\jre\21.0.7-win32-x86_64\bin\verify.dll
0x00007fffca6a0000 - 0x00007fffca6e5000 	C:\Users\PC\AppData\Roaming\Code\User\globalStorage\redhat.java\1.43.1\config_win\org.eclipse.equinox.launcher\org.eclipse.equinox.launcher.win32.win32.x86_64_1.2.1300.v20250331-1702\eclipse_11911.dll
0x00007ffff4c40000 - 0x00007ffff4c58000 	C:\Windows\SYSTEM32\CRYPTSP.dll
0x00007ffff4320000 - 0x00007ffff4358000 	C:\Windows\system32\rsaenh.dll
0x00007ffff5270000 - 0x00007ffff529e000 	C:\Windows\SYSTEM32\USERENV.dll
0x00007ffff4b70000 - 0x00007ffff4b7c000 	C:\Windows\SYSTEM32\CRYPTBASE.dll
0x00007ffff46e0000 - 0x00007ffff471b000 	C:\Windows\SYSTEM32\IPHLPAPI.DLL
0x00007ffff7070000 - 0x00007ffff7078000 	C:\Windows\System32\NSI.dll
0x00007fffc8620000 - 0x00007fffc8669000 	C:\Users\PC\AppData\Local\Temp\jna-2547\jna5066810886594332584.dll
0x000001ae52100000 - 0x000001ae52108000 	C:\Windows\System32\PSAPI.DLL
0x00007fffecbc0000 - 0x00007fffecbd7000 	C:\Windows\SYSTEM32\dhcpcsvc6.DLL
0x00007fffed2c0000 - 0x00007fffed2dd000 	C:\Windows\SYSTEM32\dhcpcsvc.DLL

dbghelp: loaded successfully - version: 4.0.5 - missing functions: none
symbol engine: initialized successfully - sym options: 0x614 - pdb path: .;c:\Users\PC\.vscode\extensions\redhat.java-1.43.1-win32-x64\jre\21.0.7-win32-x86_64\bin;C:\Windows\SYSTEM32;C:\Windows\WinSxS\amd64_microsoft.windows.common-controls_6595b64144ccf1df_6.0.19041.5915_none_60b4b9d171f9c7c7;C:\Program Files\Windhawk\Engine\1.6.1\64;C:\ProgramData\Windhawk\Engine\Mods\64;c:\Users\PC\.vscode\extensions\redhat.java-1.43.1-win32-x64\jre\21.0.7-win32-x86_64\bin\server;C:\Users\PC\AppData\Roaming\Code\User\globalStorage\redhat.java\1.43.1\config_win\org.eclipse.equinox.launcher\org.eclipse.equinox.launcher.win32.win32.x86_64_1.2.1300.v20250331-1702;C:\Users\PC\AppData\Local\Temp\jna-2547

VM Arguments:
jvm_args: --add-modules=ALL-SYSTEM --add-opens=java.base/java.util=ALL-UNNAMED --add-opens=java.base/java.lang=ALL-UNNAMED --add-opens=java.base/sun.nio.fs=ALL-UNNAMED -Declipse.application=org.eclipse.jdt.ls.core.id1 -Dosgi.bundles.defaultStartLevel=4 -Declipse.product=org.eclipse.jdt.ls.core.product -Djava.import.generatesMetadataFilesAtProjectRoot=false -DDetectVMInstallationsJob.disabled=true -Dfile.encoding=utf8 -XX:+UseParallelGC -XX:GCTimeRatio=4 -XX:AdaptiveSizePolicyWeight=90 -Dsun.zip.disableMemoryMapping=true -Xmx2G -Xms100m -Xlog:disable -javaagent:c:\Users\PC\.vscode\extensions\redhat.java-1.43.1-win32-x64\lombok\lombok-1.18.39-4050.jar -XX:+HeapDumpOnOutOfMemoryError -XX:HeapDumpPath=c:\Users\PC\AppData\Roaming\Code\User\workspaceStorage\009dd066dbfd86fb48ec25db317acb20\redhat.java -Daether.dependencyCollector.impl=bf 
java_command: c:\Users\PC\.vscode\extensions\redhat.java-1.43.1-win32-x64\server\plugins\org.eclipse.equinox.launcher_1.7.0.v20250519-0528.jar -configuration c:\Users\PC\AppData\Roaming\Code\User\globalStorage\redhat.java\1.43.1\config_win -data c:\Users\PC\AppData\Roaming\Code\User\workspaceStorage\009dd066dbfd86fb48ec25db317acb20\redhat.java\jdt_ws --pipe=\\.\pipe\lsp-f446c764f614c3ccb1afd068331e5201-sock
java_class_path (initial): c:\Users\PC\.vscode\extensions\redhat.java-1.43.1-win32-x64\server\plugins\org.eclipse.equinox.launcher_1.7.0.v20250519-0528.jar
Launcher Type: SUN_STANDARD

[Global flags]
    uintx AdaptiveSizePolicyWeight                 = 90                                        {product} {command line}
     intx CICompilerCount                          = 4                                         {product} {ergonomic}
    uintx GCTimeRatio                              = 4                                         {product} {command line}
     bool HeapDumpOnOutOfMemoryError               = true                                   {manageable} {command line}
    ccstr HeapDumpPath                             = c:\Users\PC\AppData\Roaming\Code\User\workspaceStorage\009dd066dbfd86fb48ec25db317acb20\redhat.java         {manageable} {command line}
   size_t InitialHeapSize                          = 104857600                                 {product} {command line}
   size_t MaxHeapSize                              = 2147483648                                {product} {command line}
   size_t MaxNewSize                               = 715653120                                 {product} {ergonomic}
   size_t MinHeapDeltaBytes                        = 524288                                    {product} {ergonomic}
   size_t MinHeapSize                              = 104857600                                 {product} {command line}
   size_t NewSize                                  = 34603008                                  {product} {ergonomic}
    uintx NonNMethodCodeHeapSize                   = 5839372                                {pd product} {ergonomic}
    uintx NonProfiledCodeHeapSize                  = 122909434                              {pd product} {ergonomic}
   size_t OldSize                                  = 70254592                                  {product} {ergonomic}
    uintx ProfiledCodeHeapSize                     = 122909434                              {pd product} {ergonomic}
    uintx ReservedCodeCacheSize                    = 251658240                              {pd product} {ergonomic}
     bool SegmentedCodeCache                       = true                                      {product} {ergonomic}
   size_t SoftMaxHeapSize                          = 2147483648                             {manageable} {ergonomic}
     bool UseCompressedOops                        = true                           {product lp64_product} {ergonomic}
     bool UseLargePagesIndividualAllocation        = false                                  {pd product} {ergonomic}
     bool UseParallelGC                            = true                                      {product} {command line}

Logging:
Log output configuration:
 #0: stdout all=off uptime,level,tags foldmultilines=false
 #1: stderr all=off uptime,level,tags foldmultilines=false

Environment Variables:
PATH=C:\Program Files\Common Files\Oracle\Java\javapath;C:\Program Files (x86)\Common Files\Oracle\Java\javapath;C:\Windows\system32;C:\Windows;C:\Windows\System32\Wbem;C:\Windows\System32\WindowsPowerShell\v1.0\;C:\Windows\System32\OpenSSH\;C:\Program Files\dotnet\;C:\Program Files\Git\cmd;D:\Program Files\CMake\bin;C:\Program Files (x86)\Microsoft SQL Server\160\Tools\Binn\;C:\Program Files\Microsoft SQL Server\160\Tools\Binn\;C:\Program Files\Microsoft SQL Server\Client SDK\ODBC\170\Tools\Binn\;C:\Program Files\Microsoft SQL Server\160\DTS\Binn\;C:\Program Files (x86)\Microsoft SQL Server\160\DTS\Binn\;C:\Program Files\Cloudflare\Cloudflare WARP\;C:\Program Files\nodejs\;C:\ProgramData\chocolatey\bin;C:\Program Files\Docker\Docker\resources\bin;C:\Users\PC\AppData\Local\Programs\Python\Python313\;C:\Users\PC\AppData\Local\Programs\Python\Python313\Scripts;C:\Users\PC\AppData\Local\Packages\PythonSoftwareFoundation.Python.3.13_qbz5n2kfra8p0\LocalCache\local-packages\Python313\Scripts;C:\Users\PC\AppData\Local\Programs\Python\Launcher\;C:\Users\PC\AppData\Local\Microsoft\WindowsApps;D:\Program Files\VSCode\bin;C:\Users\PC\AppData\Local\GitHubDesktop\bin;C:\Users\PC\AppData\Roaming\npm;D:\Program Files\cursor\resources\app\bin
USERNAME=PC
OS=Windows_NT
PROCESSOR_IDENTIFIER=AMD64 Family 25 Model 80 Stepping 0, AuthenticAMD
TMP=C:\Users\PC\AppData\Local\Temp
TEMP=C:\Users\PC\AppData\Local\Temp




Periodic native trim disabled

---------------  S Y S T E M  ---------------

OS:
 Windows 10 , 64 bit Build 19041 (10.0.19041.5915)
OS uptime: 0 days 5:14 hours
Hyper-V role detected

CPU: total 12 (initial active 12) (12 cores per cpu, 2 threads per core) family 25 model 80 stepping 0 microcode 0x0, cx8, cmov, fxsr, ht, mmx, 3dnowpref, sse, sse2, sse3, ssse3, sse4a, sse4.1, sse4.2, popcnt, lzcnt, tsc, tscinvbit, avx, avx2, aes, erms, clmul, bmi1, bmi2, adx, sha, fma, vzeroupper, clflush, clflushopt, hv, rdtscp, rdpid, fsrm, f16c, cet_ss
Processor Information for the first 12 processors :
  Max Mhz: 3301, Current Mhz: 3301, Mhz Limit: 3301

Memory: 4k page, system-wide physical 15752M (838M free)
TotalPageFile size 41969M (AvailPageFile size 16M)
current process WorkingSet (physical memory assigned to process): 426M, peak: 428M
current process commit charge ("private bytes"): 465M, peak: 467M

vm_info: OpenJDK 64-Bit Server VM (21.0.7+6-LTS) for windows-amd64 JRE (21.0.7+6-LTS), built on 2025-04-15T00:00:00Z by "admin" with MS VC++ 17.7 (VS2022)

END.
