#
# There is insufficient memory for the Java Runtime Environment to continue.
# Native memory allocation (malloc) failed to allocate 784736 bytes for Chunk::new
# Possible reasons:
#   The system is out of physical RAM or swap space
#   The process is running with CompressedOops enabled, and the Java Heap may be blocking the growth of the native heap
# Possible solutions:
#   Reduce memory load on the system
#   Increase physical memory or swap space
#   Check if swap backing store is full
#   Decrease Java heap size (-Xmx/-Xms)
#   Decrease number of Java threads
#   Decrease Java thread stack sizes (-Xss)
#   Set larger code cache with -XX:ReservedCodeCacheSize=
#   JVM is running with Zero Based Compressed Oops mode in which the Java heap is
#     placed in the first 32GB address space. The Java Heap base address is the
#     maximum limit for the native heap growth. Please use -XX:HeapBaseMinAddress
#     to set the Java Heap base and to place the Java Heap above 32GB virtual address.
# This output file may be truncated or incomplete.
#
#  Out of Memory Error (arena.cpp:189), pid=15892, tid=12708
#
# JRE version: Java(TM) SE Runtime Environment (17.0.12+8) (build 17.0.12+8-LTS-286)
# Java VM: Java HotSpot(TM) 64-Bit Server VM (17.0.12+8-LTS-286, mixed mode, sharing, tiered, compressed oops, compressed class ptrs, g1 gc, windows-amd64)
# No core dump will be written. Minidumps are not enabled by default on client versions of Windows
#

---------------  S U M M A R Y ------------

Command Line: -agentlib:jdwp=transport=dt_socket,server=n,suspend=y,address=localhost:61628 -XX:+ShowCodeDetailsInExceptionMessages com.hivclinic.HivClinicBackendApplication

Host: AMD Ryzen 5 5600H with Radeon Graphics         , 12 cores, 15G,  Windows 10 , 64 bit Build 19041 (10.0.19041.5915)
Time: Fri Jul  4 16:34:20 2025 SE Asia Standard Time elapsed time: 10.453014 seconds (0d 0h 0m 10s)

---------------  T H R E A D  ---------------

Current thread (0x00000247e82a51a0):  JavaThread "C2 CompilerThread1" daemon [_thread_in_native, id=12708, stack(0x000000b2cbb00000,0x000000b2cbc00000)]


Current CompileTask:
C2:  10454 6831       4       org.antlr.v4.runtime.atn.PredictionContext::getCachedContext (261 bytes)

Stack: [0x000000b2cbb00000,0x000000b2cbc00000]
Native frames: (J=compiled Java code, j=interpreted, Vv=VM code, C=native code)
V  [jvm.dll+0x67a04a]
V  [jvm.dll+0x7da4ed]
V  [jvm.dll+0x7dbe33]
V  [jvm.dll+0x7dc4a3]
V  [jvm.dll+0x24508f]
V  [jvm.dll+0xab773]
V  [jvm.dll+0xabd3c]
V  [jvm.dll+0x2aa52f]
V  [jvm.dll+0x581eb9]
V  [jvm.dll+0x21f422]
V  [jvm.dll+0x21f81f]
V  [jvm.dll+0x218aa0]
V  [jvm.dll+0x215b65]
V  [jvm.dll+0x1a2960]
V  [jvm.dll+0x22610b]
V  [jvm.dll+0x2242ab]
V  [jvm.dll+0x79075c]
V  [jvm.dll+0x78abea]
V  [jvm.dll+0x678f35]
C  [ucrtbase.dll+0x21bb2]
C  [KERNEL32.DLL+0x17374]
C  [ntdll.dll+0x4cc91]


---------------  P R O C E S S  ---------------

Threads class SMR info:
_java_thread_list=0x00000247efcfdf60, length=33, elements={
0x00000247e8093b90, 0x00000247e80954d0, 0x00000247e80a6be0, 0x00000247e80a74b0,
0x00000247e80a8d90, 0x00000247e80ad220, 0x00000247e80ba850, 0x00000247e80bb160,
0x00000247e80c0640, 0x00000247e82210c0, 0x00000247e8221990, 0x00000247e8225e90,
0x00000247e822aa60, 0x00000247e8238990, 0x00000247f3611c10, 0x00000247efa72040,
0x00000247e82a51a0, 0x00000247efb10090, 0x00000247efb10fc0, 0x00000247efb0fb80,
0x00000247f1cc59e0, 0x00000247f1cc2230, 0x00000247f1cc3160, 0x00000247f1cbfec0,
0x00000247f1cc5ef0, 0x00000247f1cc4ab0, 0x00000247f1cc45a0, 0x00000247f1cc2c50,
0x00000247f1cc0df0, 0x00000247f1cc7840, 0x00000247f1cc1300, 0x00000247f1cc4fc0,
0x00000247f1cc03d0
}

Java Threads: ( => current thread )
  0x00000247e8093b90 JavaThread "Reference Handler" daemon [_thread_blocked, id=22636, stack(0x000000b2cac00000,0x000000b2cad00000)]
  0x00000247e80954d0 JavaThread "Finalizer" daemon [_thread_blocked, id=23300, stack(0x000000b2cad00000,0x000000b2cae00000)]
  0x00000247e80a6be0 JavaThread "Signal Dispatcher" daemon [_thread_blocked, id=19972, stack(0x000000b2cae00000,0x000000b2caf00000)]
  0x00000247e80a74b0 JavaThread "Attach Listener" daemon [_thread_blocked, id=14372, stack(0x000000b2caf00000,0x000000b2cb000000)]
  0x00000247e80a8d90 JavaThread "Service Thread" daemon [_thread_blocked, id=22852, stack(0x000000b2cb000000,0x000000b2cb100000)]
  0x00000247e80ad220 JavaThread "Monitor Deflation Thread" daemon [_thread_blocked, id=22152, stack(0x000000b2cb100000,0x000000b2cb200000)]
  0x00000247e80ba850 JavaThread "C2 CompilerThread0" daemon [_thread_in_native, id=1756, stack(0x000000b2cb200000,0x000000b2cb300000)]
  0x00000247e80bb160 JavaThread "C1 CompilerThread0" daemon [_thread_blocked, id=23144, stack(0x000000b2cb300000,0x000000b2cb400000)]
  0x00000247e80c0640 JavaThread "Sweeper thread" daemon [_thread_blocked, id=22640, stack(0x000000b2cb400000,0x000000b2cb500000)]
  0x00000247e82210c0 JavaThread "JDWP Transport Listener: dt_socket" daemon [_thread_blocked, id=21224, stack(0x000000b2cb500000,0x000000b2cb600000)]
  0x00000247e8221990 JavaThread "JDWP Event Helper Thread" daemon [_thread_blocked, id=16648, stack(0x000000b2cb600000,0x000000b2cb700000)]
  0x00000247e8225e90 JavaThread "JDWP Command Reader" daemon [_thread_in_native, id=20040, stack(0x000000b2cb700000,0x000000b2cb800000)]
  0x00000247e822aa60 JavaThread "Notification Thread" daemon [_thread_blocked, id=12796, stack(0x000000b2cb800000,0x000000b2cb900000)]
  0x00000247e8238990 JavaThread "Common-Cleaner" daemon [_thread_blocked, id=22556, stack(0x000000b2cba00000,0x000000b2cbb00000)]
  0x00000247f3611c10 JavaThread "mssql-jdbc-shared-timer-core-0" daemon [_thread_blocked, id=4720, stack(0x000000b2cc600000,0x000000b2cc700000)]
  0x00000247efa72040 JavaThread "HikariPool-1 housekeeper" daemon [_thread_blocked, id=21876, stack(0x000000b2cca00000,0x000000b2ccb00000)]
=>0x00000247e82a51a0 JavaThread "C2 CompilerThread1" daemon [_thread_in_native, id=12708, stack(0x000000b2cbb00000,0x000000b2cbc00000)]
  0x00000247efb10090 JavaThread "Catalina-utility-1" [_thread_blocked, id=22908, stack(0x000000b2ccc00000,0x000000b2ccd00000)]
  0x00000247efb10fc0 JavaThread "Catalina-utility-2" [_thread_blocked, id=20224, stack(0x000000b2ccd00000,0x000000b2cce00000)]
  0x00000247efb0fb80 JavaThread "container-0" [_thread_blocked, id=14720, stack(0x000000b2cce00000,0x000000b2ccf00000)]
  0x00000247f1cc59e0 JavaThread "http-nio-8080-exec-1" daemon [_thread_blocked, id=8100, stack(0x000000b2ccf00000,0x000000b2cd000000)]
  0x00000247f1cc2230 JavaThread "http-nio-8080-exec-2" daemon [_thread_blocked, id=2568, stack(0x000000b2cd000000,0x000000b2cd100000)]
  0x00000247f1cc3160 JavaThread "http-nio-8080-exec-3" daemon [_thread_blocked, id=23236, stack(0x000000b2cd100000,0x000000b2cd200000)]
  0x00000247f1cbfec0 JavaThread "http-nio-8080-exec-4" daemon [_thread_blocked, id=6916, stack(0x000000b2cd200000,0x000000b2cd300000)]
  0x00000247f1cc5ef0 JavaThread "http-nio-8080-exec-5" daemon [_thread_blocked, id=20168, stack(0x000000b2cd300000,0x000000b2cd400000)]
  0x00000247f1cc4ab0 JavaThread "http-nio-8080-exec-6" daemon [_thread_blocked, id=6780, stack(0x000000b2cd400000,0x000000b2cd500000)]
  0x00000247f1cc45a0 JavaThread "http-nio-8080-exec-7" daemon [_thread_blocked, id=10392, stack(0x000000b2cd500000,0x000000b2cd600000)]
  0x00000247f1cc2c50 JavaThread "http-nio-8080-exec-8" daemon [_thread_blocked, id=20108, stack(0x000000b2cd600000,0x000000b2cd700000)]
  0x00000247f1cc0df0 JavaThread "http-nio-8080-exec-9" daemon [_thread_blocked, id=18628, stack(0x000000b2cd700000,0x000000b2cd800000)]
  0x00000247f1cc7840 JavaThread "http-nio-8080-exec-10" daemon [_thread_blocked, id=14904, stack(0x000000b2cd800000,0x000000b2cd900000)]
  0x00000247f1cc1300 JavaThread "http-nio-8080-Poller" daemon [_thread_in_native, id=20888, stack(0x000000b2cd900000,0x000000b2cda00000)]
  0x00000247f1cc4fc0 JavaThread "http-nio-8080-Acceptor" daemon [_thread_in_native, id=22620, stack(0x000000b2cda00000,0x000000b2cdb00000)]
  0x00000247f1cc03d0 JavaThread "DestroyJavaVM" [_thread_blocked, id=23536, stack(0x000000b2ca500000,0x000000b2ca600000)]

Other Threads:
  0x00000247e808ee70 VMThread "VM Thread" [stack: 0x000000b2cab00000,0x000000b2cac00000] [id=21388]
  0x000002479b0cd970 WatcherThread [stack: 0x000000b2cb900000,0x000000b2cba00000] [id=21488]
  0x000002479b0beab0 GCTaskThread "GC Thread#0" [stack: 0x000000b2ca600000,0x000000b2ca700000] [id=18904]
  0x00000247ed49fa40 GCTaskThread "GC Thread#1" [stack: 0x000000b2cbc00000,0x000000b2cbd00000] [id=21312]
  0x00000247ed9101a0 GCTaskThread "GC Thread#2" [stack: 0x000000b2cbd00000,0x000000b2cbe00000] [id=23164]
  0x00000247ed9f8060 GCTaskThread "GC Thread#3" [stack: 0x000000b2cbe00000,0x000000b2cbf00000] [id=21352]
  0x00000247ed9f8320 GCTaskThread "GC Thread#4" [stack: 0x000000b2cbf00000,0x000000b2cc000000] [id=4548]
  0x00000247ed4cbd40 GCTaskThread "GC Thread#5" [stack: 0x000000b2cc000000,0x000000b2cc100000] [id=20864]
  0x00000247ed4cc000 GCTaskThread "GC Thread#6" [stack: 0x000000b2cc100000,0x000000b2cc200000] [id=17644]
  0x00000247eed71d00 GCTaskThread "GC Thread#7" [stack: 0x000000b2cc300000,0x000000b2cc400000] [id=228]
  0x00000247eddfc720 GCTaskThread "GC Thread#8" [stack: 0x000000b2cc400000,0x000000b2cc500000] [id=22624]
  0x00000247eee49d50 GCTaskThread "GC Thread#9" [stack: 0x000000b2cc500000,0x000000b2cc600000] [id=19508]
  0x000002479b0c6af0 ConcurrentGCThread "G1 Main Marker" [stack: 0x000000b2ca700000,0x000000b2ca800000] [id=7624]
  0x0000024783b3dcf0 ConcurrentGCThread "G1 Conc#0" [stack: 0x000000b2ca800000,0x000000b2ca900000] [id=19424]
  0x00000247eeffc6a0 ConcurrentGCThread "G1 Conc#1" [stack: 0x000000b2cc200000,0x000000b2cc300000] [id=20524]
  0x00000247eeffb360 ConcurrentGCThread "G1 Conc#2" [stack: 0x000000b2cc700000,0x000000b2cc800000] [id=6612]
  0x000002479b1c5170 ConcurrentGCThread "G1 Refine#0" [stack: 0x000000b2ca900000,0x000000b2caa00000] [id=22352]
  0x00000247ee39d6e0 ConcurrentGCThread "G1 Refine#1" [stack: 0x000000b2cc800000,0x000000b2cc900000] [id=12336]
  0x000002479b1c59b0 ConcurrentGCThread "G1 Service" [stack: 0x000000b2caa00000,0x000000b2cab00000] [id=21252]

Threads with active compile tasks:
C2 CompilerThread0    10506 6185       4       jdk.internal.org.objectweb.asm.Frame::merge (395 bytes)
C2 CompilerThread1    10506 6831       4       org.antlr.v4.runtime.atn.PredictionContext::getCachedContext (261 bytes)

VM state: not at safepoint (normal execution)

VM Mutex/Monitor currently owned by a thread: None

Heap address: 0x0000000709c00000, size: 3940 MB, Compressed Oops mode: Zero based, Oop shift amount: 3

CDS archive(s) mapped at: [0x00000247a7000000-0x00000247a7bd0000-0x00000247a7bd0000), size 12386304, SharedBaseAddress: 0x00000247a7000000, ArchiveRelocationMode: 1.
Compressed class space mapped at: 0x00000247a8000000-0x00000247e8000000, reserved size: 1073741824
Narrow klass base: 0x00000247a7000000, Narrow klass shift: 0, Narrow klass range: 0x100000000

GC Precious Log:
 CPUs: 12 total, 12 available
 Memory: 15752M
 Large Page Support: Disabled
 NUMA Support: Disabled
 Compressed Oops: Enabled (Zero based)
 Heap Region Size: 2M
 Heap Min Capacity: 8M
 Heap Initial Capacity: 248M
 Heap Max Capacity: 3940M
 Pre-touch: Disabled
 Parallel Workers: 10
 Concurrent Workers: 3
 Concurrent Refinement Workers: 10
 Periodic GC: Disabled

Heap:
 garbage-first heap   total 122880K, used 95241K [0x0000000709c00000, 0x0000000800000000)
  region size 2048K, 34 young (69632K), 3 survivors (6144K)
 Metaspace       used 75373K, committed 75968K, reserved 1179648K
  class space    used 10214K, committed 10496K, reserved 1048576K

Heap Regions: E=young(eden), S=young(survivor), O=old, HS=humongous(starts), HC=humongous(continues), CS=collection set, F=free, OA=open archive, CA=closed archive, TAMS=top-at-mark-start (previous, next)
|   0|0x0000000709c00000, 0x0000000709e00000, 0x0000000709e00000|100%| O|  |TAMS 0x0000000709e00000, 0x0000000709c00000| Untracked 
|   1|0x0000000709e00000, 0x000000070a000000, 0x000000070a000000|100%| O|  |TAMS 0x000000070a000000, 0x0000000709e00000| Untracked 
|   2|0x000000070a000000, 0x000000070a200000, 0x000000070a200000|100%| O|  |TAMS 0x000000070a200000, 0x000000070a000000| Untracked 
|   3|0x000000070a200000, 0x000000070a400000, 0x000000070a400000|100%| O|  |TAMS 0x000000070a400000, 0x000000070a200000| Untracked 
|   4|0x000000070a400000, 0x000000070a600000, 0x000000070a600000|100%| O|  |TAMS 0x000000070a600000, 0x000000070a400000| Untracked 
|   5|0x000000070a600000, 0x000000070a800000, 0x000000070a800000|100%| O|  |TAMS 0x000000070a800000, 0x000000070a600000| Untracked 
|   6|0x000000070a800000, 0x000000070aa00000, 0x000000070aa00000|100%| O|  |TAMS 0x000000070aa00000, 0x000000070a800000| Untracked 
|   7|0x000000070aa00000, 0x000000070ac00000, 0x000000070ac00000|100%| O|  |TAMS 0x000000070ac00000, 0x000000070aa00000| Untracked 
|   8|0x000000070ac00000, 0x000000070ae00000, 0x000000070ae00000|100%| O|  |TAMS 0x000000070ac00000, 0x000000070ac00000| Untracked 
|   9|0x000000070ae00000, 0x000000070b000000, 0x000000070b000000|100%| O|  |TAMS 0x000000070b000000, 0x000000070ae00000| Untracked 
|  10|0x000000070b000000, 0x000000070b200000, 0x000000070b200000|100%| O|  |TAMS 0x000000070b200000, 0x000000070b000000| Untracked 
|  11|0x000000070b200000, 0x000000070b400000, 0x000000070b400000|100%| O|  |TAMS 0x000000070b3f8a00, 0x000000070b200000| Untracked 
|  12|0x000000070b400000, 0x000000070b600000, 0x000000070b600000|100%| O|  |TAMS 0x000000070b400000, 0x000000070b400000| Untracked 
|  13|0x000000070b600000, 0x000000070b702400, 0x000000070b800000| 50%| O|  |TAMS 0x000000070b600000, 0x000000070b600000| Untracked 
|  14|0x000000070b800000, 0x000000070b800000, 0x000000070ba00000|  0%| F|  |TAMS 0x000000070b800000, 0x000000070b800000| Untracked 
|  15|0x000000070ba00000, 0x000000070ba00000, 0x000000070bc00000|  0%| F|  |TAMS 0x000000070ba00000, 0x000000070ba00000| Untracked 
|  16|0x000000070bc00000, 0x000000070bc00000, 0x000000070be00000|  0%| F|  |TAMS 0x000000070bc00000, 0x000000070bc00000| Untracked 
|  17|0x000000070be00000, 0x000000070be00000, 0x000000070c000000|  0%| F|  |TAMS 0x000000070be00000, 0x000000070be00000| Untracked 
|  18|0x000000070c000000, 0x000000070c000000, 0x000000070c200000|  0%| F|  |TAMS 0x000000070c000000, 0x000000070c000000| Untracked 
|  19|0x000000070c200000, 0x000000070c200000, 0x000000070c400000|  0%| F|  |TAMS 0x000000070c200000, 0x000000070c200000| Untracked 
|  20|0x000000070c400000, 0x000000070c400000, 0x000000070c600000|  0%| F|  |TAMS 0x000000070c400000, 0x000000070c400000| Untracked 
|  21|0x000000070c600000, 0x000000070c600000, 0x000000070c800000|  0%| F|  |TAMS 0x000000070c600000, 0x000000070c600000| Untracked 
|  22|0x000000070c800000, 0x000000070ca00000, 0x000000070ca00000|100%| S|CS|TAMS 0x000000070c800000, 0x000000070c800000| Complete 
|  23|0x000000070ca00000, 0x000000070cc00000, 0x000000070cc00000|100%| S|CS|TAMS 0x000000070ca00000, 0x000000070ca00000| Complete 
|  24|0x000000070cc00000, 0x000000070ce00000, 0x000000070ce00000|100%| S|CS|TAMS 0x000000070cc00000, 0x000000070cc00000| Complete 
|  25|0x000000070ce00000, 0x000000070ce00000, 0x000000070d000000|  0%| F|  |TAMS 0x000000070ce00000, 0x000000070ce00000| Untracked 
|  26|0x000000070d000000, 0x000000070d000000, 0x000000070d200000|  0%| F|  |TAMS 0x000000070d000000, 0x000000070d000000| Untracked 
|  27|0x000000070d200000, 0x000000070d200000, 0x000000070d400000|  0%| F|  |TAMS 0x000000070d200000, 0x000000070d200000| Untracked 
|  28|0x000000070d400000, 0x000000070d400000, 0x000000070d600000|  0%| F|  |TAMS 0x000000070d400000, 0x000000070d400000| Untracked 
|  29|0x000000070d600000, 0x000000070d657678, 0x000000070d800000| 17%| E|  |TAMS 0x000000070d600000, 0x000000070d600000| Complete 
|  30|0x000000070d800000, 0x000000070da00000, 0x000000070da00000|100%| E|CS|TAMS 0x000000070d800000, 0x000000070d800000| Complete 
|  31|0x000000070da00000, 0x000000070dc00000, 0x000000070dc00000|100%| E|CS|TAMS 0x000000070da00000, 0x000000070da00000| Complete 
|  32|0x000000070dc00000, 0x000000070de00000, 0x000000070de00000|100%| E|CS|TAMS 0x000000070dc00000, 0x000000070dc00000| Complete 
|  33|0x000000070de00000, 0x000000070e000000, 0x000000070e000000|100%| E|CS|TAMS 0x000000070de00000, 0x000000070de00000| Complete 
|  34|0x000000070e000000, 0x000000070e200000, 0x000000070e200000|100%| E|CS|TAMS 0x000000070e000000, 0x000000070e000000| Complete 
|  35|0x000000070e200000, 0x000000070e400000, 0x000000070e400000|100%| E|CS|TAMS 0x000000070e200000, 0x000000070e200000| Complete 
|  36|0x000000070e400000, 0x000000070e600000, 0x000000070e600000|100%| E|CS|TAMS 0x000000070e400000, 0x000000070e400000| Complete 
|  37|0x000000070e600000, 0x000000070e800000, 0x000000070e800000|100%| E|CS|TAMS 0x000000070e600000, 0x000000070e600000| Complete 
|  38|0x000000070e800000, 0x000000070ea00000, 0x000000070ea00000|100%| E|CS|TAMS 0x000000070e800000, 0x000000070e800000| Complete 
|  39|0x000000070ea00000, 0x000000070ec00000, 0x000000070ec00000|100%| E|CS|TAMS 0x000000070ea00000, 0x000000070ea00000| Complete 
|  40|0x000000070ec00000, 0x000000070ee00000, 0x000000070ee00000|100%| E|CS|TAMS 0x000000070ec00000, 0x000000070ec00000| Complete 
|  41|0x000000070ee00000, 0x000000070f000000, 0x000000070f000000|100%| E|CS|TAMS 0x000000070ee00000, 0x000000070ee00000| Complete 
|  42|0x000000070f000000, 0x000000070f200000, 0x000000070f200000|100%| E|CS|TAMS 0x000000070f000000, 0x000000070f000000| Complete 
|  43|0x000000070f200000, 0x000000070f400000, 0x000000070f400000|100%| E|CS|TAMS 0x000000070f200000, 0x000000070f200000| Complete 
|  44|0x000000070f400000, 0x000000070f600000, 0x000000070f600000|100%| E|CS|TAMS 0x000000070f400000, 0x000000070f400000| Complete 
|  45|0x000000070f600000, 0x000000070f800000, 0x000000070f800000|100%| E|CS|TAMS 0x000000070f600000, 0x000000070f600000| Complete 
|  46|0x000000070f800000, 0x000000070fa00000, 0x000000070fa00000|100%| E|CS|TAMS 0x000000070f800000, 0x000000070f800000| Complete 
|  47|0x000000070fa00000, 0x000000070fc00000, 0x000000070fc00000|100%| E|CS|TAMS 0x000000070fa00000, 0x000000070fa00000| Complete 
|  48|0x000000070fc00000, 0x000000070fe00000, 0x000000070fe00000|100%| E|CS|TAMS 0x000000070fc00000, 0x000000070fc00000| Complete 
|  49|0x000000070fe00000, 0x0000000710000000, 0x0000000710000000|100%| E|CS|TAMS 0x000000070fe00000, 0x000000070fe00000| Complete 
|  50|0x0000000710000000, 0x0000000710200000, 0x0000000710200000|100%| E|CS|TAMS 0x0000000710000000, 0x0000000710000000| Complete 
|  51|0x0000000710200000, 0x0000000710400000, 0x0000000710400000|100%| E|CS|TAMS 0x0000000710200000, 0x0000000710200000| Complete 
|  52|0x0000000710400000, 0x0000000710600000, 0x0000000710600000|100%| E|CS|TAMS 0x0000000710400000, 0x0000000710400000| Complete 
|  53|0x0000000710600000, 0x0000000710800000, 0x0000000710800000|100%| E|CS|TAMS 0x0000000710600000, 0x0000000710600000| Complete 
|  54|0x0000000710800000, 0x0000000710a00000, 0x0000000710a00000|100%| E|CS|TAMS 0x0000000710800000, 0x0000000710800000| Complete 
|  55|0x0000000710a00000, 0x0000000710c00000, 0x0000000710c00000|100%| E|CS|TAMS 0x0000000710a00000, 0x0000000710a00000| Complete 
|  62|0x0000000711800000, 0x0000000711a00000, 0x0000000711a00000|100%| E|CS|TAMS 0x0000000711800000, 0x0000000711800000| Complete 
|  63|0x0000000711a00000, 0x0000000711c00000, 0x0000000711c00000|100%| E|CS|TAMS 0x0000000711a00000, 0x0000000711a00000| Complete 
|  64|0x0000000711c00000, 0x0000000711e00000, 0x0000000711e00000|100%| E|CS|TAMS 0x0000000711c00000, 0x0000000711c00000| Complete 
| 123|0x0000000719200000, 0x0000000719400000, 0x0000000719400000|100%| E|CS|TAMS 0x0000000719200000, 0x0000000719200000| Complete 

Card table byte_map: [0x000002479ba40000,0x000002479c200000] _byte_map_base: 0x00000247981f2000

Marking Bits (Prev, Next): (CMBitMap*) 0x0000024783b349a0, (CMBitMap*) 0x0000024783b34960
 Prev Bits: [0x00000247a0750000, 0x00000247a44e0000)
 Next Bits: [0x000002479c9c0000, 0x00000247a0750000)

Polling page: 0x0000024782050000

Metaspace:

Usage:
  Non-class:     63.63 MB used.
      Class:      9.97 MB used.
       Both:     73.61 MB used.

Virtual space:
  Non-class space:      128.00 MB reserved,      63.94 MB ( 50%) committed,  2 nodes.
      Class space:        1.00 GB reserved,      10.25 MB (  1%) committed,  1 nodes.
             Both:        1.12 GB reserved,      74.19 MB (  6%) committed. 

Chunk freelists:
   Non-Class:  15.80 MB
       Class:  5.72 MB
        Both:  21.52 MB

MaxMetaspaceSize: unlimited
CompressedClassSpaceSize: 1.00 GB
Initial GC threshold: 21.00 MB
Current GC threshold: 98.69 MB
CDS: on
MetaspaceReclaimPolicy: balanced
 - commit_granule_bytes: 65536.
 - commit_granule_words: 8192.
 - virtual_space_node_default_size: 8388608.
 - enlarge_chunks_in_place: 1.
 - new_chunks_are_fully_committed: 0.
 - uncommit_free_chunks: 1.
 - use_allocation_guard: 0.
 - handle_deallocations: 1.


Internal statistics:

num_allocs_failed_limit: 9.
num_arena_births: 852.
num_arena_deaths: 0.
num_vsnodes_births: 3.
num_vsnodes_deaths: 0.
num_space_committed: 1187.
num_space_uncommitted: 0.
num_chunks_returned_to_freelist: 9.
num_chunks_taken_from_freelist: 3534.
num_chunk_merges: 9.
num_chunk_splits: 2559.
num_chunks_enlarged: 2006.
num_inconsistent_stats: 0.

CodeHeap 'non-profiled nmethods': size=120000Kb used=4515Kb max_used=4515Kb free=115484Kb
 bounds [0x0000024792ec0000, 0x0000024793330000, 0x000002479a3f0000]
CodeHeap 'profiled nmethods': size=120000Kb used=14386Kb max_used=14386Kb free=105613Kb
 bounds [0x000002478b3f0000, 0x000002478c200000, 0x0000024792920000]
CodeHeap 'non-nmethods': size=5760Kb used=1430Kb max_used=1511Kb free=4329Kb
 bounds [0x0000024792920000, 0x0000024792b90000, 0x0000024792ec0000]
 total_blobs=8103 nmethods=7404 adapters=610
 compilation: enabled
              stopped_count=0, restarted_count=0
 full_count=0

Compilation events (20 events):
Event: 9.827 Thread 0x00000247e80bb160 8215       2       com.microsoft.sqlserver.jdbc.TDSParser::parse (507 bytes)
Event: 9.828 Thread 0x00000247e80bb160 nmethod 8215 0x000002478c1f9190 code [0x000002478c1f94c0, 0x000002478c1f9fd8]
Event: 9.831 Thread 0x00000247e80bb160 8216       2       com.microsoft.sqlserver.jdbc.TDSChannel$ProxyInputStream::read (8 bytes)
Event: 9.831 Thread 0x00000247e80bb160 nmethod 8216 0x000002478c1fa810 code [0x000002478c1fa9a0, 0x000002478c1faae8]
Event: 9.831 Thread 0x00000247e80bb160 8217   !   2       com.microsoft.sqlserver.jdbc.TDSChannel$ProxyInputStream::readInternal (359 bytes)
Event: 9.832 Thread 0x00000247e80bb160 nmethod 8217 0x000002478c1fab90 code [0x000002478c1faf00, 0x000002478c1fbba8]
Event: 9.846 Thread 0x00000247e82a51a0 nmethod 7082 0x00000247932d7b90 code [0x00000247932d8340, 0x00000247932e2268]
Event: 9.847 Thread 0x00000247e82a51a0 7058       4       java.util.stream.AbstractPipeline::wrapSink (37 bytes)
Event: 9.848 Thread 0x00000247e82a51a0 nmethod 7058 0x00000247932ec410 code [0x00000247932ec5a0, 0x00000247932ec6d8]
Event: 9.848 Thread 0x00000247e82a51a0 6855       4       org.antlr.v4.runtime.atn.PredictionContext::calculateHashCode (86 bytes)
Event: 9.851 Thread 0x00000247e82a51a0 nmethod 6855 0x00000247932ec810 code [0x00000247932ec9a0, 0x00000247932ecd78]
Event: 9.851 Thread 0x00000247e82a51a0 6827       4       org.antlr.v4.runtime.misc.Array2DHashSet::getOrAddImpl (146 bytes)
Event: 9.862 Thread 0x00000247e82a51a0 nmethod 6827 0x00000247932ecf10 code [0x00000247932ed120, 0x00000247932ee3d8]
Event: 9.862 Thread 0x00000247e82a51a0 6674       4       org.antlr.v4.runtime.atn.ParserATNSimulator::closureCheckingStopState (244 bytes)
Event: 10.304 Thread 0x00000247e82a51a0 nmethod 6674 0x00000247932eec90 code [0x00000247932ef480, 0x00000247932fcee0]
Event: 10.304 Thread 0x00000247e82a51a0 6213       4       org.springframework.core.annotation.TypeMappedAnnotations$MergedAnnotationFinder::doWithAnnotations (75 bytes)
Event: 10.349 Thread 0x00000247e80ba850 nmethod 6672 0x0000024793305510 code [0x0000024793305c20, 0x0000024793316370]
Event: 10.350 Thread 0x00000247e80ba850 7577       4       org.antlr.v4.runtime.misc.FlexibleHashMap::put (157 bytes)
Event: 10.374 Thread 0x00000247e82a51a0 nmethod 6213 0x000002479331d210 code [0x000002479331d580, 0x0000024793320aa8]
Event: 10.374 Thread 0x00000247e82a51a0 6831       4       org.antlr.v4.runtime.atn.PredictionContext::getCachedContext (261 bytes)

GC Heap History (20 events):
Event: 3.805 GC heap before
{Heap before GC invocations=6 (full 0):
 garbage-first heap   total 61440K, used 40959K [0x0000000709c00000, 0x0000000800000000)
  region size 2048K, 13 young (26624K), 1 survivors (2048K)
 Metaspace       used 30828K, committed 31296K, reserved 1114112K
  class space    used 3969K, committed 4160K, reserved 1048576K
}
Event: 3.812 GC heap after
{Heap after GC invocations=7 (full 0):
 garbage-first heap   total 157696K, used 18390K [0x0000000709c00000, 0x0000000800000000)
  region size 2048K, 2 young (4096K), 2 survivors (4096K)
 Metaspace       used 30828K, committed 31296K, reserved 1114112K
  class space    used 3969K, committed 4160K, reserved 1048576K
}
Event: 4.269 GC heap before
{Heap before GC invocations=7 (full 0):
 garbage-first heap   total 157696K, used 40918K [0x0000000709c00000, 0x0000000800000000)
  region size 2048K, 14 young (28672K), 2 survivors (4096K)
 Metaspace       used 35562K, committed 35968K, reserved 1114112K
  class space    used 4560K, committed 4800K, reserved 1048576K
}
Event: 4.276 GC heap after
{Heap after GC invocations=8 (full 0):
 garbage-first heap   total 157696K, used 20311K [0x0000000709c00000, 0x0000000800000000)
  region size 2048K, 3 young (6144K), 3 survivors (6144K)
 Metaspace       used 35562K, committed 35968K, reserved 1114112K
  class space    used 4560K, committed 4800K, reserved 1048576K
}
Event: 5.415 GC heap before
{Heap before GC invocations=9 (full 0):
 garbage-first heap   total 81920K, used 63319K [0x0000000709c00000, 0x0000000800000000)
  region size 2048K, 24 young (49152K), 3 survivors (6144K)
 Metaspace       used 47550K, committed 48064K, reserved 1114112K
  class space    used 6147K, committed 6400K, reserved 1048576K
}
Event: 5.427 GC heap after
{Heap after GC invocations=10 (full 0):
 garbage-first heap   total 81920K, used 23082K [0x0000000709c00000, 0x0000000800000000)
  region size 2048K, 3 young (6144K), 3 survivors (6144K)
 Metaspace       used 47550K, committed 48064K, reserved 1114112K
  class space    used 6147K, committed 6400K, reserved 1048576K
}
Event: 5.460 GC heap before
{Heap before GC invocations=10 (full 0):
 garbage-first heap   total 81920K, used 23082K [0x0000000709c00000, 0x0000000800000000)
  region size 2048K, 4 young (8192K), 3 survivors (6144K)
 Metaspace       used 48103K, committed 48512K, reserved 1114112K
  class space    used 6203K, committed 6400K, reserved 1048576K
}
Event: 5.466 GC heap after
{Heap after GC invocations=11 (full 0):
 garbage-first heap   total 81920K, used 23372K [0x0000000709c00000, 0x0000000800000000)
  region size 2048K, 1 young (2048K), 1 survivors (2048K)
 Metaspace       used 48103K, committed 48512K, reserved 1114112K
  class space    used 6203K, committed 6400K, reserved 1048576K
}
Event: 6.073 GC heap before
{Heap before GC invocations=11 (full 0):
 garbage-first heap   total 81920K, used 60236K [0x0000000709c00000, 0x0000000800000000)
  region size 2048K, 19 young (38912K), 1 survivors (2048K)
 Metaspace       used 55852K, committed 56320K, reserved 1114112K
  class space    used 7430K, committed 7680K, reserved 1048576K
}
Event: 6.079 GC heap after
{Heap after GC invocations=12 (full 0):
 garbage-first heap   total 81920K, used 23914K [0x0000000709c00000, 0x0000000800000000)
  region size 2048K, 1 young (2048K), 1 survivors (2048K)
 Metaspace       used 55852K, committed 56320K, reserved 1114112K
  class space    used 7430K, committed 7680K, reserved 1048576K
}
Event: 7.424 GC heap before
{Heap before GC invocations=12 (full 0):
 garbage-first heap   total 81920K, used 44394K [0x0000000709c00000, 0x0000000800000000)
  region size 2048K, 12 young (24576K), 1 survivors (2048K)
 Metaspace       used 60011K, committed 60480K, reserved 1114112K
  class space    used 7946K, committed 8192K, reserved 1048576K
}
Event: 7.429 GC heap after
{Heap after GC invocations=13 (full 0):
 garbage-first heap   total 81920K, used 25058K [0x0000000709c00000, 0x0000000800000000)
  region size 2048K, 2 young (4096K), 2 survivors (4096K)
 Metaspace       used 60011K, committed 60480K, reserved 1114112K
  class space    used 7946K, committed 8192K, reserved 1048576K
}
Event: 7.981 GC heap before
{Heap before GC invocations=14 (full 0):
 garbage-first heap   total 81920K, used 63970K [0x0000000709c00000, 0x0000000800000000)
  region size 2048K, 21 young (43008K), 2 survivors (4096K)
 Metaspace       used 65469K, committed 65920K, reserved 1114112K
  class space    used 8939K, committed 9152K, reserved 1048576K
}
Event: 7.990 GC heap after
{Heap after GC invocations=15 (full 0):
 garbage-first heap   total 81920K, used 28076K [0x0000000709c00000, 0x0000000800000000)
  region size 2048K, 3 young (6144K), 3 survivors (6144K)
 Metaspace       used 65469K, committed 65920K, reserved 1114112K
  class space    used 8939K, committed 9152K, reserved 1048576K
}
Event: 8.276 GC heap before
{Heap before GC invocations=15 (full 0):
 garbage-first heap   total 81920K, used 64940K [0x0000000709c00000, 0x0000000800000000)
  region size 2048K, 21 young (43008K), 3 survivors (6144K)
 Metaspace       used 68382K, committed 68928K, reserved 1114112K
  class space    used 9352K, committed 9600K, reserved 1048576K
}
Event: 8.279 GC heap after
{Heap after GC invocations=16 (full 0):
 garbage-first heap   total 122880K, used 29695K [0x0000000709c00000, 0x0000000800000000)
  region size 2048K, 1 young (2048K), 1 survivors (2048K)
 Metaspace       used 68382K, committed 68928K, reserved 1114112K
  class space    used 9352K, committed 9600K, reserved 1048576K
}
Event: 8.706 GC heap before
{Heap before GC invocations=16 (full 0):
 garbage-first heap   total 122880K, used 97279K [0x0000000709c00000, 0x0000000800000000)
  region size 2048K, 34 young (69632K), 1 survivors (2048K)
 Metaspace       used 68995K, committed 69440K, reserved 1114112K
  class space    used 9397K, committed 9600K, reserved 1048576K
}
Event: 8.708 GC heap after
{Heap after GC invocations=17 (full 0):
 garbage-first heap   total 122880K, used 31382K [0x0000000709c00000, 0x0000000800000000)
  region size 2048K, 2 young (4096K), 2 survivors (4096K)
 Metaspace       used 68995K, committed 69440K, reserved 1114112K
  class space    used 9397K, committed 9600K, reserved 1048576K
}
Event: 9.067 GC heap before
{Heap before GC invocations=17 (full 0):
 garbage-first heap   total 122880K, used 98966K [0x0000000709c00000, 0x0000000800000000)
  region size 2048K, 35 young (71680K), 2 survivors (4096K)
 Metaspace       used 70255K, committed 70784K, reserved 1114112K
  class space    used 9509K, committed 9728K, reserved 1048576K
}
Event: 9.069 GC heap after
{Heap after GC invocations=18 (full 0):
 garbage-first heap   total 122880K, used 33801K [0x0000000709c00000, 0x0000000800000000)
  region size 2048K, 3 young (6144K), 3 survivors (6144K)
 Metaspace       used 70255K, committed 70784K, reserved 1114112K
  class space    used 9509K, committed 9728K, reserved 1048576K
}

Deoptimization events (20 events):
Event: 9.813 Thread 0x0000024783afe300 DEOPT PACKING pc=0x0000024792fdc6d4 sp=0x000000b2ca5fc360
Event: 9.813 Thread 0x0000024783afe300 DEOPT UNPACKING pc=0x0000024792972b43 sp=0x000000b2ca5fb7f0 mode 1
Event: 9.813 Thread 0x0000024783afe300 DEOPT PACKING pc=0x0000024792fdc6d4 sp=0x000000b2ca5fc360
Event: 9.813 Thread 0x0000024783afe300 DEOPT UNPACKING pc=0x0000024792972b43 sp=0x000000b2ca5fb7f0 mode 1
Event: 9.815 Thread 0x0000024783afe300 DEOPT PACKING pc=0x0000024792fdc6d4 sp=0x000000b2ca5fc6d0
Event: 9.815 Thread 0x0000024783afe300 DEOPT UNPACKING pc=0x0000024792972b43 sp=0x000000b2ca5fbb60 mode 1
Event: 9.815 Thread 0x0000024783afe300 DEOPT PACKING pc=0x0000024792fdc6d4 sp=0x000000b2ca5fc6d0
Event: 9.815 Thread 0x0000024783afe300 DEOPT UNPACKING pc=0x0000024792972b43 sp=0x000000b2ca5fbb60 mode 1
Event: 9.818 Thread 0x0000024783afe300 Uncommon trap: trap_request=0xffffff45 fr.pc=0x000002479304c500 relative=0x0000000000000260
Event: 9.818 Thread 0x0000024783afe300 Uncommon trap: reason=unstable_if action=reinterpret pc=0x000002479304c500 method=java.util.StringTokenizer.skipDelimiters(I)I @ 21 c2
Event: 9.818 Thread 0x0000024783afe300 DEOPT PACKING pc=0x000002479304c500 sp=0x000000b2ca5fca80
Event: 9.818 Thread 0x0000024783afe300 DEOPT UNPACKING pc=0x00000247929723a3 sp=0x000000b2ca5fc9d0 mode 2
Event: 9.818 Thread 0x0000024783afe300 Uncommon trap: trap_request=0xffffff45 fr.pc=0x0000024792f84614 relative=0x0000000000000274
Event: 9.818 Thread 0x0000024783afe300 Uncommon trap: reason=unstable_if action=reinterpret pc=0x0000024792f84614 method=java.util.StringTokenizer.scanToken(I)I @ 96 c2
Event: 9.818 Thread 0x0000024783afe300 DEOPT PACKING pc=0x0000024792f84614 sp=0x000000b2ca5fca30
Event: 9.818 Thread 0x0000024783afe300 DEOPT UNPACKING pc=0x00000247929723a3 sp=0x000000b2ca5fc9d0 mode 2
Event: 9.825 Thread 0x0000024783afe300 DEOPT PACKING pc=0x0000024792fdc6d4 sp=0x000000b2ca5fc2c0
Event: 9.825 Thread 0x0000024783afe300 DEOPT UNPACKING pc=0x0000024792972b43 sp=0x000000b2ca5fb750 mode 1
Event: 9.825 Thread 0x0000024783afe300 DEOPT PACKING pc=0x0000024792fdc6d4 sp=0x000000b2ca5fc2c0
Event: 9.825 Thread 0x0000024783afe300 DEOPT UNPACKING pc=0x0000024792972b43 sp=0x000000b2ca5fb750 mode 1

Classes unloaded (0 events):
No events

Classes redefined (0 events):
No events

Internal exceptions (20 events):
Event: 8.245 Thread 0x0000024783afe300 Exception <a 'java/lang/NoSuchMethodError'{0x000000070ca2af90}: 'long java.lang.invoke.DirectMethodHandle$Holder.invokeVirtual(java.lang.Object, java.lang.Object)'> (0x000000070ca2af90) 
thrown [s\open\src\hotspot\share\interpreter\linkResolver.cpp, line 759]
Event: 8.291 Thread 0x0000024783afe300 Exception <a 'java/lang/reflect/InvocationTargetException'{0x0000000711dded38}> (0x0000000711dded38) 
thrown [s\open\src\hotspot\share\runtime\reflection.cpp, line 1121]
Event: 8.292 Thread 0x0000024783afe300 Exception <a 'java/lang/reflect/InvocationTargetException'{0x0000000711de9bc0}> (0x0000000711de9bc0) 
thrown [s\open\src\hotspot\share\runtime\reflection.cpp, line 1121]
Event: 8.326 Thread 0x0000024783afe300 Exception <a 'java/lang/reflect/InvocationTargetException'{0x000000071094eb88}> (0x000000071094eb88) 
thrown [s\open\src\hotspot\share\runtime\reflection.cpp, line 1121]
Event: 8.328 Thread 0x0000024783afe300 Exception <a 'java/lang/reflect/InvocationTargetException'{0x000000071095b570}> (0x000000071095b570) 
thrown [s\open\src\hotspot\share\runtime\reflection.cpp, line 1121]
Event: 8.369 Thread 0x0000024783afe300 Exception <a 'java/lang/reflect/InvocationTargetException'{0x00000007100ce2b0}> (0x00000007100ce2b0) 
thrown [s\open\src\hotspot\share\runtime\reflection.cpp, line 1121]
Event: 8.371 Thread 0x0000024783afe300 Exception <a 'java/lang/reflect/InvocationTargetException'{0x00000007100dd540}> (0x00000007100dd540) 
thrown [s\open\src\hotspot\share\runtime\reflection.cpp, line 1121]
Event: 8.422 Thread 0x0000024783afe300 Exception <a 'java/lang/reflect/InvocationTargetException'{0x000000070f89cec0}> (0x000000070f89cec0) 
thrown [s\open\src\hotspot\share\runtime\reflection.cpp, line 1121]
Event: 8.426 Thread 0x0000024783afe300 Exception <a 'java/lang/reflect/InvocationTargetException'{0x000000070f8c3c78}> (0x000000070f8c3c78) 
thrown [s\open\src\hotspot\share\runtime\reflection.cpp, line 1121]
Event: 8.998 Thread 0x0000024783afe300 Implicit null exception at 0x0000024792f87541 to 0x0000024792f87997
Event: 9.349 Thread 0x0000024783afe300 Exception <a 'java/lang/IncompatibleClassChangeError'{0x0000000710058fc8}: Found class java.lang.Object, but interface was expected> (0x0000000710058fc8) 
thrown [s\open\src\hotspot\share\interpreter\linkResolver.cpp, line 826]
Event: 9.449 Thread 0x0000024783afe300 Exception <a 'java/lang/NoSuchMethodError'{0x000000070fab7fe0}: 'java.lang.Object java.lang.invoke.DirectMethodHandle$Holder.invokeInterface(java.lang.Object, java.lang.Object, java.lang.Object, java.lang.Object)'> (0x000000070fab7fe0) 
thrown [s\open\src\hotspot\share\interpreter\linkResolver.cpp, line 759]
Event: 9.506 Thread 0x0000024783afe300 Exception <a 'java/lang/NoSuchMethodError'{0x000000070f98a0a8}: 'void java.lang.invoke.DirectMethodHandle$Holder.invokeVirtual(java.lang.Object, java.lang.Object, long)'> (0x000000070f98a0a8) 
thrown [s\open\src\hotspot\share\interpreter\linkResolver.cpp, line 759]
Event: 9.574 Thread 0x0000024783afe300 Implicit null exception at 0x000002479309887b to 0x0000024793098f68
Event: 9.592 Thread 0x0000024783afe300 Exception <a 'sun/nio/fs/WindowsException'{0x000000070f3fb338}> (0x000000070f3fb338) 
thrown [s\open\src\hotspot\share\prims\jni.cpp, line 516]
Event: 9.615 Thread 0x0000024783afe300 Exception <a 'java/lang/IncompatibleClassChangeError'{0x000000070f1e7ac0}: Found class java.lang.Object, but interface was expected> (0x000000070f1e7ac0) 
thrown [s\open\src\hotspot\share\interpreter\linkResolver.cpp, line 826]
Event: 9.703 Thread 0x0000024783afe300 Exception <a 'java/lang/NoSuchMethodError'{0x000000070e03c710}: 'java.lang.Object java.lang.invoke.DirectMethodHandle$Holder.newInvokeSpecial(java.lang.Object, java.lang.Object, int, java.lang.Object, java.lang.Object)'> (0x000000070e03c710) 
thrown [s\open\src\hotspot\share\interpreter\linkResolver.cpp, line 759]
Event: 9.704 Thread 0x0000024783afe300 Exception <a 'java/lang/NoSuchMethodError'{0x000000070e0479a8}: 'java.lang.Object java.lang.invoke.DirectMethodHandle$Holder.invokeSpecial(java.lang.Object, java.lang.Object, int, java.lang.Object, int, java.lang.Object)'> (0x000000070e0479a8) 
thrown [s\open\src\hotspot\share\interpreter\linkResolver.cpp, line 759]
Event: 9.704 Thread 0x0000024783afe300 Exception <a 'java/lang/NoSuchMethodError'{0x000000070e04f720}: 'java.lang.Object java.lang.invoke.DirectMethodHandle$Holder.newInvokeSpecial(java.lang.Object, java.lang.Object, int, java.lang.Object, int)'> (0x000000070e04f720) 
thrown [s\open\src\hotspot\share\interpreter\linkResolver.cpp, line 759]
Event: 9.704 Thread 0x0000024783afe300 Exception <a 'java/lang/NoSuchMethodError'{0x000000070e053820}: 'java.lang.Object java.lang.invoke.DirectMethodHandle$Holder.invokeSpecial(java.lang.Object, java.lang.Object, java.lang.Object, int, java.lang.Object, int)'> (0x000000070e053820) 
thrown [s\open\src\hotspot\share\interpreter\linkResolver.cpp, line 759]

VM Operations (20 events):
Event: 8.275 Executing VM operation: G1CollectForAllocation
Event: 8.279 Executing VM operation: G1CollectForAllocation done
Event: 8.607 Executing VM operation: HandshakeAllThreads
Event: 8.607 Executing VM operation: HandshakeAllThreads done
Event: 8.706 Executing VM operation: G1CollectForAllocation
Event: 8.708 Executing VM operation: G1CollectForAllocation done
Event: 9.067 Executing VM operation: G1CollectForAllocation
Event: 9.069 Executing VM operation: G1CollectForAllocation done
Event: 9.218 Executing VM operation: HandshakeAllThreads
Event: 9.218 Executing VM operation: HandshakeAllThreads done
Event: 9.245 Executing VM operation: HandshakeAllThreads
Event: 9.245 Executing VM operation: HandshakeAllThreads done
Event: 9.271 Executing VM operation: HandshakeAllThreads
Event: 9.271 Executing VM operation: HandshakeAllThreads done
Event: 9.272 Executing VM operation: HandshakeAllThreads
Event: 9.272 Executing VM operation: HandshakeAllThreads done
Event: 9.434 Executing VM operation: ICBufferFull
Event: 9.434 Executing VM operation: ICBufferFull done
Event: 9.527 Executing VM operation: HandshakeAllThreads
Event: 9.527 Executing VM operation: HandshakeAllThreads done

Events (20 events):
Event: 9.730 loading class sun/nio/ch/SourceChannelImpl done
Event: 9.730 loading class sun/nio/ch/SinkChannelImpl
Event: 9.730 loading class java/nio/channels/Pipe$SinkChannel
Event: 9.730 loading class java/nio/channels/Pipe$SinkChannel done
Event: 9.730 loading class sun/nio/ch/SinkChannelImpl done
Event: 9.731 Thread 0x00000247f1cc1300 Thread added: 0x00000247f1cc1300
Event: 9.731 loading class java/nio/channels/spi/AbstractSelector$1
Event: 9.731 loading class java/nio/channels/spi/AbstractSelector$1 done
Event: 9.732 Thread 0x00000247f1cc4fc0 Thread added: 0x00000247f1cc4fc0
Event: 9.733 loading class java/util/TreeMap$ValueSpliterator
Event: 9.734 loading class java/util/TreeMap$TreeMapSpliterator
Event: 9.734 loading class java/util/TreeMap$TreeMapSpliterator done
Event: 9.734 loading class java/util/TreeMap$ValueSpliterator done
Event: 9.746 loading class jdk/internal/math/FDBigInteger
Event: 9.747 loading class jdk/internal/math/FDBigInteger done
Event: 9.794 loading class java/util/AbstractMap$SimpleEntry
Event: 9.794 loading class java/util/AbstractMap$SimpleEntry done
Event: 9.833 Thread 0x0000024783afe300 Thread exited: 0x0000024783afe300
Event: 9.834 Thread 0x00000247f1cc03d0 Thread added: 0x00000247f1cc03d0
Event: 10.363 Thread 0x00000247efc88910 Thread exited: 0x00000247efc88910


Dynamic libraries:
0x00007ff75daa0000 - 0x00007ff75dab0000 	C:\Program Files\Java\jdk-17\bin\java.exe
0x00007ffb25d70000 - 0x00007ffb25f68000 	C:\Windows\SYSTEM32\ntdll.dll
0x00007ffb25c50000 - 0x00007ffb25d12000 	C:\Windows\System32\KERNEL32.DLL
0x00007ffb23960000 - 0x00007ffb23c56000 	C:\Windows\System32\KERNELBASE.dll
0x00007ffb23c90000 - 0x00007ffb23d90000 	C:\Windows\System32\ucrtbase.dll
0x00007ffb19a40000 - 0x00007ffb19a5b000 	C:\Program Files\Java\jdk-17\bin\VCRUNTIME140.dll
0x00007ffb15200000 - 0x00007ffb15219000 	C:\Program Files\Java\jdk-17\bin\jli.dll
0x00007ffb24690000 - 0x00007ffb24741000 	C:\Windows\System32\ADVAPI32.dll
0x00007ffb24890000 - 0x00007ffb2492e000 	C:\Windows\System32\msvcrt.dll
0x00007ffb23eb0000 - 0x00007ffb23f4f000 	C:\Windows\System32\sechost.dll
0x00007ffb24760000 - 0x00007ffb24883000 	C:\Windows\System32\RPCRT4.dll
0x00007ffb238a0000 - 0x00007ffb238c7000 	C:\Windows\System32\bcrypt.dll
0x00007ffb259d0000 - 0x00007ffb25b6d000 	C:\Windows\System32\USER32.dll
0x00007ffb23c60000 - 0x00007ffb23c82000 	C:\Windows\System32\win32u.dll
0x00007ffb111f0000 - 0x00007ffb1148a000 	C:\Windows\WinSxS\amd64_microsoft.windows.common-controls_6595b64144ccf1df_6.0.19041.5915_none_60b4b9d171f9c7c7\COMCTL32.dll
0x00007ffb24660000 - 0x00007ffb2468b000 	C:\Windows\System32\GDI32.dll
0x00007ffb23400000 - 0x00007ffb23519000 	C:\Windows\System32\gdi32full.dll
0x00007ffb23520000 - 0x00007ffb235bd000 	C:\Windows\System32\msvcp_win.dll
0x00007ffb18c70000 - 0x00007ffb18c7a000 	C:\Windows\SYSTEM32\VERSION.dll
0x00007ffb25c20000 - 0x00007ffb25c4f000 	C:\Windows\System32\IMM32.DLL
0x00007ffb05f00000 - 0x00007ffb05ff2000 	C:\Program Files\Windhawk\Engine\1.6.1\64\windhawk.dll
0x00007ffb06fd0000 - 0x00007ffb06fe8000 	C:\ProgramData\Windhawk\Engine\Mods\64\remove-ms-store-open-with_1.0.0_410510.dll
0x00007ffb24940000 - 0x00007ffb250ae000 	C:\Windows\System32\shell32.dll
0x00007ffb05680000 - 0x00007ffb05698000 	C:\ProgramData\Windhawk\Engine\Mods\64\dark-menus_1.2_337485.dll
0x00007ffb20d10000 - 0x00007ffb20dae000 	C:\Windows\SYSTEM32\uxtheme.dll
0x00007ffb240f0000 - 0x00007ffb24443000 	C:\Windows\System32\combase.dll
0x00007ffb05620000 - 0x00007ffb05639000 	C:\ProgramData\Windhawk\Engine\Mods\64\eradicate-immersive-menus_1.1.0_984086.dll
0x00007ffb05430000 - 0x00007ffb0546a000 	C:\ProgramData\Windhawk\Engine\Mods\64\libunwind.whl
0x00007ffb05470000 - 0x00007ffb05619000 	C:\ProgramData\Windhawk\Engine\Mods\64\libc++.whl
0x00007ffb051d0000 - 0x00007ffb05428000 	C:\Windows\SYSTEM32\ExplorerFrame.dll
0x00007ffb25b70000 - 0x00007ffb25c1d000 	C:\Windows\System32\SHCORE.dll
0x00007ffb25800000 - 0x00007ffb2585b000 	C:\Windows\System32\SHLWAPI.dll
0x00007ffb1f9c0000 - 0x00007ffb1ff80000 	C:\Windows\SYSTEM32\d2d1.dll
0x00007ffb051a0000 - 0x00007ffb051c6000 	C:\ProgramData\Windhawk\Engine\Mods\64\slick-window-arrangement_455580.dll
0x00007ffb04f40000 - 0x00007ffb050e9000 	C:\ProgramData\Windhawk\Engine\Mods\64\libc++.dll
0x00007ffb04f00000 - 0x00007ffb04f3a000 	C:\ProgramData\Windhawk\Engine\Mods\64\libunwind.dll
0x00007ffb20e20000 - 0x00007ffb20e4f000 	C:\Windows\SYSTEM32\dwmapi.dll
0x00007ffb04ee0000 - 0x00007ffb04efd000 	C:\ProgramData\Windhawk\Engine\Mods\64\modernize-folder-picker-dialog_1.0.0_154629.dll
0x00007ffb256d0000 - 0x00007ffb257fb000 	C:\Windows\System32\ole32.dll
0x00007ffb04ec0000 - 0x00007ffb04edb000 	C:\ProgramData\Windhawk\Engine\Mods\64\msg-box-font-fix_2.1.1_295034.dll
0x00007ffb1eb50000 - 0x00007ffb1eb5c000 	C:\Program Files\Java\jdk-17\bin\vcruntime140_1.dll
0x00007ffafb100000 - 0x00007ffafb18e000 	C:\Program Files\Java\jdk-17\bin\msvcp140.dll
0x00007ffa6f040000 - 0x00007ffa6fc20000 	C:\Program Files\Java\jdk-17\bin\server\jvm.dll
0x00007ffb25d20000 - 0x00007ffb25d28000 	C:\Windows\System32\PSAPI.DLL
0x00007ffb18c80000 - 0x00007ffb18ca7000 	C:\Windows\SYSTEM32\WINMM.dll
0x00007ffb07810000 - 0x00007ffb07819000 	C:\Windows\SYSTEM32\WSOCK32.dll
0x00007ffb25660000 - 0x00007ffb256cb000 	C:\Windows\System32\ws2_32.DLL
0x00007ffb21200000 - 0x00007ffb21212000 	C:\Windows\SYSTEM32\kernel.appcore.dll
0x00007ffb1d790000 - 0x00007ffb1d79a000 	C:\Program Files\Java\jdk-17\bin\jimage.dll
0x00007ffb18cb0000 - 0x00007ffb18eb1000 	C:\Windows\SYSTEM32\DBGHELP.DLL
0x00007ffb14d20000 - 0x00007ffb14d54000 	C:\Windows\SYSTEM32\dbgcore.DLL
0x00007ffb238d0000 - 0x00007ffb23952000 	C:\Windows\System32\bcryptPrimitives.dll
0x00007ffb14730000 - 0x00007ffb1476b000 	C:\Program Files\Java\jdk-17\bin\jdwp.dll
0x00007ffb143a0000 - 0x00007ffb143c5000 	C:\Program Files\Java\jdk-17\bin\java.dll
0x00007ffaf73f0000 - 0x00007ffaf74c7000 	C:\Program Files\Java\jdk-17\bin\jsvml.dll
0x00007ffb21420000 - 0x00007ffb21bc4000 	C:\Windows\SYSTEM32\windows.storage.dll
0x00007ffb22c80000 - 0x00007ffb22cab000 	C:\Windows\SYSTEM32\Wldp.dll
0x00007ffb24000000 - 0x00007ffb240cd000 	C:\Windows\System32\OLEAUT32.dll
0x00007ffb23330000 - 0x00007ffb23355000 	C:\Windows\SYSTEM32\profapi.dll
0x00007ffb1c8d0000 - 0x00007ffb1c8dc000 	C:\Program Files\Java\jdk-17\bin\dt_socket.dll
0x00007ffb22760000 - 0x00007ffb2279b000 	C:\Windows\SYSTEM32\IPHLPAPI.DLL
0x00007ffb22a60000 - 0x00007ffb22aca000 	C:\Windows\system32\mswsock.dll
0x00007ffb227a0000 - 0x00007ffb2286a000 	C:\Windows\SYSTEM32\DNSAPI.dll
0x00007ffb24930000 - 0x00007ffb24938000 	C:\Windows\System32\NSI.dll
0x000000005dc30000 - 0x000000005dc56000 	C:\Program Files\Bonjour\mdnsNSP.dll
0x00007ffb1cb30000 - 0x00007ffb1cb3a000 	C:\Windows\System32\rasadhlp.dll
0x00007ffb19630000 - 0x00007ffb196b0000 	C:\Windows\System32\fwpuclnt.dll
0x00007ffb14380000 - 0x00007ffb14399000 	C:\Program Files\Java\jdk-17\bin\net.dll
0x00007ffb1d420000 - 0x00007ffb1d52a000 	C:\Windows\SYSTEM32\WINHTTP.dll
0x00007ffb13b10000 - 0x00007ffb13b26000 	C:\Program Files\Java\jdk-17\bin\nio.dll
0x00007ffb12620000 - 0x00007ffb12638000 	C:\Program Files\Java\jdk-17\bin\zip.dll
0x00007ffb1bb30000 - 0x00007ffb1bb3e000 	C:\Program Files\Java\jdk-17\bin\sunmscapi.dll
0x00007ffb236c0000 - 0x00007ffb2381d000 	C:\Windows\System32\CRYPT32.dll
0x00007ffb22dd0000 - 0x00007ffb22df7000 	C:\Windows\SYSTEM32\ncrypt.dll
0x00007ffb22d90000 - 0x00007ffb22dcb000 	C:\Windows\SYSTEM32\NTASN1.dll
0x00007ffb22cc0000 - 0x00007ffb22cd8000 	C:\Windows\SYSTEM32\CRYPTSP.dll
0x00007ffb223a0000 - 0x00007ffb223d8000 	C:\Windows\system32\rsaenh.dll
0x00007ffb232f0000 - 0x00007ffb2331e000 	C:\Windows\SYSTEM32\USERENV.dll
0x00007ffb22bf0000 - 0x00007ffb22bfc000 	C:\Windows\SYSTEM32\CRYPTBASE.dll
0x00007ffb1a550000 - 0x00007ffb1a567000 	C:\Windows\SYSTEM32\dhcpcsvc6.DLL
0x00007ffb1ae50000 - 0x00007ffb1ae6d000 	C:\Windows\SYSTEM32\dhcpcsvc.DLL
0x00007ffb1bbe0000 - 0x00007ffb1bbea000 	C:\Program Files\Java\jdk-17\bin\management.dll
0x00007ffb19df0000 - 0x00007ffb19dfb000 	C:\Program Files\Java\jdk-17\bin\management_ext.dll
0x00007ffb19d80000 - 0x00007ffb19d90000 	C:\Program Files\Java\jdk-17\bin\verify.dll
0x00007ffb06fb0000 - 0x00007ffb06fc7000 	C:\Windows\system32\napinsp.dll
0x00007ffb05660000 - 0x00007ffb0567b000 	C:\Windows\system32\pnrpnsp.dll
0x00007ffb1db40000 - 0x00007ffb1db5d000 	C:\Windows\system32\wshbth.dll
0x00007ffb1e970000 - 0x00007ffb1e98d000 	C:\Windows\system32\NLAapi.dll
0x00007ffb05640000 - 0x00007ffb05652000 	C:\Windows\System32\winrnr.dll
0x00007ffae0960000 - 0x00007ffae0967000 	C:\Windows\system32\wshunix.dll

dbghelp: loaded successfully - version: 4.0.5 - missing functions: none
symbol engine: initialized successfully - sym options: 0x614 - pdb path: .;C:\Program Files\Java\jdk-17\bin;C:\Windows\SYSTEM32;C:\Windows\WinSxS\amd64_microsoft.windows.common-controls_6595b64144ccf1df_6.0.19041.5915_none_60b4b9d171f9c7c7;C:\Program Files\Windhawk\Engine\1.6.1\64;C:\ProgramData\Windhawk\Engine\Mods\64;C:\Program Files\Java\jdk-17\bin\server;C:\Program Files\Bonjour

VM Arguments:
jvm_args: -agentlib:jdwp=transport=dt_socket,server=n,suspend=y,address=localhost:61628 -XX:+ShowCodeDetailsInExceptionMessages 
java_command: com.hivclinic.HivClinicBackendApplication
java_class_path (initial): D:\DATA\Github\swp-hiv-clinic\target\classes;C:\Users\PC\.m2\repository\org\springframework\boot\spring-boot-starter-web\3.2.0\spring-boot-starter-web-3.2.0.jar;C:\Users\PC\.m2\repository\org\springframework\boot\spring-boot-starter\3.2.0\spring-boot-starter-3.2.0.jar;C:\Users\PC\.m2\repository\org\springframework\boot\spring-boot\3.2.0\spring-boot-3.2.0.jar;C:\Users\PC\.m2\repository\org\springframework\boot\spring-boot-autoconfigure\3.2.0\spring-boot-autoconfigure-3.2.0.jar;C:\Users\PC\.m2\repository\org\springframework\boot\spring-boot-starter-logging\3.2.0\spring-boot-starter-logging-3.2.0.jar;C:\Users\PC\.m2\repository\ch\qos\logback\logback-classic\1.4.11\logback-classic-1.4.11.jar;C:\Users\PC\.m2\repository\ch\qos\logback\logback-core\1.4.11\logback-core-1.4.11.jar;C:\Users\PC\.m2\repository\org\apache\logging\log4j\log4j-to-slf4j\2.21.1\log4j-to-slf4j-2.21.1.jar;C:\Users\PC\.m2\repository\org\apache\logging\log4j\log4j-api\2.21.1\log4j-api-2.21.1.jar;C:\Users\PC\.m2\repository\org\slf4j\jul-to-slf4j\2.0.9\jul-to-slf4j-2.0.9.jar;C:\Users\PC\.m2\repository\jakarta\annotation\jakarta.annotation-api\2.1.1\jakarta.annotation-api-2.1.1.jar;C:\Users\PC\.m2\repository\org\yaml\snakeyaml\2.2\snakeyaml-2.2.jar;C:\Users\PC\.m2\repository\org\springframework\boot\spring-boot-starter-json\3.2.0\spring-boot-starter-json-3.2.0.jar;C:\Users\PC\.m2\repository\com\fasterxml\jackson\datatype\jackson-datatype-jdk8\2.15.3\jackson-datatype-jdk8-2.15.3.jar;C:\Users\PC\.m2\repository\com\fasterxml\jackson\datatype\jackson-datatype-jsr310\2.15.3\jackson-datatype-jsr310-2.15.3.jar;C:\Users\PC\.m2\repository\com\fasterxml\jackson\module\jackson-module-parameter-names\2.15.3\jackson-module-parameter-names-2.15.3.jar;C:\Users\PC\.m2\repository\org\springframework\boot\spring-boot-starter-tomcat\3.2.0\spring-boot-starter-tomcat-3.2.0.jar;C:\Users\PC\.m2\repository\org\apache\tomcat\embed\tomcat-embed-core\10.1.16\tomcat-embed-core-10.1.16.jar;C:\Users\PC\.m2\
Launcher Type: SUN_STANDARD

[Global flags]
     intx CICompilerCount                          = 4                                         {product} {ergonomic}
     uint ConcGCThreads                            = 3                                         {product} {ergonomic}
     uint G1ConcRefinementThreads                  = 10                                        {product} {ergonomic}
   size_t G1HeapRegionSize                         = 2097152                                   {product} {ergonomic}
    uintx GCDrainStackTargetSize                   = 64                                        {product} {ergonomic}
   size_t InitialHeapSize                          = 260046848                                 {product} {ergonomic}
   size_t MarkStackSize                            = 4194304                                   {product} {ergonomic}
   size_t MaxHeapSize                              = 4131389440                                {product} {ergonomic}
   size_t MaxNewSize                               = 2478833664                                {product} {ergonomic}
   size_t MinHeapDeltaBytes                        = 2097152                                   {product} {ergonomic}
   size_t MinHeapSize                              = 8388608                                   {product} {ergonomic}
    uintx NonNMethodCodeHeapSize                   = 5839372                                {pd product} {ergonomic}
    uintx NonProfiledCodeHeapSize                  = 122909434                              {pd product} {ergonomic}
    uintx ProfiledCodeHeapSize                     = 122909434                              {pd product} {ergonomic}
    uintx ReservedCodeCacheSize                    = 251658240                              {pd product} {ergonomic}
     bool SegmentedCodeCache                       = true                                      {product} {ergonomic}
     bool ShowCodeDetailsInExceptionMessages       = true                                   {manageable} {command line}
   size_t SoftMaxHeapSize                          = 4131389440                             {manageable} {ergonomic}
     bool UseCompressedClassPointers               = true                           {product lp64_product} {ergonomic}
     bool UseCompressedOops                        = true                           {product lp64_product} {ergonomic}
     bool UseG1GC                                  = true                                      {product} {ergonomic}
     bool UseLargePagesIndividualAllocation        = false                                  {pd product} {ergonomic}

Logging:
Log output configuration:
 #0: stdout all=warning uptime,level,tags
 #1: stderr all=off uptime,level,tags

Environment Variables:
PATH=d:\DATA\Github\swp-hiv-clinic\.conda;d:\DATA\Github\swp-hiv-clinic\.conda\Library\mingw-w64\bin;d:\DATA\Github\swp-hiv-clinic\.conda\Library\usr\bin;d:\DATA\Github\swp-hiv-clinic\.conda\Library\bin;d:\DATA\Github\swp-hiv-clinic\.conda\Scripts;d:\DATA\Github\swp-hiv-clinic\.conda\bin;C:\ProgramData\anaconda3\condabin;C:\Program Files\Common Files\Oracle\Java\javapath;C:\Program Files (x86)\Common Files\Oracle\Java\javapath;C:\Windows\system32;C:\Windows;C:\Windows\System32\Wbem;C:\Windows\System32\WindowsPowerShell\v1.0;C:\Windows\System32\OpenSSH;C:\Program Files\dotnet;C:\Program Files\Git\cmd;D:\Program Files\CMake\bin;C:\Program Files (x86)\Microsoft SQL Server\160\Tools\Binn;C:\Program Files\Microsoft SQL Server\160\Tools\Binn;C:\Program Files\Microsoft SQL Server\Client SDK\ODBC\170\Tools\Binn;C:\Program Files\Microsoft SQL Server\160\DTS\Binn;C:\Program Files (x86)\Microsoft SQL Server\160\DTS\Binn;C:\Program Files\Cloudflare\Cloudflare WARP;C:\Program Files\nodejs;C:\ProgramData\chocolatey\bin;C:\Program Files\Docker\Docker\resources\bin;C:\Users\PC\AppData\Local\Programs\Python\Python313;C:\Users\PC\AppData\Local\Programs\Python\Python313\Scripts;C:\Users\PC\AppData\Local\Packages\PythonSoftwareFoundation.Python.3.13_qbz5n2kfra8p0\LocalCache\local-packages\Python313\Scripts;C:\Users\PC\AppData\Local\Programs\Python\Launcher;C:\Users\PC\AppData\Local\Microsoft\WindowsApps;D:\Program Files\VSCode\bin;C:\Users\PC\AppData\Local\GitHubDesktop\bin;C:\Users\PC\AppData\Roaming\npm;D:\Program Files\cursor\resources\app\bin;d:\DATA\Github\swp-hiv-clinic\.conda;d:\DATA\Github\swp-hiv-clinic\.conda\Library\mingw-w64\bin;d:\DATA\Github\swp-hiv-clinic\.conda\Library\usr\bin;d:\DATA\Github\swp-hiv-clinic\.conda\Library\bin;d:\DATA\Github\swp-hiv-clinic\.conda\Scripts;d:\DATA\Github\swp-hiv-clinic\.conda\bin;C:\ProgramData\anaconda3\condabin;C:\Program Files\Common Files\Oracle\Java\javapath;C:\Program Files (x86)\Common Files\Oracle\Java\javapath;C:\Windows\system32;C:\W
USERNAME=PC
LANG=en_US.UTF-8
OS=Windows_NT
PROCESSOR_IDENTIFIER=AMD64 Family 25 Model 80 Stepping 0, AuthenticAMD



---------------  S Y S T E M  ---------------

OS:
 Windows 10 , 64 bit Build 19041 (10.0.19041.5915)
OS uptime: 0 days 1:23 hours
Hyper-V role detected

CPU: total 12 (initial active 12) (12 cores per cpu, 2 threads per core) family 25 model 80 stepping 0 microcode 0x0, cx8, cmov, fxsr, ht, mmx, 3dnowpref, sse, sse2, sse3, ssse3, sse4a, sse4.1, sse4.2, popcnt, lzcnt, tsc, tscinvbit, avx, avx2, aes, erms, clmul, bmi1, bmi2, adx, sha, fma, vzeroupper, clflush, clflushopt, hv

Memory: 4k page, system-wide physical 15752M (428M free)
TotalPageFile size 41969M (AvailPageFile size 6M)
current process WorkingSet (physical memory assigned to process): 374M, peak: 385M
current process commit charge ("private bytes"): 413M, peak: 426M

vm_info: Java HotSpot(TM) 64-Bit Server VM (17.0.12+8-LTS-286) for windows-amd64 JRE (17.0.12+8-LTS-286), built on Jun  5 2024 06:46:59 by "mach5one" with MS VC++ 17.6 (VS2022)

END.
