#
# There is insufficient memory for the Java Runtime Environment to continue.
# Native memory allocation (malloc) failed to allocate 316176 bytes. Error detail: Chunk::new
# Possible reasons:
#   The system is out of physical RAM or swap space
#   This process is running with CompressedOops enabled, and the Java Heap may be blocking the growth of the native heap
# Possible solutions:
#   Reduce memory load on the system
#   Increase physical memory or swap space
#   Check if swap backing store is full
#   Decrease Java heap size (-Xmx/-Xms)
#   Decrease number of Java threads
#   Decrease Java thread stack sizes (-Xss)
#   Set larger code cache with -XX:ReservedCodeCacheSize=
#   JVM is running with Unscaled Compressed Oops mode in which the Java heap is
#     placed in the first 4GB address space. The Java Heap base address is the
#     maximum limit for the native heap growth. Please use -XX:HeapBaseMinAddress
#     to set the Java Heap base and to place the Java Heap above 4GB virtual address.
# This output file may be truncated or incomplete.
#
#  Out of Memory Error (arena.cpp:168), pid=2424, tid=12256
#
# JRE version: OpenJDK Runtime Environment Temurin-21.0.7+6 (21.0.7+6) (build 21.0.7+6-LTS)
# Java VM: OpenJDK 64-Bit Server VM Temurin-21.0.7+6 (21.0.7+6-LTS, mixed mode, sharing, tiered, compressed oops, compressed class ptrs, parallel gc, windows-amd64)
# No core dump will be written. Minidumps are not enabled by default on client versions of Windows
#

---------------  S U M M A R Y ------------

Command Line: --add-modules=ALL-SYSTEM --add-opens=java.base/java.util=ALL-UNNAMED --add-opens=java.base/java.lang=ALL-UNNAMED --add-opens=java.base/sun.nio.fs=ALL-UNNAMED -Declipse.application=org.eclipse.jdt.ls.core.id1 -Dosgi.bundles.defaultStartLevel=4 -Declipse.product=org.eclipse.jdt.ls.core.product -Djava.import.generatesMetadataFilesAtProjectRoot=false -DDetectVMInstallationsJob.disabled=true -Dfile.encoding=utf8 -XX:+UseParallelGC -XX:GCTimeRatio=4 -XX:AdaptiveSizePolicyWeight=90 -Dsun.zip.disableMemoryMapping=true -Xmx2G -Xms100m -Xlog:disable -javaagent:c:\Users\PC\.vscode\extensions\redhat.java-1.43.1-win32-x64\lombok\lombok-1.18.39-4050.jar -XX:+HeapDumpOnOutOfMemoryError -XX:HeapDumpPath=c:\Users\PC\AppData\Roaming\Code\User\workspaceStorage\009dd066dbfd86fb48ec25db317acb20\redhat.java -Daether.dependencyCollector.impl=bf c:\Users\PC\.vscode\extensions\redhat.java-1.43.1-win32-x64\server\plugins\org.eclipse.equinox.launcher_1.7.0.v20250519-0528.jar -configuration c:\Users\PC\AppData\Roaming\Code\User\globalStorage\redhat.java\1.43.1\config_win -data c:\Users\PC\AppData\Roaming\Code\User\workspaceStorage\009dd066dbfd86fb48ec25db317acb20\redhat.java\jdt_ws --pipe=\\.\pipe\lsp-d0953eaa995ef774dc868662c4cb08f1-sock

Host: AMD Ryzen 5 5600H with Radeon Graphics         , 12 cores, 15G,  Windows 10 , 64 bit Build 19041 (10.0.19041.5915)
Time: Tue Jul 29 12:59:25 2025 SE Asia Standard Time elapsed time: 81.468953 seconds (0d 0h 1m 21s)

---------------  T H R E A D  ---------------

Current thread (0x0000012341722630):  JavaThread "C2 CompilerThread1" daemon [_thread_in_native, id=12256, stack(0x00000001eb900000,0x00000001eba00000) (1024K)]


Current CompileTask:
C2:81469 17409       4       org.eclipse.core.internal.watson.ElementTreeWriter$1::writeData (25 bytes)

Stack: [0x00000001eb900000,0x00000001eba00000]
Native frames: (J=compiled Java code, j=interpreted, Vv=VM code, C=native code)
V  [jvm.dll+0x6ce119]
V  [jvm.dll+0x8a84a1]
V  [jvm.dll+0x8aa9ce]
V  [jvm.dll+0x8ab0b3]
V  [jvm.dll+0x27f8a6]
V  [jvm.dll+0xc507d]
V  [jvm.dll+0xc55b3]
V  [jvm.dll+0x3b68f2]
V  [jvm.dll+0x1e0029]
V  [jvm.dll+0x247c42]
V  [jvm.dll+0x2470cf]
V  [jvm.dll+0x1c760e]
V  [jvm.dll+0x25695a]
V  [jvm.dll+0x254efa]
V  [jvm.dll+0x3f03f6]
V  [jvm.dll+0x851f6b]
V  [jvm.dll+0x6cc7dd]
C  [ucrtbase.dll+0x21bb2]
C  [KERNEL32.DLL+0x17374]
C  [ntdll.dll+0x4cc91]


---------------  P R O C E S S  ---------------

Threads class SMR info:
_java_thread_list=0x000001234ba39a00, length=90, elements={
0x000001235eb18b90, 0x000001235ea44650, 0x000001235ea48290, 0x000001235ea4aed0,
0x000001235ea4bde0, 0x0000012376197270, 0x000001235ea4da40, 0x000001235ea4e7c0,
0x00000123761cb4f0, 0x000001235eb459c0, 0x00000123765023a0, 0x000001237c290750,
0x000001237c048560, 0x0000012376251640, 0x0000012376251ca0, 0x000001237c442a90,
0x000001237c66bc20, 0x000001237c0b7b40, 0x000001237c0b81d0, 0x000001237c0b74b0,
0x000001237c0b8860, 0x000001237c0b8ef0, 0x000001237c0b9580, 0x000001237c0b9c10,
0x000001237c0ba2a0, 0x000001237c0b6e20, 0x000001237f43f3c0, 0x000001237f43ed30,
0x000001237f43bf40, 0x000001237f43fa50, 0x000001237f43d980, 0x000001237f43d2f0,
0x000001237f43e6a0, 0x000001237f4400e0, 0x000001237f43e010, 0x000001237f440770,
0x000001237f43cc60, 0x000001237f43a500, 0x000001237f440e00, 0x000001237f441490,
0x000001237f441b20, 0x000001237f43ab90, 0x000001237f43b220, 0x000001237f3bd2f0,
0x000001237f3b97e0, 0x000001237f3be010, 0x000001237f3bab90, 0x000001237f3b9150,
0x000001237f3b9e70, 0x000001237f3bb220, 0x000001237f3bfa50, 0x000001237f3bb8b0,
0x000001237f3bbf40, 0x000001237f3be6a0, 0x000001237f3bcc60, 0x000001237f3bed30,
0x000001237f3bf3c0, 0x000001237f3c00e0, 0x000001237f3bd980, 0x000001237f3c0770,
0x000001237f3bc5d0, 0x0000012341b24970, 0x0000012341b25d20, 0x0000012341b25690,
0x0000012341b228a0, 0x0000012341b23c50, 0x0000012341b25000, 0x0000012341cac010,
0x0000012341caac60, 0x0000012341ca9f40, 0x0000012341ca6ac0, 0x0000012341ca8b90,
0x0000012341ca9220, 0x0000012341cab2f0, 0x0000012341ca98b0, 0x0000012341ca7150,
0x000001237f253990, 0x000001237f250ba0, 0x000001237f24f7f0, 0x000001237f254020,
0x000001237f251f50, 0x000001237f24f160, 0x000001237f2525e0, 0x000001237f253300,
0x000001237f2546b0, 0x000001237f24fe80, 0x000001237f24d720, 0x000001237f251230,
0x0000012341722630, 0x000001237f24ead0
}

Java Threads: ( => current thread )
  0x000001235eb18b90 JavaThread "main"                              [_thread_blocked, id=4224, stack(0x00000001ebc00000,0x00000001ebd00000) (1024K)]
  0x000001235ea44650 JavaThread "Reference Handler"          daemon [_thread_blocked, id=13740, stack(0x00000001ec000000,0x00000001ec100000) (1024K)]
  0x000001235ea48290 JavaThread "Finalizer"                  daemon [_thread_blocked, id=22324, stack(0x00000001ec100000,0x00000001ec200000) (1024K)]
  0x000001235ea4aed0 JavaThread "Signal Dispatcher"          daemon [_thread_blocked, id=8704, stack(0x00000001ec200000,0x00000001ec300000) (1024K)]
  0x000001235ea4bde0 JavaThread "Attach Listener"            daemon [_thread_blocked, id=2348, stack(0x00000001ec300000,0x00000001ec400000) (1024K)]
  0x0000012376197270 JavaThread "Service Thread"             daemon [_thread_blocked, id=23032, stack(0x00000001ec400000,0x00000001ec500000) (1024K)]
  0x000001235ea4da40 JavaThread "Monitor Deflation Thread"   daemon [_thread_blocked, id=21716, stack(0x00000001ec500000,0x00000001ec600000) (1024K)]
  0x000001235ea4e7c0 JavaThread "C2 CompilerThread0"         daemon [_thread_in_native, id=21432, stack(0x00000001ec600000,0x00000001ec700000) (1024K)]
  0x00000123761cb4f0 JavaThread "C1 CompilerThread0"         daemon [_thread_blocked, id=12580, stack(0x00000001ec700000,0x00000001ec800000) (1024K)]
  0x000001235eb459c0 JavaThread "Common-Cleaner"             daemon [_thread_blocked, id=15252, stack(0x00000001ec800000,0x00000001ec900000) (1024K)]
  0x00000123765023a0 JavaThread "Notification Thread"        daemon [_thread_blocked, id=15580, stack(0x00000001eca00000,0x00000001ecb00000) (1024K)]
  0x000001237c290750 JavaThread "Active Thread: Equinox Container: 9e604367-f56c-41f3-b3cb-4976f09f08f9"        [_thread_blocked, id=20412, stack(0x00000001ed100000,0x00000001ed200000) (1024K)]
  0x000001237c048560 JavaThread "Refresh Thread: Equinox Container: 9e604367-f56c-41f3-b3cb-4976f09f08f9" daemon [_thread_blocked, id=18440, stack(0x00000001ed200000,0x00000001ed300000) (1024K)]
  0x0000012376251640 JavaThread "Framework Event Dispatcher: Equinox Container: 9e604367-f56c-41f3-b3cb-4976f09f08f9" daemon [_thread_blocked, id=20876, stack(0x00000001ed300000,0x00000001ed400000) (1024K)]
  0x0000012376251ca0 JavaThread "Start Level: Equinox Container: 9e604367-f56c-41f3-b3cb-4976f09f08f9" daemon [_thread_blocked, id=18480, stack(0x00000001ed400000,0x00000001ed500000) (1024K)]
  0x000001237c442a90 JavaThread "Bundle File Closer"         daemon [_thread_blocked, id=19984, stack(0x00000001ed700000,0x00000001ed800000) (1024K)]
  0x000001237c66bc20 JavaThread "SCR Component Actor"        daemon [_thread_blocked, id=19752, stack(0x00000001ed800000,0x00000001ed900000) (1024K)]
  0x000001237c0b7b40 JavaThread "Worker-JM"                         [_thread_blocked, id=23232, stack(0x00000001edb00000,0x00000001edc00000) (1024K)]
  0x000001237c0b81d0 JavaThread "JNA Cleaner"                daemon [_thread_blocked, id=19648, stack(0x00000001eda00000,0x00000001edb00000) (1024K)]
  0x000001237c0b74b0 JavaThread "Worker-0"                          [_thread_blocked, id=4388, stack(0x00000001edc00000,0x00000001edd00000) (1024K)]
  0x000001237c0b8860 JavaThread "Worker-1"                          [_thread_blocked, id=5968, stack(0x00000001edd00000,0x00000001ede00000) (1024K)]
  0x000001237c0b8ef0 JavaThread "Java indexing"              daemon [_thread_blocked, id=18116, stack(0x00000001edf00000,0x00000001ee000000) (1024K)]
  0x000001237c0b9580 JavaThread "Worker-2"                          [_thread_blocked, id=15880, stack(0x00000001ee200000,0x00000001ee300000) (1024K)]
  0x000001237c0b9c10 JavaThread "Worker-3"                          [_thread_blocked, id=9396, stack(0x00000001ee300000,0x00000001ee400000) (1024K)]
  0x000001237c0ba2a0 JavaThread "Worker-4: Shutdown..."             [_thread_blocked, id=9624, stack(0x00000001ee400000,0x00000001ee500000) (1024K)]
  0x000001237c0b6e20 JavaThread "Thread-2"                   daemon [_thread_in_native, id=17044, stack(0x00000001ee500000,0x00000001ee600000) (1024K)]
  0x000001237f43f3c0 JavaThread "Thread-3"                   daemon [_thread_in_native, id=20196, stack(0x00000001ee600000,0x00000001ee700000) (1024K)]
  0x000001237f43ed30 JavaThread "Thread-4"                   daemon [_thread_in_native, id=14576, stack(0x00000001ee700000,0x00000001ee800000) (1024K)]
  0x000001237f43bf40 JavaThread "Thread-5"                   daemon [_thread_in_native, id=19004, stack(0x00000001ee800000,0x00000001ee900000) (1024K)]
  0x000001237f43fa50 JavaThread "Thread-6"                   daemon [_thread_in_native, id=9444, stack(0x00000001ee900000,0x00000001eea00000) (1024K)]
  0x000001237f43d980 JavaThread "Thread-7"                   daemon [_thread_in_native, id=4252, stack(0x00000001eea00000,0x00000001eeb00000) (1024K)]
  0x000001237f43d2f0 JavaThread "Thread-8"                   daemon [_thread_in_native, id=12356, stack(0x00000001eeb00000,0x00000001eec00000) (1024K)]
  0x000001237f43e6a0 JavaThread "Thread-9"                   daemon [_thread_in_native, id=19932, stack(0x00000001eec00000,0x00000001eed00000) (1024K)]
  0x000001237f4400e0 JavaThread "Thread-10"                  daemon [_thread_in_native, id=16804, stack(0x00000001eed00000,0x00000001eee00000) (1024K)]
  0x000001237f43e010 JavaThread "Thread-11"                  daemon [_thread_in_native, id=1512, stack(0x00000001eee00000,0x00000001eef00000) (1024K)]
  0x000001237f440770 JavaThread "Thread-12"                  daemon [_thread_in_native, id=12584, stack(0x00000001eef00000,0x00000001ef000000) (1024K)]
  0x000001237f43cc60 JavaThread "Thread-13"                  daemon [_thread_in_native, id=20332, stack(0x00000001ef000000,0x00000001ef100000) (1024K)]
  0x000001237f43a500 JavaThread "Thread-14"                  daemon [_thread_in_native, id=20668, stack(0x00000001ef100000,0x00000001ef200000) (1024K)]
  0x000001237f440e00 JavaThread "pool-2-thread-1"                   [_thread_blocked, id=3908, stack(0x00000001ef200000,0x00000001ef300000) (1024K)]
  0x000001237f441490 JavaThread "WorkspaceEventsHandler"            [_thread_blocked, id=10528, stack(0x00000001ef300000,0x00000001ef400000) (1024K)]
  0x000001237f441b20 JavaThread "pool-1-thread-1"                   [_thread_blocked, id=21584, stack(0x00000001ef400000,0x00000001ef500000) (1024K)]
  0x000001237f43ab90 JavaThread "Worker-5"                          [_thread_blocked, id=21900, stack(0x00000001ef600000,0x00000001ef700000) (1024K)]
  0x000001237f43b220 JavaThread "Worker-6"                          [_thread_blocked, id=17180, stack(0x00000001ef700000,0x00000001ef800000) (1024K)]
  0x000001237f3bd2f0 JavaThread "LocalFile Deleter"          daemon [_thread_blocked, id=17216, stack(0x00000001ef900000,0x00000001efa00000) (1024K)]
  0x000001237f3b97e0 JavaThread "LocalFile Deleter"          daemon [_thread_blocked, id=22728, stack(0x00000001efa00000,0x00000001efb00000) (1024K)]
  0x000001237f3be010 JavaThread "LocalFile Deleter"          daemon [_thread_blocked, id=22180, stack(0x00000001efb00000,0x00000001efc00000) (1024K)]
  0x000001237f3bab90 JavaThread "LocalFile Deleter"          daemon [_thread_blocked, id=11436, stack(0x00000001efc00000,0x00000001efd00000) (1024K)]
  0x000001237f3b9150 JavaThread "LocalFile Deleter"          daemon [_thread_blocked, id=6288, stack(0x00000001efd00000,0x00000001efe00000) (1024K)]
  0x000001237f3b9e70 JavaThread "LocalFile Deleter"          daemon [_thread_blocked, id=16452, stack(0x00000001efe00000,0x00000001eff00000) (1024K)]
  0x000001237f3bb220 JavaThread "LocalFile Deleter"          daemon [_thread_blocked, id=21136, stack(0x00000001eff00000,0x00000001f0000000) (1024K)]
  0x000001237f3bfa50 JavaThread "LocalFile Deleter"          daemon [_thread_blocked, id=13892, stack(0x00000001f0000000,0x00000001f0100000) (1024K)]
  0x000001237f3bb8b0 JavaThread "LocalFile Deleter"          daemon [_thread_blocked, id=11156, stack(0x00000001f0100000,0x00000001f0200000) (1024K)]
  0x000001237f3bbf40 JavaThread "LocalFile Deleter"          daemon [_thread_blocked, id=13596, stack(0x00000001f0200000,0x00000001f0300000) (1024K)]
  0x000001237f3be6a0 JavaThread "LocalFile Deleter"          daemon [_thread_blocked, id=6308, stack(0x00000001f0300000,0x00000001f0400000) (1024K)]
  0x000001237f3bcc60 JavaThread "LocalFile Deleter"          daemon [_thread_blocked, id=17372, stack(0x00000001f0400000,0x00000001f0500000) (1024K)]
  0x000001237f3bed30 JavaThread "Compiler Source File Reader" daemon [_thread_blocked, id=17368, stack(0x00000001f0500000,0x00000001f0600000) (1024K)]
  0x000001237f3bf3c0 JavaThread "Compiler Source File Reader" daemon [_thread_blocked, id=14604, stack(0x00000001f0600000,0x00000001f0700000) (1024K)]
  0x000001237f3c00e0 JavaThread "Compiler Source File Reader" daemon [_thread_blocked, id=10980, stack(0x00000001f0700000,0x00000001f0800000) (1024K)]
  0x000001237f3bd980 JavaThread "Compiler Source File Reader" daemon [_thread_blocked, id=11456, stack(0x00000001f0800000,0x00000001f0900000) (1024K)]
  0x000001237f3c0770 JavaThread "Compiler Source File Reader" daemon [_thread_blocked, id=17428, stack(0x00000001f0900000,0x00000001f0a00000) (1024K)]
  0x000001237f3bc5d0 JavaThread "Compiler Source File Reader" daemon [_thread_blocked, id=9664, stack(0x00000001f0a00000,0x00000001f0b00000) (1024K)]
  0x0000012341b24970 JavaThread "Compiler Source File Reader" daemon [_thread_blocked, id=3816, stack(0x00000001f0b00000,0x00000001f0c00000) (1024K)]
  0x0000012341b25d20 JavaThread "Compiler Source File Reader" daemon [_thread_blocked, id=21484, stack(0x00000001f0c00000,0x00000001f0d00000) (1024K)]
  0x0000012341b25690 JavaThread "Compiler Source File Reader" daemon [_thread_blocked, id=21532, stack(0x00000001f0d00000,0x00000001f0e00000) (1024K)]
  0x0000012341b228a0 JavaThread "Compiler Source File Reader" daemon [_thread_blocked, id=11980, stack(0x00000001f0e00000,0x00000001f0f00000) (1024K)]
  0x0000012341b23c50 JavaThread "Compiler Processing Task"   daemon [_thread_blocked, id=19576, stack(0x00000001ed900000,0x00000001eda00000) (1024K)]
  0x0000012341b25000 JavaThread "Compiler Class File Writer" daemon [_thread_blocked, id=17492, stack(0x00000001f0f00000,0x00000001f1000000) (1024K)]
  0x0000012341cac010 JavaThread "Compiler Class File Writer" daemon [_thread_blocked, id=12084, stack(0x00000001f1000000,0x00000001f1100000) (1024K)]
  0x0000012341caac60 JavaThread "Compiler Class File Writer" daemon [_thread_blocked, id=20400, stack(0x00000001f1100000,0x00000001f1200000) (1024K)]
  0x0000012341ca9f40 JavaThread "Compiler Class File Writer" daemon [_thread_blocked, id=19520, stack(0x00000001f1200000,0x00000001f1300000) (1024K)]
  0x0000012341ca6ac0 JavaThread "Compiler Class File Writer" daemon [_thread_blocked, id=4076, stack(0x00000001f1300000,0x00000001f1400000) (1024K)]
  0x0000012341ca8b90 JavaThread "Compiler Class File Writer" daemon [_thread_blocked, id=1804, stack(0x00000001f1400000,0x00000001f1500000) (1024K)]
  0x0000012341ca9220 JavaThread "Compiler Class File Writer" daemon [_thread_blocked, id=16032, stack(0x00000001f1500000,0x00000001f1600000) (1024K)]
  0x0000012341cab2f0 JavaThread "Compiler Class File Writer" daemon [_thread_blocked, id=12264, stack(0x00000001f1600000,0x00000001f1700000) (1024K)]
  0x0000012341ca98b0 JavaThread "Compiler Class File Writer" daemon [_thread_blocked, id=6060, stack(0x00000001f1700000,0x00000001f1800000) (1024K)]
  0x0000012341ca7150 JavaThread "Compiler Class File Writer" daemon [_thread_blocked, id=11848, stack(0x00000001f1800000,0x00000001f1900000) (1024K)]
  0x000001237f253990 JavaThread "ForkJoinPool.commonPool-worker-1" daemon [_thread_blocked, id=17272, stack(0x00000001f1900000,0x00000001f1a00000) (1024K)]
  0x000001237f250ba0 JavaThread "ForkJoinPool.commonPool-worker-2" daemon [_thread_blocked, id=9276, stack(0x00000001f1a00000,0x00000001f1b00000) (1024K)]
  0x000001237f24f7f0 JavaThread "ForkJoinPool.commonPool-worker-3" daemon [_thread_blocked, id=22540, stack(0x00000001f1b00000,0x00000001f1c00000) (1024K)]
  0x000001237f254020 JavaThread "ForkJoinPool.commonPool-worker-4" daemon [_thread_blocked, id=13052, stack(0x00000001f1c00000,0x00000001f1d00000) (1024K)]
  0x000001237f251f50 JavaThread "ForkJoinPool.commonPool-worker-5" daemon [_thread_blocked, id=17104, stack(0x00000001f1d00000,0x00000001f1e00000) (1024K)]
  0x000001237f24f160 JavaThread "ForkJoinPool.commonPool-worker-6" daemon [_thread_blocked, id=5932, stack(0x00000001f1e00000,0x00000001f1f00000) (1024K)]
  0x000001237f2525e0 JavaThread "ForkJoinPool.commonPool-worker-7" daemon [_thread_blocked, id=11628, stack(0x00000001f1f00000,0x00000001f2000000) (1024K)]
  0x000001237f253300 JavaThread "ForkJoinPool.commonPool-worker-8" daemon [_thread_blocked, id=16788, stack(0x00000001f2000000,0x00000001f2100000) (1024K)]
  0x000001237f2546b0 JavaThread "ForkJoinPool.commonPool-worker-9" daemon [_thread_blocked, id=11344, stack(0x00000001f2100000,0x00000001f2200000) (1024K)]
  0x000001237f24fe80 JavaThread "ForkJoinPool.commonPool-worker-10" daemon [_thread_blocked, id=2296, stack(0x00000001f2200000,0x00000001f2300000) (1024K)]
  0x000001237f24d720 JavaThread "ForkJoinPool.commonPool-worker-11" daemon [_thread_blocked, id=5904, stack(0x00000001f2300000,0x00000001f2400000) (1024K)]
  0x000001237f251230 JavaThread "pool-5-thread-1"                   [_thread_blocked, id=17192, stack(0x00000001eb800000,0x00000001eb900000) (1024K)]
=>0x0000012341722630 JavaThread "C2 CompilerThread1"         daemon [_thread_in_native, id=12256, stack(0x00000001eb900000,0x00000001eba00000) (1024K)]
  0x000001237f24ead0 JavaThread "ForkJoinPool-3-worker-1"    daemon [_thread_in_Java, id=15932, stack(0x00000001ede00000,0x00000001edf00000) (1024K)]
Total: 90

Other Threads:
  0x000001235ea33bc0 VMThread "VM Thread"                           [id=14404, stack(0x00000001ebf00000,0x00000001ec000000) (1024K)]
  0x000001235e96cb50 WatcherThread "VM Periodic Task Thread"        [id=10896, stack(0x00000001ebe00000,0x00000001ebf00000) (1024K)]
  0x000001235eb36700 WorkerThread "GC Thread#0"                     [id=9576, stack(0x00000001ebd00000,0x00000001ebe00000) (1024K)]
  0x000001237c179010 WorkerThread "GC Thread#1"                     [id=14228, stack(0x00000001ecb00000,0x00000001ecc00000) (1024K)]
  0x0000012377f2d9e0 WorkerThread "GC Thread#2"                     [id=784, stack(0x00000001ecc00000,0x00000001ecd00000) (1024K)]
  0x0000012377f2e3a0 WorkerThread "GC Thread#3"                     [id=9864, stack(0x00000001ecd00000,0x00000001ece00000) (1024K)]
  0x0000012377f2e740 WorkerThread "GC Thread#4"                     [id=12400, stack(0x00000001ece00000,0x00000001ecf00000) (1024K)]
  0x0000012377f2eae0 WorkerThread "GC Thread#5"                     [id=11576, stack(0x00000001ecf00000,0x00000001ed000000) (1024K)]
  0x0000012377bfb8d0 WorkerThread "GC Thread#6"                     [id=20388, stack(0x00000001ed000000,0x00000001ed100000) (1024K)]
  0x000001235eb199a0 WorkerThread "GC Thread#7"                     [id=3688, stack(0x00000001ec900000,0x00000001eca00000) (1024K)]
  0x000001237c321740 WorkerThread "GC Thread#8"                     [id=8904, stack(0x00000001ed500000,0x00000001ed600000) (1024K)]
  0x0000012377ebb800 WorkerThread "GC Thread#9"                     [id=15700, stack(0x00000001ed600000,0x00000001ed700000) (1024K)]
Total: 12

Threads with active compile tasks:
C2 CompilerThread0  81518 17408       4       org.eclipse.core.internal.dtree.DataTreeWriter::writeNode (182 bytes)
C2 CompilerThread1  81518 17409       4       org.eclipse.core.internal.watson.ElementTreeWriter$1::writeData (25 bytes)
Total: 2

VM state: not at safepoint (normal execution)

VM Mutex/Monitor currently owned by a thread: None

Heap address: 0x0000000080000000, size: 2048 MB, Compressed Oops mode: 32-bit

CDS archive(s) mapped at: [0x0000012300000000-0x0000012300ba0000-0x0000012300ba0000), size 12189696, SharedBaseAddress: 0x0000012300000000, ArchiveRelocationMode: 1.
Compressed class space mapped at: 0x0000012301000000-0x0000012341000000, reserved size: 1073741824
Narrow klass base: 0x0000012300000000, Narrow klass shift: 0, Narrow klass range: 0x100000000

GC Precious Log:
 CardTable entry size: 512
 CPUs: 12 total, 12 available
 Memory: 15752M
 Large Page Support: Disabled
 NUMA Support: Disabled
 Compressed Oops: Enabled (32-bit)
 Alignments: Space 512K, Generation 512K, Heap 2M
 Heap Min Capacity: 100M
 Heap Initial Capacity: 100M
 Heap Max Capacity: 2G
 Pre-touch: Disabled
 Parallel Workers: 10

Heap:
 PSYoungGen      total 3584K, used 2007K [0x00000000d5580000, 0x00000000d5c00000, 0x0000000100000000)
  eden space 3072K, 51% used [0x00000000d5580000,0x00000000d570dc58,0x00000000d5880000)
  from space 512K, 81% used [0x00000000d5880000,0x00000000d58e8000,0x00000000d5900000)
  to   space 1536K, 0% used [0x00000000d5a80000,0x00000000d5a80000,0x00000000d5c00000)
 ParOldGen       total 719360K, used 299201K [0x0000000080000000, 0x00000000abe80000, 0x00000000d5580000)
  object space 719360K, 41% used [0x0000000080000000,0x00000000924307b0,0x00000000abe80000)
 Metaspace       used 73450K, committed 75008K, reserved 1179648K
  class space    used 7392K, committed 8128K, reserved 1048576K

Card table byte_map: [0x000001235e440000,0x000001235e850000] _byte_map_base: 0x000001235e040000

Marking Bits: (ParMarkBitMap*) 0x00007ff95f7d31f0
 Begin Bits: [0x0000012370f40000, 0x0000012372f40000)
 End Bits:   [0x0000012372f40000, 0x0000012374f40000)

Polling page: 0x000001235c410000

Metaspace:

Usage:
  Non-class:     64.51 MB used.
      Class:      7.22 MB used.
       Both:     71.73 MB used.

Virtual space:
  Non-class space:      128.00 MB reserved,      65.31 MB ( 51%) committed,  2 nodes.
      Class space:        1.00 GB reserved,       7.94 MB ( <1%) committed,  1 nodes.
             Both:        1.12 GB reserved,      73.25 MB (  6%) committed. 

Chunk freelists:
   Non-Class:  14.57 MB
       Class:  7.97 MB
        Both:  22.55 MB

MaxMetaspaceSize: unlimited
CompressedClassSpaceSize: 1.00 GB
Initial GC threshold: 21.00 MB
Current GC threshold: 120.44 MB
CDS: on
 - commit_granule_bytes: 65536.
 - commit_granule_words: 8192.
 - virtual_space_node_default_size: 8388608.
 - enlarge_chunks_in_place: 1.
 - use_allocation_guard: 0.


Internal statistics:

num_allocs_failed_limit: 9.
num_arena_births: 1418.
num_arena_deaths: 22.
num_vsnodes_births: 3.
num_vsnodes_deaths: 0.
num_space_committed: 1172.
num_space_uncommitted: 0.
num_chunks_returned_to_freelist: 35.
num_chunks_taken_from_freelist: 4863.
num_chunk_merges: 18.
num_chunk_splits: 2901.
num_chunks_enlarged: 1528.
num_inconsistent_stats: 0.

CodeHeap 'non-profiled nmethods': size=120000Kb used=12218Kb max_used=12218Kb free=107782Kb
 bounds [0x0000012369760000, 0x000001236a350000, 0x0000012370c90000]
CodeHeap 'profiled nmethods': size=120000Kb used=37000Kb max_used=37000Kb free=82999Kb
 bounds [0x0000012361c90000, 0x00000123640d0000, 0x00000123691c0000]
CodeHeap 'non-nmethods': size=5760Kb used=1484Kb max_used=1578Kb free=4275Kb
 bounds [0x00000123691c0000, 0x0000012369430000, 0x0000012369760000]
 total_blobs=16353 nmethods=15559 adapters=697
 compilation: enabled
              stopped_count=0, restarted_count=0
 full_count=0

Compilation events (20 events):
Event: 81.316 Thread 0x000001235ea4e7c0 nmethod 17394 0x000001236a345c90 code [0x000001236a345ea0, 0x000001236a346440]
Event: 81.316 Thread 0x000001235ea4e7c0 17405       4       java.io.DataOutputStream::writeUTF (389 bytes)
Event: 81.327 Thread 0x0000012341722630 nmethod 17401 0x000001236a346a10 code [0x000001236a346c40, 0x000001236a3475e8]
Event: 81.327 Thread 0x0000012341722630 17388       4       java.io.DataOutputStream::incCount (20 bytes)
Event: 81.327 Thread 0x0000012341722630 nmethod 17388 0x000001236a347e10 code [0x000001236a347fa0, 0x000001236a348050]
Event: 81.327 Thread 0x0000012341722630 17390       4       java.io.DataOutputStream::writeByte (14 bytes)
Event: 81.331 Thread 0x000001235ea4e7c0 nmethod 17405 0x000001236a348110 code [0x000001236a348300, 0x000001236a348cf0]
Event: 81.331 Thread 0x000001235ea4e7c0 17402       4       jdk.internal.misc.Unsafe::putLongUnaligned (14 bytes)
Event: 81.331 Thread 0x000001235ea4e7c0 nmethod 17402 0x000001236a349390 code [0x000001236a349520, 0x000001236a3495d8]
Event: 81.331 Thread 0x000001235ea4e7c0 17403       4       jdk.internal.util.ByteArray::setLong (10 bytes)
Event: 81.333 Thread 0x000001235ea4e7c0 nmethod 17403 0x000001236a349690 code [0x000001236a349820, 0x000001236a349900]
Event: 81.333 Thread 0x000001235ea4e7c0 17406       4       java.io.DataOutputStream::writeLong (30 bytes)
Event: 81.347 Thread 0x000001235ea4e7c0 nmethod 17406 0x000001236a349a90 code [0x000001236a349ce0, 0x000001236a34a5f0]
Event: 81.347 Thread 0x000001235ea4e7c0 17408       4       org.eclipse.core.internal.dtree.DataTreeWriter::writeNode (182 bytes)
Event: 81.354 Thread 0x0000012341722630 nmethod 17390 0x000001236a34af90 code [0x000001236a34b240, 0x000001236a34bca8]
Event: 81.354 Thread 0x0000012341722630 17404       4       org.eclipse.core.internal.dtree.DataTreeWriter::writeNumber (47 bytes)
Event: 81.375 Thread 0x0000012341722630 nmethod 17404 0x000001236a34c710 code [0x000001236a34ca00, 0x000001236a34d680]
Event: 81.375 Thread 0x0000012341722630 17409       4       org.eclipse.core.internal.watson.ElementTreeWriter$1::writeData (25 bytes)
Event: 81.385 Thread 0x00000123761cb4f0 17412       3       sun.nio.cs.StreamEncoder::writeBytes (139 bytes)
Event: 81.388 Thread 0x00000123761cb4f0 nmethod 17412 0x00000123628a4d90 code [0x00000123628a5000, 0x00000123628a59a0]

GC Heap History (20 events):
Event: 42.642 GC heap before
{Heap before GC invocations=1524 (full 4):
 PSYoungGen      total 4096K, used 3296K [0x00000000d5580000, 0x00000000d5b80000, 0x0000000100000000)
  eden space 2560K, 100% used [0x00000000d5580000,0x00000000d5800000,0x00000000d5800000)
  from space 1536K, 47% used [0x00000000d5900000,0x00000000d59b8000,0x00000000d5a80000)
  to   space 1024K, 0% used [0x00000000d5a80000,0x00000000d5a80000,0x00000000d5b80000)
 ParOldGen       total 719360K, used 287949K [0x0000000080000000, 0x00000000abe80000, 0x00000000d5580000)
  object space 719360K, 40% used [0x0000000080000000,0x0000000091933760,0x00000000abe80000)
 Metaspace       used 73110K, committed 74688K, reserved 1179648K
  class space    used 7350K, committed 8064K, reserved 1048576K
}
Event: 42.643 GC heap after
{Heap after GC invocations=1524 (full 4):
 PSYoungGen      total 3584K, used 1024K [0x00000000d5580000, 0x00000000d5c00000, 0x0000000100000000)
  eden space 2560K, 0% used [0x00000000d5580000,0x00000000d5580000,0x00000000d5800000)
  from space 1024K, 100% used [0x00000000d5a80000,0x00000000d5b80000,0x00000000d5b80000)
  to   space 2048K, 0% used [0x00000000d5800000,0x00000000d5800000,0x00000000d5a00000)
 ParOldGen       total 719360K, used 288623K [0x0000000080000000, 0x00000000abe80000, 0x00000000d5580000)
  object space 719360K, 40% used [0x0000000080000000,0x00000000919dbd88,0x00000000abe80000)
 Metaspace       used 73110K, committed 74688K, reserved 1179648K
  class space    used 7350K, committed 8064K, reserved 1048576K
}
Event: 42.661 GC heap before
{Heap before GC invocations=1525 (full 4):
 PSYoungGen      total 3584K, used 3584K [0x00000000d5580000, 0x00000000d5c00000, 0x0000000100000000)
  eden space 2560K, 100% used [0x00000000d5580000,0x00000000d5800000,0x00000000d5800000)
  from space 1024K, 100% used [0x00000000d5a80000,0x00000000d5b80000,0x00000000d5b80000)
  to   space 2048K, 0% used [0x00000000d5800000,0x00000000d5800000,0x00000000d5a00000)
 ParOldGen       total 719360K, used 288623K [0x0000000080000000, 0x00000000abe80000, 0x00000000d5580000)
  object space 719360K, 40% used [0x0000000080000000,0x00000000919dbd88,0x00000000abe80000)
 Metaspace       used 73110K, committed 74688K, reserved 1179648K
  class space    used 7350K, committed 8064K, reserved 1048576K
}
Event: 42.662 GC heap after
{Heap after GC invocations=1525 (full 4):
 PSYoungGen      total 3584K, used 818K [0x00000000d5580000, 0x00000000d5b00000, 0x0000000100000000)
  eden space 2560K, 0% used [0x00000000d5580000,0x00000000d5580000,0x00000000d5800000)
  from space 1024K, 79% used [0x00000000d5800000,0x00000000d58cc808,0x00000000d5900000)
  to   space 1536K, 0% used [0x00000000d5980000,0x00000000d5980000,0x00000000d5b00000)
 ParOldGen       total 719360K, used 289305K [0x0000000080000000, 0x00000000abe80000, 0x00000000d5580000)
  object space 719360K, 40% used [0x0000000080000000,0x0000000091a865a0,0x00000000abe80000)
 Metaspace       used 73110K, committed 74688K, reserved 1179648K
  class space    used 7350K, committed 8064K, reserved 1048576K
}
Event: 42.689 GC heap before
{Heap before GC invocations=1526 (full 4):
 PSYoungGen      total 3584K, used 3366K [0x00000000d5580000, 0x00000000d5b00000, 0x0000000100000000)
  eden space 2560K, 99% used [0x00000000d5580000,0x00000000d57fd2c0,0x00000000d5800000)
  from space 1024K, 79% used [0x00000000d5800000,0x00000000d58cc808,0x00000000d5900000)
  to   space 1536K, 0% used [0x00000000d5980000,0x00000000d5980000,0x00000000d5b00000)
 ParOldGen       total 719360K, used 289305K [0x0000000080000000, 0x00000000abe80000, 0x00000000d5580000)
  object space 719360K, 40% used [0x0000000080000000,0x0000000091a865a0,0x00000000abe80000)
 Metaspace       used 73111K, committed 74688K, reserved 1179648K
  class space    used 7350K, committed 8064K, reserved 1048576K
}
Event: 42.691 GC heap after
{Heap after GC invocations=1526 (full 4):
 PSYoungGen      total 2048K, used 1521K [0x00000000d5580000, 0x00000000d5f00000, 0x0000000100000000)
  eden space 512K, 0% used [0x00000000d5580000,0x00000000d5580000,0x00000000d5600000)
  from space 1536K, 99% used [0x00000000d5980000,0x00000000d5afc570,0x00000000d5b00000)
  to   space 3584K, 0% used [0x00000000d5600000,0x00000000d5600000,0x00000000d5980000)
 ParOldGen       total 719360K, used 290798K [0x0000000080000000, 0x00000000abe80000, 0x00000000d5580000)
  object space 719360K, 40% used [0x0000000080000000,0x0000000091bfb980,0x00000000abe80000)
 Metaspace       used 73111K, committed 74688K, reserved 1179648K
  class space    used 7350K, committed 8064K, reserved 1048576K
}
Event: 42.692 GC heap before
{Heap before GC invocations=1527 (full 4):
 PSYoungGen      total 2048K, used 2033K [0x00000000d5580000, 0x00000000d5f00000, 0x0000000100000000)
  eden space 512K, 100% used [0x00000000d5580000,0x00000000d5600000,0x00000000d5600000)
  from space 1536K, 99% used [0x00000000d5980000,0x00000000d5afc570,0x00000000d5b00000)
  to   space 3584K, 0% used [0x00000000d5600000,0x00000000d5600000,0x00000000d5980000)
 ParOldGen       total 719360K, used 290798K [0x0000000080000000, 0x00000000abe80000, 0x00000000d5580000)
  object space 719360K, 40% used [0x0000000080000000,0x0000000091bfb980,0x00000000abe80000)
 Metaspace       used 73111K, committed 74688K, reserved 1179648K
  class space    used 7350K, committed 8064K, reserved 1048576K
}
Event: 42.694 GC heap after
{Heap after GC invocations=1527 (full 4):
 PSYoungGen      total 1536K, used 625K [0x00000000d5580000, 0x00000000d5a00000, 0x0000000100000000)
  eden space 512K, 0% used [0x00000000d5580000,0x00000000d5580000,0x00000000d5600000)
  from space 1024K, 61% used [0x00000000d5600000,0x00000000d569c6a0,0x00000000d5700000)
  to   space 1536K, 0% used [0x00000000d5880000,0x00000000d5880000,0x00000000d5a00000)
 ParOldGen       total 719360K, used 292371K [0x0000000080000000, 0x00000000abe80000, 0x00000000d5580000)
  object space 719360K, 40% used [0x0000000080000000,0x0000000091d84cf8,0x00000000abe80000)
 Metaspace       used 73111K, committed 74688K, reserved 1179648K
  class space    used 7350K, committed 8064K, reserved 1048576K
}
Event: 42.694 GC heap before
{Heap before GC invocations=1528 (full 4):
 PSYoungGen      total 1536K, used 1137K [0x00000000d5580000, 0x00000000d5a00000, 0x0000000100000000)
  eden space 512K, 100% used [0x00000000d5580000,0x00000000d5600000,0x00000000d5600000)
  from space 1024K, 61% used [0x00000000d5600000,0x00000000d569c6a0,0x00000000d5700000)
  to   space 1536K, 0% used [0x00000000d5880000,0x00000000d5880000,0x00000000d5a00000)
 ParOldGen       total 719360K, used 292371K [0x0000000080000000, 0x00000000abe80000, 0x00000000d5580000)
  object space 719360K, 40% used [0x0000000080000000,0x0000000091d84cf8,0x00000000abe80000)
 Metaspace       used 73111K, committed 74688K, reserved 1179648K
  class space    used 7350K, committed 8064K, reserved 1048576K
}
Event: 42.695 GC heap after
{Heap after GC invocations=1528 (full 4):
 PSYoungGen      total 2048K, used 576K [0x00000000d5580000, 0x00000000d5980000, 0x0000000100000000)
  eden space 1024K, 0% used [0x00000000d5580000,0x00000000d5580000,0x00000000d5680000)
  from space 1024K, 56% used [0x00000000d5880000,0x00000000d5910000,0x00000000d5980000)
  to   space 1024K, 0% used [0x00000000d5780000,0x00000000d5780000,0x00000000d5880000)
 ParOldGen       total 719360K, used 292830K [0x0000000080000000, 0x00000000abe80000, 0x00000000d5580000)
  object space 719360K, 40% used [0x0000000080000000,0x0000000091df7a38,0x00000000abe80000)
 Metaspace       used 73111K, committed 74688K, reserved 1179648K
  class space    used 7350K, committed 8064K, reserved 1048576K
}
Event: 42.696 GC heap before
{Heap before GC invocations=1529 (full 4):
 PSYoungGen      total 2048K, used 1599K [0x00000000d5580000, 0x00000000d5980000, 0x0000000100000000)
  eden space 1024K, 99% used [0x00000000d5580000,0x00000000d567fff0,0x00000000d5680000)
  from space 1024K, 56% used [0x00000000d5880000,0x00000000d5910000,0x00000000d5980000)
  to   space 1024K, 0% used [0x00000000d5780000,0x00000000d5780000,0x00000000d5880000)
 ParOldGen       total 719360K, used 292830K [0x0000000080000000, 0x00000000abe80000, 0x00000000d5580000)
  object space 719360K, 40% used [0x0000000080000000,0x0000000091df7a38,0x00000000abe80000)
 Metaspace       used 73111K, committed 74688K, reserved 1179648K
  class space    used 7350K, committed 8064K, reserved 1048576K
}
Event: 42.697 GC heap after
{Heap after GC invocations=1529 (full 4):
 PSYoungGen      total 2560K, used 1024K [0x00000000d5580000, 0x00000000d5b00000, 0x0000000100000000)
  eden space 1536K, 0% used [0x00000000d5580000,0x00000000d5580000,0x00000000d5700000)
  from space 1024K, 100% used [0x00000000d5780000,0x00000000d5880000,0x00000000d5880000)
  to   space 2048K, 0% used [0x00000000d5900000,0x00000000d5900000,0x00000000d5b00000)
 ParOldGen       total 719360K, used 293254K [0x0000000080000000, 0x00000000abe80000, 0x00000000d5580000)
  object space 719360K, 40% used [0x0000000080000000,0x0000000091e61a38,0x00000000abe80000)
 Metaspace       used 73111K, committed 74688K, reserved 1179648K
  class space    used 7350K, committed 8064K, reserved 1048576K
}
Event: 42.699 GC heap before
{Heap before GC invocations=1530 (full 4):
 PSYoungGen      total 2560K, used 2559K [0x00000000d5580000, 0x00000000d5b00000, 0x0000000100000000)
  eden space 1536K, 99% used [0x00000000d5580000,0x00000000d56fffe8,0x00000000d5700000)
  from space 1024K, 100% used [0x00000000d5780000,0x00000000d5880000,0x00000000d5880000)
  to   space 2048K, 0% used [0x00000000d5900000,0x00000000d5900000,0x00000000d5b00000)
 ParOldGen       total 719360K, used 293254K [0x0000000080000000, 0x00000000abe80000, 0x00000000d5580000)
  object space 719360K, 40% used [0x0000000080000000,0x0000000091e61a38,0x00000000abe80000)
 Metaspace       used 73111K, committed 74688K, reserved 1179648K
  class space    used 7350K, committed 8064K, reserved 1048576K
}
Event: 42.701 GC heap after
{Heap after GC invocations=1530 (full 4):
 PSYoungGen      total 3584K, used 1440K [0x00000000d5580000, 0x00000000d5a80000, 0x0000000100000000)
  eden space 2048K, 0% used [0x00000000d5580000,0x00000000d5580000,0x00000000d5780000)
  from space 1536K, 93% used [0x00000000d5900000,0x00000000d5a68000,0x00000000d5a80000)
  to   space 1536K, 0% used [0x00000000d5780000,0x00000000d5780000,0x00000000d5900000)
 ParOldGen       total 719360K, used 294129K [0x0000000080000000, 0x00000000abe80000, 0x00000000d5580000)
  object space 719360K, 40% used [0x0000000080000000,0x0000000091f3c5c0,0x00000000abe80000)
 Metaspace       used 73111K, committed 74688K, reserved 1179648K
  class space    used 7350K, committed 8064K, reserved 1048576K
}
Event: 42.703 GC heap before
{Heap before GC invocations=1531 (full 4):
 PSYoungGen      total 3584K, used 3487K [0x00000000d5580000, 0x00000000d5a80000, 0x0000000100000000)
  eden space 2048K, 99% used [0x00000000d5580000,0x00000000d577fff8,0x00000000d5780000)
  from space 1536K, 93% used [0x00000000d5900000,0x00000000d5a68000,0x00000000d5a80000)
  to   space 1536K, 0% used [0x00000000d5780000,0x00000000d5780000,0x00000000d5900000)
 ParOldGen       total 719360K, used 294129K [0x0000000080000000, 0x00000000abe80000, 0x00000000d5580000)
  object space 719360K, 40% used [0x0000000080000000,0x0000000091f3c5c0,0x00000000abe80000)
 Metaspace       used 73112K, committed 74688K, reserved 1179648K
  class space    used 7350K, committed 8064K, reserved 1048576K
}
Event: 42.705 GC heap after
{Heap after GC invocations=1531 (full 4):
 PSYoungGen      total 3584K, used 1536K [0x00000000d5580000, 0x00000000d5f00000, 0x0000000100000000)
  eden space 2048K, 0% used [0x00000000d5580000,0x00000000d5580000,0x00000000d5780000)
  from space 1536K, 100% used [0x00000000d5780000,0x00000000d5900000,0x00000000d5900000)
  to   space 3584K, 0% used [0x00000000d5b80000,0x00000000d5b80000,0x00000000d5f00000)
 ParOldGen       total 719360K, used 295726K [0x0000000080000000, 0x00000000abe80000, 0x00000000d5580000)
  object space 719360K, 41% used [0x0000000080000000,0x00000000920cb9a0,0x00000000abe80000)
 Metaspace       used 73112K, committed 74688K, reserved 1179648K
  class space    used 7350K, committed 8064K, reserved 1048576K
}
Event: 42.708 GC heap before
{Heap before GC invocations=1532 (full 4):
 PSYoungGen      total 3584K, used 3584K [0x00000000d5580000, 0x00000000d5f00000, 0x0000000100000000)
  eden space 2048K, 100% used [0x00000000d5580000,0x00000000d5780000,0x00000000d5780000)
  from space 1536K, 100% used [0x00000000d5780000,0x00000000d5900000,0x00000000d5900000)
  to   space 3584K, 0% used [0x00000000d5b80000,0x00000000d5b80000,0x00000000d5f00000)
 ParOldGen       total 719360K, used 295726K [0x0000000080000000, 0x00000000abe80000, 0x00000000d5580000)
  object space 719360K, 41% used [0x0000000080000000,0x00000000920cb9a0,0x00000000abe80000)
 Metaspace       used 73112K, committed 74688K, reserved 1179648K
  class space    used 7350K, committed 8064K, reserved 1048576K
}
Event: 42.710 GC heap after
{Heap after GC invocations=1532 (full 4):
 PSYoungGen      total 4608K, used 1952K [0x00000000d5580000, 0x00000000d5d80000, 0x0000000100000000)
  eden space 2560K, 0% used [0x00000000d5580000,0x00000000d5580000,0x00000000d5800000)
  from space 2048K, 95% used [0x00000000d5b80000,0x00000000d5d68000,0x00000000d5d80000)
  to   space 2560K, 0% used [0x00000000d5880000,0x00000000d5880000,0x00000000d5b00000)
 ParOldGen       total 719360K, used 297297K [0x0000000080000000, 0x00000000abe80000, 0x00000000d5580000)
  object space 719360K, 41% used [0x0000000080000000,0x00000000922547b0,0x00000000abe80000)
 Metaspace       used 73112K, committed 74688K, reserved 1179648K
  class space    used 7350K, committed 8064K, reserved 1048576K
}
Event: 81.282 GC heap before
{Heap before GC invocations=1533 (full 4):
 PSYoungGen      total 4608K, used 4511K [0x00000000d5580000, 0x00000000d5d80000, 0x0000000100000000)
  eden space 2560K, 99% used [0x00000000d5580000,0x00000000d57ffff0,0x00000000d5800000)
  from space 2048K, 95% used [0x00000000d5b80000,0x00000000d5d68000,0x00000000d5d80000)
  to   space 2560K, 0% used [0x00000000d5880000,0x00000000d5880000,0x00000000d5b00000)
 ParOldGen       total 719360K, used 297297K [0x0000000080000000, 0x00000000abe80000, 0x00000000d5580000)
  object space 719360K, 41% used [0x0000000080000000,0x00000000922547b0,0x00000000abe80000)
 Metaspace       used 73415K, committed 75008K, reserved 1179648K
  class space    used 7385K, committed 8128K, reserved 1048576K
}
Event: 81.285 GC heap after
{Heap after GC invocations=1533 (full 4):
 PSYoungGen      total 3584K, used 416K [0x00000000d5580000, 0x00000000d5c00000, 0x0000000100000000)
  eden space 3072K, 0% used [0x00000000d5580000,0x00000000d5580000,0x00000000d5880000)
  from space 512K, 81% used [0x00000000d5880000,0x00000000d58e8000,0x00000000d5900000)
  to   space 1536K, 0% used [0x00000000d5a80000,0x00000000d5a80000,0x00000000d5c00000)
 ParOldGen       total 719360K, used 299201K [0x0000000080000000, 0x00000000abe80000, 0x00000000d5580000)
  object space 719360K, 41% used [0x0000000080000000,0x00000000924307b0,0x00000000abe80000)
 Metaspace       used 73415K, committed 75008K, reserved 1179648K
  class space    used 7385K, committed 8128K, reserved 1048576K
}

Dll operation events (12 events):
Event: 0.011 Loaded shared library c:\Users\PC\.vscode\extensions\redhat.java-1.43.1-win32-x64\jre\21.0.7-win32-x86_64\bin\java.dll
Event: 0.100 Loaded shared library c:\Users\PC\.vscode\extensions\redhat.java-1.43.1-win32-x64\jre\21.0.7-win32-x86_64\bin\zip.dll
Event: 0.136 Loaded shared library C:\Users\PC\.vscode\extensions\redhat.java-1.43.1-win32-x64\jre\21.0.7-win32-x86_64\bin\instrument.dll
Event: 0.141 Loaded shared library C:\Users\PC\.vscode\extensions\redhat.java-1.43.1-win32-x64\jre\21.0.7-win32-x86_64\bin\net.dll
Event: 0.144 Loaded shared library C:\Users\PC\.vscode\extensions\redhat.java-1.43.1-win32-x64\jre\21.0.7-win32-x86_64\bin\nio.dll
Event: 0.149 Loaded shared library C:\Users\PC\.vscode\extensions\redhat.java-1.43.1-win32-x64\jre\21.0.7-win32-x86_64\bin\zip.dll
Event: 0.174 Loaded shared library C:\Users\PC\.vscode\extensions\redhat.java-1.43.1-win32-x64\jre\21.0.7-win32-x86_64\bin\jimage.dll
Event: 0.266 Loaded shared library c:\Users\PC\.vscode\extensions\redhat.java-1.43.1-win32-x64\jre\21.0.7-win32-x86_64\bin\verify.dll
Event: 6.940 Loaded shared library C:\Users\PC\AppData\Roaming\Code\User\globalStorage\redhat.java\1.43.1\config_win\org.eclipse.equinox.launcher\org.eclipse.equinox.launcher.win32.win32.x86_64_1.2.1300.v20250331-1702\eclipse_11911.dll
Event: 19.307 Loaded shared library C:\Users\PC\AppData\Local\Temp\jna-2547\jna799885848944704398.dll
Event: 21.281 Loaded shared library C:\Users\PC\.vscode\extensions\redhat.java-1.43.1-win32-x64\jre\21.0.7-win32-x86_64\bin\sunmscapi.dll
Event: 21.382 Loaded shared library C:\Users\PC\.vscode\extensions\redhat.java-1.43.1-win32-x64\jre\21.0.7-win32-x86_64\bin\extnet.dll

Deoptimization events (20 events):
Event: 81.316 Thread 0x000001237c0ba2a0 DEOPT PACKING pc=0x0000012363a5d206 sp=0x00000001ee4fe3c0
Event: 81.316 Thread 0x000001237c0ba2a0 DEOPT UNPACKING pc=0x0000012369214242 sp=0x00000001ee4fd918 mode 0
Event: 81.317 Thread 0x000001237c0ba2a0 DEOPT PACKING pc=0x0000012363a5d206 sp=0x00000001ee4fe320
Event: 81.317 Thread 0x000001237c0ba2a0 DEOPT UNPACKING pc=0x0000012369214242 sp=0x00000001ee4fd878 mode 0
Event: 81.320 Thread 0x000001237c0ba2a0 DEOPT PACKING pc=0x0000012363a5d4a8 sp=0x00000001ee4fe320
Event: 81.320 Thread 0x000001237c0ba2a0 DEOPT UNPACKING pc=0x0000012369214242 sp=0x00000001ee4fd878 mode 0
Event: 81.321 Thread 0x000001237c0ba2a0 DEOPT PACKING pc=0x0000012363a5d4a8 sp=0x00000001ee4fe320
Event: 81.321 Thread 0x000001237c0ba2a0 DEOPT UNPACKING pc=0x0000012369214242 sp=0x00000001ee4fd878 mode 0
Event: 81.322 Thread 0x000001237c0ba2a0 DEOPT PACKING pc=0x0000012363a5d4a8 sp=0x00000001ee4fe3c0
Event: 81.322 Thread 0x000001237c0ba2a0 DEOPT UNPACKING pc=0x0000012369214242 sp=0x00000001ee4fd918 mode 0
Event: 81.323 Thread 0x000001237c0ba2a0 DEOPT PACKING pc=0x0000012363a5d4a8 sp=0x00000001ee4fe460
Event: 81.323 Thread 0x000001237c0ba2a0 DEOPT UNPACKING pc=0x0000012369214242 sp=0x00000001ee4fd9b8 mode 0
Event: 81.323 Thread 0x000001237c0ba2a0 DEOPT PACKING pc=0x0000012363a5d206 sp=0x00000001ee4fe320
Event: 81.323 Thread 0x000001237c0ba2a0 DEOPT UNPACKING pc=0x0000012369214242 sp=0x00000001ee4fd878 mode 0
Event: 81.324 Thread 0x000001237c0ba2a0 DEOPT PACKING pc=0x0000012363a5d206 sp=0x00000001ee4fe320
Event: 81.324 Thread 0x000001237c0ba2a0 DEOPT UNPACKING pc=0x0000012369214242 sp=0x00000001ee4fd878 mode 0
Event: 81.325 Thread 0x000001237c0ba2a0 DEOPT PACKING pc=0x0000012363a5d206 sp=0x00000001ee4fe3c0
Event: 81.325 Thread 0x000001237c0ba2a0 DEOPT UNPACKING pc=0x0000012369214242 sp=0x00000001ee4fd918 mode 0
Event: 81.325 Thread 0x000001237c0ba2a0 DEOPT PACKING pc=0x0000012363a5d206 sp=0x00000001ee4fe320
Event: 81.325 Thread 0x000001237c0ba2a0 DEOPT UNPACKING pc=0x0000012369214242 sp=0x00000001ee4fd878 mode 0

Classes loaded (20 events):
Event: 81.154 Loading class java/util/concurrent/Executors$DelegatedScheduledExecutorService
Event: 81.154 Loading class java/util/concurrent/Executors$DelegatedExecutorService
Event: 81.155 Loading class java/util/concurrent/Executors$DelegatedExecutorService done
Event: 81.155 Loading class java/util/concurrent/Executors$DelegatedScheduledExecutorService done
Event: 81.227 Loading class java/util/stream/Nodes$CollectorTask$OfRef
Event: 81.228 Loading class java/util/stream/Nodes$CollectorTask
Event: 81.229 Loading class java/util/stream/Nodes$CollectorTask done
Event: 81.229 Loading class java/util/stream/Nodes$CollectorTask$OfRef done
Event: 81.229 Loading class java/util/function/LongFunction
Event: 81.229 Loading class java/util/function/LongFunction done
Event: 81.229 Loading class java/util/stream/Nodes$ConcNode
Event: 81.230 Loading class java/util/stream/Nodes$AbstractConcNode
Event: 81.230 Loading class java/util/stream/Nodes$AbstractConcNode done
Event: 81.230 Loading class java/util/stream/Nodes$ConcNode done
Event: 81.241 Loading class java/io/ObjectOutputStream$BlockDataOutputStream
Event: 81.242 Loading class java/io/ObjectOutputStream$BlockDataOutputStream done
Event: 81.242 Loading class java/io/ObjectOutputStream$HandleTable
Event: 81.242 Loading class java/io/ObjectOutputStream$HandleTable done
Event: 81.242 Loading class java/io/ObjectOutputStream$ReplaceTable
Event: 81.243 Loading class java/io/ObjectOutputStream$ReplaceTable done

Classes unloaded (11 events):
Event: 19.833 Thread 0x000001235ea33bc0 Unloading class 0x00000123011a2800 'java/lang/invoke/LambdaForm$MH+0x00000123011a2800'
Event: 19.833 Thread 0x000001235ea33bc0 Unloading class 0x00000123011a2400 'java/lang/invoke/LambdaForm$MH+0x00000123011a2400'
Event: 19.833 Thread 0x000001235ea33bc0 Unloading class 0x00000123011a2000 'java/lang/invoke/LambdaForm$MH+0x00000123011a2000'
Event: 19.833 Thread 0x000001235ea33bc0 Unloading class 0x00000123011a1c00 'java/lang/invoke/LambdaForm$MH+0x00000123011a1c00'
Event: 19.833 Thread 0x000001235ea33bc0 Unloading class 0x00000123011a1800 'java/lang/invoke/LambdaForm$BMH+0x00000123011a1800'
Event: 19.833 Thread 0x000001235ea33bc0 Unloading class 0x00000123011a1400 'java/lang/invoke/LambdaForm$DMH+0x00000123011a1400'
Event: 19.833 Thread 0x000001235ea33bc0 Unloading class 0x00000123011a0000 'java/lang/invoke/LambdaForm$DMH+0x00000123011a0000'
Event: 40.125 Thread 0x000001235ea33bc0 Unloading class 0x0000012301765400 'java/lang/invoke/LambdaForm$DMH+0x0000012301765400'
Event: 40.125 Thread 0x000001235ea33bc0 Unloading class 0x0000012301765000 'java/lang/invoke/LambdaForm$DMH+0x0000012301765000'
Event: 40.125 Thread 0x000001235ea33bc0 Unloading class 0x0000012301764c00 'java/lang/invoke/LambdaForm$DMH+0x0000012301764c00'
Event: 40.125 Thread 0x000001235ea33bc0 Unloading class 0x0000012301764800 'java/lang/invoke/LambdaForm$DMH+0x0000012301764800'

Classes redefined (0 events):
No events

Internal exceptions (20 events):
Event: 41.691 Thread 0x000001237c0b8ef0 Exception <a 'sun/nio/fs/WindowsException'{0x00000000d558e418}> (0x00000000d558e418) 
thrown [s\src\hotspot\share\prims\jni.cpp, line 520]
Event: 41.715 Thread 0x000001237c0b8ef0 Exception <a 'sun/nio/fs/WindowsException'{0x00000000d56cd2f8}> (0x00000000d56cd2f8) 
thrown [s\src\hotspot\share\prims\jni.cpp, line 520]
Event: 41.739 Thread 0x000001237c0b8ef0 Exception <a 'sun/nio/fs/WindowsException'{0x00000000d5772488}> (0x00000000d5772488) 
thrown [s\src\hotspot\share\prims\jni.cpp, line 520]
Event: 41.973 Thread 0x000001237c0b8ef0 Exception <a 'sun/nio/fs/WindowsException'{0x00000000d55ad1c0}> (0x00000000d55ad1c0) 
thrown [s\src\hotspot\share\prims\jni.cpp, line 520]
Event: 41.991 Thread 0x000001237c0b9c10 Exception <a 'java/io/IOException'{0x00000000d56890c8}> (0x00000000d56890c8) 
thrown [s\src\hotspot\share\prims\jni.cpp, line 520]
Event: 41.992 Thread 0x000001237c0b9c10 Exception <a 'java/io/IOException'{0x00000000d56965e0}> (0x00000000d56965e0) 
thrown [s\src\hotspot\share\prims\jni.cpp, line 520]
Event: 41.993 Thread 0x000001237c0b8ef0 Exception <a 'sun/nio/fs/WindowsException'{0x00000000d56841e0}> (0x00000000d56841e0) 
thrown [s\src\hotspot\share\prims\jni.cpp, line 520]
Event: 42.087 Thread 0x000001237c0b8ef0 Exception <a 'sun/nio/fs/WindowsException'{0x00000000d56c1bf8}> (0x00000000d56c1bf8) 
thrown [s\src\hotspot\share\prims\jni.cpp, line 520]
Event: 42.124 Thread 0x000001237c0b8ef0 Exception <a 'sun/nio/fs/WindowsException'{0x00000000d5582d10}> (0x00000000d5582d10) 
thrown [s\src\hotspot\share\prims\jni.cpp, line 520]
Event: 42.154 Thread 0x000001237c0b8ef0 Exception <a 'sun/nio/fs/WindowsException'{0x00000000d568f920}> (0x00000000d568f920) 
thrown [s\src\hotspot\share\prims\jni.cpp, line 520]
Event: 42.196 Thread 0x000001237c0b9c10 Exception <a 'java/io/IOException'{0x00000000d55afd78}> (0x00000000d55afd78) 
thrown [s\src\hotspot\share\prims\jni.cpp, line 520]
Event: 42.197 Thread 0x000001237c0b9c10 Exception <a 'java/io/IOException'{0x00000000d55db308}> (0x00000000d55db308) 
thrown [s\src\hotspot\share\prims\jni.cpp, line 520]
Event: 42.215 Thread 0x000001237c0b8ef0 Exception <a 'sun/nio/fs/WindowsException'{0x00000000d561dfa0}> (0x00000000d561dfa0) 
thrown [s\src\hotspot\share\prims\jni.cpp, line 520]
Event: 42.239 Thread 0x000001237c0b8ef0 Exception <a 'sun/nio/fs/WindowsException'{0x00000000d567d9b0}> (0x00000000d567d9b0) 
thrown [s\src\hotspot\share\prims\jni.cpp, line 520]
Event: 42.659 Thread 0x000001237c0b9c10 Exception <a 'java/io/IOException'{0x00000000d57c0ba8}> (0x00000000d57c0ba8) 
thrown [s\src\hotspot\share\prims\jni.cpp, line 520]
Event: 42.660 Thread 0x000001237c0b9c10 Exception <a 'java/io/IOException'{0x00000000d57cf8f8}> (0x00000000d57cf8f8) 
thrown [s\src\hotspot\share\prims\jni.cpp, line 520]
Event: 42.713 Thread 0x000001237c0b9c10 Exception <a 'java/io/IOException'{0x00000000d55c8b28}> (0x00000000d55c8b28) 
thrown [s\src\hotspot\share\prims\jni.cpp, line 520]
Event: 42.714 Thread 0x000001237c0b9c10 Exception <a 'java/io/IOException'{0x00000000d55d9dc0}> (0x00000000d55d9dc0) 
thrown [s\src\hotspot\share\prims\jni.cpp, line 520]
Event: 81.268 Thread 0x000001237c0ba2a0 Exception <a 'java/lang/NoSuchMethodError'{0x00000000d57eff70}: static [J.<clinit>()V> (0x00000000d57eff70) 
thrown [s\src\hotspot\share\prims\jni.cpp, line 1111]
Event: 81.387 Thread 0x000001237c0ba2a0 Exception <a 'java/lang/NoSuchMethodError'{0x00000000d56e7768}: 'java.lang.Object java.lang.invoke.DirectMethodHandle$Holder.newInvokeSpecial(java.lang.Object, java.lang.Object, java.lang.Object, java.lang.Object, java.lang.Object, java.lang.Object, java.lang.Object, java.lang.Object, java.lang.Object, java.lang.Object)'> (0x00000000d56e7768) 
thrown [s\src\hotspot\share\interpreter\linkResolver.cpp, line 773]

ZGC Phase Switch (0 events):
No events

VM Operations (20 events):
Event: 42.694 Executing VM operation: ParallelGCFailedAllocation (Allocation Failure)
Event: 42.695 Executing VM operation: ParallelGCFailedAllocation (Allocation Failure) done
Event: 42.696 Executing VM operation: ParallelGCFailedAllocation (Allocation Failure)
Event: 42.697 Executing VM operation: ParallelGCFailedAllocation (Allocation Failure) done
Event: 42.699 Executing VM operation: ParallelGCFailedAllocation (Allocation Failure)
Event: 42.701 Executing VM operation: ParallelGCFailedAllocation (Allocation Failure) done
Event: 42.703 Executing VM operation: ParallelGCFailedAllocation (Allocation Failure)
Event: 42.705 Executing VM operation: ParallelGCFailedAllocation (Allocation Failure) done
Event: 42.708 Executing VM operation: ParallelGCFailedAllocation (Allocation Failure)
Event: 42.710 Executing VM operation: ParallelGCFailedAllocation (Allocation Failure) done
Event: 44.710 Executing VM operation: Cleanup
Event: 44.710 Executing VM operation: Cleanup done
Event: 60.064 Executing VM operation: HandshakeAllThreads (HandshakeForDeflation)
Event: 60.064 Executing VM operation: HandshakeAllThreads (HandshakeForDeflation) done
Event: 60.064 Executing VM operation: RendezvousGCThreads
Event: 60.064 Executing VM operation: RendezvousGCThreads done
Event: 81.225 Executing VM operation: Cleanup
Event: 81.225 Executing VM operation: Cleanup done
Event: 81.282 Executing VM operation: ParallelGCFailedAllocation (Allocation Failure)
Event: 81.285 Executing VM operation: ParallelGCFailedAllocation (Allocation Failure) done

Memory protections (0 events):
No events

Nmethod flushes (20 events):
Event: 40.167 Thread 0x000001235ea33bc0 flushing  nmethod 0x0000012362b45d10
Event: 40.167 Thread 0x000001235ea33bc0 flushing  nmethod 0x0000012362b46110
Event: 40.167 Thread 0x000001235ea33bc0 flushing  nmethod 0x0000012362b46590
Event: 40.167 Thread 0x000001235ea33bc0 flushing  nmethod 0x0000012362b48a10
Event: 40.167 Thread 0x000001235ea33bc0 flushing  nmethod 0x0000012362b54a90
Event: 40.167 Thread 0x000001235ea33bc0 flushing  nmethod 0x0000012362b57310
Event: 40.167 Thread 0x000001235ea33bc0 flushing  nmethod 0x0000012362b7f790
Event: 40.167 Thread 0x000001235ea33bc0 flushing  nmethod 0x0000012362b81410
Event: 40.167 Thread 0x000001235ea33bc0 flushing osr nmethod 0x0000012362bdc290
Event: 40.167 Thread 0x000001235ea33bc0 flushing osr nmethod 0x0000012362bddf10
Event: 40.167 Thread 0x000001235ea33bc0 flushing  nmethod 0x0000012362bfb190
Event: 40.167 Thread 0x000001235ea33bc0 flushing  nmethod 0x0000012362c0cc90
Event: 40.167 Thread 0x000001235ea33bc0 flushing  nmethod 0x0000012362c13d10
Event: 40.167 Thread 0x000001235ea33bc0 flushing  nmethod 0x0000012362c14f10
Event: 40.167 Thread 0x000001235ea33bc0 flushing  nmethod 0x0000012362c15910
Event: 40.167 Thread 0x000001235ea33bc0 flushing  nmethod 0x0000012362c15e10
Event: 40.167 Thread 0x000001235ea33bc0 flushing  nmethod 0x0000012362c16890
Event: 40.167 Thread 0x000001235ea33bc0 flushing  nmethod 0x0000012362c18190
Event: 40.167 Thread 0x000001235ea33bc0 flushing  nmethod 0x0000012362c18d10
Event: 40.167 Thread 0x000001235ea33bc0 flushing  nmethod 0x0000012362c34f90

Events (20 events):
Event: 38.717 Thread 0x000001237c0b9580 Thread added: 0x000001237f24ead0
Event: 40.663 Thread 0x000001237f43ab90 Thread added: 0x000001237f253990
Event: 42.660 Thread 0x000001237f253990 Thread added: 0x000001237f250ba0
Event: 42.660 Thread 0x000001237c0b9c10 Thread added: 0x000001237f24f7f0
Event: 42.660 Thread 0x000001237f250ba0 Thread added: 0x000001237f254020
Event: 42.660 Thread 0x000001237f24f7f0 Thread added: 0x000001237f251f50
Event: 42.661 Thread 0x000001237f254020 Thread added: 0x000001237f24f160
Event: 42.662 Thread 0x000001237f24f160 Thread added: 0x000001237f2525e0
Event: 42.662 Thread 0x000001237f251f50 Thread added: 0x000001237f253300
Event: 42.664 Thread 0x000001237f253300 Thread added: 0x000001237f2546b0
Event: 42.665 Thread 0x000001237f2525e0 Thread added: 0x000001237f24fe80
Event: 42.666 Thread 0x000001237f2546b0 Thread added: 0x000001237f24d720
Event: 43.720 Thread 0x000001237f24ead0 Thread exited: 0x000001237f24ead0
Event: 47.714 Thread 0x00000123412b02a0 Thread exited: 0x00000123412b02a0
Event: 47.714 Thread 0x000001234af421e0 Thread exited: 0x000001234af421e0
Event: 81.155 Thread 0x000001237f440e00 Thread added: 0x000001237f251230
Event: 81.174 Thread 0x000001237c0ba2a0 Thread added: 0x000001237f24ead0
Event: 81.232 Thread 0x000001237f24ead0 Thread exited: 0x000001237f24ead0
Event: 81.289 Thread 0x00000123761cb4f0 Thread added: 0x0000012341722630
Event: 81.390 Thread 0x000001237c0ba2a0 Thread added: 0x000001237f24ead0


Dynamic libraries:
0x00007ff770350000 - 0x00007ff77035e000 	c:\Users\PC\.vscode\extensions\redhat.java-1.43.1-win32-x64\jre\21.0.7-win32-x86_64\bin\java.exe
0x00007ff9fabf0000 - 0x00007ff9fade8000 	C:\Windows\SYSTEM32\ntdll.dll
0x00007ff9f8cb0000 - 0x00007ff9f8d72000 	C:\Windows\System32\KERNEL32.DLL
0x00007ff9f86a0000 - 0x00007ff9f8996000 	C:\Windows\System32\KERNELBASE.dll
0x00007ff9f8330000 - 0x00007ff9f8430000 	C:\Windows\System32\ucrtbase.dll
0x00007ff9e8340000 - 0x00007ff9e8358000 	c:\Users\PC\.vscode\extensions\redhat.java-1.43.1-win32-x64\jre\21.0.7-win32-x86_64\bin\jli.dll
0x00007ff9f8eb0000 - 0x00007ff9f904d000 	C:\Windows\System32\USER32.dll
0x00007ff9f8670000 - 0x00007ff9f8692000 	C:\Windows\System32\win32u.dll
0x00007ff9fa920000 - 0x00007ff9fa94b000 	C:\Windows\System32\GDI32.dll
0x00007ff9f84d0000 - 0x00007ff9f85e9000 	C:\Windows\System32\gdi32full.dll
0x00007ff9f8430000 - 0x00007ff9f84cd000 	C:\Windows\System32\msvcp_win.dll
0x00007ff9e8320000 - 0x00007ff9e833e000 	c:\Users\PC\.vscode\extensions\redhat.java-1.43.1-win32-x64\jre\21.0.7-win32-x86_64\bin\VCRUNTIME140.dll
0x00007ff9e5760000 - 0x00007ff9e59fa000 	C:\Windows\WinSxS\amd64_microsoft.windows.common-controls_6595b64144ccf1df_6.0.19041.5915_none_60b4b9d171f9c7c7\COMCTL32.dll
0x00007ff9f9500000 - 0x00007ff9f959e000 	C:\Windows\System32\msvcrt.dll
0x00007ff9f9b70000 - 0x00007ff9f9b9f000 	C:\Windows\System32\IMM32.DLL
0x00007ff9da8d0000 - 0x00007ff9da9c2000 	C:\Program Files\Windhawk\Engine\1.6.1\64\windhawk.dll
0x00007ff9f9ba0000 - 0x00007ff9f9c51000 	C:\Windows\System32\ADVAPI32.dll
0x00007ff9f8c10000 - 0x00007ff9f8caf000 	C:\Windows\System32\sechost.dll
0x00007ff9f9050000 - 0x00007ff9f9173000 	C:\Windows\System32\RPCRT4.dll
0x00007ff9f8be0000 - 0x00007ff9f8c07000 	C:\Windows\System32\bcrypt.dll
0x00007ff9da2d0000 - 0x00007ff9da2e8000 	C:\ProgramData\Windhawk\Engine\Mods\64\remove-ms-store-open-with_1.0.0_410510.dll
0x00007ff9fa090000 - 0x00007ff9fa7fe000 	C:\Windows\System32\shell32.dll
0x00007ff9da2b0000 - 0x00007ff9da2c8000 	C:\ProgramData\Windhawk\Engine\Mods\64\dark-menus_1.2_337485.dll
0x00007ff9f5b90000 - 0x00007ff9f5c2e000 	C:\Windows\SYSTEM32\uxtheme.dll
0x00007ff9f9c60000 - 0x00007ff9f9fb3000 	C:\Windows\System32\combase.dll
0x00007ff9da270000 - 0x00007ff9da289000 	C:\ProgramData\Windhawk\Engine\Mods\64\eradicate-immersive-menus_1.1.0_984086.dll
0x00007ff9da0a0000 - 0x00007ff9da249000 	C:\ProgramData\Windhawk\Engine\Mods\64\libc++.whl
0x00007ff9da060000 - 0x00007ff9da09a000 	C:\ProgramData\Windhawk\Engine\Mods\64\libunwind.whl
0x00007ff9d9de0000 - 0x00007ff9da038000 	C:\Windows\SYSTEM32\ExplorerFrame.dll
0x00007ff9f95b0000 - 0x00007ff9f965d000 	C:\Windows\System32\SHCORE.dll
0x00007ff9f9fc0000 - 0x00007ff9fa01b000 	C:\Windows\System32\SHLWAPI.dll
0x00007ff9f4840000 - 0x00007ff9f4e00000 	C:\Windows\SYSTEM32\d2d1.dll
0x00007ff9d9d10000 - 0x00007ff9d9d36000 	C:\ProgramData\Windhawk\Engine\Mods\64\slick-window-arrangement_455580.dll
0x00007ff9f5d80000 - 0x00007ff9f5daf000 	C:\Windows\SYSTEM32\dwmapi.dll
0x00007ff9d99a0000 - 0x00007ff9d9b49000 	C:\ProgramData\Windhawk\Engine\Mods\64\libc++.dll
0x00007ff9d9960000 - 0x00007ff9d999a000 	C:\ProgramData\Windhawk\Engine\Mods\64\libunwind.dll
0x00007ff9d9920000 - 0x00007ff9d993d000 	C:\ProgramData\Windhawk\Engine\Mods\64\modernize-folder-picker-dialog_1.0.0_154629.dll
0x000001235e030000 - 0x000001235e15b000 	C:\Windows\System32\ole32.dll
0x00007ff9db0b0000 - 0x00007ff9db0cb000 	C:\ProgramData\Windhawk\Engine\Mods\64\msg-box-font-fix_2.1.1_295034.dll
0x00007ff9ee970000 - 0x00007ff9ee97c000 	c:\Users\PC\.vscode\extensions\redhat.java-1.43.1-win32-x64\jre\21.0.7-win32-x86_64\bin\vcruntime140_1.dll
0x00007ff9cc980000 - 0x00007ff9cca0d000 	c:\Users\PC\.vscode\extensions\redhat.java-1.43.1-win32-x64\jre\21.0.7-win32-x86_64\bin\msvcp140.dll
0x00007ff95eb20000 - 0x00007ff95f8b0000 	c:\Users\PC\.vscode\extensions\redhat.java-1.43.1-win32-x64\jre\21.0.7-win32-x86_64\bin\server\jvm.dll
0x00007ff9fa020000 - 0x00007ff9fa08b000 	C:\Windows\System32\WS2_32.dll
0x00007ff9f80e0000 - 0x00007ff9f812b000 	C:\Windows\SYSTEM32\POWRPROF.dll
0x00007ff9ee7c0000 - 0x00007ff9ee7e7000 	C:\Windows\SYSTEM32\WINMM.dll
0x00007ff9ee7b0000 - 0x00007ff9ee7ba000 	C:\Windows\SYSTEM32\VERSION.dll
0x00007ff9f80c0000 - 0x00007ff9f80d2000 	C:\Windows\SYSTEM32\UMPDC.dll
0x00007ff9f6080000 - 0x00007ff9f6092000 	C:\Windows\SYSTEM32\kernel.appcore.dll
0x00007ff9ee8f0000 - 0x00007ff9ee8fa000 	c:\Users\PC\.vscode\extensions\redhat.java-1.43.1-win32-x64\jre\21.0.7-win32-x86_64\bin\jimage.dll
0x00007ff9ebb00000 - 0x00007ff9ebd01000 	C:\Windows\SYSTEM32\DBGHELP.DLL
0x00007ff9e9ad0000 - 0x00007ff9e9b04000 	C:\Windows\SYSTEM32\dbgcore.DLL
0x00007ff9f89a0000 - 0x00007ff9f8a22000 	C:\Windows\System32\bcryptPrimitives.dll
0x00007ff9ee7f0000 - 0x00007ff9ee7ff000 	c:\Users\PC\.vscode\extensions\redhat.java-1.43.1-win32-x64\jre\21.0.7-win32-x86_64\bin\instrument.dll
0x00007ff9e4650000 - 0x00007ff9e466f000 	c:\Users\PC\.vscode\extensions\redhat.java-1.43.1-win32-x64\jre\21.0.7-win32-x86_64\bin\java.dll
0x00007ff9f62a0000 - 0x00007ff9f6a44000 	C:\Windows\SYSTEM32\windows.storage.dll
0x00007ff9f7b00000 - 0x00007ff9f7b2b000 	C:\Windows\SYSTEM32\Wldp.dll
0x00007ff9faae0000 - 0x00007ff9fabad000 	C:\Windows\System32\OLEAUT32.dll
0x00007ff9f81b0000 - 0x00007ff9f81d4000 	C:\Windows\SYSTEM32\profapi.dll
0x00007ff9e8300000 - 0x00007ff9e8318000 	c:\Users\PC\.vscode\extensions\redhat.java-1.43.1-win32-x64\jre\21.0.7-win32-x86_64\bin\zip.dll
0x00007ff9ea070000 - 0x00007ff9ea080000 	C:\Users\PC\.vscode\extensions\redhat.java-1.43.1-win32-x64\jre\21.0.7-win32-x86_64\bin\net.dll
0x00007ff9f2000000 - 0x00007ff9f210a000 	C:\Windows\SYSTEM32\WINHTTP.dll
0x00007ff9f78e0000 - 0x00007ff9f794a000 	C:\Windows\system32\mswsock.dll
0x00007ff9e82e0000 - 0x00007ff9e82f6000 	C:\Users\PC\.vscode\extensions\redhat.java-1.43.1-win32-x64\jre\21.0.7-win32-x86_64\bin\nio.dll
0x00007ff9e9890000 - 0x00007ff9e98a0000 	c:\Users\PC\.vscode\extensions\redhat.java-1.43.1-win32-x64\jre\21.0.7-win32-x86_64\bin\verify.dll
0x00007ff9e8370000 - 0x00007ff9e83b5000 	C:\Users\PC\AppData\Roaming\Code\User\globalStorage\redhat.java\1.43.1\config_win\org.eclipse.equinox.launcher\org.eclipse.equinox.launcher.win32.win32.x86_64_1.2.1300.v20250331-1702\eclipse_11911.dll
0x00007ff9f7b40000 - 0x00007ff9f7b58000 	C:\Windows\SYSTEM32\CRYPTSP.dll
0x00007ff9f7220000 - 0x00007ff9f7258000 	C:\Windows\system32\rsaenh.dll
0x00007ff9f8130000 - 0x00007ff9f815e000 	C:\Windows\SYSTEM32\USERENV.dll
0x00007ff9f7a70000 - 0x00007ff9f7a7c000 	C:\Windows\SYSTEM32\CRYPTBASE.dll
0x00007ff9f75e0000 - 0x00007ff9f761b000 	C:\Windows\SYSTEM32\IPHLPAPI.DLL
0x00007ff9f9660000 - 0x00007ff9f9668000 	C:\Windows\System32\NSI.dll
0x00007ff9cac30000 - 0x00007ff9cac79000 	C:\Users\PC\AppData\Local\Temp\jna-2547\jna799885848944704398.dll
0x00007ff9f95a0000 - 0x00007ff9f95a8000 	C:\Windows\System32\PSAPI.DLL
0x00007ff9ee770000 - 0x00007ff9ee787000 	C:\Windows\SYSTEM32\dhcpcsvc6.DLL
0x00007ff9ef5d0000 - 0x00007ff9ef5ed000 	C:\Windows\SYSTEM32\dhcpcsvc.DLL
0x00007ff9f3e80000 - 0x00007ff9f3e8e000 	C:\Users\PC\.vscode\extensions\redhat.java-1.43.1-win32-x64\jre\21.0.7-win32-x86_64\bin\sunmscapi.dll
0x00007ff9f8a30000 - 0x00007ff9f8b8d000 	C:\Windows\System32\CRYPT32.dll
0x00007ff9f7c50000 - 0x00007ff9f7c77000 	C:\Windows\SYSTEM32\ncrypt.dll
0x00007ff9f7c10000 - 0x00007ff9f7c4b000 	C:\Windows\SYSTEM32\NTASN1.dll
0x00007ff9f7620000 - 0x00007ff9f76ea000 	C:\Windows\SYSTEM32\DNSAPI.dll
0x0000000060210000 - 0x0000000060236000 	C:\Program Files\Bonjour\mdnsNSP.dll
0x00007ff9f1c50000 - 0x00007ff9f1c5a000 	C:\Windows\System32\rasadhlp.dll
0x00007ff9eb800000 - 0x00007ff9eb880000 	C:\Windows\System32\fwpuclnt.dll
0x00007ff9e9110000 - 0x00007ff9e9119000 	C:\Users\PC\.vscode\extensions\redhat.java-1.43.1-win32-x64\jre\21.0.7-win32-x86_64\bin\extnet.dll
0x00007ff9f7470000 - 0x00007ff9f74a3000 	C:\Windows\SYSTEM32\ntmarta.dll

dbghelp: loaded successfully - version: 4.0.5 - missing functions: none
symbol engine: initialized successfully - sym options: 0x614 - pdb path: .;c:\Users\PC\.vscode\extensions\redhat.java-1.43.1-win32-x64\jre\21.0.7-win32-x86_64\bin;C:\Windows\SYSTEM32;C:\Windows\WinSxS\amd64_microsoft.windows.common-controls_6595b64144ccf1df_6.0.19041.5915_none_60b4b9d171f9c7c7;C:\Program Files\Windhawk\Engine\1.6.1\64;C:\ProgramData\Windhawk\Engine\Mods\64;c:\Users\PC\.vscode\extensions\redhat.java-1.43.1-win32-x64\jre\21.0.7-win32-x86_64\bin\server;C:\Users\PC\AppData\Roaming\Code\User\globalStorage\redhat.java\1.43.1\config_win\org.eclipse.equinox.launcher\org.eclipse.equinox.launcher.win32.win32.x86_64_1.2.1300.v20250331-1702;C:\Users\PC\AppData\Local\Temp\jna-2547;C:\Program Files\Bonjour

VM Arguments:
jvm_args: --add-modules=ALL-SYSTEM --add-opens=java.base/java.util=ALL-UNNAMED --add-opens=java.base/java.lang=ALL-UNNAMED --add-opens=java.base/sun.nio.fs=ALL-UNNAMED -Declipse.application=org.eclipse.jdt.ls.core.id1 -Dosgi.bundles.defaultStartLevel=4 -Declipse.product=org.eclipse.jdt.ls.core.product -Djava.import.generatesMetadataFilesAtProjectRoot=false -DDetectVMInstallationsJob.disabled=true -Dfile.encoding=utf8 -XX:+UseParallelGC -XX:GCTimeRatio=4 -XX:AdaptiveSizePolicyWeight=90 -Dsun.zip.disableMemoryMapping=true -Xmx2G -Xms100m -Xlog:disable -javaagent:c:\Users\PC\.vscode\extensions\redhat.java-1.43.1-win32-x64\lombok\lombok-1.18.39-4050.jar -XX:+HeapDumpOnOutOfMemoryError -XX:HeapDumpPath=c:\Users\PC\AppData\Roaming\Code\User\workspaceStorage\009dd066dbfd86fb48ec25db317acb20\redhat.java -Daether.dependencyCollector.impl=bf 
java_command: c:\Users\PC\.vscode\extensions\redhat.java-1.43.1-win32-x64\server\plugins\org.eclipse.equinox.launcher_1.7.0.v20250519-0528.jar -configuration c:\Users\PC\AppData\Roaming\Code\User\globalStorage\redhat.java\1.43.1\config_win -data c:\Users\PC\AppData\Roaming\Code\User\workspaceStorage\009dd066dbfd86fb48ec25db317acb20\redhat.java\jdt_ws --pipe=\\.\pipe\lsp-d0953eaa995ef774dc868662c4cb08f1-sock
java_class_path (initial): c:\Users\PC\.vscode\extensions\redhat.java-1.43.1-win32-x64\server\plugins\org.eclipse.equinox.launcher_1.7.0.v20250519-0528.jar
Launcher Type: SUN_STANDARD

[Global flags]
    uintx AdaptiveSizePolicyWeight                 = 90                                        {product} {command line}
     intx CICompilerCount                          = 4                                         {product} {ergonomic}
    uintx GCTimeRatio                              = 4                                         {product} {command line}
     bool HeapDumpOnOutOfMemoryError               = true                                   {manageable} {command line}
    ccstr HeapDumpPath                             = c:\Users\PC\AppData\Roaming\Code\User\workspaceStorage\009dd066dbfd86fb48ec25db317acb20\redhat.java         {manageable} {command line}
   size_t InitialHeapSize                          = 104857600                                 {product} {command line}
   size_t MaxHeapSize                              = 2147483648                                {product} {command line}
   size_t MaxNewSize                               = 715653120                                 {product} {ergonomic}
   size_t MinHeapDeltaBytes                        = 524288                                    {product} {ergonomic}
   size_t MinHeapSize                              = 104857600                                 {product} {command line}
   size_t NewSize                                  = 34603008                                  {product} {ergonomic}
    uintx NonNMethodCodeHeapSize                   = 5839372                                {pd product} {ergonomic}
    uintx NonProfiledCodeHeapSize                  = 122909434                              {pd product} {ergonomic}
   size_t OldSize                                  = 70254592                                  {product} {ergonomic}
    uintx ProfiledCodeHeapSize                     = 122909434                              {pd product} {ergonomic}
    uintx ReservedCodeCacheSize                    = 251658240                              {pd product} {ergonomic}
     bool SegmentedCodeCache                       = true                                      {product} {ergonomic}
   size_t SoftMaxHeapSize                          = 2147483648                             {manageable} {ergonomic}
     bool UseCompressedOops                        = true                           {product lp64_product} {ergonomic}
     bool UseLargePagesIndividualAllocation        = false                                  {pd product} {ergonomic}
     bool UseParallelGC                            = true                                      {product} {command line}

Logging:
Log output configuration:
 #0: stdout all=off uptime,level,tags foldmultilines=false
 #1: stderr all=off uptime,level,tags foldmultilines=false

Environment Variables:
PATH=C:\Program Files\Common Files\Oracle\Java\javapath;C:\Program Files (x86)\Common Files\Oracle\Java\javapath;C:\Windows\system32;C:\Windows;C:\Windows\System32\Wbem;C:\Windows\System32\WindowsPowerShell\v1.0\;C:\Windows\System32\OpenSSH\;C:\Program Files\dotnet\;C:\Program Files\Git\cmd;D:\Program Files\CMake\bin;C:\Program Files (x86)\Microsoft SQL Server\160\Tools\Binn\;C:\Program Files\Microsoft SQL Server\160\Tools\Binn\;C:\Program Files\Microsoft SQL Server\Client SDK\ODBC\170\Tools\Binn\;C:\Program Files\Microsoft SQL Server\160\DTS\Binn\;C:\Program Files (x86)\Microsoft SQL Server\160\DTS\Binn\;C:\Program Files\Cloudflare\Cloudflare WARP\;C:\Program Files\nodejs\;C:\ProgramData\chocolatey\bin;C:\Program Files\Docker\Docker\resources\bin;D:\DATA\Programs\apache-maven-3.9.9\bin;D:\DATA\Programs\texlive\2025\bin\windows;D:\Program Files\Java\plantuml;C:\Program Files\rojo;C:\Users\PC\AppData\Local\Programs\Python\Python313\;C:\Users\PC\AppData\Local\Programs\Python\Python313\Scripts;C:\Users\PC\AppData\Local\Packages\PythonSoftwareFoundation.Python.3.13_qbz5n2kfra8p0\LocalCache\local-packages\Python313\Scripts;C:\Users\PC\AppData\Local\Programs\Python\Launcher\;%USERPROFILE%\AppData\Local\Microsoft\WindowsApps;D:\Program Files\VSCode\bin;C:\Users\PC\AppData\Local\GitHubDesktop\bin;C:\Users\PC\AppData\Roaming\npm;D:\Program Files\cursor\resources\app\bin;C:\Users\PC\.aftman\bin
USERNAME=PC
OS=Windows_NT
PROCESSOR_IDENTIFIER=AMD64 Family 25 Model 80 Stepping 0, AuthenticAMD
TMP=C:\Users\PC\AppData\Local\Temp
TEMP=C:\Users\PC\AppData\Local\Temp




Periodic native trim disabled

---------------  S Y S T E M  ---------------

OS:
 Windows 10 , 64 bit Build 19041 (10.0.19041.5915)
OS uptime: 1 days 3:27 hours
Hyper-V role detected

CPU: total 12 (initial active 12) (12 cores per cpu, 2 threads per core) family 25 model 80 stepping 0 microcode 0x0, cx8, cmov, fxsr, ht, mmx, 3dnowpref, sse, sse2, sse3, ssse3, sse4a, sse4.1, sse4.2, popcnt, lzcnt, tsc, tscinvbit, avx, avx2, aes, erms, clmul, bmi1, bmi2, adx, sha, fma, vzeroupper, clflush, clflushopt, hv, rdtscp, rdpid, fsrm, f16c, cet_ss
Processor Information for the first 12 processors :
  Max Mhz: 3301, Current Mhz: 3301, Mhz Limit: 3301

Memory: 4k page, system-wide physical 15752M (447M free)
TotalPageFile size 50507M (AvailPageFile size 26M)
current process WorkingSet (physical memory assigned to process): 1028M, peak: 1152M
current process commit charge ("private bytes"): 1034M, peak: 1098M

vm_info: OpenJDK 64-Bit Server VM (21.0.7+6-LTS) for windows-amd64 JRE (21.0.7+6-LTS), built on 2025-04-15T00:00:00Z by "admin" with MS VC++ 17.7 (VS2022)

END.
