#
# There is insufficient memory for the Java Runtime Environment to continue.
# Native memory allocation (malloc) failed to allocate 1374256 bytes. Error detail: Chunk::new
# Possible reasons:
#   The system is out of physical RAM or swap space
#   This process is running with CompressedOops enabled, and the Java Heap may be blocking the growth of the native heap
# Possible solutions:
#   Reduce memory load on the system
#   Increase physical memory or swap space
#   Check if swap backing store is full
#   Decrease Java heap size (-Xmx/-Xms)
#   Decrease number of Java threads
#   Decrease Java thread stack sizes (-Xss)
#   Set larger code cache with -XX:ReservedCodeCacheSize=
#   JVM is running with Unscaled Compressed Oops mode in which the Java heap is
#     placed in the first 4GB address space. The Java Heap base address is the
#     maximum limit for the native heap growth. Please use -XX:HeapBaseMinAddress
#     to set the Java Heap base and to place the Java Heap above 4GB virtual address.
# This output file may be truncated or incomplete.
#
#  Out of Memory Error (arena.cpp:168), pid=21284, tid=3928
#
# JRE version: OpenJDK Runtime Environment Temurin-21.0.7+6 (21.0.7+6) (build 21.0.7+6-LTS)
# Java VM: OpenJDK 64-Bit Server VM Temurin-21.0.7+6 (21.0.7+6-LTS, mixed mode, sharing, tiered, compressed oops, compressed class ptrs, parallel gc, windows-amd64)
# No core dump will be written. Minidumps are not enabled by default on client versions of Windows
#

---------------  S U M M A R Y ------------

Command Line: --add-modules=ALL-SYSTEM --add-opens=java.base/java.util=ALL-UNNAMED --add-opens=java.base/java.lang=ALL-UNNAMED --add-opens=java.base/sun.nio.fs=ALL-UNNAMED -Declipse.application=org.eclipse.jdt.ls.core.id1 -Dosgi.bundles.defaultStartLevel=4 -Declipse.product=org.eclipse.jdt.ls.core.product -Djava.import.generatesMetadataFilesAtProjectRoot=false -DDetectVMInstallationsJob.disabled=true -Dfile.encoding=utf8 -XX:+UseParallelGC -XX:GCTimeRatio=4 -XX:AdaptiveSizePolicyWeight=90 -Dsun.zip.disableMemoryMapping=true -Xmx2G -Xms100m -Xlog:disable -javaagent:c:\Users\PC\.vscode\extensions\redhat.java-1.43.1-win32-x64\lombok\lombok-1.18.39-4050.jar -XX:+HeapDumpOnOutOfMemoryError -XX:HeapDumpPath=c:\Users\PC\AppData\Roaming\Code\User\workspaceStorage\009dd066dbfd86fb48ec25db317acb20\redhat.java -Daether.dependencyCollector.impl=bf c:\Users\PC\.vscode\extensions\redhat.java-1.43.1-win32-x64\server\plugins\org.eclipse.equinox.launcher_1.7.0.v20250519-0528.jar -configuration c:\Users\PC\AppData\Roaming\Code\User\globalStorage\redhat.java\1.43.1\config_win -data c:\Users\PC\AppData\Roaming\Code\User\workspaceStorage\009dd066dbfd86fb48ec25db317acb20\redhat.java\jdt_ws --pipe=\\.\pipe\lsp-6c12d4ef98b55dbbd9cfa5ff5d28d32a-sock

Host: AMD Ryzen 5 5600H with Radeon Graphics         , 12 cores, 15G,  Windows 10 , 64 bit Build 19041 (10.0.19041.5915)
Time: Sat Jul  5 00:15:04 2025 SE Asia Standard Time elapsed time: 6.699682 seconds (0d 0h 0m 6s)

---------------  T H R E A D  ---------------

Current thread (0x00000208f5811180):  JavaThread "C2 CompilerThread0" daemon [_thread_in_native, id=3928, stack(0x000000a0c4a00000,0x000000a0c4b00000) (1024K)]


Current CompileTask:
C2:6699 9823       4       lombok.core.AST::buildWithField (21 bytes)

Stack: [0x000000a0c4a00000,0x000000a0c4b00000]
Native frames: (J=compiled Java code, j=interpreted, Vv=VM code, C=native code)
V  [jvm.dll+0x6ce119]
V  [jvm.dll+0x8a84a1]
V  [jvm.dll+0x8aa9ce]
V  [jvm.dll+0x8ab0b3]
V  [jvm.dll+0x27f8a6]
V  [jvm.dll+0xc507d]
V  [jvm.dll+0xc55b3]
V  [jvm.dll+0x3b68f2]
V  [jvm.dll+0x382aa5]
V  [jvm.dll+0x381f0a]
V  [jvm.dll+0x247af0]
V  [jvm.dll+0x2470cf]
V  [jvm.dll+0x1c760e]
V  [jvm.dll+0x25695a]
V  [jvm.dll+0x254efa]
V  [jvm.dll+0x3f03f6]
V  [jvm.dll+0x851f6b]
V  [jvm.dll+0x6cc7dd]
C  [ucrtbase.dll+0x21bb2]
C  [KERNEL32.DLL+0x17374]
C  [ntdll.dll+0x4cc91]


---------------  P R O C E S S  ---------------

Threads class SMR info:
_java_thread_list=0x00000208fe00bae0, length=77, elements={
0x000002089abc7ac0, 0x000002089d09e130, 0x00000208f57ffe50, 0x00000208f5801d00,
0x00000208f5802c10, 0x00000208f5806410, 0x00000208f580aeb0, 0x00000208f5811180,
0x00000208f5816580, 0x000002089d1a1120, 0x00000208f59dcff0, 0x00000208f5b5b790,
0x00000208fb1cbc80, 0x00000208fb5b3f20, 0x00000208fb797d00, 0x00000208fbc43b10,
0x00000208fbc44170, 0x00000208fc056be0, 0x00000208fc121ae0, 0x00000208fc130490,
0x00000208fc3554f0, 0x00000208fc353420, 0x00000208fc356210, 0x00000208fc354140,
0x00000208fc3547d0, 0x00000208fc354e60, 0x00000208fc352d90, 0x00000208fc353ab0,
0x00000208fc355b80, 0x00000208fc725020, 0x00000208fc725d40, 0x00000208fc722230,
0x00000208fc7256b0, 0x00000208fc720160, 0x00000208fc723c70, 0x00000208fc721510,
0x00000208fc724990, 0x00000208fc71edb0, 0x00000208fc7228c0, 0x00000208fc7207f0,
0x00000208fc7263d0, 0x00000208fc71fad0, 0x00000208fc721ba0, 0x00000208fc720e80,
0x00000208fc71f440, 0x00000208fc722f50, 0x00000208fc7235e0, 0x00000208fc724300,
0x0000020889b8ed80, 0x0000020889b92890, 0x0000020889b914e0, 0x0000020889b8e6f0,
0x0000020889b8faa0, 0x0000020889b907c0, 0x0000020889b91b70, 0x0000020889b90130,
0x0000020889b8f410, 0x0000020889b92f20, 0x0000020889b90e50, 0x0000020889b92200,
0x0000020889b935b0, 0x0000020889b93c40, 0x0000020889b942d0, 0x0000020889b94960,
0x0000020889b94ff0, 0x0000020889b8e060, 0x00000208896dadf0, 0x00000208896d9a40,
0x00000208896dfcb0, 0x00000208896def90, 0x00000208896dbb10, 0x00000208896dcec0,
0x00000208896da0d0, 0x00000208896e0340, 0x00000208896ddbe0, 0x00000208896e09d0,
0x00000208896de900
}

Java Threads: ( => current thread )
  0x000002089abc7ac0 JavaThread "main"                              [_thread_blocked, id=7392, stack(0x000000a0c4000000,0x000000a0c4100000) (1024K)]
  0x000002089d09e130 JavaThread "Reference Handler"          daemon [_thread_blocked, id=23792, stack(0x000000a0c4400000,0x000000a0c4500000) (1024K)]
  0x00000208f57ffe50 JavaThread "Finalizer"                  daemon [_thread_blocked, id=23892, stack(0x000000a0c4500000,0x000000a0c4600000) (1024K)]
  0x00000208f5801d00 JavaThread "Signal Dispatcher"          daemon [_thread_blocked, id=4104, stack(0x000000a0c4600000,0x000000a0c4700000) (1024K)]
  0x00000208f5802c10 JavaThread "Attach Listener"            daemon [_thread_blocked, id=20432, stack(0x000000a0c4700000,0x000000a0c4800000) (1024K)]
  0x00000208f5806410 JavaThread "Service Thread"             daemon [_thread_blocked, id=11900, stack(0x000000a0c4800000,0x000000a0c4900000) (1024K)]
  0x00000208f580aeb0 JavaThread "Monitor Deflation Thread"   daemon [_thread_blocked, id=2036, stack(0x000000a0c4900000,0x000000a0c4a00000) (1024K)]
=>0x00000208f5811180 JavaThread "C2 CompilerThread0"         daemon [_thread_in_native, id=3928, stack(0x000000a0c4a00000,0x000000a0c4b00000) (1024K)]
  0x00000208f5816580 JavaThread "C1 CompilerThread0"         daemon [_thread_in_native, id=25496, stack(0x000000a0c4b00000,0x000000a0c4c00000) (1024K)]
  0x000002089d1a1120 JavaThread "Common-Cleaner"             daemon [_thread_blocked, id=18832, stack(0x000000a0c4c00000,0x000000a0c4d00000) (1024K)]
  0x00000208f59dcff0 JavaThread "C2 CompilerThread1"         daemon [_thread_in_native, id=22400, stack(0x000000a0c4d00000,0x000000a0c4e00000) (1024K)]
  0x00000208f5b5b790 JavaThread "Notification Thread"        daemon [_thread_blocked, id=18564, stack(0x000000a0c4e00000,0x000000a0c4f00000) (1024K)]
  0x00000208fb1cbc80 JavaThread "C2 CompilerThread2"         daemon [_thread_in_native, id=24216, stack(0x000000a0c4f00000,0x000000a0c5000000) (1024K)]
  0x00000208fb5b3f20 JavaThread "Active Thread: Equinox Container: 9da2985b-d297-4bfa-8589-c75003bf05fe"        [_thread_blocked, id=17764, stack(0x000000a0c5600000,0x000000a0c5700000) (1024K)]
  0x00000208fb797d00 JavaThread "Refresh Thread: Equinox Container: 9da2985b-d297-4bfa-8589-c75003bf05fe" daemon [_thread_blocked, id=18292, stack(0x000000a0c5800000,0x000000a0c5900000) (1024K)]
  0x00000208fbc43b10 JavaThread "Framework Event Dispatcher: Equinox Container: 9da2985b-d297-4bfa-8589-c75003bf05fe" daemon [_thread_blocked, id=23984, stack(0x000000a0c5900000,0x000000a0c5a00000) (1024K)]
  0x00000208fbc44170 JavaThread "Start Level: Equinox Container: 9da2985b-d297-4bfa-8589-c75003bf05fe" daemon [_thread_blocked, id=23668, stack(0x000000a0c5a00000,0x000000a0c5b00000) (1024K)]
  0x00000208fc056be0 JavaThread "Bundle File Closer"         daemon [_thread_blocked, id=24056, stack(0x000000a0c5d00000,0x000000a0c5e00000) (1024K)]
  0x00000208fc121ae0 JavaThread "SCR Component Actor"        daemon [_thread_blocked, id=25488, stack(0x000000a0c5e00000,0x000000a0c5f00000) (1024K)]
  0x00000208fc130490 JavaThread "SCR Component Registry"     daemon [_thread_blocked, id=4356, stack(0x000000a0c5f00000,0x000000a0c6000000) (1024K)]
  0x00000208fc3554f0 JavaThread "Worker-JM"                         [_thread_blocked, id=9136, stack(0x000000a0c6000000,0x000000a0c6100000) (1024K)]
  0x00000208fc353420 JavaThread "JNA Cleaner"                daemon [_thread_blocked, id=21868, stack(0x000000a0c6100000,0x000000a0c6200000) (1024K)]
  0x00000208fc356210 JavaThread "Worker-0"                          [_thread_blocked, id=23448, stack(0x000000a0c6200000,0x000000a0c6300000) (1024K)]
  0x00000208fc354140 JavaThread "Worker-1: Building"                [_thread_blocked, id=25548, stack(0x000000a0c6300000,0x000000a0c6400000) (1024K)]
  0x00000208fc3547d0 JavaThread "Worker-2"                          [_thread_blocked, id=1084, stack(0x000000a0c6400000,0x000000a0c6500000) (1024K)]
  0x00000208fc354e60 JavaThread "Java indexing"              daemon [_thread_in_Java, id=10264, stack(0x000000a0c6500000,0x000000a0c6600000) (1024K)]
  0x00000208fc352d90 JavaThread "Worker-3: Java indexing... "        [_thread_blocked, id=14832, stack(0x000000a0c6800000,0x000000a0c6900000) (1024K)]
  0x00000208fc353ab0 JavaThread "Thread-2"                   daemon [_thread_in_native, id=24344, stack(0x000000a0c6900000,0x000000a0c6a00000) (1024K)]
  0x00000208fc355b80 JavaThread "Thread-3"                   daemon [_thread_in_native, id=12528, stack(0x000000a0c6a00000,0x000000a0c6b00000) (1024K)]
  0x00000208fc725020 JavaThread "Thread-4"                   daemon [_thread_in_native, id=1344, stack(0x000000a0c6b00000,0x000000a0c6c00000) (1024K)]
  0x00000208fc725d40 JavaThread "Thread-5"                   daemon [_thread_in_native, id=11232, stack(0x000000a0c6c00000,0x000000a0c6d00000) (1024K)]
  0x00000208fc722230 JavaThread "Thread-6"                   daemon [_thread_in_native, id=4028, stack(0x000000a0c6d00000,0x000000a0c6e00000) (1024K)]
  0x00000208fc7256b0 JavaThread "Thread-7"                   daemon [_thread_in_native, id=12536, stack(0x000000a0c6e00000,0x000000a0c6f00000) (1024K)]
  0x00000208fc720160 JavaThread "Thread-8"                   daemon [_thread_in_native, id=13156, stack(0x000000a0c6f00000,0x000000a0c7000000) (1024K)]
  0x00000208fc723c70 JavaThread "Thread-9"                   daemon [_thread_in_native, id=21112, stack(0x000000a0c7000000,0x000000a0c7100000) (1024K)]
  0x00000208fc721510 JavaThread "Thread-10"                  daemon [_thread_in_native, id=13832, stack(0x000000a0c7100000,0x000000a0c7200000) (1024K)]
  0x00000208fc724990 JavaThread "Thread-11"                  daemon [_thread_in_native, id=10352, stack(0x000000a0c7200000,0x000000a0c7300000) (1024K)]
  0x00000208fc71edb0 JavaThread "Thread-12"                  daemon [_thread_in_native, id=4860, stack(0x000000a0c7300000,0x000000a0c7400000) (1024K)]
  0x00000208fc7228c0 JavaThread "Thread-13"                  daemon [_thread_in_native, id=19832, stack(0x000000a0c7400000,0x000000a0c7500000) (1024K)]
  0x00000208fc7207f0 JavaThread "Thread-14"                  daemon [_thread_in_native, id=17920, stack(0x000000a0c7500000,0x000000a0c7600000) (1024K)]
  0x00000208fc7263d0 JavaThread "pool-2-thread-1"                   [_thread_blocked, id=24212, stack(0x000000a0c7600000,0x000000a0c7700000) (1024K)]
  0x00000208fc71fad0 JavaThread "WorkspaceEventsHandler"            [_thread_blocked, id=19476, stack(0x000000a0c7700000,0x000000a0c7800000) (1024K)]
  0x00000208fc721ba0 JavaThread "pool-1-thread-1"                   [_thread_blocked, id=9424, stack(0x000000a0c7800000,0x000000a0c7900000) (1024K)]
  0x00000208fc720e80 JavaThread "Worker-4"                          [_thread_blocked, id=23408, stack(0x000000a0c7900000,0x000000a0c7a00000) (1024K)]
  0x00000208fc71f440 JavaThread "LocalFile Deleter"          daemon [_thread_blocked, id=23696, stack(0x000000a0c7a00000,0x000000a0c7b00000) (1024K)]
  0x00000208fc722f50 JavaThread "LocalFile Deleter"          daemon [_thread_blocked, id=21180, stack(0x000000a0c7b00000,0x000000a0c7c00000) (1024K)]
  0x00000208fc7235e0 JavaThread "LocalFile Deleter"          daemon [_thread_blocked, id=13644, stack(0x000000a0c7c00000,0x000000a0c7d00000) (1024K)]
  0x00000208fc724300 JavaThread "LocalFile Deleter"          daemon [_thread_blocked, id=23428, stack(0x000000a0c7d00000,0x000000a0c7e00000) (1024K)]
  0x0000020889b8ed80 JavaThread "LocalFile Deleter"          daemon [_thread_blocked, id=10764, stack(0x000000a0c7e00000,0x000000a0c7f00000) (1024K)]
  0x0000020889b92890 JavaThread "LocalFile Deleter"          daemon [_thread_blocked, id=24652, stack(0x000000a0c7f00000,0x000000a0c8000000) (1024K)]
  0x0000020889b914e0 JavaThread "LocalFile Deleter"          daemon [_thread_blocked, id=5876, stack(0x000000a0c8000000,0x000000a0c8100000) (1024K)]
  0x0000020889b8e6f0 JavaThread "LocalFile Deleter"          daemon [_thread_blocked, id=17864, stack(0x000000a0c8100000,0x000000a0c8200000) (1024K)]
  0x0000020889b8faa0 JavaThread "LocalFile Deleter"          daemon [_thread_blocked, id=23680, stack(0x000000a0c8200000,0x000000a0c8300000) (1024K)]
  0x0000020889b907c0 JavaThread "LocalFile Deleter"          daemon [_thread_blocked, id=2616, stack(0x000000a0c8300000,0x000000a0c8400000) (1024K)]
  0x0000020889b91b70 JavaThread "LocalFile Deleter"          daemon [_thread_blocked, id=2116, stack(0x000000a0c8400000,0x000000a0c8500000) (1024K)]
  0x0000020889b90130 JavaThread "LocalFile Deleter"          daemon [_thread_blocked, id=24480, stack(0x000000a0c8500000,0x000000a0c8600000) (1024K)]
  0x0000020889b8f410 JavaThread "Compiler Source File Reader" daemon [_thread_blocked, id=18640, stack(0x000000a0c8600000,0x000000a0c8700000) (1024K)]
  0x0000020889b92f20 JavaThread "Compiler Source File Reader" daemon [_thread_blocked, id=1316, stack(0x000000a0c8700000,0x000000a0c8800000) (1024K)]
  0x0000020889b90e50 JavaThread "Compiler Source File Reader" daemon [_thread_blocked, id=2308, stack(0x000000a0c8800000,0x000000a0c8900000) (1024K)]
  0x0000020889b92200 JavaThread "Compiler Source File Reader" daemon [_thread_blocked, id=21480, stack(0x000000a0c8900000,0x000000a0c8a00000) (1024K)]
  0x0000020889b935b0 JavaThread "Compiler Source File Reader" daemon [_thread_blocked, id=19132, stack(0x000000a0c8a00000,0x000000a0c8b00000) (1024K)]
  0x0000020889b93c40 JavaThread "Compiler Source File Reader" daemon [_thread_blocked, id=11656, stack(0x000000a0c8b00000,0x000000a0c8c00000) (1024K)]
  0x0000020889b942d0 JavaThread "Compiler Source File Reader" daemon [_thread_blocked, id=22808, stack(0x000000a0c8c00000,0x000000a0c8d00000) (1024K)]
  0x0000020889b94960 JavaThread "Compiler Source File Reader" daemon [_thread_blocked, id=20584, stack(0x000000a0c8d00000,0x000000a0c8e00000) (1024K)]
  0x0000020889b94ff0 JavaThread "Compiler Source File Reader" daemon [_thread_blocked, id=23904, stack(0x000000a0c8e00000,0x000000a0c8f00000) (1024K)]
  0x0000020889b8e060 JavaThread "Compiler Source File Reader" daemon [_thread_blocked, id=1460, stack(0x000000a0c8f00000,0x000000a0c9000000) (1024K)]
  0x00000208896dadf0 JavaThread "Compiler Processing Task"   daemon [_thread_blocked, id=22856, stack(0x000000a0c9000000,0x000000a0c9100000) (1024K)]
  0x00000208896d9a40 JavaThread "Compiler Class File Writer" daemon [_thread_blocked, id=19292, stack(0x000000a0c9100000,0x000000a0c9200000) (1024K)]
  0x00000208896dfcb0 JavaThread "Compiler Class File Writer" daemon [_thread_blocked, id=3864, stack(0x000000a0c9200000,0x000000a0c9300000) (1024K)]
  0x00000208896def90 JavaThread "Compiler Class File Writer" daemon [_thread_blocked, id=7348, stack(0x000000a0c9300000,0x000000a0c9400000) (1024K)]
  0x00000208896dbb10 JavaThread "Compiler Class File Writer" daemon [_thread_blocked, id=17216, stack(0x000000a0c9400000,0x000000a0c9500000) (1024K)]
  0x00000208896dcec0 JavaThread "Compiler Class File Writer" daemon [_thread_blocked, id=4932, stack(0x000000a0c9500000,0x000000a0c9600000) (1024K)]
  0x00000208896da0d0 JavaThread "Compiler Class File Writer" daemon [_thread_blocked, id=20856, stack(0x000000a0c9600000,0x000000a0c9700000) (1024K)]
  0x00000208896e0340 JavaThread "Compiler Class File Writer" daemon [_thread_blocked, id=25268, stack(0x000000a0c9700000,0x000000a0c9800000) (1024K)]
  0x00000208896ddbe0 JavaThread "Compiler Class File Writer" daemon [_thread_blocked, id=24456, stack(0x000000a0c9800000,0x000000a0c9900000) (1024K)]
  0x00000208896e09d0 JavaThread "Compiler Class File Writer" daemon [_thread_blocked, id=3636, stack(0x000000a0c9900000,0x000000a0c9a00000) (1024K)]
  0x00000208896de900 JavaThread "Compiler Class File Writer" daemon [_thread_blocked, id=25524, stack(0x000000a0c9a00000,0x000000a0c9b00000) (1024K)]
Total: 77

Other Threads:
  0x000002089d1ae8f0 VMThread "VM Thread"                           [id=22504, stack(0x000000a0c4300000,0x000000a0c4400000) (1024K)]
  0x000002089cfbca10 WatcherThread "VM Periodic Task Thread"        [id=7932, stack(0x000000a0c4200000,0x000000a0c4300000) (1024K)]
  0x000002089d194cd0 WorkerThread "GC Thread#0"                     [id=25052, stack(0x000000a0c4100000,0x000000a0c4200000) (1024K)]
  0x00000208fb942e90 WorkerThread "GC Thread#1"                     [id=19252, stack(0x000000a0c5000000,0x000000a0c5100000) (1024K)]
  0x00000208fb46c730 WorkerThread "GC Thread#2"                     [id=13572, stack(0x000000a0c5100000,0x000000a0c5200000) (1024K)]
  0x00000208fb46cad0 WorkerThread "GC Thread#3"                     [id=22052, stack(0x000000a0c5200000,0x000000a0c5300000) (1024K)]
  0x00000208fb46ce70 WorkerThread "GC Thread#4"                     [id=22072, stack(0x000000a0c5300000,0x000000a0c5400000) (1024K)]
  0x00000208fb55ec90 WorkerThread "GC Thread#5"                     [id=14308, stack(0x000000a0c5400000,0x000000a0c5500000) (1024K)]
  0x00000208fb8c2790 WorkerThread "GC Thread#6"                     [id=4088, stack(0x000000a0c5500000,0x000000a0c5600000) (1024K)]
  0x00000208fb8c1cb0 WorkerThread "GC Thread#7"                     [id=9432, stack(0x000000a0c5700000,0x000000a0c5800000) (1024K)]
  0x00000208fb8c2050 WorkerThread "GC Thread#8"                     [id=15580, stack(0x000000a0c5b00000,0x000000a0c5c00000) (1024K)]
  0x00000208fb8c2b30 WorkerThread "GC Thread#9"                     [id=23004, stack(0x000000a0c5c00000,0x000000a0c5d00000) (1024K)]
Total: 12

Threads with active compile tasks:
C2 CompilerThread0  6733 9823       4       lombok.core.AST::buildWithField (21 bytes)
C1 CompilerThread0  6733 10282       2       org.eclipse.jdt.internal.compiler.ast.SingleNameReference::manageEnclosingInstanceAccessIfNecessary (110 bytes)
C2 CompilerThread1  6733 9927 %     4       org.eclipse.jdt.internal.core.util.Util::quickSort @ 19 (107 bytes)
C2 CompilerThread2  6733 9824   !   4       lombok.core.AST::buildWithField0 (121 bytes)
Total: 4

VM state: at safepoint (normal execution)

VM Mutex/Monitor currently owned by a thread:  ([mutex/lock_event])
[0x00007ff93ac6e308] Threads_lock - owner thread: 0x000002089d1ae8f0
[0x00007ff93ac6e408] Heap_lock - owner thread: 0x00000208fc354e60

Heap address: 0x0000000080000000, size: 2048 MB, Compressed Oops mode: 32-bit

CDS archive(s) mapped at: [0x00000208b4000000-0x00000208b4ba0000-0x00000208b4ba0000), size 12189696, SharedBaseAddress: 0x00000208b4000000, ArchiveRelocationMode: 1.
Compressed class space mapped at: 0x00000208b5000000-0x00000208f5000000, reserved size: 1073741824
Narrow klass base: 0x00000208b4000000, Narrow klass shift: 0, Narrow klass range: 0x100000000

GC Precious Log:
 CardTable entry size: 512
 CPUs: 12 total, 12 available
 Memory: 15752M
 Large Page Support: Disabled
 NUMA Support: Disabled
 Compressed Oops: Enabled (32-bit)
 Alignments: Space 512K, Generation 512K, Heap 2M
 Heap Min Capacity: 100M
 Heap Initial Capacity: 100M
 Heap Max Capacity: 2G
 Pre-touch: Disabled
 Parallel Workers: 10

Heap:
 PSYoungGen      total 9216K, used 8890K [0x00000000d5580000, 0x00000000d6100000, 0x0000000100000000)
  eden space 7680K, 100% used [0x00000000d5580000,0x00000000d5d00000,0x00000000d5d00000)
  from space 1536K, 78% used [0x00000000d5f80000,0x00000000d60ae810,0x00000000d6100000)
  to   space 1536K, 99% used [0x00000000d5e00000,0x00000000d5f7f000,0x00000000d5f80000)
 ParOldGen       total 346624K, used 289259K [0x0000000080000000, 0x0000000095280000, 0x00000000d5580000)
  object space 346624K, 83% used [0x0000000080000000,0x0000000091a86de8,0x0000000095280000)
 Metaspace       used 58807K, committed 60224K, reserved 1114112K
  class space    used 6045K, committed 6720K, reserved 1048576K

Card table byte_map: [0x000002089ca90000,0x000002089cea0000] _byte_map_base: 0x000002089c690000

Marking Bits: (ParMarkBitMap*) 0x00007ff93ac731f0
 Begin Bits: [0x00000208af590000, 0x00000208b1590000)
 End Bits:   [0x00000208b1590000, 0x00000208b3590000)

Polling page: 0x000002089ab70000

Metaspace:

Usage:
  Non-class:     51.53 MB used.
      Class:      5.90 MB used.
       Both:     57.43 MB used.

Virtual space:
  Non-class space:       64.00 MB reserved,      52.25 MB ( 82%) committed,  1 nodes.
      Class space:        1.00 GB reserved,       6.56 MB ( <1%) committed,  1 nodes.
             Both:        1.06 GB reserved,      58.81 MB (  5%) committed. 

Chunk freelists:
   Non-Class:  11.22 MB
       Class:  9.44 MB
        Both:  20.66 MB

MaxMetaspaceSize: unlimited
CompressedClassSpaceSize: 1.00 GB
Initial GC threshold: 21.00 MB
Current GC threshold: 97.31 MB
CDS: on
 - commit_granule_bytes: 65536.
 - commit_granule_words: 8192.
 - virtual_space_node_default_size: 8388608.
 - enlarge_chunks_in_place: 1.
 - use_allocation_guard: 0.


Internal statistics:

num_allocs_failed_limit: 11.
num_arena_births: 1170.
num_arena_deaths: 14.
num_vsnodes_births: 2.
num_vsnodes_deaths: 0.
num_space_committed: 941.
num_space_uncommitted: 0.
num_chunks_returned_to_freelist: 25.
num_chunks_taken_from_freelist: 3852.
num_chunk_merges: 10.
num_chunk_splits: 2416.
num_chunks_enlarged: 1422.
num_inconsistent_stats: 0.

CodeHeap 'non-profiled nmethods': size=120000Kb used=5529Kb max_used=5572Kb free=114470Kb
 bounds [0x00000208a7db0000, 0x00000208a8330000, 0x00000208af2e0000]
CodeHeap 'profiled nmethods': size=120000Kb used=21206Kb max_used=21206Kb free=98793Kb
 bounds [0x00000208a02e0000, 0x00000208a17a0000, 0x00000208a7810000]
CodeHeap 'non-nmethods': size=5760Kb used=1411Kb max_used=1502Kb free=4348Kb
 bounds [0x00000208a7810000, 0x00000208a7a80000, 0x00000208a7db0000]
 total_blobs=10155 nmethods=9432 adapters=628
 compilation: enabled
              stopped_count=0, restarted_count=0
 full_count=0

Compilation events (20 events):
Event: 6.695 Thread 0x00000208f59dcff0 nmethod 10075 0x00000208a7eaad10 code [0x00000208a7eaafc0, 0x00000208a7eabec8]
Event: 6.695 Thread 0x00000208f5816580 nmethod 10215 0x00000208a0ae9410 code [0x00000208a0ae9600, 0x00000208a0ae9a50]
Event: 6.695 Thread 0x00000208f5816580 10220       2       java.util.HashMap::putAll (7 bytes)
Event: 6.696 Thread 0x00000208f5816580 nmethod 10220 0x00000208a07f9190 code [0x00000208a07f9340, 0x00000208a07f9468]
Event: 6.696 Thread 0x00000208f59dcff0 9998       4       java.lang.StringConcatHelper::stringOf (20 bytes)
Event: 6.696 Thread 0x00000208f5816580 10219       2       org.eclipse.jdt.internal.compiler.lookup.TypeBinding::getErasureCompatibleType (331 bytes)
Event: 6.696 Thread 0x00000208f59dcff0 nmethod 9998 0x00000208a7f85910 code [0x00000208a7f85aa0, 0x00000208a7f85b68]
Event: 6.696 Thread 0x00000208f59dcff0 10208       4       org.eclipse.jdt.internal.compiler.ClassFile::u1At (10 bytes)
Event: 6.696 Thread 0x00000208f5816580 nmethod 10219 0x00000208a0ae8110 code [0x00000208a0ae8440, 0x00000208a0ae8e90]
Event: 6.696 Thread 0x00000208f5816580 10222       2       lombok.core.AST::get (14 bytes)
Event: 6.697 Thread 0x00000208f5816580 nmethod 10222 0x00000208a0771e90 code [0x00000208a0772040, 0x00000208a07721b0]
Event: 6.697 Thread 0x00000208f5816580 10221       2       org.eclipse.jdt.internal.compiler.ast.Statement::bindingsWhenComplete (4 bytes)
Event: 6.697 Thread 0x00000208f5816580 nmethod 10221 0x00000208a0771b10 code [0x00000208a0771ca0, 0x00000208a0771db0]
Event: 6.697 Thread 0x00000208f5816580 10210       1       org.eclipse.jdt.internal.compiler.codegen.CodeStream::lambda$0 (2 bytes)
Event: 6.697 Thread 0x00000208f5816580 nmethod 10210 0x00000208a7f85610 code [0x00000208a7f857a0, 0x00000208a7f85848]
Event: 6.697 Thread 0x00000208f5816580 10225       2       java.lang.invoke.DirectMethodHandle$Holder::getBoolean (28 bytes)
Event: 6.697 Thread 0x00000208f59dcff0 nmethod 10208 0x00000208a7f90310 code [0x00000208a7f904a0, 0x00000208a7f90568]
Event: 6.697 Thread 0x00000208f59dcff0 10133       4       org.eclipse.jdt.internal.core.index.DiskIndex$IntList::add (67 bytes)
Event: 6.697 Thread 0x00000208f5816580 nmethod 10225 0x00000208a0ae7c10 code [0x00000208a0ae7dc0, 0x00000208a0ae7fc0]
Event: 6.697 Thread 0x00000208f5816580 10228   !   2       org.eclipse.jdt.internal.compiler.lookup.ParameterizedTypeBinding::getMethods (314 bytes)

GC Heap History (20 events):
Event: 6.298 GC heap before
{Heap before GC invocations=330 (full 2):
 PSYoungGen      total 7168K, used 7162K [0x00000000d5580000, 0x00000000d6080000, 0x0000000100000000)
  eden space 5120K, 100% used [0x00000000d5580000,0x00000000d5a80000,0x00000000d5a80000)
  from space 2048K, 99% used [0x00000000d5a80000,0x00000000d5c7e890,0x00000000d5c80000)
  to   space 2560K, 0% used [0x00000000d5e00000,0x00000000d5e00000,0x00000000d6080000)
 ParOldGen       total 330240K, used 329787K [0x0000000080000000, 0x0000000094280000, 0x00000000d5580000)
  object space 330240K, 99% used [0x0000000080000000,0x000000009420ef38,0x0000000094280000)
 Metaspace       used 58167K, committed 59584K, reserved 1114112K
  class space    used 6031K, committed 6720K, reserved 1048576K
}
Event: 6.300 GC heap after
{Heap after GC invocations=330 (full 2):
 PSYoungGen      total 8192K, used 1965K [0x00000000d5580000, 0x00000000d6000000, 0x0000000100000000)
  eden space 6144K, 0% used [0x00000000d5580000,0x00000000d5580000,0x00000000d5b80000)
  from space 2048K, 95% used [0x00000000d5e00000,0x00000000d5feb518,0x00000000d6000000)
  to   space 2048K, 0% used [0x00000000d5c00000,0x00000000d5c00000,0x00000000d5e00000)
 ParOldGen       total 331776K, used 331671K [0x0000000080000000, 0x0000000094400000, 0x00000000d5580000)
  object space 331776K, 99% used [0x0000000080000000,0x00000000943e5c68,0x0000000094400000)
 Metaspace       used 58167K, committed 59584K, reserved 1114112K
  class space    used 6031K, committed 6720K, reserved 1048576K
}
Event: 6.304 GC heap before
{Heap before GC invocations=331 (full 2):
 PSYoungGen      total 8192K, used 8109K [0x00000000d5580000, 0x00000000d6000000, 0x0000000100000000)
  eden space 6144K, 100% used [0x00000000d5580000,0x00000000d5b80000,0x00000000d5b80000)
  from space 2048K, 95% used [0x00000000d5e00000,0x00000000d5feb518,0x00000000d6000000)
  to   space 2048K, 0% used [0x00000000d5c00000,0x00000000d5c00000,0x00000000d5e00000)
 ParOldGen       total 331776K, used 331671K [0x0000000080000000, 0x0000000094400000, 0x00000000d5580000)
  object space 331776K, 99% used [0x0000000080000000,0x00000000943e5c68,0x0000000094400000)
 Metaspace       used 58178K, committed 59584K, reserved 1114112K
  class space    used 6031K, committed 6720K, reserved 1048576K
}
Event: 6.305 GC heap after
{Heap after GC invocations=331 (full 2):
 PSYoungGen      total 8704K, used 2047K [0x00000000d5580000, 0x00000000d6200000, 0x0000000100000000)
  eden space 6656K, 0% used [0x00000000d5580000,0x00000000d5580000,0x00000000d5c00000)
  from space 2048K, 99% used [0x00000000d5c00000,0x00000000d5dffc10,0x00000000d5e00000)
  to   space 2560K, 0% used [0x00000000d5f80000,0x00000000d5f80000,0x00000000d6200000)
 ParOldGen       total 334336K, used 334100K [0x0000000080000000, 0x0000000094680000, 0x00000000d5580000)
  object space 334336K, 99% used [0x0000000080000000,0x00000000946450b8,0x0000000094680000)
 Metaspace       used 58178K, committed 59584K, reserved 1114112K
  class space    used 6031K, committed 6720K, reserved 1048576K
}
Event: 6.309 GC heap before
{Heap before GC invocations=332 (full 2):
 PSYoungGen      total 8704K, used 8633K [0x00000000d5580000, 0x00000000d6200000, 0x0000000100000000)
  eden space 6656K, 98% used [0x00000000d5580000,0x00000000d5bee8c8,0x00000000d5c00000)
  from space 2048K, 99% used [0x00000000d5c00000,0x00000000d5dffc10,0x00000000d5e00000)
  to   space 2560K, 0% used [0x00000000d5f80000,0x00000000d5f80000,0x00000000d6200000)
 ParOldGen       total 334336K, used 334100K [0x0000000080000000, 0x0000000094680000, 0x00000000d5580000)
  object space 334336K, 99% used [0x0000000080000000,0x00000000946450b8,0x0000000094680000)
 Metaspace       used 58215K, committed 59648K, reserved 1114112K
  class space    used 6032K, committed 6720K, reserved 1048576K
}
Event: 6.311 GC heap after
{Heap after GC invocations=332 (full 2):
 PSYoungGen      total 7680K, used 2552K [0x00000000d5580000, 0x00000000d6780000, 0x0000000100000000)
  eden space 5120K, 0% used [0x00000000d5580000,0x00000000d5580000,0x00000000d5a80000)
  from space 2560K, 99% used [0x00000000d5f80000,0x00000000d61fe148,0x00000000d6200000)
  to   space 5120K, 0% used [0x00000000d5a80000,0x00000000d5a80000,0x00000000d5f80000)
 ParOldGen       total 336384K, used 336094K [0x0000000080000000, 0x0000000094880000, 0x00000000d5580000)
  object space 336384K, 99% used [0x0000000080000000,0x0000000094837848,0x0000000094880000)
 Metaspace       used 58215K, committed 59648K, reserved 1114112K
  class space    used 6032K, committed 6720K, reserved 1048576K
}
Event: 6.314 GC heap before
{Heap before GC invocations=333 (full 2):
 PSYoungGen      total 7680K, used 7601K [0x00000000d5580000, 0x00000000d6780000, 0x0000000100000000)
  eden space 5120K, 98% used [0x00000000d5580000,0x00000000d5a6e3a0,0x00000000d5a80000)
  from space 2560K, 99% used [0x00000000d5f80000,0x00000000d61fe148,0x00000000d6200000)
  to   space 5120K, 0% used [0x00000000d5a80000,0x00000000d5a80000,0x00000000d5f80000)
 ParOldGen       total 336384K, used 336094K [0x0000000080000000, 0x0000000094880000, 0x00000000d5580000)
  object space 336384K, 99% used [0x0000000080000000,0x0000000094837848,0x0000000094880000)
 Metaspace       used 58215K, committed 59648K, reserved 1114112K
  class space    used 6032K, committed 6720K, reserved 1048576K
}
Event: 6.315 GC heap after
{Heap after GC invocations=333 (full 2):
 PSYoungGen      total 7680K, used 2273K [0x00000000d5580000, 0x00000000d6280000, 0x0000000100000000)
  eden space 5120K, 0% used [0x00000000d5580000,0x00000000d5580000,0x00000000d5a80000)
  from space 2560K, 88% used [0x00000000d5a80000,0x00000000d5cb87e0,0x00000000d5d00000)
  to   space 3584K, 0% used [0x00000000d5f00000,0x00000000d5f00000,0x00000000d6280000)
 ParOldGen       total 338944K, used 338468K [0x0000000080000000, 0x0000000094b00000, 0x00000000d5580000)
  object space 338944K, 99% used [0x0000000080000000,0x0000000094a892e8,0x0000000094b00000)
 Metaspace       used 58215K, committed 59648K, reserved 1114112K
  class space    used 6032K, committed 6720K, reserved 1048576K
}
Event: 6.318 GC heap before
{Heap before GC invocations=334 (full 2):
 PSYoungGen      total 7680K, used 7355K [0x00000000d5580000, 0x00000000d6280000, 0x0000000100000000)
  eden space 5120K, 99% used [0x00000000d5580000,0x00000000d5a76680,0x00000000d5a80000)
  from space 2560K, 88% used [0x00000000d5a80000,0x00000000d5cb87e0,0x00000000d5d00000)
  to   space 3584K, 0% used [0x00000000d5f00000,0x00000000d5f00000,0x00000000d6280000)
 ParOldGen       total 338944K, used 338468K [0x0000000080000000, 0x0000000094b00000, 0x00000000d5580000)
  object space 338944K, 99% used [0x0000000080000000,0x0000000094a892e8,0x0000000094b00000)
 Metaspace       used 58215K, committed 59648K, reserved 1114112K
  class space    used 6032K, committed 6720K, reserved 1048576K
}
Event: 6.320 GC heap after
{Heap after GC invocations=334 (full 2):
 PSYoungGen      total 8704K, used 2266K [0x00000000d5580000, 0x00000000d6180000, 0x0000000100000000)
  eden space 6144K, 0% used [0x00000000d5580000,0x00000000d5580000,0x00000000d5b80000)
  from space 2560K, 88% used [0x00000000d5f00000,0x00000000d6136bf8,0x00000000d6180000)
  to   space 2560K, 0% used [0x00000000d5c80000,0x00000000d5c80000,0x00000000d5f00000)
 ParOldGen       total 340992K, used 340539K [0x0000000080000000, 0x0000000094d00000, 0x00000000d5580000)
  object space 340992K, 99% used [0x0000000080000000,0x0000000094c8ee20,0x0000000094d00000)
 Metaspace       used 58215K, committed 59648K, reserved 1114112K
  class space    used 6032K, committed 6720K, reserved 1048576K
}
Event: 6.325 GC heap before
{Heap before GC invocations=335 (full 2):
 PSYoungGen      total 8704K, used 8410K [0x00000000d5580000, 0x00000000d6180000, 0x0000000100000000)
  eden space 6144K, 100% used [0x00000000d5580000,0x00000000d5b80000,0x00000000d5b80000)
  from space 2560K, 88% used [0x00000000d5f00000,0x00000000d6136bf8,0x00000000d6180000)
  to   space 2560K, 0% used [0x00000000d5c80000,0x00000000d5c80000,0x00000000d5f00000)
 ParOldGen       total 340992K, used 340539K [0x0000000080000000, 0x0000000094d00000, 0x00000000d5580000)
  object space 340992K, 99% used [0x0000000080000000,0x0000000094c8ee20,0x0000000094d00000)
 Metaspace       used 58224K, committed 59648K, reserved 1114112K
  class space    used 6032K, committed 6720K, reserved 1048576K
}
Event: 6.326 GC heap after
{Heap after GC invocations=335 (full 2):
 PSYoungGen      total 9728K, used 2185K [0x00000000d5580000, 0x00000000d6200000, 0x0000000100000000)
  eden space 7168K, 0% used [0x00000000d5580000,0x00000000d5580000,0x00000000d5c80000)
  from space 2560K, 85% used [0x00000000d5c80000,0x00000000d5ea2658,0x00000000d5f00000)
  to   space 2560K, 0% used [0x00000000d5f80000,0x00000000d5f80000,0x00000000d6200000)
 ParOldGen       total 343040K, used 342594K [0x0000000080000000, 0x0000000094f00000, 0x00000000d5580000)
  object space 343040K, 99% used [0x0000000080000000,0x0000000094e90af0,0x0000000094f00000)
 Metaspace       used 58224K, committed 59648K, reserved 1114112K
  class space    used 6032K, committed 6720K, reserved 1048576K
}
Event: 6.357 GC heap before
{Heap before GC invocations=336 (full 2):
 PSYoungGen      total 9728K, used 9353K [0x00000000d5580000, 0x00000000d6200000, 0x0000000100000000)
  eden space 7168K, 99% used [0x00000000d5580000,0x00000000d5c7fff0,0x00000000d5c80000)
  from space 2560K, 85% used [0x00000000d5c80000,0x00000000d5ea2658,0x00000000d5f00000)
  to   space 2560K, 0% used [0x00000000d5f80000,0x00000000d5f80000,0x00000000d6200000)
 ParOldGen       total 343040K, used 342594K [0x0000000080000000, 0x0000000094f00000, 0x00000000d5580000)
  object space 343040K, 99% used [0x0000000080000000,0x0000000094e90af0,0x0000000094f00000)
 Metaspace       used 58298K, committed 59712K, reserved 1114112K
  class space    used 6038K, committed 6720K, reserved 1048576K
}
Event: 6.358 GC heap after
{Heap after GC invocations=336 (full 2):
 PSYoungGen      total 10240K, used 2199K [0x00000000d5580000, 0x00000000d6300000, 0x0000000100000000)
  eden space 7680K, 0% used [0x00000000d5580000,0x00000000d5580000,0x00000000d5d00000)
  from space 2560K, 85% used [0x00000000d5f80000,0x00000000d61a5c60,0x00000000d6200000)
  to   space 2560K, 0% used [0x00000000d5d00000,0x00000000d5d00000,0x00000000d5f80000)
 ParOldGen       total 344576K, used 344562K [0x0000000080000000, 0x0000000095080000, 0x00000000d5580000)
  object space 344576K, 99% used [0x0000000080000000,0x000000009507caf0,0x0000000095080000)
 Metaspace       used 58298K, committed 59712K, reserved 1114112K
  class space    used 6038K, committed 6720K, reserved 1048576K
}
Event: 6.383 GC heap before
{Heap before GC invocations=337 (full 2):
 PSYoungGen      total 10240K, used 7282K [0x00000000d5580000, 0x00000000d6300000, 0x0000000100000000)
  eden space 7680K, 66% used [0x00000000d5580000,0x00000000d5a76e20,0x00000000d5d00000)
  from space 2560K, 85% used [0x00000000d5f80000,0x00000000d61a5c60,0x00000000d6200000)
  to   space 2560K, 0% used [0x00000000d5d00000,0x00000000d5d00000,0x00000000d5f80000)
 ParOldGen       total 344576K, used 344562K [0x0000000080000000, 0x0000000095080000, 0x00000000d5580000)
  object space 344576K, 99% used [0x0000000080000000,0x000000009507caf0,0x0000000095080000)
 Metaspace       used 58363K, committed 59776K, reserved 1114112K
  class space    used 6038K, committed 6720K, reserved 1048576K
}
Event: 6.385 GC heap after
{Heap after GC invocations=337 (full 2):
 PSYoungGen      total 10240K, used 960K [0x00000000d5580000, 0x00000000d6100000, 0x0000000100000000)
  eden space 7680K, 0% used [0x00000000d5580000,0x00000000d5580000,0x00000000d5d00000)
  from space 2560K, 37% used [0x00000000d5d00000,0x00000000d5df0000,0x00000000d5f80000)
  to   space 1536K, 0% used [0x00000000d5f80000,0x00000000d5f80000,0x00000000d6100000)
 ParOldGen       total 346624K, used 346598K [0x0000000080000000, 0x0000000095280000, 0x00000000d5580000)
  object space 346624K, 99% used [0x0000000080000000,0x0000000095279b68,0x0000000095280000)
 Metaspace       used 58363K, committed 59776K, reserved 1114112K
  class space    used 6038K, committed 6720K, reserved 1048576K
}
Event: 6.385 GC heap before
{Heap before GC invocations=338 (full 3):
 PSYoungGen      total 10240K, used 960K [0x00000000d5580000, 0x00000000d6100000, 0x0000000100000000)
  eden space 7680K, 0% used [0x00000000d5580000,0x00000000d5580000,0x00000000d5d00000)
  from space 2560K, 37% used [0x00000000d5d00000,0x00000000d5df0000,0x00000000d5f80000)
  to   space 1536K, 0% used [0x00000000d5f80000,0x00000000d5f80000,0x00000000d6100000)
 ParOldGen       total 346624K, used 346598K [0x0000000080000000, 0x0000000095280000, 0x00000000d5580000)
  object space 346624K, 99% used [0x0000000080000000,0x0000000095279b68,0x0000000095280000)
 Metaspace       used 58363K, committed 59776K, reserved 1114112K
  class space    used 6038K, committed 6720K, reserved 1048576K
}
Event: 6.569 GC heap after
{Heap after GC invocations=338 (full 3):
 PSYoungGen      total 10240K, used 0K [0x00000000d5580000, 0x00000000d6100000, 0x0000000100000000)
  eden space 7680K, 0% used [0x00000000d5580000,0x00000000d5580000,0x00000000d5d00000)
  from space 2560K, 0% used [0x00000000d5d00000,0x00000000d5d00000,0x00000000d5f80000)
  to   space 1536K, 0% used [0x00000000d5f80000,0x00000000d5f80000,0x00000000d6100000)
 ParOldGen       total 346624K, used 287865K [0x0000000080000000, 0x0000000095280000, 0x00000000d5580000)
  object space 346624K, 83% used [0x0000000080000000,0x000000009191e510,0x0000000095280000)
 Metaspace       used 58363K, committed 59776K, reserved 1114112K
  class space    used 6038K, committed 6720K, reserved 1048576K
}
Event: 6.619 GC heap before
{Heap before GC invocations=339 (full 3):
 PSYoungGen      total 10240K, used 7680K [0x00000000d5580000, 0x00000000d6100000, 0x0000000100000000)
  eden space 7680K, 100% used [0x00000000d5580000,0x00000000d5d00000,0x00000000d5d00000)
  from space 2560K, 0% used [0x00000000d5d00000,0x00000000d5d00000,0x00000000d5f80000)
  to   space 1536K, 0% used [0x00000000d5f80000,0x00000000d5f80000,0x00000000d6100000)
 ParOldGen       total 346624K, used 287865K [0x0000000080000000, 0x0000000095280000, 0x00000000d5580000)
  object space 346624K, 83% used [0x0000000080000000,0x000000009191e510,0x0000000095280000)
 Metaspace       used 58533K, committed 59968K, reserved 1114112K
  class space    used 6041K, committed 6720K, reserved 1048576K
}
Event: 6.621 GC heap after
{Heap after GC invocations=339 (full 3):
 PSYoungGen      total 9216K, used 1210K [0x00000000d5580000, 0x00000000d6100000, 0x0000000100000000)
  eden space 7680K, 0% used [0x00000000d5580000,0x00000000d5580000,0x00000000d5d00000)
  from space 1536K, 78% used [0x00000000d5f80000,0x00000000d60ae810,0x00000000d6100000)
  to   space 1536K, 0% used [0x00000000d5e00000,0x00000000d5e00000,0x00000000d5f80000)
 ParOldGen       total 346624K, used 287873K [0x0000000080000000, 0x0000000095280000, 0x00000000d5580000)
  object space 346624K, 83% used [0x0000000080000000,0x0000000091920510,0x0000000095280000)
 Metaspace       used 58533K, committed 59968K, reserved 1114112K
  class space    used 6041K, committed 6720K, reserved 1048576K
}

Dll operation events (10 events):
Event: 0.005 Loaded shared library c:\Users\PC\.vscode\extensions\redhat.java-1.43.1-win32-x64\jre\21.0.7-win32-x86_64\bin\java.dll
Event: 0.051 Loaded shared library c:\Users\PC\.vscode\extensions\redhat.java-1.43.1-win32-x64\jre\21.0.7-win32-x86_64\bin\zip.dll
Event: 0.064 Loaded shared library C:\Users\PC\.vscode\extensions\redhat.java-1.43.1-win32-x64\jre\21.0.7-win32-x86_64\bin\instrument.dll
Event: 0.067 Loaded shared library C:\Users\PC\.vscode\extensions\redhat.java-1.43.1-win32-x64\jre\21.0.7-win32-x86_64\bin\net.dll
Event: 0.068 Loaded shared library C:\Users\PC\.vscode\extensions\redhat.java-1.43.1-win32-x64\jre\21.0.7-win32-x86_64\bin\nio.dll
Event: 0.071 Loaded shared library C:\Users\PC\.vscode\extensions\redhat.java-1.43.1-win32-x64\jre\21.0.7-win32-x86_64\bin\zip.dll
Event: 0.083 Loaded shared library C:\Users\PC\.vscode\extensions\redhat.java-1.43.1-win32-x64\jre\21.0.7-win32-x86_64\bin\jimage.dll
Event: 0.128 Loaded shared library c:\Users\PC\.vscode\extensions\redhat.java-1.43.1-win32-x64\jre\21.0.7-win32-x86_64\bin\verify.dll
Event: 0.780 Loaded shared library C:\Users\PC\AppData\Roaming\Code\User\globalStorage\redhat.java\1.43.1\config_win\org.eclipse.equinox.launcher\org.eclipse.equinox.launcher.win32.win32.x86_64_1.2.1300.v20250331-1702\eclipse_11911.dll
Event: 1.681 Loaded shared library C:\Users\PC\AppData\Local\Temp\jna-2547\jna5376161166752642299.dll

Deoptimization events (20 events):
Event: 6.613 Thread 0x00000208896dadf0 DEOPT PACKING pc=0x00000208a8292c10 sp=0x000000a0c90fc820
Event: 6.613 Thread 0x00000208896dadf0 DEOPT UNPACKING pc=0x00000208a7863aa2 sp=0x000000a0c90fc720 mode 2
Event: 6.613 Thread 0x00000208896dadf0 Uncommon trap: trap_request=0xffffff45 fr.pc=0x00000208a82aad54 relative=0x0000000000000294
Event: 6.613 Thread 0x00000208896dadf0 Uncommon trap: reason=unstable_if action=reinterpret pc=0x00000208a82aad54 method=java.util.HashMap.getNode(Ljava/lang/Object;)Ljava/util/HashMap$Node; @ 131 c2
Event: 6.613 Thread 0x00000208896dadf0 DEOPT PACKING pc=0x00000208a82aad54 sp=0x000000a0c90fca60
Event: 6.613 Thread 0x00000208896dadf0 DEOPT UNPACKING pc=0x00000208a7863aa2 sp=0x000000a0c90fc9e0 mode 2
Event: 6.618 Thread 0x00000208896dadf0 Uncommon trap: trap_request=0xffffff45 fr.pc=0x00000208a7df53e8 relative=0x0000000000000148
Event: 6.618 Thread 0x00000208896dadf0 Uncommon trap: reason=unstable_if action=reinterpret pc=0x00000208a7df53e8 method=java.util.HashMap.getNode(Ljava/lang/Object;)Ljava/util/HashMap$Node; @ 66 c2
Event: 6.618 Thread 0x00000208896dadf0 DEOPT PACKING pc=0x00000208a7df53e8 sp=0x000000a0c90fe7a0
Event: 6.618 Thread 0x00000208896dadf0 DEOPT UNPACKING pc=0x00000208a7863aa2 sp=0x000000a0c90fe650 mode 2
Event: 6.619 Thread 0x00000208896dadf0 Uncommon trap: trap_request=0xffffff45 fr.pc=0x00000208a7ed9b90 relative=0x0000000000000130
Event: 6.619 Thread 0x00000208896dadf0 Uncommon trap: reason=unstable_if action=reinterpret pc=0x00000208a7ed9b90 method=java.util.HashMap.getNode(Ljava/lang/Object;)Ljava/util/HashMap$Node; @ 66 c2
Event: 6.619 Thread 0x00000208896dadf0 DEOPT PACKING pc=0x00000208a7ed9b90 sp=0x000000a0c90fe000
Event: 6.619 Thread 0x00000208896dadf0 DEOPT UNPACKING pc=0x00000208a7863aa2 sp=0x000000a0c90fdf18 mode 2
Event: 6.632 Thread 0x00000208fc354e60 DEOPT PACKING pc=0x00000208a0929673 sp=0x000000a0c65fed60
Event: 6.632 Thread 0x00000208fc354e60 DEOPT UNPACKING pc=0x00000208a7864242 sp=0x000000a0c65fe228 mode 0
Event: 6.653 Thread 0x00000208fc354140 Uncommon trap: trap_request=0xffffff45 fr.pc=0x00000208a80c3788 relative=0x00000000000000e8
Event: 6.653 Thread 0x00000208fc354140 Uncommon trap: reason=unstable_if action=reinterpret pc=0x00000208a80c3788 method=java.util.stream.SpinedBuffer.accept(Ljava/lang/Object;)V @ 9 c2
Event: 6.653 Thread 0x00000208fc354140 DEOPT PACKING pc=0x00000208a80c3788 sp=0x000000a0c63fdea0
Event: 6.653 Thread 0x00000208fc354140 DEOPT UNPACKING pc=0x00000208a7863aa2 sp=0x000000a0c63fde48 mode 2

Classes loaded (20 events):
Event: 6.091 Loading class jdk/internal/module/IllegalAccessLogger
Event: 6.091 Loading class jdk/internal/module/IllegalAccessLogger done
Event: 6.099 Loading class java/util/concurrent/ArrayBlockingQueue
Event: 6.100 Loading class java/util/concurrent/ArrayBlockingQueue done
Event: 6.161 Loading class java/util/Hashtable$ValueCollection
Event: 6.163 Loading class java/util/Hashtable$ValueCollection done
Event: 6.166 Loading class java/util/concurrent/ConcurrentHashMap$KeySpliterator
Event: 6.167 Loading class java/util/concurrent/ConcurrentHashMap$KeySpliterator done
Event: 6.173 Loading class sun/nio/ch/ChannelOutputStream
Event: 6.173 Loading class sun/nio/ch/ChannelOutputStream done
Event: 6.222 Loading class java/util/stream/ReferencePipeline$4
Event: 6.222 Loading class java/util/stream/ReferencePipeline$4 done
Event: 6.222 Loading class java/util/stream/Nodes$IntFixedNodeBuilder
Event: 6.222 Loading class java/util/stream/Node$Builder$OfInt
Event: 6.222 Loading class java/util/stream/Node$Builder$OfInt done
Event: 6.222 Loading class java/util/stream/Nodes$IntArrayNode
Event: 6.222 Loading class java/util/stream/Nodes$IntArrayNode done
Event: 6.222 Loading class java/util/stream/Nodes$IntFixedNodeBuilder done
Event: 6.222 Loading class java/util/stream/ReferencePipeline$4$1
Event: 6.224 Loading class java/util/stream/ReferencePipeline$4$1 done

Classes unloaded (7 events):
Event: 2.069 Thread 0x000002089d1ae8f0 Unloading class 0x00000208b519c000 'java/lang/invoke/LambdaForm$MH+0x00000208b519c000'
Event: 2.069 Thread 0x000002089d1ae8f0 Unloading class 0x00000208b519bc00 'java/lang/invoke/LambdaForm$MH+0x00000208b519bc00'
Event: 2.069 Thread 0x000002089d1ae8f0 Unloading class 0x00000208b519b800 'java/lang/invoke/LambdaForm$MH+0x00000208b519b800'
Event: 2.069 Thread 0x000002089d1ae8f0 Unloading class 0x00000208b519b400 'java/lang/invoke/LambdaForm$MH+0x00000208b519b400'
Event: 2.069 Thread 0x000002089d1ae8f0 Unloading class 0x00000208b519b000 'java/lang/invoke/LambdaForm$BMH+0x00000208b519b000'
Event: 2.069 Thread 0x000002089d1ae8f0 Unloading class 0x00000208b519ac00 'java/lang/invoke/LambdaForm$DMH+0x00000208b519ac00'
Event: 2.069 Thread 0x000002089d1ae8f0 Unloading class 0x00000208b5199800 'java/lang/invoke/LambdaForm$DMH+0x00000208b5199800'

Classes redefined (0 events):
No events

Internal exceptions (20 events):
Event: 3.910 Thread 0x00000208fc356210 Exception <a 'java/lang/ExceptionInInitializerError'{0x00000000d5d050c0}> (0x00000000d5d050c0) 
thrown [s\src\hotspot\share\oops\instanceKlass.cpp, line 1220]
Event: 3.933 Thread 0x00000208fc356210 Implicit null exception at 0x00000208a7eff97e to 0x00000208a7effbf0
Event: 3.933 Thread 0x00000208fc356210 Implicit null exception at 0x00000208a7e6599c to 0x00000208a7e668b0
Event: 3.934 Thread 0x00000208fc356210 Exception <a 'java/lang/NoSuchMethodError'{0x00000000d5ce4658}: 'java.lang.Object java.lang.invoke.Invokers$Holder.invokeExact_MT(java.lang.Object, int, java.lang.Object)'> (0x00000000d5ce4658) 
thrown [s\src\hotspot\share\interpreter\linkResolver.cpp, line 773]
Event: 4.119 Thread 0x00000208fc356210 Exception <a 'java/lang/NoClassDefFoundError'{0x00000000d5821788}: com/google/inject/servlet/ServletModuleTargetVisitor> (0x00000000d5821788) 
thrown [s\src\hotspot\share\classfile\systemDictionary.cpp, line 301]
Event: 4.223 Thread 0x00000208fc721ba0 Exception <a 'java/lang/IncompatibleClassChangeError'{0x00000000d5829450}: Found class java.lang.Object, but interface was expected> (0x00000000d5829450) 
thrown [s\src\hotspot\share\interpreter\linkResolver.cpp, line 840]
Event: 4.270 Thread 0x00000208fc356210 Exception <a 'java/lang/NoSuchMethodError'{0x00000000d5696fb8}: 'int java.lang.invoke.DirectMethodHandle$Holder.invokeSpecialIFC(java.lang.Object, java.lang.Object, java.lang.Object, java.lang.Object)'> (0x00000000d5696fb8) 
thrown [s\src\hotspot\share\interpreter\linkResolver.cpp, line 773]
Event: 4.387 Thread 0x00000208fc354140 Exception <a 'sun/nio/fs/WindowsException'{0x00000000d57a8268}> (0x00000000d57a8268) 
thrown [s\src\hotspot\share\prims\jni.cpp, line 520]
Event: 4.390 Thread 0x00000208fc71f440 Exception <a 'sun/nio/fs/WindowsException'{0x00000000d558f7f8}> (0x00000000d558f7f8) 
thrown [s\src\hotspot\share\prims\jni.cpp, line 520]
Event: 4.390 Thread 0x00000208fc722f50 Exception <a 'sun/nio/fs/WindowsException'{0x00000000d55ce570}> (0x00000000d55ce570) 
thrown [s\src\hotspot\share\prims\jni.cpp, line 520]
Event: 4.390 Thread 0x00000208fc7235e0 Exception <a 'sun/nio/fs/WindowsException'{0x00000000d55f9788}> (0x00000000d55f9788) 
thrown [s\src\hotspot\share\prims\jni.cpp, line 520]
Event: 4.390 Thread 0x00000208fc724300 Exception <a 'sun/nio/fs/WindowsException'{0x00000000d55fd5e8}> (0x00000000d55fd5e8) 
thrown [s\src\hotspot\share\prims\jni.cpp, line 520]
Event: 5.285 Thread 0x00000208fc354140 Exception <a 'java/lang/NoSuchMethodError'{0x00000000d58933a8}: 'java.lang.Object java.lang.invoke.DirectMethodHandle$Holder.invokeStatic(java.lang.Object, java.lang.Object, int, int)'> (0x00000000d58933a8) 
thrown [s\src\hotspot\share\interpreter\linkResolver.cpp, line 773]
Event: 5.286 Thread 0x00000208fc354140 Exception <a 'java/lang/NoSuchMethodError'{0x00000000d58fe690}: 'java.lang.Object java.lang.invoke.DirectMethodHandle$Holder.invokeSpecial(java.lang.Object, java.lang.Object, java.lang.Object, int, int)'> (0x00000000d58fe690) 
thrown [s\src\hotspot\share\interpreter\linkResolver.cpp, line 773]
Event: 5.558 Thread 0x00000208fc354140 Exception <a 'java/lang/NoSuchMethodError'{0x00000000d584f738}: 'int java.lang.invoke.DirectMethodHandle$Holder.invokeSpecialIFC(java.lang.Object, java.lang.Object, java.lang.Object)'> (0x00000000d584f738) 
thrown [s\src\hotspot\share\interpreter\linkResolver.cpp, line 773]
Event: 5.851 Thread 0x00000208fc354140 Implicit null exception at 0x00000208a7ea6d46 to 0x00000208a7ea6d8f
Event: 6.139 Thread 0x00000208896dadf0 Exception <a 'java/lang/NoSuchMethodError'{0x00000000d55e8e18}: 'void java.lang.invoke.DirectMethodHandle$Holder.invokeStatic(java.lang.Object, int, java.lang.Object)'> (0x00000000d55e8e18) 
thrown [s\src\hotspot\share\interpreter\linkResolver.cpp, line 773]
Event: 6.169 Thread 0x00000208fc354140 Exception <a 'java/lang/NoSuchMethodError'{0x00000000d57e7818}: 'java.lang.Object java.lang.invoke.DirectMethodHandle$Holder.newInvokeSpecial(java.lang.Object, java.lang.Object, int, int, java.lang.Object)'> (0x00000000d57e7818) 
thrown [s\src\hotspot\share\interpreter\linkResolver.cpp, line 773]
Event: 6.330 Thread 0x00000208896dadf0 Implicit null exception at 0x00000208a820a923 to 0x00000208a820ac8c
Event: 6.331 Thread 0x00000208896dadf0 Implicit null exception at 0x00000208a82f9b44 to 0x00000208a82fa204

ZGC Phase Switch (0 events):
No events

VM Operations (20 events):
Event: 6.298 Executing VM operation: ParallelGCFailedAllocation (Allocation Failure)
Event: 6.300 Executing VM operation: ParallelGCFailedAllocation (Allocation Failure) done
Event: 6.304 Executing VM operation: ParallelGCFailedAllocation (Allocation Failure)
Event: 6.305 Executing VM operation: ParallelGCFailedAllocation (Allocation Failure) done
Event: 6.309 Executing VM operation: ParallelGCFailedAllocation (Allocation Failure)
Event: 6.311 Executing VM operation: ParallelGCFailedAllocation (Allocation Failure) done
Event: 6.314 Executing VM operation: ParallelGCFailedAllocation (Allocation Failure)
Event: 6.315 Executing VM operation: ParallelGCFailedAllocation (Allocation Failure) done
Event: 6.318 Executing VM operation: ParallelGCFailedAllocation (Allocation Failure)
Event: 6.320 Executing VM operation: ParallelGCFailedAllocation (Allocation Failure) done
Event: 6.325 Executing VM operation: ParallelGCFailedAllocation (Allocation Failure)
Event: 6.326 Executing VM operation: ParallelGCFailedAllocation (Allocation Failure) done
Event: 6.345 Executing VM operation: HandshakeAllThreads (Deoptimize)
Event: 6.345 Executing VM operation: HandshakeAllThreads (Deoptimize) done
Event: 6.357 Executing VM operation: ParallelGCFailedAllocation (Allocation Failure)
Event: 6.358 Executing VM operation: ParallelGCFailedAllocation (Allocation Failure) done
Event: 6.383 Executing VM operation: CollectForMetadataAllocation (Metadata GC Threshold)
Event: 6.569 Executing VM operation: CollectForMetadataAllocation (Metadata GC Threshold) done
Event: 6.619 Executing VM operation: ParallelGCFailedAllocation (Allocation Failure)
Event: 6.621 Executing VM operation: ParallelGCFailedAllocation (Allocation Failure) done

Memory protections (0 events):
No events

Nmethod flushes (20 events):
Event: 6.431 Thread 0x000002089d1ae8f0 flushing  nmethod 0x00000208a0bea990
Event: 6.431 Thread 0x000002089d1ae8f0 flushing  nmethod 0x00000208a0c15110
Event: 6.431 Thread 0x000002089d1ae8f0 flushing  nmethod 0x00000208a0c1d710
Event: 6.431 Thread 0x000002089d1ae8f0 flushing  nmethod 0x00000208a0c1ef10
Event: 6.431 Thread 0x000002089d1ae8f0 flushing  nmethod 0x00000208a0c20490
Event: 6.431 Thread 0x000002089d1ae8f0 flushing  nmethod 0x00000208a0c21610
Event: 6.431 Thread 0x000002089d1ae8f0 flushing  nmethod 0x00000208a0c23890
Event: 6.431 Thread 0x000002089d1ae8f0 flushing  nmethod 0x00000208a0c24690
Event: 6.431 Thread 0x000002089d1ae8f0 flushing  nmethod 0x00000208a0c25910
Event: 6.431 Thread 0x000002089d1ae8f0 flushing  nmethod 0x00000208a0c28510
Event: 6.431 Thread 0x000002089d1ae8f0 flushing  nmethod 0x00000208a0c3dc10
Event: 6.431 Thread 0x000002089d1ae8f0 flushing  nmethod 0x00000208a0c3f710
Event: 6.431 Thread 0x000002089d1ae8f0 flushing  nmethod 0x00000208a0c4ea90
Event: 6.431 Thread 0x000002089d1ae8f0 flushing  nmethod 0x00000208a0c4f210
Event: 6.431 Thread 0x000002089d1ae8f0 flushing  nmethod 0x00000208a0c50810
Event: 6.431 Thread 0x000002089d1ae8f0 flushing  nmethod 0x00000208a0c56010
Event: 6.431 Thread 0x000002089d1ae8f0 flushing  nmethod 0x00000208a0c69890
Event: 6.431 Thread 0x000002089d1ae8f0 flushing  nmethod 0x00000208a0c6c710
Event: 6.431 Thread 0x000002089d1ae8f0 flushing  nmethod 0x00000208a0c8e790
Event: 6.431 Thread 0x000002089d1ae8f0 flushing  nmethod 0x00000208a0c8eb90

Events (20 events):
Event: 4.419 Thread 0x00000208fc354140 Thread added: 0x0000020889b92f20
Event: 4.419 Thread 0x00000208fc354140 Thread added: 0x0000020889b90e50
Event: 4.419 Thread 0x00000208fc354140 Thread added: 0x0000020889b92200
Event: 4.419 Thread 0x00000208fc354140 Thread added: 0x0000020889b935b0
Event: 4.419 Thread 0x00000208fc354140 Thread added: 0x0000020889b93c40
Event: 4.419 Thread 0x00000208fc354140 Thread added: 0x0000020889b942d0
Event: 4.419 Thread 0x00000208fc354140 Thread added: 0x0000020889b94960
Event: 4.420 Thread 0x0000020889b8f410 Thread added: 0x0000020889b94ff0
Event: 4.420 Thread 0x0000020889b94960 Thread added: 0x0000020889b8e060
Event: 6.100 Thread 0x00000208fc354140 Thread added: 0x00000208896dadf0
Event: 6.169 Thread 0x00000208fc354140 Thread added: 0x00000208896d9a40
Event: 6.220 Thread 0x00000208fc354140 Thread added: 0x00000208896dfcb0
Event: 6.287 Thread 0x00000208fc354140 Thread added: 0x00000208896def90
Event: 6.287 Thread 0x00000208fc354140 Thread added: 0x00000208896dbb10
Event: 6.329 Thread 0x00000208fc354140 Thread added: 0x00000208896dcec0
Event: 6.355 Thread 0x00000208fc354140 Thread added: 0x00000208896da0d0
Event: 6.372 Thread 0x00000208fc354140 Thread added: 0x00000208896e0340
Event: 6.383 Thread 0x00000208fc354140 Thread added: 0x00000208896ddbe0
Event: 6.593 Thread 0x00000208fc354140 Thread added: 0x00000208896e09d0
Event: 6.622 Thread 0x00000208fc354140 Thread added: 0x00000208896de900


Dynamic libraries:
0x00007ff7e9360000 - 0x00007ff7e936e000 	c:\Users\PC\.vscode\extensions\redhat.java-1.43.1-win32-x64\jre\21.0.7-win32-x86_64\bin\java.exe
0x00007ff9beb70000 - 0x00007ff9bed68000 	C:\Windows\SYSTEM32\ntdll.dll
0x00007ff9bd620000 - 0x00007ff9bd6e2000 	C:\Windows\System32\KERNEL32.DLL
0x00007ff9bc640000 - 0x00007ff9bc936000 	C:\Windows\System32\KERNELBASE.dll
0x00007ff9bc940000 - 0x00007ff9bca40000 	C:\Windows\System32\ucrtbase.dll
0x00007ff9a0d30000 - 0x00007ff9a0d48000 	c:\Users\PC\.vscode\extensions\redhat.java-1.43.1-win32-x64\jre\21.0.7-win32-x86_64\bin\jli.dll
0x00007ff9bd0d0000 - 0x00007ff9bd26d000 	C:\Windows\System32\USER32.dll
0x00007ff9bc360000 - 0x00007ff9bc382000 	C:\Windows\System32\win32u.dll
0x00007ff9bd460000 - 0x00007ff9bd48b000 	C:\Windows\System32\GDI32.dll
0x00007ff9bc3e0000 - 0x00007ff9bc4f9000 	C:\Windows\System32\gdi32full.dll
0x00007ff9bcaf0000 - 0x00007ff9bcb8d000 	C:\Windows\System32\msvcp_win.dll
0x00007ff997590000 - 0x00007ff9975ae000 	c:\Users\PC\.vscode\extensions\redhat.java-1.43.1-win32-x64\jre\21.0.7-win32-x86_64\bin\VCRUNTIME140.dll
0x00007ff9a1860000 - 0x00007ff9a1afa000 	C:\Windows\WinSxS\amd64_microsoft.windows.common-controls_6595b64144ccf1df_6.0.19041.5915_none_60b4b9d171f9c7c7\COMCTL32.dll
0x00007ff9bd3c0000 - 0x00007ff9bd45e000 	C:\Windows\System32\msvcrt.dll
0x00007ff9bd0a0000 - 0x00007ff9bd0cf000 	C:\Windows\System32\IMM32.DLL
0x00007ff99af50000 - 0x00007ff99b042000 	C:\Program Files\Windhawk\Engine\1.6.1\64\windhawk.dll
0x00007ff9be160000 - 0x00007ff9be211000 	C:\Windows\System32\ADVAPI32.dll
0x00007ff9bd000000 - 0x00007ff9bd09f000 	C:\Windows\System32\sechost.dll
0x00007ff9bd7a0000 - 0x00007ff9bd8c3000 	C:\Windows\System32\RPCRT4.dll
0x00007ff9bc610000 - 0x00007ff9bc637000 	C:\Windows\System32\bcrypt.dll
0x00007ff99c300000 - 0x00007ff99c318000 	C:\ProgramData\Windhawk\Engine\Mods\64\remove-ms-store-open-with_1.0.0_410510.dll
0x00007ff9bd9f0000 - 0x00007ff9be15e000 	C:\Windows\System32\shell32.dll
0x00007ff99c2e0000 - 0x00007ff99c2f8000 	C:\ProgramData\Windhawk\Engine\Mods\64\dark-menus_1.2_337485.dll
0x00007ff9b9b10000 - 0x00007ff9b9bae000 	C:\Windows\SYSTEM32\uxtheme.dll
0x00007ff9be360000 - 0x00007ff9be6b3000 	C:\Windows\System32\combase.dll
0x00007ff99c2c0000 - 0x00007ff99c2d9000 	C:\ProgramData\Windhawk\Engine\Mods\64\eradicate-immersive-menus_1.1.0_984086.dll
0x00007ff99ad40000 - 0x00007ff99aee9000 	C:\ProgramData\Windhawk\Engine\Mods\64\libc++.whl
0x00007ff99b3d0000 - 0x00007ff99b40a000 	C:\ProgramData\Windhawk\Engine\Mods\64\libunwind.whl
0x00007ff99aae0000 - 0x00007ff99ad38000 	C:\Windows\SYSTEM32\ExplorerFrame.dll
0x00007ff9be220000 - 0x00007ff9be27b000 	C:\Windows\System32\SHLWAPI.dll
0x00007ff9b87a0000 - 0x00007ff9b8d60000 	C:\Windows\SYSTEM32\d2d1.dll
0x000002089c640000 - 0x000002089c6ed000 	C:\Windows\System32\SHCORE.dll
0x00007ff99c210000 - 0x00007ff99c236000 	C:\ProgramData\Windhawk\Engine\Mods\64\slick-window-arrangement_455580.dll
0x00007ff9b9c20000 - 0x00007ff9b9c4f000 	C:\Windows\SYSTEM32\dwmapi.dll
0x00007ff99a5f0000 - 0x00007ff99a799000 	C:\ProgramData\Windhawk\Engine\Mods\64\libc++.dll
0x00007ff99a5b0000 - 0x00007ff99a5ea000 	C:\ProgramData\Windhawk\Engine\Mods\64\libunwind.dll
0x00007ff99a430000 - 0x00007ff99a44d000 	C:\ProgramData\Windhawk\Engine\Mods\64\modernize-folder-picker-dialog_1.0.0_154629.dll
0x00007ff9bd4f0000 - 0x00007ff9bd61b000 	C:\Windows\System32\ole32.dll
0x00007ff99a3d0000 - 0x00007ff99a3eb000 	C:\ProgramData\Windhawk\Engine\Mods\64\msg-box-font-fix_2.1.1_295034.dll
0x00007ff9b7aa0000 - 0x00007ff9b7aac000 	c:\Users\PC\.vscode\extensions\redhat.java-1.43.1-win32-x64\jre\21.0.7-win32-x86_64\bin\vcruntime140_1.dll
0x00007ff971f40000 - 0x00007ff971fcd000 	c:\Users\PC\.vscode\extensions\redhat.java-1.43.1-win32-x64\jre\21.0.7-win32-x86_64\bin\msvcp140.dll
0x00007ff939fc0000 - 0x00007ff93ad50000 	c:\Users\PC\.vscode\extensions\redhat.java-1.43.1-win32-x64\jre\21.0.7-win32-x86_64\bin\server\jvm.dll
0x00007ff9bd350000 - 0x00007ff9bd3bb000 	C:\Windows\System32\WS2_32.dll
0x00007ff9bbfb0000 - 0x00007ff9bbffb000 	C:\Windows\SYSTEM32\POWRPROF.dll
0x00007ff9b2f20000 - 0x00007ff9b2f47000 	C:\Windows\SYSTEM32\WINMM.dll
0x00007ff9b2e30000 - 0x00007ff9b2e3a000 	C:\Windows\SYSTEM32\VERSION.dll
0x00007ff9bbf90000 - 0x00007ff9bbfa2000 	C:\Windows\SYSTEM32\UMPDC.dll
0x00007ff9ba000000 - 0x00007ff9ba012000 	C:\Windows\SYSTEM32\kernel.appcore.dll
0x00007ff9b79e0000 - 0x00007ff9b79ea000 	c:\Users\PC\.vscode\extensions\redhat.java-1.43.1-win32-x64\jre\21.0.7-win32-x86_64\bin\jimage.dll
0x00007ff9ad650000 - 0x00007ff9ad851000 	C:\Windows\SYSTEM32\DBGHELP.DLL
0x00007ff9a8a40000 - 0x00007ff9a8a74000 	C:\Windows\SYSTEM32\dbgcore.DLL
0x00007ff9bc500000 - 0x00007ff9bc582000 	C:\Windows\System32\bcryptPrimitives.dll
0x00007ff9b7970000 - 0x00007ff9b797f000 	c:\Users\PC\.vscode\extensions\redhat.java-1.43.1-win32-x64\jre\21.0.7-win32-x86_64\bin\instrument.dll
0x00007ff995600000 - 0x00007ff99561f000 	c:\Users\PC\.vscode\extensions\redhat.java-1.43.1-win32-x64\jre\21.0.7-win32-x86_64\bin\java.dll
0x00007ff9ba220000 - 0x00007ff9ba9c4000 	C:\Windows\SYSTEM32\windows.storage.dll
0x00007ff9bba80000 - 0x00007ff9bbaab000 	C:\Windows\SYSTEM32\Wldp.dll
0x00007ff9be280000 - 0x00007ff9be34d000 	C:\Windows\System32\OLEAUT32.dll
0x00007ff9bc130000 - 0x00007ff9bc155000 	C:\Windows\SYSTEM32\profapi.dll
0x00007ff9a4150000 - 0x00007ff9a4168000 	c:\Users\PC\.vscode\extensions\redhat.java-1.43.1-win32-x64\jre\21.0.7-win32-x86_64\bin\zip.dll
0x00007ff9b5fa0000 - 0x00007ff9b5fb0000 	C:\Users\PC\.vscode\extensions\redhat.java-1.43.1-win32-x64\jre\21.0.7-win32-x86_64\bin\net.dll
0x00007ff9b6290000 - 0x00007ff9b639a000 	C:\Windows\SYSTEM32\WINHTTP.dll
0x00007ff9bb860000 - 0x00007ff9bb8ca000 	C:\Windows\system32\mswsock.dll
0x00007ff9a4130000 - 0x00007ff9a4146000 	C:\Users\PC\.vscode\extensions\redhat.java-1.43.1-win32-x64\jre\21.0.7-win32-x86_64\bin\nio.dll
0x00007ff9aea80000 - 0x00007ff9aea90000 	c:\Users\PC\.vscode\extensions\redhat.java-1.43.1-win32-x64\jre\21.0.7-win32-x86_64\bin\verify.dll
0x00007ff9a65f0000 - 0x00007ff9a6635000 	C:\Users\PC\AppData\Roaming\Code\User\globalStorage\redhat.java\1.43.1\config_win\org.eclipse.equinox.launcher\org.eclipse.equinox.launcher.win32.win32.x86_64_1.2.1300.v20250331-1702\eclipse_11911.dll
0x00007ff9bbac0000 - 0x00007ff9bbad8000 	C:\Windows\SYSTEM32\CRYPTSP.dll
0x00007ff9bb1a0000 - 0x00007ff9bb1d8000 	C:\Windows\system32\rsaenh.dll
0x00007ff9bc0f0000 - 0x00007ff9bc11e000 	C:\Windows\SYSTEM32\USERENV.dll
0x00007ff9bb9f0000 - 0x00007ff9bb9fc000 	C:\Windows\SYSTEM32\CRYPTBASE.dll
0x00007ff9bb560000 - 0x00007ff9bb59b000 	C:\Windows\SYSTEM32\IPHLPAPI.DLL
0x00007ff9be350000 - 0x00007ff9be358000 	C:\Windows\System32\NSI.dll
0x00007ff9a6370000 - 0x00007ff9a63b9000 	C:\Users\PC\AppData\Local\Temp\jna-2547\jna5376161166752642299.dll
0x00007ff9bce40000 - 0x00007ff9bce48000 	C:\Windows\System32\PSAPI.DLL
0x00007ff9b4cb0000 - 0x00007ff9b4cc7000 	C:\Windows\SYSTEM32\dhcpcsvc6.DLL
0x00007ff9b5560000 - 0x00007ff9b557d000 	C:\Windows\SYSTEM32\dhcpcsvc.DLL

dbghelp: loaded successfully - version: 4.0.5 - missing functions: none
symbol engine: initialized successfully - sym options: 0x614 - pdb path: .;c:\Users\PC\.vscode\extensions\redhat.java-1.43.1-win32-x64\jre\21.0.7-win32-x86_64\bin;C:\Windows\SYSTEM32;C:\Windows\WinSxS\amd64_microsoft.windows.common-controls_6595b64144ccf1df_6.0.19041.5915_none_60b4b9d171f9c7c7;C:\Program Files\Windhawk\Engine\1.6.1\64;C:\ProgramData\Windhawk\Engine\Mods\64;c:\Users\PC\.vscode\extensions\redhat.java-1.43.1-win32-x64\jre\21.0.7-win32-x86_64\bin\server;C:\Users\PC\AppData\Roaming\Code\User\globalStorage\redhat.java\1.43.1\config_win\org.eclipse.equinox.launcher\org.eclipse.equinox.launcher.win32.win32.x86_64_1.2.1300.v20250331-1702;C:\Users\PC\AppData\Local\Temp\jna-2547

VM Arguments:
jvm_args: --add-modules=ALL-SYSTEM --add-opens=java.base/java.util=ALL-UNNAMED --add-opens=java.base/java.lang=ALL-UNNAMED --add-opens=java.base/sun.nio.fs=ALL-UNNAMED -Declipse.application=org.eclipse.jdt.ls.core.id1 -Dosgi.bundles.defaultStartLevel=4 -Declipse.product=org.eclipse.jdt.ls.core.product -Djava.import.generatesMetadataFilesAtProjectRoot=false -DDetectVMInstallationsJob.disabled=true -Dfile.encoding=utf8 -XX:+UseParallelGC -XX:GCTimeRatio=4 -XX:AdaptiveSizePolicyWeight=90 -Dsun.zip.disableMemoryMapping=true -Xmx2G -Xms100m -Xlog:disable -javaagent:c:\Users\PC\.vscode\extensions\redhat.java-1.43.1-win32-x64\lombok\lombok-1.18.39-4050.jar -XX:+HeapDumpOnOutOfMemoryError -XX:HeapDumpPath=c:\Users\PC\AppData\Roaming\Code\User\workspaceStorage\009dd066dbfd86fb48ec25db317acb20\redhat.java -Daether.dependencyCollector.impl=bf 
java_command: c:\Users\PC\.vscode\extensions\redhat.java-1.43.1-win32-x64\server\plugins\org.eclipse.equinox.launcher_1.7.0.v20250519-0528.jar -configuration c:\Users\PC\AppData\Roaming\Code\User\globalStorage\redhat.java\1.43.1\config_win -data c:\Users\PC\AppData\Roaming\Code\User\workspaceStorage\009dd066dbfd86fb48ec25db317acb20\redhat.java\jdt_ws --pipe=\\.\pipe\lsp-6c12d4ef98b55dbbd9cfa5ff5d28d32a-sock
java_class_path (initial): c:\Users\PC\.vscode\extensions\redhat.java-1.43.1-win32-x64\server\plugins\org.eclipse.equinox.launcher_1.7.0.v20250519-0528.jar
Launcher Type: SUN_STANDARD

[Global flags]
    uintx AdaptiveSizePolicyWeight                 = 90                                        {product} {command line}
     intx CICompilerCount                          = 4                                         {product} {ergonomic}
    uintx GCTimeRatio                              = 4                                         {product} {command line}
     bool HeapDumpOnOutOfMemoryError               = true                                   {manageable} {command line}
    ccstr HeapDumpPath                             = c:\Users\PC\AppData\Roaming\Code\User\workspaceStorage\009dd066dbfd86fb48ec25db317acb20\redhat.java         {manageable} {command line}
   size_t InitialHeapSize                          = 104857600                                 {product} {command line}
   size_t MaxHeapSize                              = 2147483648                                {product} {command line}
   size_t MaxNewSize                               = 715653120                                 {product} {ergonomic}
   size_t MinHeapDeltaBytes                        = 524288                                    {product} {ergonomic}
   size_t MinHeapSize                              = 104857600                                 {product} {command line}
   size_t NewSize                                  = 34603008                                  {product} {ergonomic}
    uintx NonNMethodCodeHeapSize                   = 5839372                                {pd product} {ergonomic}
    uintx NonProfiledCodeHeapSize                  = 122909434                              {pd product} {ergonomic}
   size_t OldSize                                  = 70254592                                  {product} {ergonomic}
    uintx ProfiledCodeHeapSize                     = 122909434                              {pd product} {ergonomic}
    uintx ReservedCodeCacheSize                    = 251658240                              {pd product} {ergonomic}
     bool SegmentedCodeCache                       = true                                      {product} {ergonomic}
   size_t SoftMaxHeapSize                          = 2147483648                             {manageable} {ergonomic}
     bool UseCompressedOops                        = true                           {product lp64_product} {ergonomic}
     bool UseLargePagesIndividualAllocation        = false                                  {pd product} {ergonomic}
     bool UseParallelGC                            = true                                      {product} {command line}

Logging:
Log output configuration:
 #0: stdout all=off uptime,level,tags foldmultilines=false
 #1: stderr all=off uptime,level,tags foldmultilines=false

Environment Variables:
PATH=C:\Program Files\Common Files\Oracle\Java\javapath;C:\Program Files (x86)\Common Files\Oracle\Java\javapath;C:\Windows\system32;C:\Windows;C:\Windows\System32\Wbem;C:\Windows\System32\WindowsPowerShell\v1.0\;C:\Windows\System32\OpenSSH\;C:\Program Files\dotnet\;C:\Program Files\Git\cmd;D:\Program Files\CMake\bin;C:\Program Files (x86)\Microsoft SQL Server\160\Tools\Binn\;C:\Program Files\Microsoft SQL Server\160\Tools\Binn\;C:\Program Files\Microsoft SQL Server\Client SDK\ODBC\170\Tools\Binn\;C:\Program Files\Microsoft SQL Server\160\DTS\Binn\;C:\Program Files (x86)\Microsoft SQL Server\160\DTS\Binn\;C:\Program Files\Cloudflare\Cloudflare WARP\;C:\Program Files\nodejs\;C:\ProgramData\chocolatey\bin;C:\Program Files\Docker\Docker\resources\bin;C:\Users\PC\AppData\Local\Programs\Python\Python313\;C:\Users\PC\AppData\Local\Programs\Python\Python313\Scripts;C:\Users\PC\AppData\Local\Packages\PythonSoftwareFoundation.Python.3.13_qbz5n2kfra8p0\LocalCache\local-packages\Python313\Scripts;C:\Users\PC\AppData\Local\Programs\Python\Launcher\;C:\Users\PC\AppData\Local\Microsoft\WindowsApps;D:\Program Files\VSCode\bin;C:\Users\PC\AppData\Local\GitHubDesktop\bin;C:\Users\PC\AppData\Roaming\npm;D:\Program Files\cursor\resources\app\bin
USERNAME=PC
OS=Windows_NT
PROCESSOR_IDENTIFIER=AMD64 Family 25 Model 80 Stepping 0, AuthenticAMD
TMP=C:\Users\PC\AppData\Local\Temp
TEMP=C:\Users\PC\AppData\Local\Temp




Periodic native trim disabled

---------------  S Y S T E M  ---------------

OS:
 Windows 10 , 64 bit Build 19041 (10.0.19041.5915)
OS uptime: 0 days 3:41 hours
Hyper-V role detected

CPU: total 12 (initial active 12) (12 cores per cpu, 2 threads per core) family 25 model 80 stepping 0 microcode 0x0, cx8, cmov, fxsr, ht, mmx, 3dnowpref, sse, sse2, sse3, ssse3, sse4a, sse4.1, sse4.2, popcnt, lzcnt, tsc, tscinvbit, avx, avx2, aes, erms, clmul, bmi1, bmi2, adx, sha, fma, vzeroupper, clflush, clflushopt, hv, rdtscp, rdpid, fsrm, f16c, cet_ss
Processor Information for the first 12 processors :
  Max Mhz: 3301, Current Mhz: 3301, Mhz Limit: 3301

Memory: 4k page, system-wide physical 15752M (554M free)
TotalPageFile size 41969M (AvailPageFile size 13M)
current process WorkingSet (physical memory assigned to process): 713M, peak: 714M
current process commit charge ("private bytes"): 671M, peak: 671M

vm_info: OpenJDK 64-Bit Server VM (21.0.7+6-LTS) for windows-amd64 JRE (21.0.7+6-LTS), built on 2025-04-15T00:00:00Z by "admin" with MS VC++ 17.7 (VS2022)

END.
