#
# There is insufficient memory for the Java Runtime Environment to continue.
# Native memory allocation (malloc) failed to allocate 227536 bytes. Error detail: Chunk::new
# Possible reasons:
#   The system is out of physical RAM or swap space
#   This process is running with CompressedOops enabled, and the Java Heap may be blocking the growth of the native heap
# Possible solutions:
#   Reduce memory load on the system
#   Increase physical memory or swap space
#   Check if swap backing store is full
#   Decrease Java heap size (-Xmx/-Xms)
#   Decrease number of Java threads
#   Decrease Java thread stack sizes (-Xss)
#   Set larger code cache with -XX:ReservedCodeCacheSize=
#   JVM is running with Unscaled Compressed Oops mode in which the Java heap is
#     placed in the first 4GB address space. The Java Heap base address is the
#     maximum limit for the native heap growth. Please use -XX:HeapBaseMinAddress
#     to set the Java Heap base and to place the Java Heap above 4GB virtual address.
# This output file may be truncated or incomplete.
#
#  Out of Memory Error (arena.cpp:168), pid=10020, tid=9564
#
# JRE version: OpenJDK Runtime Environment Temurin-21.0.7+6 (21.0.7+6) (build 21.0.7+6-LTS)
# Java VM: OpenJDK 64-Bit Server VM Temurin-21.0.7+6 (21.0.7+6-LTS, mixed mode, sharing, tiered, compressed oops, compressed class ptrs, parallel gc, windows-amd64)
# No core dump will be written. Minidumps are not enabled by default on client versions of Windows
#

---------------  S U M M A R Y ------------

Command Line: --add-modules=ALL-SYSTEM --add-opens=java.base/java.util=ALL-UNNAMED --add-opens=java.base/java.lang=ALL-UNNAMED --add-opens=java.base/sun.nio.fs=ALL-UNNAMED -Declipse.application=org.eclipse.jdt.ls.core.id1 -Dosgi.bundles.defaultStartLevel=4 -Declipse.product=org.eclipse.jdt.ls.core.product -Djava.import.generatesMetadataFilesAtProjectRoot=false -DDetectVMInstallationsJob.disabled=true -Dfile.encoding=utf8 -XX:+UseParallelGC -XX:GCTimeRatio=4 -XX:AdaptiveSizePolicyWeight=90 -Dsun.zip.disableMemoryMapping=true -Xmx2G -Xms100m -Xlog:disable -javaagent:c:\Users\PC\.vscode\extensions\redhat.java-1.43.1-win32-x64\lombok\lombok-1.18.39-4050.jar -XX:+HeapDumpOnOutOfMemoryError -XX:HeapDumpPath=c:\Users\PC\AppData\Roaming\Code\User\workspaceStorage\009dd066dbfd86fb48ec25db317acb20\redhat.java -Daether.dependencyCollector.impl=bf c:\Users\PC\.vscode\extensions\redhat.java-1.43.1-win32-x64\server\plugins\org.eclipse.equinox.launcher_1.7.0.v20250519-0528.jar -configuration c:\Users\PC\AppData\Roaming\Code\User\globalStorage\redhat.java\1.43.1\config_win -data c:\Users\PC\AppData\Roaming\Code\User\workspaceStorage\009dd066dbfd86fb48ec25db317acb20\redhat.java\jdt_ws --pipe=\\.\pipe\lsp-87cddc95b3abe6cc0e3a7768016dbc08-sock

Host: AMD Ryzen 5 5600H with Radeon Graphics         , 12 cores, 15G,  Windows 10 , 64 bit Build 19041 (10.0.19041.5915)
Time: Tue Jul 29 12:59:25 2025 SE Asia Standard Time elapsed time: 10.811030 seconds (0d 0h 0m 10s)

---------------  T H R E A D  ---------------

Current thread (0x000001d4733ba810):  JavaThread "C2 CompilerThread0" daemon [_thread_in_native, id=9564, stack(0x000000af11a00000,0x000000af11b00000) (1024K)]


Current CompileTask:
C2:10811 7570   !   4       lombok.patcher.ScriptManager$OurClassFileTransformer::transform (473 bytes)

Stack: [0x000000af11a00000,0x000000af11b00000]
Native frames: (J=compiled Java code, j=interpreted, Vv=VM code, C=native code)
V  [jvm.dll+0x6ce119]
V  [jvm.dll+0x8a84a1]
V  [jvm.dll+0x8aa9ce]
V  [jvm.dll+0x8ab0b3]
V  [jvm.dll+0x27f8a6]
V  [jvm.dll+0xc507d]
V  [jvm.dll+0xc55b3]
V  [jvm.dll+0x3b68f2]
V  [jvm.dll+0x1e0029]
V  [jvm.dll+0x247c42]
V  [jvm.dll+0x2470cf]
V  [jvm.dll+0x1c760e]
V  [jvm.dll+0x25695a]
V  [jvm.dll+0x254efa]
V  [jvm.dll+0x3f03f6]
V  [jvm.dll+0x851f6b]
V  [jvm.dll+0x6cc7dd]
C  [ucrtbase.dll+0x21bb2]
C  [KERNEL32.DLL+0x17374]
C  [ntdll.dll+0x4cc91]


---------------  P R O C E S S  ---------------

Threads class SMR info:
_java_thread_list=0x000001d47c30a370, length=44, elements={
0x000001d41ac18f90, 0x000001d41ab400c0, 0x000001d41ab43930, 0x000001d41ab46bc0,
0x000001d41ab47ad0, 0x000001d41ab49330, 0x000001d41ab4d910, 0x000001d4733ba810,
0x000001d4733d43d0, 0x000001d4734b1e50, 0x000001d4736e2c60, 0x000001d4795a17e0,
0x000001d4799fc6e0, 0x000001d479a087e0, 0x000001d479a042c0, 0x000001d479ab8260,
0x000001d4799ad6f0, 0x000001d479a6cbc0, 0x000001d479b82d00, 0x000001d47a228dd0,
0x000001d47a229460, 0x000001d47a5f73a0, 0x000001d47a92bf40, 0x000001d47a229af0,
0x000001d47a22a180, 0x000001d47be2ba40, 0x000001d47be2ad20, 0x000001d47be2e830,
0x000001d47be2a000, 0x000001d47be30270, 0x000001d47be2c0d0, 0x000001d47be2cdf0,
0x000001d47be2d480, 0x000001d47be2f550, 0x000001d47be2db10, 0x000001d47be292e0,
0x000001d47be2c760, 0x000001d47be2fbe0, 0x000001d47be2eec0, 0x000001d47be2e1a0,
0x000001d47be30900, 0x000001d47be29970, 0x000001d47be2a690, 0x000001d47be2b3b0
}

Java Threads: ( => current thread )
  0x000001d41ac18f90 JavaThread "main"                              [_thread_blocked, id=20100, stack(0x000000af11000000,0x000000af11100000) (1024K)]
  0x000001d41ab400c0 JavaThread "Reference Handler"          daemon [_thread_blocked, id=21604, stack(0x000000af11400000,0x000000af11500000) (1024K)]
  0x000001d41ab43930 JavaThread "Finalizer"                  daemon [_thread_blocked, id=15888, stack(0x000000af11500000,0x000000af11600000) (1024K)]
  0x000001d41ab46bc0 JavaThread "Signal Dispatcher"          daemon [_thread_blocked, id=11912, stack(0x000000af11600000,0x000000af11700000) (1024K)]
  0x000001d41ab47ad0 JavaThread "Attach Listener"            daemon [_thread_blocked, id=5112, stack(0x000000af11700000,0x000000af11800000) (1024K)]
  0x000001d41ab49330 JavaThread "Service Thread"             daemon [_thread_blocked, id=10124, stack(0x000000af11800000,0x000000af11900000) (1024K)]
  0x000001d41ab4d910 JavaThread "Monitor Deflation Thread"   daemon [_thread_blocked, id=18836, stack(0x000000af11900000,0x000000af11a00000) (1024K)]
=>0x000001d4733ba810 JavaThread "C2 CompilerThread0"         daemon [_thread_in_native, id=9564, stack(0x000000af11a00000,0x000000af11b00000) (1024K)]
  0x000001d4733d43d0 JavaThread "C1 CompilerThread0"         daemon [_thread_blocked, id=5884, stack(0x000000af11b00000,0x000000af11c00000) (1024K)]
  0x000001d4734b1e50 JavaThread "Common-Cleaner"             daemon [_thread_blocked, id=13272, stack(0x000000af11c00000,0x000000af11d00000) (1024K)]
  0x000001d4736e2c60 JavaThread "Notification Thread"        daemon [_thread_blocked, id=14628, stack(0x000000af11e00000,0x000000af11f00000) (1024K)]
  0x000001d4795a17e0 JavaThread "Active Thread: Equinox Container: 8cc1ca79-69cd-4596-a76f-05fbe0b44b66"        [_thread_blocked, id=17752, stack(0x000000af11d00000,0x000000af11e00000) (1024K)]
  0x000001d4799fc6e0 JavaThread "Refresh Thread: Equinox Container: 8cc1ca79-69cd-4596-a76f-05fbe0b44b66" daemon [_thread_blocked, id=12332, stack(0x000000af12700000,0x000000af12800000) (1024K)]
  0x000001d479a087e0 JavaThread "Framework Event Dispatcher: Equinox Container: 8cc1ca79-69cd-4596-a76f-05fbe0b44b66" daemon [_thread_blocked, id=10336, stack(0x000000af12800000,0x000000af12900000) (1024K)]
  0x000001d479a042c0 JavaThread "Start Level: Equinox Container: 8cc1ca79-69cd-4596-a76f-05fbe0b44b66" daemon [_thread_blocked, id=17976, stack(0x000000af12900000,0x000000af12a00000) (1024K)]
  0x000001d479ab8260 JavaThread "Bundle File Closer"         daemon [_thread_blocked, id=20300, stack(0x000000af12d00000,0x000000af12e00000) (1024K)]
  0x000001d4799ad6f0 JavaThread "SCR Component Actor"        daemon [_thread_blocked, id=15552, stack(0x000000af12e00000,0x000000af12f00000) (1024K)]
  0x000001d479a6cbc0 JavaThread "Worker-JM"                         [_thread_blocked, id=16400, stack(0x000000af12500000,0x000000af12600000) (1024K)]
  0x000001d479b82d00 JavaThread "JNA Cleaner"                daemon [_thread_blocked, id=15108, stack(0x000000af12a00000,0x000000af12b00000) (1024K)]
  0x000001d47a228dd0 JavaThread "Worker-0"                          [_thread_blocked, id=11072, stack(0x000000af13000000,0x000000af13100000) (1024K)]
  0x000001d47a229460 JavaThread "Worker-1"                          [_thread_blocked, id=14424, stack(0x000000af13100000,0x000000af13200000) (1024K)]
  0x000001d47a5f73a0 JavaThread "C2 CompilerThread1"         daemon [_thread_in_native, id=20296, stack(0x000000af13200000,0x000000af13300000) (1024K)]
  0x000001d47a92bf40 JavaThread "C2 CompilerThread2"         daemon [_thread_in_native, id=19684, stack(0x000000af13300000,0x000000af13400000) (1024K)]
  0x000001d47a229af0 JavaThread "Java indexing"              daemon [_thread_in_Java, id=23052, stack(0x000000af13400000,0x000000af13500000) (1024K)]
  0x000001d47a22a180 JavaThread "Worker-2: Java indexing... "        [_thread_blocked, id=22532, stack(0x000000af13700000,0x000000af13800000) (1024K)]
  0x000001d47be2ba40 JavaThread "Worker-3"                          [_thread_blocked, id=13600, stack(0x000000af13800000,0x000000af13900000) (1024K)]
  0x000001d47be2ad20 JavaThread "Worker-4: Building"                [_thread_blocked, id=11896, stack(0x000000af13900000,0x000000af13a00000) (1024K)]
  0x000001d47be2e830 JavaThread "Thread-2"                   daemon [_thread_in_native, id=17796, stack(0x000000af13a00000,0x000000af13b00000) (1024K)]
  0x000001d47be2a000 JavaThread "Thread-3"                   daemon [_thread_in_native, id=19348, stack(0x000000af13b00000,0x000000af13c00000) (1024K)]
  0x000001d47be30270 JavaThread "Thread-4"                   daemon [_thread_in_native, id=20216, stack(0x000000af13c00000,0x000000af13d00000) (1024K)]
  0x000001d47be2c0d0 JavaThread "Thread-5"                   daemon [_thread_in_native, id=3040, stack(0x000000af13d00000,0x000000af13e00000) (1024K)]
  0x000001d47be2cdf0 JavaThread "Thread-6"                   daemon [_thread_in_native, id=8088, stack(0x000000af13e00000,0x000000af13f00000) (1024K)]
  0x000001d47be2d480 JavaThread "Thread-7"                   daemon [_thread_in_native, id=23156, stack(0x000000af13f00000,0x000000af14000000) (1024K)]
  0x000001d47be2f550 JavaThread "Thread-8"                   daemon [_thread_in_native, id=11168, stack(0x000000af14000000,0x000000af14100000) (1024K)]
  0x000001d47be2db10 JavaThread "Thread-9"                   daemon [_thread_in_native, id=15476, stack(0x000000af14100000,0x000000af14200000) (1024K)]
  0x000001d47be292e0 JavaThread "Thread-10"                  daemon [_thread_in_native, id=3084, stack(0x000000af14200000,0x000000af14300000) (1024K)]
  0x000001d47be2c760 JavaThread "Thread-11"                  daemon [_thread_in_native, id=13208, stack(0x000000af14300000,0x000000af14400000) (1024K)]
  0x000001d47be2fbe0 JavaThread "Thread-12"                  daemon [_thread_in_native, id=13720, stack(0x000000af14400000,0x000000af14500000) (1024K)]
  0x000001d47be2eec0 JavaThread "Thread-13"                  daemon [_thread_in_native, id=1716, stack(0x000000af14500000,0x000000af14600000) (1024K)]
  0x000001d47be2e1a0 JavaThread "Thread-14"                  daemon [_thread_in_native, id=13684, stack(0x000000af14600000,0x000000af14700000) (1024K)]
  0x000001d47be30900 JavaThread "pool-2-thread-1"                   [_thread_blocked, id=22020, stack(0x000000af14700000,0x000000af14800000) (1024K)]
  0x000001d47be29970 JavaThread "WorkspaceEventsHandler"            [_thread_blocked, id=12752, stack(0x000000af14800000,0x000000af14900000) (1024K)]
  0x000001d47be2a690 JavaThread "pool-1-thread-1"                   [_thread_blocked, id=8380, stack(0x000000af14900000,0x000000af14a00000) (1024K)]
  0x000001d47be2b3b0 JavaThread "Worker-5"                          [_thread_blocked, id=21180, stack(0x000000af14a00000,0x000000af14b00000) (1024K)]
Total: 44

Other Threads:
  0x000001d4733b4900 VMThread "VM Thread"                           [id=13792, stack(0x000000af11300000,0x000000af11400000) (1024K)] _threads_hazard_ptr=0x000001d47c30a370
  0x000001d41aa6cc70 WatcherThread "VM Periodic Task Thread"        [id=1876, stack(0x000000af11200000,0x000000af11300000) (1024K)]
  0x000001d41ac35910 WorkerThread "GC Thread#0"                     [id=20636, stack(0x000000af11100000,0x000000af11200000) (1024K)]
  0x000001d4793fa000 WorkerThread "GC Thread#1"                     [id=1480, stack(0x000000af11f00000,0x000000af12000000) (1024K)]
  0x000001d47951dca0 WorkerThread "GC Thread#2"                     [id=5840, stack(0x000000af12000000,0x000000af12100000) (1024K)]
  0x000001d47951e040 WorkerThread "GC Thread#3"                     [id=12116, stack(0x000000af12100000,0x000000af12200000) (1024K)]
  0x000001d479283310 WorkerThread "GC Thread#4"                     [id=11104, stack(0x000000af12200000,0x000000af12300000) (1024K)]
  0x000001d479285100 WorkerThread "GC Thread#5"                     [id=17228, stack(0x000000af12300000,0x000000af12400000) (1024K)]
  0x000001d479285cb0 WorkerThread "GC Thread#6"                     [id=11236, stack(0x000000af12400000,0x000000af12500000) (1024K)]
  0x000001d479750470 WorkerThread "GC Thread#7"                     [id=5944, stack(0x000000af12600000,0x000000af12700000) (1024K)]
  0x000001d479dd4290 WorkerThread "GC Thread#8"                     [id=17472, stack(0x000000af12b00000,0x000000af12c00000) (1024K)]
  0x000001d479c2e750 WorkerThread "GC Thread#9"                     [id=13344, stack(0x000000af12c00000,0x000000af12d00000) (1024K)]
Total: 12

Threads with active compile tasks:
C2 CompilerThread0  10853 7570   !   4       lombok.patcher.ScriptManager$OurClassFileTransformer::transform (473 bytes)
C2 CompilerThread1  10853 7600 %     4       org.eclipse.jdt.core.compiler.CharOperation::concatWithAll @ 29 (105 bytes)
C2 CompilerThread2  10853 7628 %     4       org.eclipse.core.internal.dtree.DeltaDataTree::getData @ 39 (135 bytes)
Total: 3

VM state: not at safepoint (normal execution)

VM Mutex/Monitor currently owned by a thread: None

Heap address: 0x0000000080000000, size: 2048 MB, Compressed Oops mode: 32-bit

CDS archive(s) mapped at: [0x000001d432000000-0x000001d432ba0000-0x000001d432ba0000), size 12189696, SharedBaseAddress: 0x000001d432000000, ArchiveRelocationMode: 1.
Compressed class space mapped at: 0x000001d433000000-0x000001d473000000, reserved size: 1073741824
Narrow klass base: 0x000001d432000000, Narrow klass shift: 0, Narrow klass range: 0x100000000

GC Precious Log:
 CardTable entry size: 512
 CPUs: 12 total, 12 available
 Memory: 15752M
 Large Page Support: Disabled
 NUMA Support: Disabled
 Compressed Oops: Enabled (32-bit)
 Alignments: Space 512K, Generation 512K, Heap 2M
 Heap Min Capacity: 100M
 Heap Initial Capacity: 100M
 Heap Max Capacity: 2G
 Pre-touch: Disabled
 Parallel Workers: 10

Heap:
 PSYoungGen      total 19456K, used 11058K [0x00000000d5580000, 0x00000000d6b80000, 0x0000000100000000)
  eden space 17408K, 52% used [0x00000000d5580000,0x00000000d5e75220,0x00000000d6680000)
  from space 2048K, 92% used [0x00000000d6980000,0x00000000d6b57780,0x00000000d6b80000)
  to   space 2048K, 0% used [0x00000000d6780000,0x00000000d6780000,0x00000000d6980000)
 ParOldGen       total 68608K, used 48667K [0x0000000080000000, 0x0000000084300000, 0x00000000d5580000)
  object space 68608K, 70% used [0x0000000080000000,0x0000000082f86f00,0x0000000084300000)
 Metaspace       used 50965K, committed 52224K, reserved 1114112K
  class space    used 5390K, committed 5952K, reserved 1048576K

Card table byte_map: [0x000001d41a540000,0x000001d41a950000] _byte_map_base: 0x000001d41a140000

Marking Bits: (ParMarkBitMap*) 0x00007ff95f7d31f0
 Begin Bits: [0x000001d42d040000, 0x000001d42f040000)
 End Bits:   [0x000001d42f040000, 0x000001d431040000)

Polling page: 0x000001d4186b0000

Metaspace:

Usage:
  Non-class:     44.51 MB used.
      Class:      5.26 MB used.
       Both:     49.77 MB used.

Virtual space:
  Non-class space:       64.00 MB reserved,      45.19 MB ( 71%) committed,  1 nodes.
      Class space:        1.00 GB reserved,       5.81 MB ( <1%) committed,  1 nodes.
             Both:        1.06 GB reserved,      51.00 MB (  5%) committed. 

Chunk freelists:
   Non-Class:  2.38 MB
       Class:  10.19 MB
        Both:  12.57 MB

MaxMetaspaceSize: unlimited
CompressedClassSpaceSize: 1.00 GB
Initial GC threshold: 21.00 MB
Current GC threshold: 58.38 MB
CDS: on
 - commit_granule_bytes: 65536.
 - commit_granule_words: 8192.
 - virtual_space_node_default_size: 8388608.
 - enlarge_chunks_in_place: 1.
 - use_allocation_guard: 0.


Internal statistics:

num_allocs_failed_limit: 6.
num_arena_births: 1028.
num_arena_deaths: 14.
num_vsnodes_births: 2.
num_vsnodes_deaths: 0.
num_space_committed: 816.
num_space_uncommitted: 0.
num_chunks_returned_to_freelist: 20.
num_chunks_taken_from_freelist: 3401.
num_chunk_merges: 10.
num_chunk_splits: 2079.
num_chunks_enlarged: 1162.
num_inconsistent_stats: 0.

CodeHeap 'non-profiled nmethods': size=120000Kb used=3749Kb max_used=3749Kb free=116250Kb
 bounds [0x000001d425860000, 0x000001d425c10000, 0x000001d42cd90000]
CodeHeap 'profiled nmethods': size=120000Kb used=14077Kb max_used=14077Kb free=105922Kb
 bounds [0x000001d41dd90000, 0x000001d41eb50000, 0x000001d4252c0000]
CodeHeap 'non-nmethods': size=5760Kb used=1391Kb max_used=1468Kb free=4368Kb
 bounds [0x000001d4252c0000, 0x000001d425530000, 0x000001d425860000]
 total_blobs=7702 nmethods=7005 adapters=603
 compilation: enabled
              stopped_count=0, restarted_count=0
 full_count=0

Compilation events (20 events):
Event: 10.799 Thread 0x000001d4733d43d0 nmethod 7587 0x000001d41eb34a10 code [0x000001d41eb34c00, 0x000001d41eb35280]
Event: 10.799 Thread 0x000001d4733d43d0 7589       3       com.sun.org.apache.xerces.internal.dom.ElementImpl::getAttribute (49 bytes)
Event: 10.799 Thread 0x000001d4733d43d0 nmethod 7589 0x000001d41eb35510 code [0x000001d41eb35740, 0x000001d41eb360a0]
Event: 10.799 Thread 0x000001d4733d43d0 7588       3       com.sun.org.apache.xerces.internal.dom.NodeImpl::isIdAttribute (29 bytes)
Event: 10.799 Thread 0x000001d4733d43d0 nmethod 7588 0x000001d41eb36290 code [0x000001d41eb36420, 0x000001d41eb36588]
Event: 10.799 Thread 0x000001d4733d43d0 7590       3       com.sun.org.apache.xerces.internal.dom.ParentNode::hasChildNodes (24 bytes)
Event: 10.800 Thread 0x000001d4733d43d0 nmethod 7590 0x000001d41eb36610 code [0x000001d41eb367c0, 0x000001d41eb36ad0]
Event: 10.800 Thread 0x000001d4733d43d0 7591       1       org.eclipse.jdt.apt.core.internal.util.FactoryPath$Attributes::isEnabled (5 bytes)
Event: 10.800 Thread 0x000001d4733d43d0 nmethod 7591 0x000001d425c00990 code [0x000001d425c00b20, 0x000001d425c00bf0]
Event: 10.800 Thread 0x000001d4733d43d0 7584       3       com.sun.org.apache.xerces.internal.dom.DeferredDocumentImpl::createDeferredTextNode (57 bytes)
Event: 10.800 Thread 0x000001d4733d43d0 nmethod 7584 0x000001d41eb36b90 code [0x000001d41eb36d60, 0x000001d41eb36ff0]
Event: 10.801 Thread 0x000001d47a92bf40 nmethod 7581 0x000001d425c00c90 code [0x000001d425c00e20, 0x000001d425c01098]
Event: 10.801 Thread 0x000001d47a92bf40 7592 %     4       java.net.URI$Parser::scan @ 3 (41 bytes)
Event: 10.806 Thread 0x000001d47a92bf40 nmethod 7592% 0x000001d425c01190 code [0x000001d425c01360, 0x000001d425c01810]
Event: 10.806 Thread 0x000001d47a92bf40 7593       4       java.net.URI::quote (214 bytes)
Event: 10.808 Thread 0x000001d47a5f73a0 nmethod 7585 0x000001d425c01c10 code [0x000001d425c01e00, 0x000001d425c023b8]
Event: 10.808 Thread 0x000001d47a5f73a0 7595       4       java.net.URI$Parser::scan (41 bytes)
Event: 10.808 Thread 0x000001d4733d43d0 7596       3       java.net.URI::isOpaque (13 bytes)
Event: 10.809 Thread 0x000001d4733d43d0 nmethod 7596 0x000001d41eb37110 code [0x000001d41eb372a0, 0x000001d41eb37400]
Event: 10.809 Thread 0x000001d4733d43d0 7597       3       com.google.gson.reflect.TypeToken::<init> (41 bytes)

GC Heap History (20 events):
Event: 9.388 GC heap before
{Heap before GC invocations=23 (full 2):
 PSYoungGen      total 24576K, used 24357K [0x00000000d5580000, 0x00000000d7180000, 0x0000000100000000)
  eden space 22016K, 100% used [0x00000000d5580000,0x00000000d6b00000,0x00000000d6b00000)
  from space 2560K, 91% used [0x00000000d6f00000,0x00000000d7149540,0x00000000d7180000)
  to   space 3072K, 0% used [0x00000000d6b80000,0x00000000d6b80000,0x00000000d6e80000)
 ParOldGen       total 68608K, used 28351K [0x0000000080000000, 0x0000000084300000, 0x00000000d5580000)
  object space 68608K, 41% used [0x0000000080000000,0x0000000081bafd48,0x0000000084300000)
 Metaspace       used 43265K, committed 44608K, reserved 1114112K
  class space    used 4538K, committed 5120K, reserved 1048576K
}
Event: 9.391 GC heap after
{Heap after GC invocations=23 (full 2):
 PSYoungGen      total 25088K, used 2647K [0x00000000d5580000, 0x00000000d7100000, 0x0000000100000000)
  eden space 22016K, 0% used [0x00000000d5580000,0x00000000d5580000,0x00000000d6b00000)
  from space 3072K, 86% used [0x00000000d6b80000,0x00000000d6e15e00,0x00000000d6e80000)
  to   space 2560K, 0% used [0x00000000d6e80000,0x00000000d6e80000,0x00000000d7100000)
 ParOldGen       total 68608K, used 30202K [0x0000000080000000, 0x0000000084300000, 0x00000000d5580000)
  object space 68608K, 44% used [0x0000000080000000,0x0000000081d7ea30,0x0000000084300000)
 Metaspace       used 43265K, committed 44608K, reserved 1114112K
  class space    used 4538K, committed 5120K, reserved 1048576K
}
Event: 9.474 GC heap before
{Heap before GC invocations=24 (full 2):
 PSYoungGen      total 25088K, used 24663K [0x00000000d5580000, 0x00000000d7100000, 0x0000000100000000)
  eden space 22016K, 100% used [0x00000000d5580000,0x00000000d6b00000,0x00000000d6b00000)
  from space 3072K, 86% used [0x00000000d6b80000,0x00000000d6e15e00,0x00000000d6e80000)
  to   space 2560K, 0% used [0x00000000d6e80000,0x00000000d6e80000,0x00000000d7100000)
 ParOldGen       total 68608K, used 30202K [0x0000000080000000, 0x0000000084300000, 0x00000000d5580000)
  object space 68608K, 44% used [0x0000000080000000,0x0000000081d7ea30,0x0000000084300000)
 Metaspace       used 43810K, committed 45120K, reserved 1114112K
  class space    used 4599K, committed 5184K, reserved 1048576K
}
Event: 9.478 GC heap after
{Heap after GC invocations=24 (full 2):
 PSYoungGen      total 24576K, used 2340K [0x00000000d5580000, 0x00000000d7100000, 0x0000000100000000)
  eden space 22016K, 0% used [0x00000000d5580000,0x00000000d5580000,0x00000000d6b00000)
  from space 2560K, 91% used [0x00000000d6e80000,0x00000000d70c9000,0x00000000d7100000)
  to   space 2560K, 0% used [0x00000000d6c00000,0x00000000d6c00000,0x00000000d6e80000)
 ParOldGen       total 68608K, used 32432K [0x0000000080000000, 0x0000000084300000, 0x00000000d5580000)
  object space 68608K, 47% used [0x0000000080000000,0x0000000081fac0f0,0x0000000084300000)
 Metaspace       used 43810K, committed 45120K, reserved 1114112K
  class space    used 4599K, committed 5184K, reserved 1048576K
}
Event: 9.581 GC heap before
{Heap before GC invocations=25 (full 2):
 PSYoungGen      total 24576K, used 24356K [0x00000000d5580000, 0x00000000d7100000, 0x0000000100000000)
  eden space 22016K, 100% used [0x00000000d5580000,0x00000000d6b00000,0x00000000d6b00000)
  from space 2560K, 91% used [0x00000000d6e80000,0x00000000d70c9000,0x00000000d7100000)
  to   space 2560K, 0% used [0x00000000d6c00000,0x00000000d6c00000,0x00000000d6e80000)
 ParOldGen       total 68608K, used 32432K [0x0000000080000000, 0x0000000084300000, 0x00000000d5580000)
  object space 68608K, 47% used [0x0000000080000000,0x0000000081fac0f0,0x0000000084300000)
 Metaspace       used 44660K, committed 45952K, reserved 1114112K
  class space    used 4696K, committed 5248K, reserved 1048576K
}
Event: 9.585 GC heap after
{Heap after GC invocations=25 (full 2):
 PSYoungGen      total 24064K, used 2016K [0x00000000d5580000, 0x00000000d7000000, 0x0000000100000000)
  eden space 22016K, 0% used [0x00000000d5580000,0x00000000d5580000,0x00000000d6b00000)
  from space 2048K, 98% used [0x00000000d6c00000,0x00000000d6df8000,0x00000000d6e00000)
  to   space 2048K, 0% used [0x00000000d6e00000,0x00000000d6e00000,0x00000000d7000000)
 ParOldGen       total 68608K, used 34652K [0x0000000080000000, 0x0000000084300000, 0x00000000d5580000)
  object space 68608K, 50% used [0x0000000080000000,0x00000000821d7200,0x0000000084300000)
 Metaspace       used 44660K, committed 45952K, reserved 1114112K
  class space    used 4696K, committed 5248K, reserved 1048576K
}
Event: 9.683 GC heap before
{Heap before GC invocations=26 (full 2):
 PSYoungGen      total 24064K, used 24032K [0x00000000d5580000, 0x00000000d7000000, 0x0000000100000000)
  eden space 22016K, 100% used [0x00000000d5580000,0x00000000d6b00000,0x00000000d6b00000)
  from space 2048K, 98% used [0x00000000d6c00000,0x00000000d6df8000,0x00000000d6e00000)
  to   space 2048K, 0% used [0x00000000d6e00000,0x00000000d6e00000,0x00000000d7000000)
 ParOldGen       total 68608K, used 34652K [0x0000000080000000, 0x0000000084300000, 0x00000000d5580000)
  object space 68608K, 50% used [0x0000000080000000,0x00000000821d7200,0x0000000084300000)
 Metaspace       used 45012K, committed 46272K, reserved 1114112K
  class space    used 4742K, committed 5312K, reserved 1048576K
}
Event: 9.686 GC heap after
{Heap after GC invocations=26 (full 2):
 PSYoungGen      total 22016K, used 2024K [0x00000000d5580000, 0x00000000d7500000, 0x0000000100000000)
  eden space 19968K, 0% used [0x00000000d5580000,0x00000000d5580000,0x00000000d6900000)
  from space 2048K, 98% used [0x00000000d6e00000,0x00000000d6ffa2e0,0x00000000d7000000)
  to   space 5120K, 0% used [0x00000000d6900000,0x00000000d6900000,0x00000000d6e00000)
 ParOldGen       total 68608K, used 37009K [0x0000000080000000, 0x0000000084300000, 0x00000000d5580000)
  object space 68608K, 53% used [0x0000000080000000,0x0000000082424448,0x0000000084300000)
 Metaspace       used 45012K, committed 46272K, reserved 1114112K
  class space    used 4742K, committed 5312K, reserved 1048576K
}
Event: 9.839 GC heap before
{Heap before GC invocations=27 (full 2):
 PSYoungGen      total 22016K, used 21992K [0x00000000d5580000, 0x00000000d7500000, 0x0000000100000000)
  eden space 19968K, 99% used [0x00000000d5580000,0x00000000d68fffe0,0x00000000d6900000)
  from space 2048K, 98% used [0x00000000d6e00000,0x00000000d6ffa2e0,0x00000000d7000000)
  to   space 5120K, 0% used [0x00000000d6900000,0x00000000d6900000,0x00000000d6e00000)
 ParOldGen       total 68608K, used 37009K [0x0000000080000000, 0x0000000084300000, 0x00000000d5580000)
  object space 68608K, 53% used [0x0000000080000000,0x0000000082424448,0x0000000084300000)
 Metaspace       used 45829K, committed 47168K, reserved 1114112K
  class space    used 4844K, committed 5440K, reserved 1048576K
}
Event: 9.843 GC heap after
{Heap after GC invocations=27 (full 2):
 PSYoungGen      total 23040K, used 2941K [0x00000000d5580000, 0x00000000d7000000, 0x0000000100000000)
  eden space 19968K, 0% used [0x00000000d5580000,0x00000000d5580000,0x00000000d6900000)
  from space 3072K, 95% used [0x00000000d6900000,0x00000000d6bdf5f8,0x00000000d6c00000)
  to   space 3584K, 0% used [0x00000000d6c80000,0x00000000d6c80000,0x00000000d7000000)
 ParOldGen       total 68608K, used 39030K [0x0000000080000000, 0x0000000084300000, 0x00000000d5580000)
  object space 68608K, 56% used [0x0000000080000000,0x000000008261db50,0x0000000084300000)
 Metaspace       used 45829K, committed 47168K, reserved 1114112K
  class space    used 4844K, committed 5440K, reserved 1048576K
}
Event: 9.915 GC heap before
{Heap before GC invocations=28 (full 2):
 PSYoungGen      total 23040K, used 22909K [0x00000000d5580000, 0x00000000d7000000, 0x0000000100000000)
  eden space 19968K, 100% used [0x00000000d5580000,0x00000000d6900000,0x00000000d6900000)
  from space 3072K, 95% used [0x00000000d6900000,0x00000000d6bdf5f8,0x00000000d6c00000)
  to   space 3584K, 0% used [0x00000000d6c80000,0x00000000d6c80000,0x00000000d7000000)
 ParOldGen       total 68608K, used 39030K [0x0000000080000000, 0x0000000084300000, 0x00000000d5580000)
  object space 68608K, 56% used [0x0000000080000000,0x000000008261db50,0x0000000084300000)
 Metaspace       used 46770K, committed 48128K, reserved 1114112K
  class space    used 4957K, committed 5568K, reserved 1048576K
}
Event: 9.918 GC heap after
{Heap after GC invocations=28 (full 2):
 PSYoungGen      total 22016K, used 1541K [0x00000000d5580000, 0x00000000d6e80000, 0x0000000100000000)
  eden space 19968K, 0% used [0x00000000d5580000,0x00000000d5580000,0x00000000d6900000)
  from space 2048K, 75% used [0x00000000d6c80000,0x00000000d6e01700,0x00000000d6e80000)
  to   space 2560K, 0% used [0x00000000d6980000,0x00000000d6980000,0x00000000d6c00000)
 ParOldGen       total 68608K, used 41747K [0x0000000080000000, 0x0000000084300000, 0x00000000d5580000)
  object space 68608K, 60% used [0x0000000080000000,0x00000000828c4f70,0x0000000084300000)
 Metaspace       used 46770K, committed 48128K, reserved 1114112K
  class space    used 4957K, committed 5568K, reserved 1048576K
}
Event: 9.970 GC heap before
{Heap before GC invocations=29 (full 2):
 PSYoungGen      total 22016K, used 21508K [0x00000000d5580000, 0x00000000d6e80000, 0x0000000100000000)
  eden space 19968K, 99% used [0x00000000d5580000,0x00000000d68ffb98,0x00000000d6900000)
  from space 2048K, 75% used [0x00000000d6c80000,0x00000000d6e01700,0x00000000d6e80000)
  to   space 2560K, 0% used [0x00000000d6980000,0x00000000d6980000,0x00000000d6c00000)
 ParOldGen       total 68608K, used 41747K [0x0000000080000000, 0x0000000084300000, 0x00000000d5580000)
  object space 68608K, 60% used [0x0000000080000000,0x00000000828c4f70,0x0000000084300000)
 Metaspace       used 47128K, committed 48448K, reserved 1114112K
  class space    used 4995K, committed 5632K, reserved 1048576K
}
Event: 9.972 GC heap after
{Heap after GC invocations=29 (full 2):
 PSYoungGen      total 22016K, used 1810K [0x00000000d5580000, 0x00000000d6d00000, 0x0000000100000000)
  eden space 19968K, 0% used [0x00000000d5580000,0x00000000d5580000,0x00000000d6900000)
  from space 2048K, 88% used [0x00000000d6980000,0x00000000d6b44a20,0x00000000d6b80000)
  to   space 1536K, 0% used [0x00000000d6b80000,0x00000000d6b80000,0x00000000d6d00000)
 ParOldGen       total 68608K, used 43037K [0x0000000080000000, 0x0000000084300000, 0x00000000d5580000)
  object space 68608K, 62% used [0x0000000080000000,0x0000000082a07690,0x0000000084300000)
 Metaspace       used 47128K, committed 48448K, reserved 1114112K
  class space    used 4995K, committed 5632K, reserved 1048576K
}
Event: 10.087 GC heap before
{Heap before GC invocations=30 (full 2):
 PSYoungGen      total 22016K, used 21778K [0x00000000d5580000, 0x00000000d6d00000, 0x0000000100000000)
  eden space 19968K, 100% used [0x00000000d5580000,0x00000000d6900000,0x00000000d6900000)
  from space 2048K, 88% used [0x00000000d6980000,0x00000000d6b44a20,0x00000000d6b80000)
  to   space 1536K, 0% used [0x00000000d6b80000,0x00000000d6b80000,0x00000000d6d00000)
 ParOldGen       total 68608K, used 43037K [0x0000000080000000, 0x0000000084300000, 0x00000000d5580000)
  object space 68608K, 62% used [0x0000000080000000,0x0000000082a07690,0x0000000084300000)
 Metaspace       used 47830K, committed 49152K, reserved 1114112K
  class space    used 5084K, committed 5696K, reserved 1048576K
}
Event: 10.090 GC heap after
{Heap after GC invocations=30 (full 2):
 PSYoungGen      total 18944K, used 1533K [0x00000000d5580000, 0x00000000d7300000, 0x0000000100000000)
  eden space 17408K, 0% used [0x00000000d5580000,0x00000000d5580000,0x00000000d6680000)
  from space 1536K, 99% used [0x00000000d6b80000,0x00000000d6cff608,0x00000000d6d00000)
  to   space 5120K, 0% used [0x00000000d6680000,0x00000000d6680000,0x00000000d6b80000)
 ParOldGen       total 68608K, used 45964K [0x0000000080000000, 0x0000000084300000, 0x00000000d5580000)
  object space 68608K, 66% used [0x0000000080000000,0x0000000082ce3170,0x0000000084300000)
 Metaspace       used 47830K, committed 49152K, reserved 1114112K
  class space    used 5084K, committed 5696K, reserved 1048576K
}
Event: 10.236 GC heap before
{Heap before GC invocations=31 (full 2):
 PSYoungGen      total 18944K, used 18941K [0x00000000d5580000, 0x00000000d7300000, 0x0000000100000000)
  eden space 17408K, 100% used [0x00000000d5580000,0x00000000d6680000,0x00000000d6680000)
  from space 1536K, 99% used [0x00000000d6b80000,0x00000000d6cff608,0x00000000d6d00000)
  to   space 5120K, 0% used [0x00000000d6680000,0x00000000d6680000,0x00000000d6b80000)
 ParOldGen       total 68608K, used 45964K [0x0000000080000000, 0x0000000084300000, 0x00000000d5580000)
  object space 68608K, 66% used [0x0000000080000000,0x0000000082ce3170,0x0000000084300000)
 Metaspace       used 48430K, committed 49728K, reserved 1114112K
  class space    used 5151K, committed 5760K, reserved 1048576K
}
Event: 10.238 GC heap after
{Heap after GC invocations=31 (full 2):
 PSYoungGen      total 18944K, used 1310K [0x00000000d5580000, 0x00000000d6c00000, 0x0000000100000000)
  eden space 17408K, 0% used [0x00000000d5580000,0x00000000d5580000,0x00000000d6680000)
  from space 1536K, 85% used [0x00000000d6680000,0x00000000d67c7828,0x00000000d6800000)
  to   space 2560K, 0% used [0x00000000d6980000,0x00000000d6980000,0x00000000d6c00000)
 ParOldGen       total 68608K, used 47488K [0x0000000080000000, 0x0000000084300000, 0x00000000d5580000)
  object space 68608K, 69% used [0x0000000080000000,0x0000000082e60318,0x0000000084300000)
 Metaspace       used 48430K, committed 49728K, reserved 1114112K
  class space    used 5151K, committed 5760K, reserved 1048576K
}
Event: 10.595 GC heap before
{Heap before GC invocations=32 (full 2):
 PSYoungGen      total 18944K, used 18708K [0x00000000d5580000, 0x00000000d6c00000, 0x0000000100000000)
  eden space 17408K, 99% used [0x00000000d5580000,0x00000000d667daa8,0x00000000d6680000)
  from space 1536K, 85% used [0x00000000d6680000,0x00000000d67c7828,0x00000000d6800000)
  to   space 2560K, 0% used [0x00000000d6980000,0x00000000d6980000,0x00000000d6c00000)
 ParOldGen       total 68608K, used 47488K [0x0000000080000000, 0x0000000084300000, 0x00000000d5580000)
  object space 68608K, 69% used [0x0000000080000000,0x0000000082e60318,0x0000000084300000)
 Metaspace       used 50383K, committed 51712K, reserved 1114112K
  class space    used 5332K, committed 5952K, reserved 1048576K
}
Event: 10.598 GC heap after
{Heap after GC invocations=32 (full 2):
 PSYoungGen      total 19456K, used 1885K [0x00000000d5580000, 0x00000000d6b80000, 0x0000000100000000)
  eden space 17408K, 0% used [0x00000000d5580000,0x00000000d5580000,0x00000000d6680000)
  from space 2048K, 92% used [0x00000000d6980000,0x00000000d6b57780,0x00000000d6b80000)
  to   space 2048K, 0% used [0x00000000d6780000,0x00000000d6780000,0x00000000d6980000)
 ParOldGen       total 68608K, used 48667K [0x0000000080000000, 0x0000000084300000, 0x00000000d5580000)
  object space 68608K, 70% used [0x0000000080000000,0x0000000082f86f00,0x0000000084300000)
 Metaspace       used 50383K, committed 51712K, reserved 1114112K
  class space    used 5332K, committed 5952K, reserved 1048576K
}

Dll operation events (10 events):
Event: 0.017 Loaded shared library c:\Users\PC\.vscode\extensions\redhat.java-1.43.1-win32-x64\jre\21.0.7-win32-x86_64\bin\java.dll
Event: 0.149 Loaded shared library c:\Users\PC\.vscode\extensions\redhat.java-1.43.1-win32-x64\jre\21.0.7-win32-x86_64\bin\zip.dll
Event: 0.180 Loaded shared library C:\Users\PC\.vscode\extensions\redhat.java-1.43.1-win32-x64\jre\21.0.7-win32-x86_64\bin\instrument.dll
Event: 0.185 Loaded shared library C:\Users\PC\.vscode\extensions\redhat.java-1.43.1-win32-x64\jre\21.0.7-win32-x86_64\bin\net.dll
Event: 0.188 Loaded shared library C:\Users\PC\.vscode\extensions\redhat.java-1.43.1-win32-x64\jre\21.0.7-win32-x86_64\bin\nio.dll
Event: 0.192 Loaded shared library C:\Users\PC\.vscode\extensions\redhat.java-1.43.1-win32-x64\jre\21.0.7-win32-x86_64\bin\zip.dll
Event: 0.227 Loaded shared library C:\Users\PC\.vscode\extensions\redhat.java-1.43.1-win32-x64\jre\21.0.7-win32-x86_64\bin\jimage.dll
Event: 0.339 Loaded shared library c:\Users\PC\.vscode\extensions\redhat.java-1.43.1-win32-x64\jre\21.0.7-win32-x86_64\bin\verify.dll
Event: 2.053 Loaded shared library C:\Users\PC\AppData\Roaming\Code\User\globalStorage\redhat.java\1.43.1\config_win\org.eclipse.equinox.launcher\org.eclipse.equinox.launcher.win32.win32.x86_64_1.2.1300.v20250331-1702\eclipse_11911.dll
Event: 4.115 Loaded shared library C:\Users\PC\AppData\Local\Temp\jna-2547\jna6906068392514666382.dll

Deoptimization events (20 events):
Event: 10.718 Thread 0x000001d47a229af0 DEOPT PACKING pc=0x000001d41e89ef6a sp=0x000000af134fe990
Event: 10.718 Thread 0x000001d47a229af0 DEOPT UNPACKING pc=0x000001d425314242 sp=0x000000af134fde18 mode 0
Event: 10.767 Thread 0x000001d47be2ad20 DEOPT PACKING pc=0x000001d41e8b6e3c sp=0x000000af139fa660
Event: 10.767 Thread 0x000001d47be2ad20 DEOPT UNPACKING pc=0x000001d425314242 sp=0x000000af139f9b80 mode 0
Event: 10.768 Thread 0x000001d47a229af0 Uncommon trap: trap_request=0xffffff6e fr.pc=0x000001d425bf6634 relative=0x0000000000000374
Event: 10.768 Thread 0x000001d47a229af0 Uncommon trap: reason=loop_limit_check action=maybe_recompile pc=0x000001d425bf6634 method=org.eclipse.jdt.core.compiler.CharOperation.concatWithAll([[CC)[C @ 99 c2
Event: 10.768 Thread 0x000001d47a229af0 DEOPT PACKING pc=0x000001d425bf6634 sp=0x000000af134fe7e0
Event: 10.768 Thread 0x000001d47a229af0 DEOPT UNPACKING pc=0x000001d425313aa2 sp=0x000000af134fe790 mode 2
Event: 10.789 Thread 0x000001d47a229af0 Uncommon trap: trap_request=0xffffff6e fr.pc=0x000001d425bfdf34 relative=0x00000000000007f4
Event: 10.789 Thread 0x000001d47a229af0 Uncommon trap: reason=loop_limit_check action=maybe_recompile pc=0x000001d425bfdf34 method=org.eclipse.jdt.internal.core.util.SimpleWordSet.rehash()V @ 44 c2
Event: 10.789 Thread 0x000001d47a229af0 DEOPT PACKING pc=0x000001d425bfdf34 sp=0x000000af134fe710
Event: 10.789 Thread 0x000001d47a229af0 DEOPT UNPACKING pc=0x000001d425313aa2 sp=0x000000af134fe6b0 mode 2
Event: 10.803 Thread 0x000001d47be2ad20 DEOPT PACKING pc=0x000001d41dfcb27b sp=0x000000af139fde80
Event: 10.803 Thread 0x000001d47be2ad20 DEOPT UNPACKING pc=0x000001d425314242 sp=0x000000af139fd3b8 mode 0
Event: 10.807 Thread 0x000001d47be2ad20 DEOPT PACKING pc=0x000001d41de36378 sp=0x000000af139fe030
Event: 10.807 Thread 0x000001d47be2ad20 DEOPT UNPACKING pc=0x000001d425314242 sp=0x000000af139fd518 mode 0
Event: 10.807 Thread 0x000001d47be2ad20 DEOPT PACKING pc=0x000001d41dfcb27b sp=0x000000af139fe080
Event: 10.807 Thread 0x000001d47be2ad20 DEOPT UNPACKING pc=0x000001d425314242 sp=0x000000af139fd5b8 mode 0
Event: 10.808 Thread 0x000001d47be2ad20 DEOPT PACKING pc=0x000001d41de36378 sp=0x000000af139fe030
Event: 10.808 Thread 0x000001d47be2ad20 DEOPT UNPACKING pc=0x000001d425314242 sp=0x000000af139fd518 mode 0

Classes loaded (20 events):
Event: 9.538 Loading class jdk/internal/org/objectweb/asm/ClassReader
Event: 9.539 Loading class jdk/internal/org/objectweb/asm/ClassReader done
Event: 9.823 Loading class java/util/WeakHashMap$KeyIterator
Event: 9.824 Loading class java/util/WeakHashMap$KeyIterator done
Event: 9.924 Loading class java/lang/ProcessEnvironment$CheckedKeySet
Event: 9.924 Loading class java/lang/ProcessEnvironment$CheckedKeySet done
Event: 9.935 Loading class java/lang/invoke/MethodHandleImpl$CountingWrapper
Event: 9.935 Loading class java/lang/invoke/MethodHandleImpl$CountingWrapper done
Event: 10.058 Loading class sun/nio/ch/WindowsAsynchronousFileChannelImpl$WriteTask
Event: 10.058 Loading class sun/nio/ch/WindowsAsynchronousFileChannelImpl$WriteTask done
Event: 10.081 Loading class jdk/internal/math/FormattedFPDecimal
Event: 10.082 Loading class jdk/internal/math/FormattedFPDecimal done
Event: 10.122 Loading class java/util/regex/Pattern$Pos
Event: 10.122 Loading class java/util/regex/Pattern$Pos done
Event: 10.165 Loading class sun/security/provider/MD5
Event: 10.165 Loading class sun/security/provider/MD5 done
Event: 10.166 Loading class sun/security/provider/ByteArrayAccess$LE
Event: 10.166 Loading class sun/security/provider/ByteArrayAccess$LE done
Event: 10.301 Loading class java/util/ImmutableCollections$SubList
Event: 10.301 Loading class java/util/ImmutableCollections$SubList done

Classes unloaded (7 events):
Event: 4.914 Thread 0x000001d4733b4900 Unloading class 0x000001d4331a5000 'java/lang/invoke/LambdaForm$MH+0x000001d4331a5000'
Event: 4.914 Thread 0x000001d4733b4900 Unloading class 0x000001d4331a4c00 'java/lang/invoke/LambdaForm$MH+0x000001d4331a4c00'
Event: 4.914 Thread 0x000001d4733b4900 Unloading class 0x000001d4331a4800 'java/lang/invoke/LambdaForm$MH+0x000001d4331a4800'
Event: 4.914 Thread 0x000001d4733b4900 Unloading class 0x000001d4331a4400 'java/lang/invoke/LambdaForm$MH+0x000001d4331a4400'
Event: 4.914 Thread 0x000001d4733b4900 Unloading class 0x000001d4331a4000 'java/lang/invoke/LambdaForm$BMH+0x000001d4331a4000'
Event: 4.914 Thread 0x000001d4733b4900 Unloading class 0x000001d4331a3c00 'java/lang/invoke/LambdaForm$DMH+0x000001d4331a3c00'
Event: 4.914 Thread 0x000001d4733b4900 Unloading class 0x000001d4331a2800 'java/lang/invoke/LambdaForm$DMH+0x000001d4331a2800'

Classes redefined (0 events):
No events

Internal exceptions (20 events):
Event: 9.826 Thread 0x000001d47a229460 Exception <a 'java/io/FileNotFoundException'{0x00000000d65dd0f0}> (0x00000000d65dd0f0) 
thrown [s\src\hotspot\share\prims\jni.cpp, line 520]
Event: 9.891 Thread 0x000001d47be2a690 Exception <a 'java/io/FileNotFoundException'{0x00000000d640bcf8}> (0x00000000d640bcf8) 
thrown [s\src\hotspot\share\prims\jni.cpp, line 520]
Event: 9.896 Thread 0x000001d47a228dd0 Exception <a 'java/lang/NoClassDefFoundError'{0x00000000d6567760}: com/google/inject/servlet/ServletModuleTargetVisitor> (0x00000000d6567760) 
thrown [s\src\hotspot\share\classfile\systemDictionary.cpp, line 301]
Event: 9.934 Thread 0x000001d47be2a690 Exception <a 'java/lang/NoSuchMethodError'{0x00000000d58d0af0}: 'java.lang.Object java.lang.invoke.DirectMethodHandle$Holder.invokeStatic(java.lang.Object, int, java.lang.Object, java.lang.Object)'> (0x00000000d58d0af0) 
thrown [s\src\hotspot\share\interpreter\linkResolver.cpp, line 773]
Event: 9.934 Thread 0x000001d47be2a690 Exception <a 'java/lang/NoSuchMethodError'{0x00000000d58f0828}: 'java.lang.Object java.lang.invoke.DelegatingMethodHandle$Holder.delegate(java.lang.Object, int, java.lang.Object, java.lang.Object)'> (0x00000000d58f0828) 
thrown [s\src\hotspot\share\interpreter\linkResolver.cpp, line 773]
Event: 9.935 Thread 0x000001d47be2a690 Implicit null exception at 0x000001d425b81ef6 to 0x000001d425b8222c
Event: 9.937 Thread 0x000001d47be2a690 Exception <a 'java/lang/NoSuchMethodError'{0x00000000d597c4e8}: 'int java.lang.invoke.Invokers$Holder.linkToTargetMethod(java.lang.Object, java.lang.Object, java.lang.Object)'> (0x00000000d597c4e8) 
thrown [s\src\hotspot\share\interpreter\linkResolver.cpp, line 773]
Event: 10.077 Thread 0x000001d47be2ad20 Exception <a 'java/lang/NoSuchMethodError'{0x00000000d67deed0}: 'int java.lang.invoke.DirectMethodHandle$Holder.invokeSpecialIFC(java.lang.Object, java.lang.Object, java.lang.Object, java.lang.Object)'> (0x00000000d67deed0) 
thrown [s\src\hotspot\share\interpreter\linkResolver.cpp, line 773]
Event: 10.090 Thread 0x000001d47a228dd0 Implicit null exception at 0x000001d425a39f02 to 0x000001d425a39ffc
Event: 10.108 Thread 0x000001d47be2ad20 Exception <a 'sun/nio/fs/WindowsException'{0x00000000d5885630}> (0x00000000d5885630) 
thrown [s\src\hotspot\share\prims\jni.cpp, line 520]
Event: 10.108 Thread 0x000001d47be2ad20 Exception <a 'sun/nio/fs/WindowsException'{0x00000000d5885c60}> (0x00000000d5885c60) 
thrown [s\src\hotspot\share\prims\jni.cpp, line 520]
Event: 10.201 Thread 0x000001d47be2ad20 Exception <a 'sun/nio/fs/WindowsException'{0x00000000d630dc08}> (0x00000000d630dc08) 
thrown [s\src\hotspot\share\prims\jni.cpp, line 520]
Event: 10.201 Thread 0x000001d47be2ad20 Exception <a 'sun/nio/fs/WindowsException'{0x00000000d630e4e8}> (0x00000000d630e4e8) 
thrown [s\src\hotspot\share\prims\jni.cpp, line 520]
Event: 10.256 Thread 0x000001d47a229af0 Implicit null exception at 0x000001d425b875da to 0x000001d425b876d8
Event: 10.267 Thread 0x000001d47be2ad20 Exception <a 'java/io/FileNotFoundException'{0x00000000d58388e0}> (0x00000000d58388e0) 
thrown [s\src\hotspot\share\prims\jni.cpp, line 520]
Event: 10.268 Thread 0x000001d47be2ad20 Exception <a 'java/io/FileNotFoundException'{0x00000000d58398c8}> (0x00000000d58398c8) 
thrown [s\src\hotspot\share\prims\jni.cpp, line 520]
Event: 10.272 Thread 0x000001d47be2ad20 Exception <a 'java/io/FileNotFoundException'{0x00000000d5889220}> (0x00000000d5889220) 
thrown [s\src\hotspot\share\prims\jni.cpp, line 520]
Event: 10.272 Thread 0x000001d47be2ad20 Exception <a 'java/io/FileNotFoundException'{0x00000000d588a598}> (0x00000000d588a598) 
thrown [s\src\hotspot\share\prims\jni.cpp, line 520]
Event: 10.273 Thread 0x000001d47be2ad20 Exception <a 'java/io/FileNotFoundException'{0x00000000d588b5a0}> (0x00000000d588b5a0) 
thrown [s\src\hotspot\share\prims\jni.cpp, line 520]
Event: 10.365 Thread 0x000001d47be2a690 Exception <a 'java/lang/IncompatibleClassChangeError'{0x00000000d5d0b848}: Found class java.lang.Object, but interface was expected> (0x00000000d5d0b848) 
thrown [s\src\hotspot\share\interpreter\linkResolver.cpp, line 840]

ZGC Phase Switch (0 events):
No events

VM Operations (20 events):
Event: 9.839 Executing VM operation: HandshakeAllThreads (Deoptimize)
Event: 9.839 Executing VM operation: HandshakeAllThreads (Deoptimize) done
Event: 9.839 Executing VM operation: ParallelGCFailedAllocation (Allocation Failure)
Event: 9.843 Executing VM operation: ParallelGCFailedAllocation (Allocation Failure) done
Event: 9.876 Executing VM operation: HandshakeAllThreads (Deoptimize)
Event: 9.881 Executing VM operation: HandshakeAllThreads (Deoptimize) done
Event: 9.910 Executing VM operation: ParallelGCFailedAllocation (Allocation Failure)
Event: 9.918 Executing VM operation: ParallelGCFailedAllocation (Allocation Failure) done
Event: 9.969 Executing VM operation: ParallelGCFailedAllocation (Allocation Failure)
Event: 9.972 Executing VM operation: ParallelGCFailedAllocation (Allocation Failure) done
Event: 10.087 Executing VM operation: ParallelGCFailedAllocation (Allocation Failure)
Event: 10.090 Executing VM operation: ParallelGCFailedAllocation (Allocation Failure) done
Event: 10.236 Executing VM operation: ParallelGCFailedAllocation (Allocation Failure)
Event: 10.238 Executing VM operation: ParallelGCFailedAllocation (Allocation Failure) done
Event: 10.241 Executing VM operation: HandshakeAllThreads (Deoptimize)
Event: 10.241 Executing VM operation: HandshakeAllThreads (Deoptimize) done
Event: 10.595 Executing VM operation: ParallelGCFailedAllocation (Allocation Failure)
Event: 10.598 Executing VM operation: ParallelGCFailedAllocation (Allocation Failure) done
Event: 10.750 Executing VM operation: HandshakeAllThreads (Deoptimize)
Event: 10.755 Executing VM operation: HandshakeAllThreads (Deoptimize) done

Memory protections (0 events):
No events

Nmethod flushes (20 events):
Event: 6.664 Thread 0x000001d4733b4900 flushing  nmethod 0x000001d41e3e2c10
Event: 6.664 Thread 0x000001d4733b4900 flushing  nmethod 0x000001d41e3e8b10
Event: 6.664 Thread 0x000001d4733b4900 flushing  nmethod 0x000001d41e3e8e10
Event: 6.664 Thread 0x000001d4733b4900 flushing  nmethod 0x000001d41e414d90
Event: 6.664 Thread 0x000001d4733b4900 flushing  nmethod 0x000001d41e415190
Event: 6.664 Thread 0x000001d4733b4900 flushing  nmethod 0x000001d41e415a90
Event: 6.664 Thread 0x000001d4733b4900 flushing  nmethod 0x000001d41e416c90
Event: 6.664 Thread 0x000001d4733b4900 flushing  nmethod 0x000001d41e417490
Event: 6.664 Thread 0x000001d4733b4900 flushing  nmethod 0x000001d41e419190
Event: 6.664 Thread 0x000001d4733b4900 flushing  nmethod 0x000001d41e41aa10
Event: 6.664 Thread 0x000001d4733b4900 flushing  nmethod 0x000001d41e41b710
Event: 6.664 Thread 0x000001d4733b4900 flushing  nmethod 0x000001d41e41c390
Event: 6.664 Thread 0x000001d4733b4900 flushing  nmethod 0x000001d41e427510
Event: 6.664 Thread 0x000001d4733b4900 flushing  nmethod 0x000001d41e428390
Event: 6.664 Thread 0x000001d4733b4900 flushing  nmethod 0x000001d41e42f310
Event: 6.664 Thread 0x000001d4733b4900 flushing  nmethod 0x000001d41e45ae10
Event: 6.664 Thread 0x000001d4733b4900 flushing  nmethod 0x000001d41e460590
Event: 6.664 Thread 0x000001d4733b4900 flushing  nmethod 0x000001d41e46cc90
Event: 6.664 Thread 0x000001d4733b4900 flushing  nmethod 0x000001d41e4ba990
Event: 6.664 Thread 0x000001d4733b4900 flushing  nmethod 0x000001d41e517010

Events (20 events):
Event: 6.188 Thread 0x000001d47a22a180 Thread added: 0x000001d47be2ba40
Event: 6.240 Thread 0x000001d47be2ba40 Thread added: 0x000001d47be2ad20
Event: 6.560 Thread 0x000001d41ac18f90 Thread added: 0x000001d47be2e830
Event: 6.560 Thread 0x000001d41ac18f90 Thread added: 0x000001d47be2a000
Event: 6.560 Thread 0x000001d41ac18f90 Thread added: 0x000001d47be30270
Event: 6.561 Thread 0x000001d41ac18f90 Thread added: 0x000001d47be2c0d0
Event: 6.561 Thread 0x000001d41ac18f90 Thread added: 0x000001d47be2cdf0
Event: 6.561 Thread 0x000001d41ac18f90 Thread added: 0x000001d47be2d480
Event: 6.561 Thread 0x000001d41ac18f90 Thread added: 0x000001d47be2f550
Event: 6.562 Thread 0x000001d41ac18f90 Thread added: 0x000001d47be2db10
Event: 6.562 Thread 0x000001d41ac18f90 Thread added: 0x000001d47be292e0
Event: 6.562 Thread 0x000001d41ac18f90 Thread added: 0x000001d47be2c760
Event: 6.562 Thread 0x000001d41ac18f90 Thread added: 0x000001d47be2fbe0
Event: 6.562 Thread 0x000001d41ac18f90 Thread added: 0x000001d47be2eec0
Event: 6.563 Thread 0x000001d41ac18f90 Thread added: 0x000001d47be2e1a0
Event: 6.600 Thread 0x000001d41ac18f90 Thread added: 0x000001d47be30900
Event: 7.125 Thread 0x000001d41ac18f90 Thread added: 0x000001d47be29970
Event: 7.126 Thread 0x000001d41ac18f90 Thread added: 0x000001d47be2a690
Event: 7.157 Thread 0x000001d47be2ad20 Thread added: 0x000001d47be2b3b0
Event: 10.014 Thread 0x000001d47a036440 Thread exited: 0x000001d47a036440


Dynamic libraries:
0x00007ff770350000 - 0x00007ff77035e000 	c:\Users\PC\.vscode\extensions\redhat.java-1.43.1-win32-x64\jre\21.0.7-win32-x86_64\bin\java.exe
0x00007ff9fabf0000 - 0x00007ff9fade8000 	C:\Windows\SYSTEM32\ntdll.dll
0x00007ff9f8cb0000 - 0x00007ff9f8d72000 	C:\Windows\System32\KERNEL32.DLL
0x00007ff9f86a0000 - 0x00007ff9f8996000 	C:\Windows\System32\KERNELBASE.dll
0x00007ff9f8330000 - 0x00007ff9f8430000 	C:\Windows\System32\ucrtbase.dll
0x00007ff9e8340000 - 0x00007ff9e8358000 	c:\Users\PC\.vscode\extensions\redhat.java-1.43.1-win32-x64\jre\21.0.7-win32-x86_64\bin\jli.dll
0x00007ff9f8eb0000 - 0x00007ff9f904d000 	C:\Windows\System32\USER32.dll
0x00007ff9f8670000 - 0x00007ff9f8692000 	C:\Windows\System32\win32u.dll
0x00007ff9fa920000 - 0x00007ff9fa94b000 	C:\Windows\System32\GDI32.dll
0x00007ff9f84d0000 - 0x00007ff9f85e9000 	C:\Windows\System32\gdi32full.dll
0x00007ff9f8430000 - 0x00007ff9f84cd000 	C:\Windows\System32\msvcp_win.dll
0x00007ff9e8320000 - 0x00007ff9e833e000 	c:\Users\PC\.vscode\extensions\redhat.java-1.43.1-win32-x64\jre\21.0.7-win32-x86_64\bin\VCRUNTIME140.dll
0x00007ff9e5760000 - 0x00007ff9e59fa000 	C:\Windows\WinSxS\amd64_microsoft.windows.common-controls_6595b64144ccf1df_6.0.19041.5915_none_60b4b9d171f9c7c7\COMCTL32.dll
0x00007ff9f9500000 - 0x00007ff9f959e000 	C:\Windows\System32\msvcrt.dll
0x00007ff9f9b70000 - 0x00007ff9f9b9f000 	C:\Windows\System32\IMM32.DLL
0x00007ff9da8d0000 - 0x00007ff9da9c2000 	C:\Program Files\Windhawk\Engine\1.6.1\64\windhawk.dll
0x00007ff9f9ba0000 - 0x00007ff9f9c51000 	C:\Windows\System32\ADVAPI32.dll
0x00007ff9f8c10000 - 0x00007ff9f8caf000 	C:\Windows\System32\sechost.dll
0x00007ff9f9050000 - 0x00007ff9f9173000 	C:\Windows\System32\RPCRT4.dll
0x00007ff9f8be0000 - 0x00007ff9f8c07000 	C:\Windows\System32\bcrypt.dll
0x00007ff9da2d0000 - 0x00007ff9da2e8000 	C:\ProgramData\Windhawk\Engine\Mods\64\remove-ms-store-open-with_1.0.0_410510.dll
0x00007ff9fa090000 - 0x00007ff9fa7fe000 	C:\Windows\System32\shell32.dll
0x00007ff9da2b0000 - 0x00007ff9da2c8000 	C:\ProgramData\Windhawk\Engine\Mods\64\dark-menus_1.2_337485.dll
0x00007ff9f5b90000 - 0x00007ff9f5c2e000 	C:\Windows\SYSTEM32\uxtheme.dll
0x00007ff9f9c60000 - 0x00007ff9f9fb3000 	C:\Windows\System32\combase.dll
0x00007ff9da270000 - 0x00007ff9da289000 	C:\ProgramData\Windhawk\Engine\Mods\64\eradicate-immersive-menus_1.1.0_984086.dll
0x00007ff9da0a0000 - 0x00007ff9da249000 	C:\ProgramData\Windhawk\Engine\Mods\64\libc++.whl
0x00007ff9da060000 - 0x00007ff9da09a000 	C:\ProgramData\Windhawk\Engine\Mods\64\libunwind.whl
0x00007ff9d9de0000 - 0x00007ff9da038000 	C:\Windows\SYSTEM32\ExplorerFrame.dll
0x00007ff9f95b0000 - 0x00007ff9f965d000 	C:\Windows\System32\SHCORE.dll
0x00007ff9f9fc0000 - 0x00007ff9fa01b000 	C:\Windows\System32\SHLWAPI.dll
0x00007ff9f4840000 - 0x00007ff9f4e00000 	C:\Windows\SYSTEM32\d2d1.dll
0x00007ff9d9d10000 - 0x00007ff9d9d36000 	C:\ProgramData\Windhawk\Engine\Mods\64\slick-window-arrangement_455580.dll
0x00007ff9f5d80000 - 0x00007ff9f5daf000 	C:\Windows\SYSTEM32\dwmapi.dll
0x00007ff9d99a0000 - 0x00007ff9d9b49000 	C:\ProgramData\Windhawk\Engine\Mods\64\libc++.dll
0x00007ff9d9960000 - 0x00007ff9d999a000 	C:\ProgramData\Windhawk\Engine\Mods\64\libunwind.dll
0x00007ff9d9920000 - 0x00007ff9d993d000 	C:\ProgramData\Windhawk\Engine\Mods\64\modernize-folder-picker-dialog_1.0.0_154629.dll
0x000001d41a0a0000 - 0x000001d41a1cb000 	C:\Windows\System32\ole32.dll
0x00007ff9db0b0000 - 0x00007ff9db0cb000 	C:\ProgramData\Windhawk\Engine\Mods\64\msg-box-font-fix_2.1.1_295034.dll
0x00007ff9ee970000 - 0x00007ff9ee97c000 	c:\Users\PC\.vscode\extensions\redhat.java-1.43.1-win32-x64\jre\21.0.7-win32-x86_64\bin\vcruntime140_1.dll
0x00007ff9cc980000 - 0x00007ff9cca0d000 	c:\Users\PC\.vscode\extensions\redhat.java-1.43.1-win32-x64\jre\21.0.7-win32-x86_64\bin\msvcp140.dll
0x00007ff95eb20000 - 0x00007ff95f8b0000 	c:\Users\PC\.vscode\extensions\redhat.java-1.43.1-win32-x64\jre\21.0.7-win32-x86_64\bin\server\jvm.dll
0x00007ff9fa020000 - 0x00007ff9fa08b000 	C:\Windows\System32\WS2_32.dll
0x00007ff9f80e0000 - 0x00007ff9f812b000 	C:\Windows\SYSTEM32\POWRPROF.dll
0x00007ff9ee7c0000 - 0x00007ff9ee7e7000 	C:\Windows\SYSTEM32\WINMM.dll
0x00007ff9ee7b0000 - 0x00007ff9ee7ba000 	C:\Windows\SYSTEM32\VERSION.dll
0x00007ff9f80c0000 - 0x00007ff9f80d2000 	C:\Windows\SYSTEM32\UMPDC.dll
0x00007ff9f6080000 - 0x00007ff9f6092000 	C:\Windows\SYSTEM32\kernel.appcore.dll
0x00007ff9ee8f0000 - 0x00007ff9ee8fa000 	c:\Users\PC\.vscode\extensions\redhat.java-1.43.1-win32-x64\jre\21.0.7-win32-x86_64\bin\jimage.dll
0x00007ff9ebb00000 - 0x00007ff9ebd01000 	C:\Windows\SYSTEM32\DBGHELP.DLL
0x00007ff9e9ad0000 - 0x00007ff9e9b04000 	C:\Windows\SYSTEM32\dbgcore.DLL
0x00007ff9f89a0000 - 0x00007ff9f8a22000 	C:\Windows\System32\bcryptPrimitives.dll
0x00007ff9ee7f0000 - 0x00007ff9ee7ff000 	c:\Users\PC\.vscode\extensions\redhat.java-1.43.1-win32-x64\jre\21.0.7-win32-x86_64\bin\instrument.dll
0x00007ff9e4650000 - 0x00007ff9e466f000 	c:\Users\PC\.vscode\extensions\redhat.java-1.43.1-win32-x64\jre\21.0.7-win32-x86_64\bin\java.dll
0x00007ff9f62a0000 - 0x00007ff9f6a44000 	C:\Windows\SYSTEM32\windows.storage.dll
0x00007ff9f7b00000 - 0x00007ff9f7b2b000 	C:\Windows\SYSTEM32\Wldp.dll
0x00007ff9faae0000 - 0x00007ff9fabad000 	C:\Windows\System32\OLEAUT32.dll
0x00007ff9f81b0000 - 0x00007ff9f81d4000 	C:\Windows\SYSTEM32\profapi.dll
0x00007ff9e8300000 - 0x00007ff9e8318000 	c:\Users\PC\.vscode\extensions\redhat.java-1.43.1-win32-x64\jre\21.0.7-win32-x86_64\bin\zip.dll
0x00007ff9ea070000 - 0x00007ff9ea080000 	C:\Users\PC\.vscode\extensions\redhat.java-1.43.1-win32-x64\jre\21.0.7-win32-x86_64\bin\net.dll
0x00007ff9f2000000 - 0x00007ff9f210a000 	C:\Windows\SYSTEM32\WINHTTP.dll
0x00007ff9f78e0000 - 0x00007ff9f794a000 	C:\Windows\system32\mswsock.dll
0x00007ff9e82e0000 - 0x00007ff9e82f6000 	C:\Users\PC\.vscode\extensions\redhat.java-1.43.1-win32-x64\jre\21.0.7-win32-x86_64\bin\nio.dll
0x00007ff9e9890000 - 0x00007ff9e98a0000 	c:\Users\PC\.vscode\extensions\redhat.java-1.43.1-win32-x64\jre\21.0.7-win32-x86_64\bin\verify.dll
0x00007ff9e8370000 - 0x00007ff9e83b5000 	C:\Users\PC\AppData\Roaming\Code\User\globalStorage\redhat.java\1.43.1\config_win\org.eclipse.equinox.launcher\org.eclipse.equinox.launcher.win32.win32.x86_64_1.2.1300.v20250331-1702\eclipse_11911.dll
0x00007ff9f7b40000 - 0x00007ff9f7b58000 	C:\Windows\SYSTEM32\CRYPTSP.dll
0x00007ff9f7220000 - 0x00007ff9f7258000 	C:\Windows\system32\rsaenh.dll
0x00007ff9f8130000 - 0x00007ff9f815e000 	C:\Windows\SYSTEM32\USERENV.dll
0x00007ff9f7a70000 - 0x00007ff9f7a7c000 	C:\Windows\SYSTEM32\CRYPTBASE.dll
0x00007ff9f75e0000 - 0x00007ff9f761b000 	C:\Windows\SYSTEM32\IPHLPAPI.DLL
0x00007ff9f9660000 - 0x00007ff9f9668000 	C:\Windows\System32\NSI.dll
0x00007ff9b9e30000 - 0x00007ff9b9e79000 	C:\Users\PC\AppData\Local\Temp\jna-2547\jna6906068392514666382.dll
0x00007ff9f95a0000 - 0x00007ff9f95a8000 	C:\Windows\System32\PSAPI.DLL
0x00007ff9ee770000 - 0x00007ff9ee787000 	C:\Windows\SYSTEM32\dhcpcsvc6.DLL
0x00007ff9ef5d0000 - 0x00007ff9ef5ed000 	C:\Windows\SYSTEM32\dhcpcsvc.DLL

dbghelp: loaded successfully - version: 4.0.5 - missing functions: none
symbol engine: initialized successfully - sym options: 0x614 - pdb path: .;c:\Users\PC\.vscode\extensions\redhat.java-1.43.1-win32-x64\jre\21.0.7-win32-x86_64\bin;C:\Windows\SYSTEM32;C:\Windows\WinSxS\amd64_microsoft.windows.common-controls_6595b64144ccf1df_6.0.19041.5915_none_60b4b9d171f9c7c7;C:\Program Files\Windhawk\Engine\1.6.1\64;C:\ProgramData\Windhawk\Engine\Mods\64;c:\Users\PC\.vscode\extensions\redhat.java-1.43.1-win32-x64\jre\21.0.7-win32-x86_64\bin\server;C:\Users\PC\AppData\Roaming\Code\User\globalStorage\redhat.java\1.43.1\config_win\org.eclipse.equinox.launcher\org.eclipse.equinox.launcher.win32.win32.x86_64_1.2.1300.v20250331-1702;C:\Users\PC\AppData\Local\Temp\jna-2547

VM Arguments:
jvm_args: --add-modules=ALL-SYSTEM --add-opens=java.base/java.util=ALL-UNNAMED --add-opens=java.base/java.lang=ALL-UNNAMED --add-opens=java.base/sun.nio.fs=ALL-UNNAMED -Declipse.application=org.eclipse.jdt.ls.core.id1 -Dosgi.bundles.defaultStartLevel=4 -Declipse.product=org.eclipse.jdt.ls.core.product -Djava.import.generatesMetadataFilesAtProjectRoot=false -DDetectVMInstallationsJob.disabled=true -Dfile.encoding=utf8 -XX:+UseParallelGC -XX:GCTimeRatio=4 -XX:AdaptiveSizePolicyWeight=90 -Dsun.zip.disableMemoryMapping=true -Xmx2G -Xms100m -Xlog:disable -javaagent:c:\Users\PC\.vscode\extensions\redhat.java-1.43.1-win32-x64\lombok\lombok-1.18.39-4050.jar -XX:+HeapDumpOnOutOfMemoryError -XX:HeapDumpPath=c:\Users\PC\AppData\Roaming\Code\User\workspaceStorage\009dd066dbfd86fb48ec25db317acb20\redhat.java -Daether.dependencyCollector.impl=bf 
java_command: c:\Users\PC\.vscode\extensions\redhat.java-1.43.1-win32-x64\server\plugins\org.eclipse.equinox.launcher_1.7.0.v20250519-0528.jar -configuration c:\Users\PC\AppData\Roaming\Code\User\globalStorage\redhat.java\1.43.1\config_win -data c:\Users\PC\AppData\Roaming\Code\User\workspaceStorage\009dd066dbfd86fb48ec25db317acb20\redhat.java\jdt_ws --pipe=\\.\pipe\lsp-87cddc95b3abe6cc0e3a7768016dbc08-sock
java_class_path (initial): c:\Users\PC\.vscode\extensions\redhat.java-1.43.1-win32-x64\server\plugins\org.eclipse.equinox.launcher_1.7.0.v20250519-0528.jar
Launcher Type: SUN_STANDARD

[Global flags]
    uintx AdaptiveSizePolicyWeight                 = 90                                        {product} {command line}
     intx CICompilerCount                          = 4                                         {product} {ergonomic}
    uintx GCTimeRatio                              = 4                                         {product} {command line}
     bool HeapDumpOnOutOfMemoryError               = true                                   {manageable} {command line}
    ccstr HeapDumpPath                             = c:\Users\PC\AppData\Roaming\Code\User\workspaceStorage\009dd066dbfd86fb48ec25db317acb20\redhat.java         {manageable} {command line}
   size_t InitialHeapSize                          = 104857600                                 {product} {command line}
   size_t MaxHeapSize                              = 2147483648                                {product} {command line}
   size_t MaxNewSize                               = 715653120                                 {product} {ergonomic}
   size_t MinHeapDeltaBytes                        = 524288                                    {product} {ergonomic}
   size_t MinHeapSize                              = 104857600                                 {product} {command line}
   size_t NewSize                                  = 34603008                                  {product} {ergonomic}
    uintx NonNMethodCodeHeapSize                   = 5839372                                {pd product} {ergonomic}
    uintx NonProfiledCodeHeapSize                  = 122909434                              {pd product} {ergonomic}
   size_t OldSize                                  = 70254592                                  {product} {ergonomic}
    uintx ProfiledCodeHeapSize                     = 122909434                              {pd product} {ergonomic}
    uintx ReservedCodeCacheSize                    = 251658240                              {pd product} {ergonomic}
     bool SegmentedCodeCache                       = true                                      {product} {ergonomic}
   size_t SoftMaxHeapSize                          = 2147483648                             {manageable} {ergonomic}
     bool UseCompressedOops                        = true                           {product lp64_product} {ergonomic}
     bool UseLargePagesIndividualAllocation        = false                                  {pd product} {ergonomic}
     bool UseParallelGC                            = true                                      {product} {command line}

Logging:
Log output configuration:
 #0: stdout all=off uptime,level,tags foldmultilines=false
 #1: stderr all=off uptime,level,tags foldmultilines=false

Environment Variables:
PATH=C:\Program Files\Common Files\Oracle\Java\javapath;C:\Program Files (x86)\Common Files\Oracle\Java\javapath;C:\Windows\system32;C:\Windows;C:\Windows\System32\Wbem;C:\Windows\System32\WindowsPowerShell\v1.0\;C:\Windows\System32\OpenSSH\;C:\Program Files\dotnet\;C:\Program Files\Git\cmd;D:\Program Files\CMake\bin;C:\Program Files (x86)\Microsoft SQL Server\160\Tools\Binn\;C:\Program Files\Microsoft SQL Server\160\Tools\Binn\;C:\Program Files\Microsoft SQL Server\Client SDK\ODBC\170\Tools\Binn\;C:\Program Files\Microsoft SQL Server\160\DTS\Binn\;C:\Program Files (x86)\Microsoft SQL Server\160\DTS\Binn\;C:\Program Files\Cloudflare\Cloudflare WARP\;C:\Program Files\nodejs\;C:\ProgramData\chocolatey\bin;C:\Program Files\Docker\Docker\resources\bin;D:\DATA\Programs\apache-maven-3.9.9\bin;D:\DATA\Programs\texlive\2025\bin\windows;D:\Program Files\Java\plantuml;C:\Program Files\rojo;C:\Users\PC\AppData\Local\Programs\Python\Python313\;C:\Users\PC\AppData\Local\Programs\Python\Python313\Scripts;C:\Users\PC\AppData\Local\Packages\PythonSoftwareFoundation.Python.3.13_qbz5n2kfra8p0\LocalCache\local-packages\Python313\Scripts;C:\Users\PC\AppData\Local\Programs\Python\Launcher\;%USERPROFILE%\AppData\Local\Microsoft\WindowsApps;D:\Program Files\VSCode\bin;C:\Users\PC\AppData\Local\GitHubDesktop\bin;C:\Users\PC\AppData\Roaming\npm;D:\Program Files\cursor\resources\app\bin;C:\Users\PC\.aftman\bin
USERNAME=PC
OS=Windows_NT
PROCESSOR_IDENTIFIER=AMD64 Family 25 Model 80 Stepping 0, AuthenticAMD
TMP=C:\Users\PC\AppData\Local\Temp
TEMP=C:\Users\PC\AppData\Local\Temp




Periodic native trim disabled

---------------  S Y S T E M  ---------------

OS:
 Windows 10 , 64 bit Build 19041 (10.0.19041.5915)
OS uptime: 1 days 3:27 hours
Hyper-V role detected

CPU: total 12 (initial active 12) (12 cores per cpu, 2 threads per core) family 25 model 80 stepping 0 microcode 0x0, cx8, cmov, fxsr, ht, mmx, 3dnowpref, sse, sse2, sse3, ssse3, sse4a, sse4.1, sse4.2, popcnt, lzcnt, tsc, tscinvbit, avx, avx2, aes, erms, clmul, bmi1, bmi2, adx, sha, fma, vzeroupper, clflush, clflushopt, hv, rdtscp, rdpid, fsrm, f16c, cet_ss
Processor Information for the first 12 processors :
  Max Mhz: 3301, Current Mhz: 3301, Mhz Limit: 3301

Memory: 4k page, system-wide physical 15752M (458M free)
TotalPageFile size 50507M (AvailPageFile size 29M)
current process WorkingSet (physical memory assigned to process): 234M, peak: 269M
current process commit charge ("private bytes"): 330M, peak: 368M

vm_info: OpenJDK 64-Bit Server VM (21.0.7+6-LTS) for windows-amd64 JRE (21.0.7+6-LTS), built on 2025-04-15T00:00:00Z by "admin" with MS VC++ 17.7 (VS2022)

END.
