#
# There is insufficient memory for the Java Runtime Environment to continue.
# Native memory allocation (malloc) failed to allocate 259792 bytes. Error detail: Chunk::new
# Possible reasons:
#   The system is out of physical RAM or swap space
#   This process is running with CompressedOops enabled, and the Java Heap may be blocking the growth of the native heap
# Possible solutions:
#   Reduce memory load on the system
#   Increase physical memory or swap space
#   Check if swap backing store is full
#   Decrease Java heap size (-Xmx/-Xms)
#   Decrease number of Java threads
#   Decrease Java thread stack sizes (-Xss)
#   Set larger code cache with -XX:ReservedCodeCacheSize=
#   JVM is running with Unscaled Compressed Oops mode in which the Java heap is
#     placed in the first 4GB address space. The Java Heap base address is the
#     maximum limit for the native heap growth. Please use -XX:HeapBaseMinAddress
#     to set the Java Heap base and to place the Java Heap above 4GB virtual address.
# This output file may be truncated or incomplete.
#
#  Out of Memory Error (arena.cpp:168), pid=25188, tid=12760
#
# JRE version: OpenJDK Runtime Environment Temurin-21.0.7+6 (21.0.7+6) (build 21.0.7+6-LTS)
# Java VM: OpenJDK 64-Bit Server VM Temurin-21.0.7+6 (21.0.7+6-LTS, mixed mode, sharing, tiered, compressed oops, compressed class ptrs, parallel gc, windows-amd64)
# No core dump will be written. Minidumps are not enabled by default on client versions of Windows
#

---------------  S U M M A R Y ------------

Command Line: --add-modules=ALL-SYSTEM --add-opens=java.base/java.util=ALL-UNNAMED --add-opens=java.base/java.lang=ALL-UNNAMED --add-opens=java.base/sun.nio.fs=ALL-UNNAMED -Declipse.application=org.eclipse.jdt.ls.core.id1 -Dosgi.bundles.defaultStartLevel=4 -Declipse.product=org.eclipse.jdt.ls.core.product -Djava.import.generatesMetadataFilesAtProjectRoot=false -DDetectVMInstallationsJob.disabled=true -Dfile.encoding=utf8 -XX:+UseParallelGC -XX:GCTimeRatio=4 -XX:AdaptiveSizePolicyWeight=90 -Dsun.zip.disableMemoryMapping=true -Xmx2G -Xms100m -Xlog:disable -javaagent:c:\Users\PC\.vscode\extensions\redhat.java-1.43.1-win32-x64\lombok\lombok-1.18.39-4050.jar c:\Users\PC\.vscode\extensions\redhat.java-1.43.1-win32-x64\server\plugins\org.eclipse.equinox.launcher_1.7.0.v20250519-0528.jar -configuration c:\Users\PC\AppData\Roaming\Code\User\globalStorage\redhat.java\1.43.1\config_ss_win -data c:\Users\PC\AppData\Roaming\Code\User\workspaceStorage\009dd066dbfd86fb48ec25db317acb20\redhat.java\ss_ws --pipe=\\.\pipe\lsp-b306be47993c354bf3695393e9044640-sock

Host: AMD Ryzen 5 5600H with Radeon Graphics         , 12 cores, 15G,  Windows 10 , 64 bit Build 19041 (10.0.19041.5915)
Time: Sat Jul  5 00:15:17 2025 SE Asia Standard Time elapsed time: 57.274281 seconds (0d 0h 0m 57s)

---------------  T H R E A D  ---------------

Current thread (0x00000296977a5e30):  JavaThread "C2 CompilerThread1" daemon [_thread_in_native, id=12760, stack(0x000000a84c900000,0x000000a84ca00000) (1024K)]


Current CompileTask:
C2:57274 9075       4       java.io.DataOutputStream::writeUTF (389 bytes)

Stack: [0x000000a84c900000,0x000000a84ca00000]
Native frames: (J=compiled Java code, j=interpreted, Vv=VM code, C=native code)
V  [jvm.dll+0x6ce119]
V  [jvm.dll+0x8a84a1]
V  [jvm.dll+0x8aa9ce]
V  [jvm.dll+0x8ab0b3]
V  [jvm.dll+0x27f8a6]
V  [jvm.dll+0xc507d]
V  [jvm.dll+0xc55b3]
V  [jvm.dll+0x3b692c]
V  [jvm.dll+0x1dfe33]
V  [jvm.dll+0x247c42]
V  [jvm.dll+0x2470cf]
V  [jvm.dll+0x1c760e]
V  [jvm.dll+0x25695a]
V  [jvm.dll+0x254efa]
V  [jvm.dll+0x3f03f6]
V  [jvm.dll+0x851f6b]
V  [jvm.dll+0x6cc7dd]
C  [ucrtbase.dll+0x21bb2]
C  [KERNEL32.DLL+0x17374]
C  [ntdll.dll+0x4cc91]


---------------  P R O C E S S  ---------------

Threads class SMR info:
_java_thread_list=0x000002968f209610, length=49, elements={
0x0000029633156750, 0x000002968dc373d0, 0x000002968dc3ab40, 0x000002968dc3ce30,
0x000002968dc3ea60, 0x000002968dc42630, 0x000002968dc46070, 0x000002968dc47e00,
0x000002968dc56be0, 0x000002968dd701e0, 0x000002968dfae4d0, 0x000002969406c6b0,
0x000002968dded550, 0x000002968de2b150, 0x000002968f6c1230, 0x00000296941c7ca0,
0x00000296945cd140, 0x0000029694a724e0, 0x00000296948eb360, 0x00000296948eb9f0,
0x00000296948ec710, 0x00000296948edac0, 0x00000296948ecda0, 0x00000296948ec080,
0x00000296948ed430, 0x00000296948ee150, 0x00000296948eacd0, 0x0000029695cb3910,
0x0000029695cb0b20, 0x0000029695cb3fa0, 0x0000029695caf770, 0x0000029695cb1840,
0x0000029695cafe00, 0x0000029695caea50, 0x0000029695cb4630, 0x0000029695cb0490,
0x0000029695cb11b0, 0x0000029695cb4cc0, 0x0000029695cb1ed0, 0x0000029695cb2560,
0x0000029695cb2bf0, 0x0000029695caf0e0, 0x0000029695cb3280, 0x0000029695cb5350,
0x0000029695cb59e0, 0x0000029695381650, 0x00000296977a5e30, 0x0000029695380930,
0x000002969537fc10
}

Java Threads: ( => current thread )
  0x0000029633156750 JavaThread "main"                              [_thread_blocked, id=21240, stack(0x000000a848c00000,0x000000a848d00000) (1024K)]
  0x000002968dc373d0 JavaThread "Reference Handler"          daemon [_thread_blocked, id=18180, stack(0x000000a849000000,0x000000a849100000) (1024K)]
  0x000002968dc3ab40 JavaThread "Finalizer"                  daemon [_thread_blocked, id=3408, stack(0x000000a849100000,0x000000a849200000) (1024K)]
  0x000002968dc3ce30 JavaThread "Signal Dispatcher"          daemon [_thread_blocked, id=24988, stack(0x000000a849200000,0x000000a849300000) (1024K)]
  0x000002968dc3ea60 JavaThread "Attach Listener"            daemon [_thread_blocked, id=21320, stack(0x000000a849300000,0x000000a849400000) (1024K)]
  0x000002968dc42630 JavaThread "Service Thread"             daemon [_thread_blocked, id=11392, stack(0x000000a849400000,0x000000a849500000) (1024K)]
  0x000002968dc46070 JavaThread "Monitor Deflation Thread"   daemon [_thread_blocked, id=24444, stack(0x000000a849500000,0x000000a849600000) (1024K)]
  0x000002968dc47e00 JavaThread "C2 CompilerThread0"         daemon [_thread_in_native, id=5892, stack(0x000000a849600000,0x000000a849700000) (1024K)]
  0x000002968dc56be0 JavaThread "C1 CompilerThread0"         daemon [_thread_in_native, id=22132, stack(0x000000a849700000,0x000000a849800000) (1024K)]
  0x000002968dd701e0 JavaThread "Common-Cleaner"             daemon [_thread_blocked, id=10900, stack(0x000000a849800000,0x000000a849900000) (1024K)]
  0x000002968dfae4d0 JavaThread "Notification Thread"        daemon [_thread_blocked, id=25464, stack(0x000000a849a00000,0x000000a849b00000) (1024K)]
  0x000002969406c6b0 JavaThread "Active Thread: Equinox Container: d3f4245c-f3bb-455d-beb0-a39f6efef139"        [_thread_blocked, id=24408, stack(0x000000a84a200000,0x000000a84a300000) (1024K)]
  0x000002968dded550 JavaThread "Framework Event Dispatcher: Equinox Container: d3f4245c-f3bb-455d-beb0-a39f6efef139" daemon [_thread_blocked, id=14648, stack(0x000000a849900000,0x000000a849a00000) (1024K)]
  0x000002968de2b150 JavaThread "Start Level: Equinox Container: d3f4245c-f3bb-455d-beb0-a39f6efef139" daemon [_thread_blocked, id=16376, stack(0x000000a849b00000,0x000000a849c00000) (1024K)]
  0x000002968f6c1230 JavaThread "SCR Component Actor"        daemon [_thread_blocked, id=18252, stack(0x000000a84a400000,0x000000a84a500000) (1024K)]
  0x00000296941c7ca0 JavaThread "Worker-JM"                         [_thread_blocked, id=25088, stack(0x000000a84a800000,0x000000a84a900000) (1024K)]
  0x00000296945cd140 JavaThread "JNA Cleaner"                daemon [_thread_blocked, id=8660, stack(0x000000a84ab00000,0x000000a84ac00000) (1024K)]
  0x0000029694a724e0 JavaThread "Worker-0"                          [_thread_blocked, id=20248, stack(0x000000a84ac00000,0x000000a84ad00000) (1024K)]
  0x00000296948eb360 JavaThread "Worker-1: Shutdown..."             [_thread_blocked, id=5672, stack(0x000000a84ad00000,0x000000a84ae00000) (1024K)]
  0x00000296948eb9f0 JavaThread "Thread-2"                   daemon [_thread_in_native, id=20644, stack(0x000000a84b000000,0x000000a84b100000) (1024K)]
  0x00000296948ec710 JavaThread "Thread-3"                   daemon [_thread_in_native, id=24188, stack(0x000000a84b100000,0x000000a84b200000) (1024K)]
  0x00000296948edac0 JavaThread "Thread-4"                   daemon [_thread_in_native, id=17528, stack(0x000000a84b200000,0x000000a84b300000) (1024K)]
  0x00000296948ecda0 JavaThread "Thread-5"                   daemon [_thread_in_native, id=25120, stack(0x000000a84b300000,0x000000a84b400000) (1024K)]
  0x00000296948ec080 JavaThread "Thread-6"                   daemon [_thread_in_native, id=21472, stack(0x000000a84b400000,0x000000a84b500000) (1024K)]
  0x00000296948ed430 JavaThread "Thread-7"                   daemon [_thread_in_native, id=24744, stack(0x000000a84b500000,0x000000a84b600000) (1024K)]
  0x00000296948ee150 JavaThread "Thread-8"                   daemon [_thread_in_native, id=7208, stack(0x000000a84b600000,0x000000a84b700000) (1024K)]
  0x00000296948eacd0 JavaThread "Thread-9"                   daemon [_thread_in_native, id=24284, stack(0x000000a84b700000,0x000000a84b800000) (1024K)]
  0x0000029695cb3910 JavaThread "Thread-10"                  daemon [_thread_in_native, id=19868, stack(0x000000a84b800000,0x000000a84b900000) (1024K)]
  0x0000029695cb0b20 JavaThread "Thread-11"                  daemon [_thread_in_native, id=23324, stack(0x000000a84b900000,0x000000a84ba00000) (1024K)]
  0x0000029695cb3fa0 JavaThread "Thread-12"                  daemon [_thread_in_native, id=25512, stack(0x000000a84ba00000,0x000000a84bb00000) (1024K)]
  0x0000029695caf770 JavaThread "Thread-13"                  daemon [_thread_in_native, id=18720, stack(0x000000a84bb00000,0x000000a84bc00000) (1024K)]
  0x0000029695cb1840 JavaThread "Thread-14"                  daemon [_thread_in_native, id=25384, stack(0x000000a84bc00000,0x000000a84bd00000) (1024K)]
  0x0000029695cafe00 JavaThread "pool-2-thread-1"                   [_thread_blocked, id=23400, stack(0x000000a84bd00000,0x000000a84be00000) (1024K)]
  0x0000029695caea50 JavaThread "WorkspaceEventsHandler"            [_thread_blocked, id=8816, stack(0x000000a84be00000,0x000000a84bf00000) (1024K)]
  0x0000029695cb4630 JavaThread "pool-1-thread-1"                   [_thread_blocked, id=864, stack(0x000000a84bf00000,0x000000a84c000000) (1024K)]
  0x0000029695cb0490 JavaThread "Worker-2"                          [_thread_blocked, id=8900, stack(0x000000a84c000000,0x000000a84c100000) (1024K)]
  0x0000029695cb11b0 JavaThread "ForkJoinPool.commonPool-worker-1" daemon [_thread_blocked, id=24756, stack(0x000000a84a600000,0x000000a84a700000) (1024K)]
  0x0000029695cb4cc0 JavaThread "ForkJoinPool.commonPool-worker-2" daemon [_thread_blocked, id=15756, stack(0x000000a84c200000,0x000000a84c300000) (1024K)]
  0x0000029695cb1ed0 JavaThread "Compiler Source File Reader" daemon [_thread_blocked, id=24364, stack(0x000000a84c300000,0x000000a84c400000) (1024K)]
  0x0000029695cb2560 JavaThread "Compiler Processing Task"   daemon [_thread_blocked, id=18324, stack(0x000000a84a500000,0x000000a84a600000) (1024K)]
  0x0000029695cb2bf0 JavaThread "ForkJoinPool.commonPool-worker-3" daemon [_thread_blocked, id=10248, stack(0x000000a84c400000,0x000000a84c500000) (1024K)]
  0x0000029695caf0e0 JavaThread "Compiler Source File Reader" daemon [_thread_blocked, id=10192, stack(0x000000a84c100000,0x000000a84c200000) (1024K)]
  0x0000029695cb3280 JavaThread "Compiler Source File Reader" daemon [_thread_blocked, id=12576, stack(0x000000a84c500000,0x000000a84c600000) (1024K)]
  0x0000029695cb5350 JavaThread "Compiler Source File Reader" daemon [_thread_blocked, id=25104, stack(0x000000a84c600000,0x000000a84c700000) (1024K)]
  0x0000029695cb59e0 JavaThread "Compiler Source File Reader" daemon [_thread_blocked, id=20252, stack(0x000000a84c700000,0x000000a84c800000) (1024K)]
  0x0000029695381650 JavaThread "Compiler Source File Reader" daemon [_thread_blocked, id=4776, stack(0x000000a84c800000,0x000000a84c900000) (1024K)]
=>0x00000296977a5e30 JavaThread "C2 CompilerThread1"         daemon [_thread_in_native, id=12760, stack(0x000000a84c900000,0x000000a84ca00000) (1024K)]
  0x0000029695380930 JavaThread "pool-3-thread-1"                   [_thread_blocked, id=8776, stack(0x000000a84ca00000,0x000000a84cb00000) (1024K)]
  0x000002969537fc10 JavaThread "ForkJoinPool-3-worker-1"    daemon [_thread_in_native, id=22704, stack(0x000000a84a700000,0x000000a84a800000) (1024K)]
Total: 49

Other Threads:
  0x00000296355ee8c0 VMThread "VM Thread"                           [id=25028, stack(0x000000a848f00000,0x000000a849000000) (1024K)]
  0x00000296353fcb50 WatcherThread "VM Periodic Task Thread"        [id=1620, stack(0x000000a848e00000,0x000000a848f00000) (1024K)]
  0x00000296355d2c60 WorkerThread "GC Thread#0"                     [id=5468, stack(0x000000a848d00000,0x000000a848e00000) (1024K)]
  0x000002968f6c7730 WorkerThread "GC Thread#1"                     [id=24700, stack(0x000000a849c00000,0x000000a849d00000) (1024K)]
  0x000002968f6c6c50 WorkerThread "GC Thread#2"                     [id=9684, stack(0x000000a849d00000,0x000000a849e00000) (1024K)]
  0x000002968f6c6ff0 WorkerThread "GC Thread#3"                     [id=22840, stack(0x000000a849e00000,0x000000a849f00000) (1024K)]
  0x000002968f6c7390 WorkerThread "GC Thread#4"                     [id=5896, stack(0x000000a849f00000,0x000000a84a000000) (1024K)]
  0x000002968f6c7ad0 WorkerThread "GC Thread#5"                     [id=24516, stack(0x000000a84a000000,0x000000a84a100000) (1024K)]
  0x000002968f6c7e70 WorkerThread "GC Thread#6"                     [id=14216, stack(0x000000a84a100000,0x000000a84a200000) (1024K)]
  0x000002968f6c8210 WorkerThread "GC Thread#7"                     [id=25176, stack(0x000000a84a300000,0x000000a84a400000) (1024K)]
  0x0000029694372ab0 WorkerThread "GC Thread#8"                     [id=7868, stack(0x000000a84a900000,0x000000a84aa00000) (1024K)]
  0x0000029694371fd0 WorkerThread "GC Thread#9"                     [id=20132, stack(0x000000a84aa00000,0x000000a84ab00000) (1024K)]
Total: 12

Threads with active compile tasks:
C2 CompilerThread0  57299 9087       4       org.eclipse.core.internal.dtree.DataTreeWriter::writeNode (182 bytes)
C1 CompilerThread0  57299 9103       3       org.eclipse.core.internal.resources.SyncInfoWriter::saveSyncInfo (192 bytes)
C2 CompilerThread1  57299 9075       4       java.io.DataOutputStream::writeUTF (389 bytes)
Total: 3

VM state: not at safepoint (normal execution)

VM Mutex/Monitor currently owned by a thread: None

Heap address: 0x0000000080000000, size: 2048 MB, Compressed Oops mode: 32-bit

CDS archive(s) mapped at: [0x000002964c000000-0x000002964cba0000-0x000002964cba0000), size 12189696, SharedBaseAddress: 0x000002964c000000, ArchiveRelocationMode: 1.
Compressed class space mapped at: 0x000002964d000000-0x000002968d000000, reserved size: 1073741824
Narrow klass base: 0x000002964c000000, Narrow klass shift: 0, Narrow klass range: 0x100000000

GC Precious Log:
 CardTable entry size: 512
 CPUs: 12 total, 12 available
 Memory: 15752M
 Large Page Support: Disabled
 NUMA Support: Disabled
 Compressed Oops: Enabled (32-bit)
 Alignments: Space 512K, Generation 512K, Heap 2M
 Heap Min Capacity: 100M
 Heap Initial Capacity: 100M
 Heap Max Capacity: 2G
 Pre-touch: Disabled
 Parallel Workers: 10

Heap:
 PSYoungGen      total 18944K, used 4739K [0x00000000d5580000, 0x00000000d6980000, 0x0000000100000000)
  eden space 17408K, 25% used [0x00000000d5580000,0x00000000d59c0dd0,0x00000000d6680000)
  from space 1536K, 25% used [0x00000000d6700000,0x00000000d6760000,0x00000000d6880000)
  to   space 1024K, 0% used [0x00000000d6880000,0x00000000d6880000,0x00000000d6980000)
 ParOldGen       total 68608K, used 53607K [0x0000000080000000, 0x0000000084300000, 0x00000000d5580000)
  object space 68608K, 78% used [0x0000000080000000,0x0000000083459c30,0x0000000084300000)
 Metaspace       used 46476K, committed 47616K, reserved 1114112K
  class space    used 4345K, committed 4864K, reserved 1048576K

Card table byte_map: [0x0000029634ed0000,0x00000296352e0000] _byte_map_base: 0x0000029634ad0000

Marking Bits: (ParMarkBitMap*) 0x00007ff93ac731f0
 Begin Bits: [0x00000296479d0000, 0x00000296499d0000)
 End Bits:   [0x00000296499d0000, 0x000002964b9d0000)

Polling page: 0x00000296330d0000

Metaspace:

Usage:
  Non-class:     41.14 MB used.
      Class:      4.24 MB used.
       Both:     45.39 MB used.

Virtual space:
  Non-class space:       64.00 MB reserved,      41.75 MB ( 65%) committed,  1 nodes.
      Class space:        1.00 GB reserved,       4.75 MB ( <1%) committed,  1 nodes.
             Both:        1.06 GB reserved,      46.50 MB (  4%) committed. 

Chunk freelists:
   Non-Class:  5.47 MB
       Class:  11.29 MB
        Both:  16.77 MB

MaxMetaspaceSize: unlimited
CompressedClassSpaceSize: 1.00 GB
Initial GC threshold: 21.00 MB
Current GC threshold: 58.38 MB
CDS: on
 - commit_granule_bytes: 65536.
 - commit_granule_words: 8192.
 - virtual_space_node_default_size: 8388608.
 - enlarge_chunks_in_place: 1.
 - use_allocation_guard: 0.


Internal statistics:

num_allocs_failed_limit: 6.
num_arena_births: 974.
num_arena_deaths: 14.
num_vsnodes_births: 2.
num_vsnodes_deaths: 0.
num_space_committed: 744.
num_space_uncommitted: 0.
num_chunks_returned_to_freelist: 20.
num_chunks_taken_from_freelist: 3045.
num_chunk_merges: 11.
num_chunk_splits: 1899.
num_chunks_enlarged: 1140.
num_inconsistent_stats: 0.

CodeHeap 'non-profiled nmethods': size=120000Kb used=6566Kb max_used=6566Kb free=113433Kb
 bounds [0x00000296401f0000, 0x0000029640860000, 0x0000029647720000]
CodeHeap 'profiled nmethods': size=120000Kb used=21411Kb max_used=21411Kb free=98588Kb
 bounds [0x0000029638720000, 0x0000029639c10000, 0x000002963fc50000]
CodeHeap 'non-nmethods': size=5760Kb used=1417Kb max_used=1500Kb free=4342Kb
 bounds [0x000002963fc50000, 0x000002963fec0000, 0x00000296401f0000]
 total_blobs=9384 nmethods=8658 adapters=630
 compilation: enabled
              stopped_count=0, restarted_count=0
 full_count=0

Compilation events (20 events):
Event: 57.245 Thread 0x000002968dc56be0 9070       3       org.eclipse.core.internal.resources.ResourceInfo::getContentId (8 bytes)
Event: 57.245 Thread 0x000002968dc56be0 nmethod 9070 0x0000029639c02d10 code [0x0000029639c02ea0, 0x0000029639c02fb0]
Event: 57.245 Thread 0x000002968dc56be0 9071       3       org.eclipse.core.internal.dtree.DataTreeWriter::writeNode (182 bytes)
Event: 57.246 Thread 0x000002968dc56be0 nmethod 9071 0x0000029639c03090 code [0x0000029639c03360, 0x0000029639c04040]
Event: 57.246 Thread 0x000002968dc56be0 9072       3       org.eclipse.core.internal.watson.ElementTreeWriter$1::writeData (25 bytes)
Event: 57.246 Thread 0x000002968dc56be0 nmethod 9072 0x0000029639c04410 code [0x0000029639c045e0, 0x0000029639c04820]
Event: 57.246 Thread 0x000002968dc56be0 9073       3       org.eclipse.core.internal.resources.SaveManager::writeElement (36 bytes)
Event: 57.246 Thread 0x000002968dc56be0 nmethod 9073 0x0000029639c04990 code [0x0000029639c04c20, 0x0000029639c05718]
Event: 57.247 Thread 0x000002968dc56be0 9076       3       org.eclipse.core.internal.resources.ResourceInfo::writeTo (41 bytes)
Event: 57.247 Thread 0x000002968dc56be0 nmethod 9076 0x0000029639c05b90 code [0x0000029639c05d80, 0x0000029639c062c0]
Event: 57.250 Thread 0x000002968dc47e00 nmethod 9060 0x0000029640853290 code [0x00000296408534a0, 0x0000029640853a10]
Event: 57.250 Thread 0x00000296977a5e30 nmethod 9064 0x0000029640853f90 code [0x00000296408541c0, 0x0000029640854818]
Event: 57.250 Thread 0x000002968dc47e00 9074       4       java.io.OutputStream::write (34 bytes)
Event: 57.250 Thread 0x00000296977a5e30 9075       4       java.io.DataOutputStream::writeUTF (389 bytes)
Event: 57.261 Thread 0x000002968dc47e00 nmethod 9074 0x0000029640854e10 code [0x0000029640855040, 0x0000029640855b10]
Event: 57.261 Thread 0x000002968dc47e00 9065       4       java.io.BufferedOutputStream::implWrite (40 bytes)
Event: 57.263 Thread 0x000002968dc47e00 nmethod 9065 0x0000029640856410 code [0x00000296408565c0, 0x00000296408567b0]
Event: 57.263 Thread 0x000002968dc47e00 9066       4       jdk.internal.misc.Unsafe::convEndian (16 bytes)
Event: 57.263 Thread 0x000002968dc47e00 nmethod 9066 0x0000029640856990 code [0x0000029640856b00, 0x0000029640856b78]
Event: 57.263 Thread 0x000002968dc47e00 9078       4       java.io.DataOutputStream::writeByte (14 bytes)

GC Heap History (20 events):
Event: 12.763 GC heap before
{Heap before GC invocations=32 (full 2):
 PSYoungGen      total 19456K, used 19232K [0x00000000d5580000, 0x00000000d6b00000, 0x0000000100000000)
  eden space 18432K, 100% used [0x00000000d5580000,0x00000000d6780000,0x00000000d6780000)
  from space 1024K, 78% used [0x00000000d6980000,0x00000000d6a48060,0x00000000d6a80000)
  to   space 512K, 0% used [0x00000000d6a80000,0x00000000d6a80000,0x00000000d6b00000)
 ParOldGen       total 68608K, used 41572K [0x0000000080000000, 0x0000000084300000, 0x00000000d5580000)
  object space 68608K, 60% used [0x0000000080000000,0x00000000828993c8,0x0000000084300000)
 Metaspace       used 45252K, committed 46464K, reserved 1114112K
  class space    used 4306K, committed 4864K, reserved 1048576K
}
Event: 12.765 GC heap after
{Heap after GC invocations=32 (full 2):
 PSYoungGen      total 18944K, used 498K [0x00000000d5580000, 0x00000000d6c80000, 0x0000000100000000)
  eden space 18432K, 0% used [0x00000000d5580000,0x00000000d5580000,0x00000000d6780000)
  from space 512K, 97% used [0x00000000d6a80000,0x00000000d6afc948,0x00000000d6b00000)
  to   space 2560K, 0% used [0x00000000d6780000,0x00000000d6780000,0x00000000d6a00000)
 ParOldGen       total 68608K, used 42995K [0x0000000080000000, 0x0000000084300000, 0x00000000d5580000)
  object space 68608K, 62% used [0x0000000080000000,0x00000000829fce98,0x0000000084300000)
 Metaspace       used 45252K, committed 46464K, reserved 1114112K
  class space    used 4306K, committed 4864K, reserved 1048576K
}
Event: 12.926 GC heap before
{Heap before GC invocations=33 (full 2):
 PSYoungGen      total 18944K, used 18930K [0x00000000d5580000, 0x00000000d6c80000, 0x0000000100000000)
  eden space 18432K, 99% used [0x00000000d5580000,0x00000000d677fff0,0x00000000d6780000)
  from space 512K, 97% used [0x00000000d6a80000,0x00000000d6afc948,0x00000000d6b00000)
  to   space 2560K, 0% used [0x00000000d6780000,0x00000000d6780000,0x00000000d6a00000)
 ParOldGen       total 68608K, used 42995K [0x0000000080000000, 0x0000000084300000, 0x00000000d5580000)
  object space 68608K, 62% used [0x0000000080000000,0x00000000829fce98,0x0000000084300000)
 Metaspace       used 45398K, committed 46592K, reserved 1114112K
  class space    used 4306K, committed 4864K, reserved 1048576K
}
Event: 12.927 GC heap after
{Heap after GC invocations=33 (full 2):
 PSYoungGen      total 19456K, used 784K [0x00000000d5580000, 0x00000000d6b00000, 0x0000000100000000)
  eden space 18432K, 0% used [0x00000000d5580000,0x00000000d5580000,0x00000000d6780000)
  from space 1024K, 76% used [0x00000000d6780000,0x00000000d6844010,0x00000000d6880000)
  to   space 1536K, 0% used [0x00000000d6980000,0x00000000d6980000,0x00000000d6b00000)
 ParOldGen       total 68608K, used 43437K [0x0000000080000000, 0x0000000084300000, 0x00000000d5580000)
  object space 68608K, 63% used [0x0000000080000000,0x0000000082a6b7e0,0x0000000084300000)
 Metaspace       used 45398K, committed 46592K, reserved 1114112K
  class space    used 4306K, committed 4864K, reserved 1048576K
}
Event: 13.128 GC heap before
{Heap before GC invocations=34 (full 2):
 PSYoungGen      total 19456K, used 19216K [0x00000000d5580000, 0x00000000d6b00000, 0x0000000100000000)
  eden space 18432K, 100% used [0x00000000d5580000,0x00000000d6780000,0x00000000d6780000)
  from space 1024K, 76% used [0x00000000d6780000,0x00000000d6844010,0x00000000d6880000)
  to   space 1536K, 0% used [0x00000000d6980000,0x00000000d6980000,0x00000000d6b00000)
 ParOldGen       total 68608K, used 43437K [0x0000000080000000, 0x0000000084300000, 0x00000000d5580000)
  object space 68608K, 63% used [0x0000000080000000,0x0000000082a6b7e0,0x0000000084300000)
 Metaspace       used 45595K, committed 46848K, reserved 1114112K
  class space    used 4314K, committed 4864K, reserved 1048576K
}
Event: 13.131 GC heap after
{Heap after GC invocations=34 (full 2):
 PSYoungGen      total 18944K, used 1520K [0x00000000d5580000, 0x00000000d6d80000, 0x0000000100000000)
  eden space 17408K, 0% used [0x00000000d5580000,0x00000000d5580000,0x00000000d6680000)
  from space 1536K, 98% used [0x00000000d6980000,0x00000000d6afc040,0x00000000d6b00000)
  to   space 3072K, 0% used [0x00000000d6680000,0x00000000d6680000,0x00000000d6980000)
 ParOldGen       total 68608K, used 44423K [0x0000000080000000, 0x0000000084300000, 0x00000000d5580000)
  object space 68608K, 64% used [0x0000000080000000,0x0000000082b61d30,0x0000000084300000)
 Metaspace       used 45595K, committed 46848K, reserved 1114112K
  class space    used 4314K, committed 4864K, reserved 1048576K
}
Event: 13.284 GC heap before
{Heap before GC invocations=35 (full 2):
 PSYoungGen      total 18944K, used 18928K [0x00000000d5580000, 0x00000000d6d80000, 0x0000000100000000)
  eden space 17408K, 100% used [0x00000000d5580000,0x00000000d6680000,0x00000000d6680000)
  from space 1536K, 98% used [0x00000000d6980000,0x00000000d6afc040,0x00000000d6b00000)
  to   space 3072K, 0% used [0x00000000d6680000,0x00000000d6680000,0x00000000d6980000)
 ParOldGen       total 68608K, used 44423K [0x0000000080000000, 0x0000000084300000, 0x00000000d5580000)
  object space 68608K, 64% used [0x0000000080000000,0x0000000082b61d30,0x0000000084300000)
 Metaspace       used 45759K, committed 46976K, reserved 1114112K
  class space    used 4315K, committed 4864K, reserved 1048576K
}
Event: 13.286 GC heap after
{Heap after GC invocations=35 (full 2):
 PSYoungGen      total 20480K, used 2841K [0x00000000d5580000, 0x00000000d6c80000, 0x0000000100000000)
  eden space 17408K, 0% used [0x00000000d5580000,0x00000000d5580000,0x00000000d6680000)
  from space 3072K, 92% used [0x00000000d6680000,0x00000000d6946670,0x00000000d6980000)
  to   space 3072K, 0% used [0x00000000d6980000,0x00000000d6980000,0x00000000d6c80000)
 ParOldGen       total 68608K, used 45925K [0x0000000080000000, 0x0000000084300000, 0x00000000d5580000)
  object space 68608K, 66% used [0x0000000080000000,0x0000000082cd97c0,0x0000000084300000)
 Metaspace       used 45759K, committed 46976K, reserved 1114112K
  class space    used 4315K, committed 4864K, reserved 1048576K
}
Event: 13.415 GC heap before
{Heap before GC invocations=36 (full 2):
 PSYoungGen      total 20480K, used 20249K [0x00000000d5580000, 0x00000000d6c80000, 0x0000000100000000)
  eden space 17408K, 100% used [0x00000000d5580000,0x00000000d6680000,0x00000000d6680000)
  from space 3072K, 92% used [0x00000000d6680000,0x00000000d6946670,0x00000000d6980000)
  to   space 3072K, 0% used [0x00000000d6980000,0x00000000d6980000,0x00000000d6c80000)
 ParOldGen       total 68608K, used 45925K [0x0000000080000000, 0x0000000084300000, 0x00000000d5580000)
  object space 68608K, 66% used [0x0000000080000000,0x0000000082cd97c0,0x0000000084300000)
 Metaspace       used 45912K, committed 47104K, reserved 1114112K
  class space    used 4318K, committed 4864K, reserved 1048576K
}
Event: 13.418 GC heap after
{Heap after GC invocations=36 (full 2):
 PSYoungGen      total 19968K, used 2048K [0x00000000d5580000, 0x00000000d6c00000, 0x0000000100000000)
  eden space 17408K, 0% used [0x00000000d5580000,0x00000000d5580000,0x00000000d6680000)
  from space 2560K, 80% used [0x00000000d6980000,0x00000000d6b80020,0x00000000d6c00000)
  to   space 2560K, 0% used [0x00000000d6700000,0x00000000d6700000,0x00000000d6980000)
 ParOldGen       total 68608K, used 48653K [0x0000000080000000, 0x0000000084300000, 0x00000000d5580000)
  object space 68608K, 70% used [0x0000000080000000,0x0000000082f835b0,0x0000000084300000)
 Metaspace       used 45912K, committed 47104K, reserved 1114112K
  class space    used 4318K, committed 4864K, reserved 1048576K
}
Event: 13.529 GC heap before
{Heap before GC invocations=37 (full 2):
 PSYoungGen      total 19968K, used 19456K [0x00000000d5580000, 0x00000000d6c00000, 0x0000000100000000)
  eden space 17408K, 100% used [0x00000000d5580000,0x00000000d6680000,0x00000000d6680000)
  from space 2560K, 80% used [0x00000000d6980000,0x00000000d6b80020,0x00000000d6c00000)
  to   space 2560K, 0% used [0x00000000d6700000,0x00000000d6700000,0x00000000d6980000)
 ParOldGen       total 68608K, used 48653K [0x0000000080000000, 0x0000000084300000, 0x00000000d5580000)
  object space 68608K, 70% used [0x0000000080000000,0x0000000082f835b0,0x0000000084300000)
 Metaspace       used 45993K, committed 47168K, reserved 1114112K
  class space    used 4318K, committed 4864K, reserved 1048576K
}
Event: 13.532 GC heap after
{Heap after GC invocations=37 (full 2):
 PSYoungGen      total 18944K, used 1497K [0x00000000d5580000, 0x00000000d6a80000, 0x0000000100000000)
  eden space 17408K, 0% used [0x00000000d5580000,0x00000000d5580000,0x00000000d6680000)
  from space 1536K, 97% used [0x00000000d6700000,0x00000000d68764d0,0x00000000d6880000)
  to   space 2048K, 0% used [0x00000000d6880000,0x00000000d6880000,0x00000000d6a80000)
 ParOldGen       total 68608K, used 50576K [0x0000000080000000, 0x0000000084300000, 0x00000000d5580000)
  object space 68608K, 73% used [0x0000000080000000,0x00000000831643c8,0x0000000084300000)
 Metaspace       used 45993K, committed 47168K, reserved 1114112K
  class space    used 4318K, committed 4864K, reserved 1048576K
}
Event: 13.657 GC heap before
{Heap before GC invocations=38 (full 2):
 PSYoungGen      total 18944K, used 18905K [0x00000000d5580000, 0x00000000d6a80000, 0x0000000100000000)
  eden space 17408K, 100% used [0x00000000d5580000,0x00000000d6680000,0x00000000d6680000)
  from space 1536K, 97% used [0x00000000d6700000,0x00000000d68764d0,0x00000000d6880000)
  to   space 2048K, 0% used [0x00000000d6880000,0x00000000d6880000,0x00000000d6a80000)
 ParOldGen       total 68608K, used 50576K [0x0000000080000000, 0x0000000084300000, 0x00000000d5580000)
  object space 68608K, 73% used [0x0000000080000000,0x00000000831643c8,0x0000000084300000)
 Metaspace       used 46071K, committed 47296K, reserved 1114112K
  class space    used 4318K, committed 4864K, reserved 1048576K
}
Event: 13.659 GC heap after
{Heap after GC invocations=38 (full 2):
 PSYoungGen      total 17920K, used 368K [0x00000000d5580000, 0x00000000d6900000, 0x0000000100000000)
  eden space 17408K, 0% used [0x00000000d5580000,0x00000000d5580000,0x00000000d6680000)
  from space 512K, 71% used [0x00000000d6880000,0x00000000d68dc010,0x00000000d6900000)
  to   space 1024K, 0% used [0x00000000d6700000,0x00000000d6700000,0x00000000d6800000)
 ParOldGen       total 68608K, used 51501K [0x0000000080000000, 0x0000000084300000, 0x00000000d5580000)
  object space 68608K, 75% used [0x0000000080000000,0x000000008324b690,0x0000000084300000)
 Metaspace       used 46071K, committed 47296K, reserved 1114112K
  class space    used 4318K, committed 4864K, reserved 1048576K
}
Event: 13.724 GC heap before
{Heap before GC invocations=39 (full 2):
 PSYoungGen      total 17920K, used 17776K [0x00000000d5580000, 0x00000000d6900000, 0x0000000100000000)
  eden space 17408K, 100% used [0x00000000d5580000,0x00000000d6680000,0x00000000d6680000)
  from space 512K, 71% used [0x00000000d6880000,0x00000000d68dc010,0x00000000d6900000)
  to   space 1024K, 0% used [0x00000000d6700000,0x00000000d6700000,0x00000000d6800000)
 ParOldGen       total 68608K, used 51501K [0x0000000080000000, 0x0000000084300000, 0x00000000d5580000)
  object space 68608K, 75% used [0x0000000080000000,0x000000008324b690,0x0000000084300000)
 Metaspace       used 46113K, committed 47360K, reserved 1114112K
  class space    used 4318K, committed 4864K, reserved 1048576K
}
Event: 13.725 GC heap after
{Heap after GC invocations=39 (full 2):
 PSYoungGen      total 18432K, used 992K [0x00000000d5580000, 0x00000000d6b80000, 0x0000000100000000)
  eden space 17408K, 0% used [0x00000000d5580000,0x00000000d5580000,0x00000000d6680000)
  from space 1024K, 96% used [0x00000000d6700000,0x00000000d67f8020,0x00000000d6800000)
  to   space 2560K, 0% used [0x00000000d6900000,0x00000000d6900000,0x00000000d6b80000)
 ParOldGen       total 68608K, used 52358K [0x0000000080000000, 0x0000000084300000, 0x00000000d5580000)
  object space 68608K, 76% used [0x0000000080000000,0x0000000083321bd0,0x0000000084300000)
 Metaspace       used 46113K, committed 47360K, reserved 1114112K
  class space    used 4318K, committed 4864K, reserved 1048576K
}
Event: 13.808 GC heap before
{Heap before GC invocations=40 (full 2):
 PSYoungGen      total 18432K, used 18400K [0x00000000d5580000, 0x00000000d6b80000, 0x0000000100000000)
  eden space 17408K, 100% used [0x00000000d5580000,0x00000000d6680000,0x00000000d6680000)
  from space 1024K, 96% used [0x00000000d6700000,0x00000000d67f8020,0x00000000d6800000)
  to   space 2560K, 0% used [0x00000000d6900000,0x00000000d6900000,0x00000000d6b80000)
 ParOldGen       total 68608K, used 52358K [0x0000000080000000, 0x0000000084300000, 0x00000000d5580000)
  object space 68608K, 76% used [0x0000000080000000,0x0000000083321bd0,0x0000000084300000)
 Metaspace       used 46185K, committed 47424K, reserved 1114112K
  class space    used 4318K, committed 4864K, reserved 1048576K
}
Event: 13.810 GC heap after
{Heap after GC invocations=40 (full 2):
 PSYoungGen      total 18432K, used 736K [0x00000000d5580000, 0x00000000d6a00000, 0x0000000100000000)
  eden space 17408K, 0% used [0x00000000d5580000,0x00000000d5580000,0x00000000d6680000)
  from space 1024K, 71% used [0x00000000d6900000,0x00000000d69b8020,0x00000000d6a00000)
  to   space 1536K, 0% used [0x00000000d6700000,0x00000000d6700000,0x00000000d6880000)
 ParOldGen       total 68608K, used 53319K [0x0000000080000000, 0x0000000084300000, 0x00000000d5580000)
  object space 68608K, 77% used [0x0000000080000000,0x0000000083411c10,0x0000000084300000)
 Metaspace       used 46185K, committed 47424K, reserved 1114112K
  class space    used 4318K, committed 4864K, reserved 1048576K
}
Event: 45.401 GC heap before
{Heap before GC invocations=41 (full 2):
 PSYoungGen      total 18432K, used 18144K [0x00000000d5580000, 0x00000000d6a00000, 0x0000000100000000)
  eden space 17408K, 100% used [0x00000000d5580000,0x00000000d6680000,0x00000000d6680000)
  from space 1024K, 71% used [0x00000000d6900000,0x00000000d69b8020,0x00000000d6a00000)
  to   space 1536K, 0% used [0x00000000d6700000,0x00000000d6700000,0x00000000d6880000)
 ParOldGen       total 68608K, used 53319K [0x0000000080000000, 0x0000000084300000, 0x00000000d5580000)
  object space 68608K, 77% used [0x0000000080000000,0x0000000083411c10,0x0000000084300000)
 Metaspace       used 46267K, committed 47424K, reserved 1114112K
  class space    used 4318K, committed 4864K, reserved 1048576K
}
Event: 45.402 GC heap after
{Heap after GC invocations=41 (full 2):
 PSYoungGen      total 18944K, used 384K [0x00000000d5580000, 0x00000000d6980000, 0x0000000100000000)
  eden space 17408K, 0% used [0x00000000d5580000,0x00000000d5580000,0x00000000d6680000)
  from space 1536K, 25% used [0x00000000d6700000,0x00000000d6760000,0x00000000d6880000)
  to   space 1024K, 0% used [0x00000000d6880000,0x00000000d6880000,0x00000000d6980000)
 ParOldGen       total 68608K, used 53607K [0x0000000080000000, 0x0000000084300000, 0x00000000d5580000)
  object space 68608K, 78% used [0x0000000080000000,0x0000000083459c30,0x0000000084300000)
 Metaspace       used 46267K, committed 47424K, reserved 1114112K
  class space    used 4318K, committed 4864K, reserved 1048576K
}

Dll operation events (10 events):
Event: 0.033 Loaded shared library c:\Users\PC\.vscode\extensions\redhat.java-1.43.1-win32-x64\jre\21.0.7-win32-x86_64\bin\java.dll
Event: 0.098 Loaded shared library c:\Users\PC\.vscode\extensions\redhat.java-1.43.1-win32-x64\jre\21.0.7-win32-x86_64\bin\zip.dll
Event: 0.120 Loaded shared library C:\Users\PC\.vscode\extensions\redhat.java-1.43.1-win32-x64\jre\21.0.7-win32-x86_64\bin\instrument.dll
Event: 0.125 Loaded shared library C:\Users\PC\.vscode\extensions\redhat.java-1.43.1-win32-x64\jre\21.0.7-win32-x86_64\bin\net.dll
Event: 0.127 Loaded shared library C:\Users\PC\.vscode\extensions\redhat.java-1.43.1-win32-x64\jre\21.0.7-win32-x86_64\bin\nio.dll
Event: 0.130 Loaded shared library C:\Users\PC\.vscode\extensions\redhat.java-1.43.1-win32-x64\jre\21.0.7-win32-x86_64\bin\zip.dll
Event: 0.148 Loaded shared library C:\Users\PC\.vscode\extensions\redhat.java-1.43.1-win32-x64\jre\21.0.7-win32-x86_64\bin\jimage.dll
Event: 0.212 Loaded shared library c:\Users\PC\.vscode\extensions\redhat.java-1.43.1-win32-x64\jre\21.0.7-win32-x86_64\bin\verify.dll
Event: 4.198 Loaded shared library C:\Users\PC\AppData\Roaming\Code\User\globalStorage\redhat.java\1.43.1\config_ss_win\org.eclipse.equinox.launcher\org.eclipse.equinox.launcher.win32.win32.x86_64_1.2.1300.v20250331-1702\eclipse_11911.dll
Event: 4.931 Loaded shared library C:\Users\PC\AppData\Local\Temp\jna-2547\jna17126457583738317108.dll

Deoptimization events (20 events):
Event: 57.215 Thread 0x00000296948eb360 Uncommon trap: trap_request=0xffffffde fr.pc=0x000002964042cc7c relative=0x000000000000061c
Event: 57.215 Thread 0x00000296948eb360 Uncommon trap: reason=class_check action=maybe_recompile pc=0x000002964042cc7c method=java.util.Spliterators$1Adapter.hasNext()Z @ 12 c2
Event: 57.215 Thread 0x00000296948eb360 DEOPT PACKING pc=0x000002964042cc7c sp=0x000000a84adfe960
Event: 57.215 Thread 0x00000296948eb360 DEOPT UNPACKING pc=0x000002963fca3aa2 sp=0x000000a84adfe918 mode 2
Event: 57.215 Thread 0x00000296948eb360 Uncommon trap: trap_request=0xffffffde fr.pc=0x000002964042cc7c relative=0x000000000000061c
Event: 57.215 Thread 0x00000296948eb360 Uncommon trap: reason=class_check action=maybe_recompile pc=0x000002964042cc7c method=java.util.Spliterators$1Adapter.hasNext()Z @ 12 c2
Event: 57.215 Thread 0x00000296948eb360 DEOPT PACKING pc=0x000002964042cc7c sp=0x000000a84adfe960
Event: 57.215 Thread 0x00000296948eb360 DEOPT UNPACKING pc=0x000002963fca3aa2 sp=0x000000a84adfe918 mode 2
Event: 57.222 Thread 0x00000296948eb360 Uncommon trap: trap_request=0xffffff45 fr.pc=0x000002964084a6b4 relative=0x0000000000001154
Event: 57.222 Thread 0x00000296948eb360 Uncommon trap: reason=unstable_if action=reinterpret pc=0x000002964084a6b4 method=org.eclipse.core.runtime.Path.toOSString()Ljava/lang/String; @ 28 c2
Event: 57.222 Thread 0x00000296948eb360 DEOPT PACKING pc=0x000002964084a6b4 sp=0x000000a84adfed80
Event: 57.222 Thread 0x00000296948eb360 DEOPT UNPACKING pc=0x000002963fca3aa2 sp=0x000000a84adfed40 mode 2
Event: 57.225 Thread 0x000002969537f580 Uncommon trap: trap_request=0xffffff45 fr.pc=0x00000296407969f4 relative=0x00000000000000d4
Event: 57.225 Thread 0x000002969537f580 Uncommon trap: reason=unstable_if action=reinterpret pc=0x00000296407969f4 method=java.util.stream.AbstractPipeline.sourceSpliterator(I)Ljava/util/Spliterator; @ 82 c2
Event: 57.225 Thread 0x000002969537f580 DEOPT PACKING pc=0x00000296407969f4 sp=0x000000a84a7fefd0
Event: 57.225 Thread 0x000002969537f580 DEOPT UNPACKING pc=0x000002963fca3aa2 sp=0x000000a84a7fef30 mode 2
Event: 57.229 Thread 0x000002969537f580 Uncommon trap: trap_request=0xffffff45 fr.pc=0x00000296405328fc relative=0x00000000000006bc
Event: 57.229 Thread 0x000002969537f580 Uncommon trap: reason=unstable_if action=reinterpret pc=0x00000296405328fc method=java.util.HashMap.putVal(ILjava/lang/Object;Ljava/lang/Object;ZZ)Ljava/lang/Object; @ 236 c2
Event: 57.229 Thread 0x000002969537f580 DEOPT PACKING pc=0x00000296405328fc sp=0x000000a84a7fe370
Event: 57.229 Thread 0x000002969537f580 DEOPT UNPACKING pc=0x000002963fca3aa2 sp=0x000000a84a7fe2e8 mode 2

Classes loaded (20 events):
Event: 57.224 Loading class java/util/concurrent/ForkJoinTask$AdaptedCallable
Event: 57.224 Loading class java/util/concurrent/ForkJoinTask$AdaptedCallable done
Event: 57.225 Loading class java/util/stream/Nodes$CollectorTask$OfRef
Event: 57.226 Loading class java/util/stream/Nodes$CollectorTask
Event: 57.226 Loading class java/util/stream/Nodes$CollectorTask done
Event: 57.226 Loading class java/util/stream/Nodes$CollectorTask$OfRef done
Event: 57.226 Loading class java/util/function/LongFunction
Event: 57.226 Loading class java/util/function/LongFunction done
Event: 57.226 Loading class java/util/stream/Nodes$ConcNode
Event: 57.226 Loading class java/util/stream/Nodes$AbstractConcNode
Event: 57.226 Loading class java/util/stream/Nodes$AbstractConcNode done
Event: 57.226 Loading class java/util/stream/Nodes$ConcNode done
Event: 57.227 Loading class java/util/zip/Deflater
Event: 57.227 Loading class java/util/zip/Deflater done
Event: 57.228 Loading class java/util/zip/Deflater$DeflaterZStreamRef
Event: 57.228 Loading class java/util/zip/Deflater$DeflaterZStreamRef done
Event: 57.236 Loading class java/util/concurrent/Executors$DelegatedScheduledExecutorService
Event: 57.236 Loading class java/util/concurrent/Executors$DelegatedExecutorService
Event: 57.236 Loading class java/util/concurrent/Executors$DelegatedExecutorService done
Event: 57.236 Loading class java/util/concurrent/Executors$DelegatedScheduledExecutorService done

Classes unloaded (7 events):
Event: 5.281 Thread 0x00000296355ee8c0 Unloading class 0x000002964d184800 'java/lang/invoke/LambdaForm$MH+0x000002964d184800'
Event: 5.281 Thread 0x00000296355ee8c0 Unloading class 0x000002964d184400 'java/lang/invoke/LambdaForm$MH+0x000002964d184400'
Event: 5.281 Thread 0x00000296355ee8c0 Unloading class 0x000002964d184000 'java/lang/invoke/LambdaForm$MH+0x000002964d184000'
Event: 5.281 Thread 0x00000296355ee8c0 Unloading class 0x000002964d183c00 'java/lang/invoke/LambdaForm$MH+0x000002964d183c00'
Event: 5.281 Thread 0x00000296355ee8c0 Unloading class 0x000002964d183800 'java/lang/invoke/LambdaForm$BMH+0x000002964d183800'
Event: 5.281 Thread 0x00000296355ee8c0 Unloading class 0x000002964d183400 'java/lang/invoke/LambdaForm$DMH+0x000002964d183400'
Event: 5.281 Thread 0x00000296355ee8c0 Unloading class 0x000002964d182000 'java/lang/invoke/LambdaForm$DMH+0x000002964d182000'

Classes redefined (0 events):
No events

Internal exceptions (20 events):
Event: 9.801 Thread 0x0000029694a724e0 Exception <a 'java/io/FileNotFoundException'{0x00000000d654d380}> (0x00000000d654d380) 
thrown [s\src\hotspot\share\prims\jni.cpp, line 520]
Event: 9.801 Thread 0x0000029694a724e0 Exception <a 'java/io/FileNotFoundException'{0x00000000d654e378}> (0x00000000d654e378) 
thrown [s\src\hotspot\share\prims\jni.cpp, line 520]
Event: 9.801 Thread 0x0000029694a724e0 Exception <a 'java/io/FileNotFoundException'{0x00000000d654fd90}> (0x00000000d654fd90) 
thrown [s\src\hotspot\share\prims\jni.cpp, line 520]
Event: 9.801 Thread 0x0000029694a724e0 Exception <a 'java/io/FileNotFoundException'{0x00000000d6551030}> (0x00000000d6551030) 
thrown [s\src\hotspot\share\prims\jni.cpp, line 520]
Event: 9.801 Thread 0x0000029694a724e0 Exception <a 'java/io/FileNotFoundException'{0x00000000d6552288}> (0x00000000d6552288) 
thrown [s\src\hotspot\share\prims\jni.cpp, line 520]
Event: 9.828 Thread 0x0000029695cb4630 Exception <a 'java/lang/NoSuchMethodError'{0x00000000d683dea0}: 'java.lang.Object java.lang.invoke.DirectMethodHandle$Holder.invokeStatic(java.lang.Object, java.lang.Object, int, int)'> (0x00000000d683dea0) 
thrown [s\src\hotspot\share\interpreter\linkResolver.cpp, line 773]
Event: 9.829 Thread 0x0000029695cb4630 Exception <a 'java/lang/NoSuchMethodError'{0x00000000d68422a0}: 'java.lang.Object java.lang.invoke.DirectMethodHandle$Holder.invokeSpecial(java.lang.Object, java.lang.Object, java.lang.Object, int, int)'> (0x00000000d68422a0) 
thrown [s\src\hotspot\share\interpreter\linkResolver.cpp, line 773]
Event: 9.982 Thread 0x0000029694a724e0 Exception <a 'java/lang/NoSuchMethodError'{0x00000000d606fb28}: 'int java.lang.invoke.DirectMethodHandle$Holder.invokeSpecialIFC(java.lang.Object, java.lang.Object, java.lang.Object)'> (0x00000000d606fb28) 
thrown [s\src\hotspot\share\interpreter\linkResolver.cpp, line 773]
Event: 10.860 Thread 0x0000029695cb4630 Exception <a 'java/lang/IncompatibleClassChangeError'{0x00000000d603ae68}: Found class java.lang.Object, but interface was expected> (0x00000000d603ae68) 
thrown [s\src\hotspot\share\interpreter\linkResolver.cpp, line 840]
Event: 10.863 Thread 0x0000029695cb4630 Exception <a 'java/lang/IncompatibleClassChangeError'{0x00000000d605ece8}: Found class java.lang.Object, but interface was expected> (0x00000000d605ece8) 
thrown [s\src\hotspot\share\interpreter\linkResolver.cpp, line 840]
Event: 11.316 Thread 0x0000029694a724e0 Exception <a 'java/lang/NoSuchMethodError'{0x00000000d6147c70}: 'java.lang.Object java.lang.invoke.DirectMethodHandle$Holder.invokeSpecial(java.lang.Object, java.lang.Object, int, long)'> (0x00000000d6147c70) 
thrown [s\src\hotspot\share\interpreter\linkResolver.cpp, line 773]
Event: 11.334 Thread 0x0000029695cb4cc0 Exception <a 'java/lang/ArrayIndexOutOfBoundsException'{0x00000000d63c5ec8}> (0x00000000d63c5ec8) 
thrown [s\src\hotspot\share\runtime\sharedRuntime.cpp, line 625]
Event: 11.370 Thread 0x0000029695cb11b0 Exception <a 'java/lang/NoSuchMethodError'{0x00000000d6638b18}: 'int java.lang.invoke.Invokers$Holder.invokeExact_MT(java.lang.Object, java.lang.Object)'> (0x00000000d6638b18) 
thrown [s\src\hotspot\share\interpreter\linkResolver.cpp, line 773]
Event: 11.425 Thread 0x0000029695cb11b0 Exception <a 'java/lang/NoSuchMethodError'{0x00000000d5714e10}: 'int java.lang.invoke.DirectMethodHandle$Holder.invokeInterface(java.lang.Object, java.lang.Object)'> (0x00000000d5714e10) 
thrown [s\src\hotspot\share\interpreter\linkResolver.cpp, line 773]
Event: 11.425 Thread 0x0000029695cb11b0 Exception <a 'java/lang/IncompatibleClassChangeError'{0x00000000d57331a8}: Found class java.lang.Object, but interface was expected> (0x00000000d57331a8) 
thrown [s\src\hotspot\share\interpreter\linkResolver.cpp, line 840]
Event: 11.443 Thread 0x0000029695cb2560 Implicit null exception at 0x00000296405240bf to 0x0000029640524112
Event: 11.551 Thread 0x0000029695cb2560 Exception <a 'java/lang/NoSuchMethodError'{0x00000000d652b598}: 'void java.lang.invoke.DirectMethodHandle$Holder.invokeVirtual(java.lang.Object, java.lang.Object, java.lang.Object, java.lang.Object, java.lang.Object)'> (0x00000000d652b598) 
thrown [s\src\hotspot\share\interpreter\linkResolver.cpp, line 773]
Event: 13.468 Thread 0x0000029695cb11b0 Exception <a 'java/lang/ArrayIndexOutOfBoundsException'{0x00000000d5d7fd20}: Index 9782 out of bounds for length 9781> (0x00000000d5d7fd20) 
thrown [s\src\hotspot\share\interpreter\interpreterRuntime.cpp, line 439]
Event: 57.222 Thread 0x00000296948eb360 Implicit null exception at 0x000002964084982e to 0x000002964084a698
Event: 57.235 Thread 0x0000029695cb4630 Exception <a 'java/lang/NoSuchMethodError'{0x00000000d5654490}: 'void java.lang.invoke.DirectMethodHandle$Holder.invokeInterface(java.lang.Object, java.lang.Object)'> (0x00000000d5654490) 
thrown [s\src\hotspot\share\interpreter\linkResolver.cpp, line 773]

ZGC Phase Switch (0 events):
No events

VM Operations (20 events):
Event: 13.808 Executing VM operation: ParallelGCFailedAllocation (Allocation Failure)
Event: 13.810 Executing VM operation: ParallelGCFailedAllocation (Allocation Failure) done
Event: 14.814 Executing VM operation: Cleanup
Event: 14.814 Executing VM operation: Cleanup done
Event: 15.822 Executing VM operation: Cleanup
Event: 15.822 Executing VM operation: Cleanup done
Event: 24.889 Executing VM operation: Cleanup
Event: 24.890 Executing VM operation: Cleanup done
Event: 32.911 Executing VM operation: Cleanup
Event: 32.911 Executing VM operation: Cleanup done
Event: 35.929 Executing VM operation: Cleanup
Event: 35.929 Executing VM operation: Cleanup done
Event: 38.951 Executing VM operation: Cleanup
Event: 38.951 Executing VM operation: Cleanup done
Event: 42.978 Executing VM operation: Cleanup
Event: 42.978 Executing VM operation: Cleanup done
Event: 45.401 Executing VM operation: ParallelGCFailedAllocation (Allocation Failure)
Event: 45.402 Executing VM operation: ParallelGCFailedAllocation (Allocation Failure) done
Event: 49.436 Executing VM operation: Cleanup
Event: 49.436 Executing VM operation: Cleanup done

Memory protections (0 events):
No events

Nmethod flushes (20 events):
Event: 8.569 Thread 0x00000296355ee8c0 flushing  nmethod 0x0000029638b83a10
Event: 8.569 Thread 0x00000296355ee8c0 flushing  nmethod 0x0000029638b83d90
Event: 8.569 Thread 0x00000296355ee8c0 flushing  nmethod 0x0000029638b84110
Event: 8.569 Thread 0x00000296355ee8c0 flushing  nmethod 0x0000029638b84990
Event: 8.569 Thread 0x00000296355ee8c0 flushing  nmethod 0x0000029638b84e90
Event: 8.569 Thread 0x00000296355ee8c0 flushing  nmethod 0x0000029638b85690
Event: 8.569 Thread 0x00000296355ee8c0 flushing  nmethod 0x0000029638b85a10
Event: 8.569 Thread 0x00000296355ee8c0 flushing  nmethod 0x0000029638b87290
Event: 8.569 Thread 0x00000296355ee8c0 flushing  nmethod 0x0000029638b8a310
Event: 8.569 Thread 0x00000296355ee8c0 flushing  nmethod 0x0000029638bab590
Event: 8.569 Thread 0x00000296355ee8c0 flushing  nmethod 0x0000029638bc3290
Event: 8.569 Thread 0x00000296355ee8c0 flushing  nmethod 0x0000029638bfdd90
Event: 8.569 Thread 0x00000296355ee8c0 flushing  nmethod 0x0000029638bfe610
Event: 8.569 Thread 0x00000296355ee8c0 flushing  nmethod 0x0000029638bffa10
Event: 8.569 Thread 0x00000296355ee8c0 flushing  nmethod 0x0000029638c07f90
Event: 8.569 Thread 0x00000296355ee8c0 flushing  nmethod 0x0000029638c16290
Event: 8.569 Thread 0x00000296355ee8c0 flushing  nmethod 0x0000029638c16790
Event: 8.569 Thread 0x00000296355ee8c0 flushing  nmethod 0x0000029638c21d10
Event: 8.569 Thread 0x00000296355ee8c0 flushing  nmethod 0x0000029638c23690
Event: 8.569 Thread 0x00000296355ee8c0 flushing  nmethod 0x0000029638c32e10

Events (20 events):
Event: 11.368 Thread 0x0000029694a724e0 Thread added: 0x0000029695381650
Event: 11.388 Thread 0x000002968dc56be0 Thread added: 0x00000296977a5e30
Event: 11.924 Thread 0x00000296977a5e30 Thread exited: 0x00000296977a5e30
Event: 11.924 Thread 0x000002969815d540 Thread exited: 0x000002969815d540
Event: 11.938 Thread 0x000002968dc56be0 Thread added: 0x00000296977a5e30
Event: 11.967 Thread 0x000002968dc56be0 Thread added: 0x0000029695a80030
Event: 15.122 Thread 0x0000029695a80030 Thread exited: 0x0000029695a80030
Event: 15.123 Thread 0x00000296977a5e30 Thread exited: 0x00000296977a5e30
Event: 24.539 Thread 0x000002968dc56be0 Thread added: 0x00000296977a5e30
Event: 29.547 Thread 0x00000296977a5e30 Thread exited: 0x00000296977a5e30
Event: 32.354 Thread 0x000002968dc56be0 Thread added: 0x00000296977a5e30
Event: 32.355 Thread 0x000002968dc56be0 Thread added: 0x0000029695a80030
Event: 34.969 Thread 0x0000029695a80030 Thread exited: 0x0000029695a80030
Event: 34.969 Thread 0x00000296977a5e30 Thread exited: 0x00000296977a5e30
Event: 34.976 Thread 0x000002968dc56be0 Thread added: 0x00000296977a5e30
Event: 38.811 Thread 0x00000296977a5e30 Thread exited: 0x00000296977a5e30
Event: 57.224 Thread 0x00000296948eb360 Thread added: 0x000002969537f580
Event: 57.233 Thread 0x000002968dc56be0 Thread added: 0x00000296977a5e30
Event: 57.237 Thread 0x0000029695cb4630 Thread added: 0x0000029695380930
Event: 57.239 Thread 0x000002969537f580 Thread exited: 0x000002969537f580


Dynamic libraries:
0x00007ff7e9360000 - 0x00007ff7e936e000 	c:\Users\PC\.vscode\extensions\redhat.java-1.43.1-win32-x64\jre\21.0.7-win32-x86_64\bin\java.exe
0x00007ff9beb70000 - 0x00007ff9bed68000 	C:\Windows\SYSTEM32\ntdll.dll
0x00007ff9bd620000 - 0x00007ff9bd6e2000 	C:\Windows\System32\KERNEL32.DLL
0x00007ff9bc640000 - 0x00007ff9bc936000 	C:\Windows\System32\KERNELBASE.dll
0x00007ff9bc940000 - 0x00007ff9bca40000 	C:\Windows\System32\ucrtbase.dll
0x00007ff9a0d30000 - 0x00007ff9a0d48000 	c:\Users\PC\.vscode\extensions\redhat.java-1.43.1-win32-x64\jre\21.0.7-win32-x86_64\bin\jli.dll
0x00007ff9bd0d0000 - 0x00007ff9bd26d000 	C:\Windows\System32\USER32.dll
0x00007ff9bc360000 - 0x00007ff9bc382000 	C:\Windows\System32\win32u.dll
0x00007ff9bd460000 - 0x00007ff9bd48b000 	C:\Windows\System32\GDI32.dll
0x00007ff9bc3e0000 - 0x00007ff9bc4f9000 	C:\Windows\System32\gdi32full.dll
0x00007ff9bcaf0000 - 0x00007ff9bcb8d000 	C:\Windows\System32\msvcp_win.dll
0x00007ff997590000 - 0x00007ff9975ae000 	c:\Users\PC\.vscode\extensions\redhat.java-1.43.1-win32-x64\jre\21.0.7-win32-x86_64\bin\VCRUNTIME140.dll
0x00007ff9a1860000 - 0x00007ff9a1afa000 	C:\Windows\WinSxS\amd64_microsoft.windows.common-controls_6595b64144ccf1df_6.0.19041.5915_none_60b4b9d171f9c7c7\COMCTL32.dll
0x00007ff9bd3c0000 - 0x00007ff9bd45e000 	C:\Windows\System32\msvcrt.dll
0x00007ff9bd0a0000 - 0x00007ff9bd0cf000 	C:\Windows\System32\IMM32.DLL
0x00007ff99af50000 - 0x00007ff99b042000 	C:\Program Files\Windhawk\Engine\1.6.1\64\windhawk.dll
0x00007ff9be160000 - 0x00007ff9be211000 	C:\Windows\System32\ADVAPI32.dll
0x00007ff9bd000000 - 0x00007ff9bd09f000 	C:\Windows\System32\sechost.dll
0x00007ff9bd7a0000 - 0x00007ff9bd8c3000 	C:\Windows\System32\RPCRT4.dll
0x00007ff9bc610000 - 0x00007ff9bc637000 	C:\Windows\System32\bcrypt.dll
0x00007ff99c300000 - 0x00007ff99c318000 	C:\ProgramData\Windhawk\Engine\Mods\64\remove-ms-store-open-with_1.0.0_410510.dll
0x00007ff9bd9f0000 - 0x00007ff9be15e000 	C:\Windows\System32\shell32.dll
0x00007ff99c2e0000 - 0x00007ff99c2f8000 	C:\ProgramData\Windhawk\Engine\Mods\64\dark-menus_1.2_337485.dll
0x00007ff9b9b10000 - 0x00007ff9b9bae000 	C:\Windows\SYSTEM32\uxtheme.dll
0x00007ff9be360000 - 0x00007ff9be6b3000 	C:\Windows\System32\combase.dll
0x00007ff99c2c0000 - 0x00007ff99c2d9000 	C:\ProgramData\Windhawk\Engine\Mods\64\eradicate-immersive-menus_1.1.0_984086.dll
0x00007ff99ad40000 - 0x00007ff99aee9000 	C:\ProgramData\Windhawk\Engine\Mods\64\libc++.whl
0x00007ff99b3d0000 - 0x00007ff99b40a000 	C:\ProgramData\Windhawk\Engine\Mods\64\libunwind.whl
0x00007ff99aae0000 - 0x00007ff99ad38000 	C:\Windows\SYSTEM32\ExplorerFrame.dll
0x00007ff9be220000 - 0x00007ff9be27b000 	C:\Windows\System32\SHLWAPI.dll
0x00007ff9b87a0000 - 0x00007ff9b8d60000 	C:\Windows\SYSTEM32\d2d1.dll
0x0000029634a90000 - 0x0000029634b3d000 	C:\Windows\System32\SHCORE.dll
0x00007ff99c210000 - 0x00007ff99c236000 	C:\ProgramData\Windhawk\Engine\Mods\64\slick-window-arrangement_455580.dll
0x00007ff9b9c20000 - 0x00007ff9b9c4f000 	C:\Windows\SYSTEM32\dwmapi.dll
0x00007ff99a5f0000 - 0x00007ff99a799000 	C:\ProgramData\Windhawk\Engine\Mods\64\libc++.dll
0x00007ff99a5b0000 - 0x00007ff99a5ea000 	C:\ProgramData\Windhawk\Engine\Mods\64\libunwind.dll
0x00007ff99a430000 - 0x00007ff99a44d000 	C:\ProgramData\Windhawk\Engine\Mods\64\modernize-folder-picker-dialog_1.0.0_154629.dll
0x00007ff9bd4f0000 - 0x00007ff9bd61b000 	C:\Windows\System32\ole32.dll
0x00007ff99a3d0000 - 0x00007ff99a3eb000 	C:\ProgramData\Windhawk\Engine\Mods\64\msg-box-font-fix_2.1.1_295034.dll
0x00007ff9b7aa0000 - 0x00007ff9b7aac000 	c:\Users\PC\.vscode\extensions\redhat.java-1.43.1-win32-x64\jre\21.0.7-win32-x86_64\bin\vcruntime140_1.dll
0x00007ff971f40000 - 0x00007ff971fcd000 	c:\Users\PC\.vscode\extensions\redhat.java-1.43.1-win32-x64\jre\21.0.7-win32-x86_64\bin\msvcp140.dll
0x00007ff939fc0000 - 0x00007ff93ad50000 	c:\Users\PC\.vscode\extensions\redhat.java-1.43.1-win32-x64\jre\21.0.7-win32-x86_64\bin\server\jvm.dll
0x00007ff9bd350000 - 0x00007ff9bd3bb000 	C:\Windows\System32\WS2_32.dll
0x00007ff9bbfb0000 - 0x00007ff9bbffb000 	C:\Windows\SYSTEM32\POWRPROF.dll
0x00007ff9b2f20000 - 0x00007ff9b2f47000 	C:\Windows\SYSTEM32\WINMM.dll
0x00007ff9b2e30000 - 0x00007ff9b2e3a000 	C:\Windows\SYSTEM32\VERSION.dll
0x00007ff9bbf90000 - 0x00007ff9bbfa2000 	C:\Windows\SYSTEM32\UMPDC.dll
0x00007ff9ba000000 - 0x00007ff9ba012000 	C:\Windows\SYSTEM32\kernel.appcore.dll
0x00007ff9b79e0000 - 0x00007ff9b79ea000 	c:\Users\PC\.vscode\extensions\redhat.java-1.43.1-win32-x64\jre\21.0.7-win32-x86_64\bin\jimage.dll
0x00007ff9ad650000 - 0x00007ff9ad851000 	C:\Windows\SYSTEM32\DBGHELP.DLL
0x00007ff9a8a40000 - 0x00007ff9a8a74000 	C:\Windows\SYSTEM32\dbgcore.DLL
0x00007ff9bc500000 - 0x00007ff9bc582000 	C:\Windows\System32\bcryptPrimitives.dll
0x00007ff9b7970000 - 0x00007ff9b797f000 	c:\Users\PC\.vscode\extensions\redhat.java-1.43.1-win32-x64\jre\21.0.7-win32-x86_64\bin\instrument.dll
0x00007ff995600000 - 0x00007ff99561f000 	c:\Users\PC\.vscode\extensions\redhat.java-1.43.1-win32-x64\jre\21.0.7-win32-x86_64\bin\java.dll
0x00007ff9ba220000 - 0x00007ff9ba9c4000 	C:\Windows\SYSTEM32\windows.storage.dll
0x00007ff9bba80000 - 0x00007ff9bbaab000 	C:\Windows\SYSTEM32\Wldp.dll
0x00007ff9be280000 - 0x00007ff9be34d000 	C:\Windows\System32\OLEAUT32.dll
0x00007ff9bc130000 - 0x00007ff9bc155000 	C:\Windows\SYSTEM32\profapi.dll
0x00007ff9a4150000 - 0x00007ff9a4168000 	c:\Users\PC\.vscode\extensions\redhat.java-1.43.1-win32-x64\jre\21.0.7-win32-x86_64\bin\zip.dll
0x00007ff9b5fa0000 - 0x00007ff9b5fb0000 	C:\Users\PC\.vscode\extensions\redhat.java-1.43.1-win32-x64\jre\21.0.7-win32-x86_64\bin\net.dll
0x00007ff9b6290000 - 0x00007ff9b639a000 	C:\Windows\SYSTEM32\WINHTTP.dll
0x00007ff9bb860000 - 0x00007ff9bb8ca000 	C:\Windows\system32\mswsock.dll
0x00007ff9a4130000 - 0x00007ff9a4146000 	C:\Users\PC\.vscode\extensions\redhat.java-1.43.1-win32-x64\jre\21.0.7-win32-x86_64\bin\nio.dll
0x00007ff9aea80000 - 0x00007ff9aea90000 	c:\Users\PC\.vscode\extensions\redhat.java-1.43.1-win32-x64\jre\21.0.7-win32-x86_64\bin\verify.dll
0x00007ff97b360000 - 0x00007ff97b3a5000 	C:\Users\PC\AppData\Roaming\Code\User\globalStorage\redhat.java\1.43.1\config_ss_win\org.eclipse.equinox.launcher\org.eclipse.equinox.launcher.win32.win32.x86_64_1.2.1300.v20250331-1702\eclipse_11911.dll
0x00007ff9bbac0000 - 0x00007ff9bbad8000 	C:\Windows\SYSTEM32\CRYPTSP.dll
0x00007ff9bb1a0000 - 0x00007ff9bb1d8000 	C:\Windows\system32\rsaenh.dll
0x00007ff9bc0f0000 - 0x00007ff9bc11e000 	C:\Windows\SYSTEM32\USERENV.dll
0x00007ff9bb9f0000 - 0x00007ff9bb9fc000 	C:\Windows\SYSTEM32\CRYPTBASE.dll
0x00007ff9bb560000 - 0x00007ff9bb59b000 	C:\Windows\SYSTEM32\IPHLPAPI.DLL
0x00007ff9be350000 - 0x00007ff9be358000 	C:\Windows\System32\NSI.dll
0x00007ff97b090000 - 0x00007ff97b0d9000 	C:\Users\PC\AppData\Local\Temp\jna-2547\jna17126457583738317108.dll
0x00007ff9bce40000 - 0x00007ff9bce48000 	C:\Windows\System32\PSAPI.DLL
0x00007ff9b4cb0000 - 0x00007ff9b4cc7000 	C:\Windows\SYSTEM32\dhcpcsvc6.DLL
0x00007ff9b5560000 - 0x00007ff9b557d000 	C:\Windows\SYSTEM32\dhcpcsvc.DLL

dbghelp: loaded successfully - version: 4.0.5 - missing functions: none
symbol engine: initialized successfully - sym options: 0x614 - pdb path: .;c:\Users\PC\.vscode\extensions\redhat.java-1.43.1-win32-x64\jre\21.0.7-win32-x86_64\bin;C:\Windows\SYSTEM32;C:\Windows\WinSxS\amd64_microsoft.windows.common-controls_6595b64144ccf1df_6.0.19041.5915_none_60b4b9d171f9c7c7;C:\Program Files\Windhawk\Engine\1.6.1\64;C:\ProgramData\Windhawk\Engine\Mods\64;c:\Users\PC\.vscode\extensions\redhat.java-1.43.1-win32-x64\jre\21.0.7-win32-x86_64\bin\server;C:\Users\PC\AppData\Roaming\Code\User\globalStorage\redhat.java\1.43.1\config_ss_win\org.eclipse.equinox.launcher\org.eclipse.equinox.launcher.win32.win32.x86_64_1.2.1300.v20250331-1702;C:\Users\PC\AppData\Local\Temp\jna-2547

VM Arguments:
jvm_args: --add-modules=ALL-SYSTEM --add-opens=java.base/java.util=ALL-UNNAMED --add-opens=java.base/java.lang=ALL-UNNAMED --add-opens=java.base/sun.nio.fs=ALL-UNNAMED -Declipse.application=org.eclipse.jdt.ls.core.id1 -Dosgi.bundles.defaultStartLevel=4 -Declipse.product=org.eclipse.jdt.ls.core.product -Djava.import.generatesMetadataFilesAtProjectRoot=false -DDetectVMInstallationsJob.disabled=true -Dfile.encoding=utf8 -XX:+UseParallelGC -XX:GCTimeRatio=4 -XX:AdaptiveSizePolicyWeight=90 -Dsun.zip.disableMemoryMapping=true -Xmx2G -Xms100m -Xlog:disable -javaagent:c:\Users\PC\.vscode\extensions\redhat.java-1.43.1-win32-x64\lombok\lombok-1.18.39-4050.jar 
java_command: c:\Users\PC\.vscode\extensions\redhat.java-1.43.1-win32-x64\server\plugins\org.eclipse.equinox.launcher_1.7.0.v20250519-0528.jar -configuration c:\Users\PC\AppData\Roaming\Code\User\globalStorage\redhat.java\1.43.1\config_ss_win -data c:\Users\PC\AppData\Roaming\Code\User\workspaceStorage\009dd066dbfd86fb48ec25db317acb20\redhat.java\ss_ws --pipe=\\.\pipe\lsp-b306be47993c354bf3695393e9044640-sock
java_class_path (initial): c:\Users\PC\.vscode\extensions\redhat.java-1.43.1-win32-x64\server\plugins\org.eclipse.equinox.launcher_1.7.0.v20250519-0528.jar
Launcher Type: SUN_STANDARD

[Global flags]
    uintx AdaptiveSizePolicyWeight                 = 90                                        {product} {command line}
     intx CICompilerCount                          = 4                                         {product} {ergonomic}
    uintx GCTimeRatio                              = 4                                         {product} {command line}
   size_t InitialHeapSize                          = 104857600                                 {product} {command line}
   size_t MaxHeapSize                              = 2147483648                                {product} {command line}
   size_t MaxNewSize                               = 715653120                                 {product} {ergonomic}
   size_t MinHeapDeltaBytes                        = 524288                                    {product} {ergonomic}
   size_t MinHeapSize                              = 104857600                                 {product} {command line}
   size_t NewSize                                  = 34603008                                  {product} {ergonomic}
    uintx NonNMethodCodeHeapSize                   = 5839372                                {pd product} {ergonomic}
    uintx NonProfiledCodeHeapSize                  = 122909434                              {pd product} {ergonomic}
   size_t OldSize                                  = 70254592                                  {product} {ergonomic}
    uintx ProfiledCodeHeapSize                     = 122909434                              {pd product} {ergonomic}
    uintx ReservedCodeCacheSize                    = 251658240                              {pd product} {ergonomic}
     bool SegmentedCodeCache                       = true                                      {product} {ergonomic}
   size_t SoftMaxHeapSize                          = 2147483648                             {manageable} {ergonomic}
     bool UseCompressedOops                        = true                           {product lp64_product} {ergonomic}
     bool UseLargePagesIndividualAllocation        = false                                  {pd product} {ergonomic}
     bool UseParallelGC                            = true                                      {product} {command line}

Logging:
Log output configuration:
 #0: stdout all=off uptime,level,tags foldmultilines=false
 #1: stderr all=off uptime,level,tags foldmultilines=false

Environment Variables:
PATH=C:\Program Files\Common Files\Oracle\Java\javapath;C:\Program Files (x86)\Common Files\Oracle\Java\javapath;C:\Windows\system32;C:\Windows;C:\Windows\System32\Wbem;C:\Windows\System32\WindowsPowerShell\v1.0\;C:\Windows\System32\OpenSSH\;C:\Program Files\dotnet\;C:\Program Files\Git\cmd;D:\Program Files\CMake\bin;C:\Program Files (x86)\Microsoft SQL Server\160\Tools\Binn\;C:\Program Files\Microsoft SQL Server\160\Tools\Binn\;C:\Program Files\Microsoft SQL Server\Client SDK\ODBC\170\Tools\Binn\;C:\Program Files\Microsoft SQL Server\160\DTS\Binn\;C:\Program Files (x86)\Microsoft SQL Server\160\DTS\Binn\;C:\Program Files\Cloudflare\Cloudflare WARP\;C:\Program Files\nodejs\;C:\ProgramData\chocolatey\bin;C:\Program Files\Docker\Docker\resources\bin;C:\Users\PC\AppData\Local\Programs\Python\Python313\;C:\Users\PC\AppData\Local\Programs\Python\Python313\Scripts;C:\Users\PC\AppData\Local\Packages\PythonSoftwareFoundation.Python.3.13_qbz5n2kfra8p0\LocalCache\local-packages\Python313\Scripts;C:\Users\PC\AppData\Local\Programs\Python\Launcher\;C:\Users\PC\AppData\Local\Microsoft\WindowsApps;D:\Program Files\VSCode\bin;C:\Users\PC\AppData\Local\GitHubDesktop\bin;C:\Users\PC\AppData\Roaming\npm;D:\Program Files\cursor\resources\app\bin
USERNAME=PC
OS=Windows_NT
PROCESSOR_IDENTIFIER=AMD64 Family 25 Model 80 Stepping 0, AuthenticAMD
TMP=C:\Users\PC\AppData\Local\Temp
TEMP=C:\Users\PC\AppData\Local\Temp




Periodic native trim disabled

---------------  S Y S T E M  ---------------

OS:
 Windows 10 , 64 bit Build 19041 (10.0.19041.5915)
OS uptime: 0 days 3:41 hours
Hyper-V role detected

CPU: total 12 (initial active 12) (12 cores per cpu, 2 threads per core) family 25 model 80 stepping 0 microcode 0x0, cx8, cmov, fxsr, ht, mmx, 3dnowpref, sse, sse2, sse3, ssse3, sse4a, sse4.1, sse4.2, popcnt, lzcnt, tsc, tscinvbit, avx, avx2, aes, erms, clmul, bmi1, bmi2, adx, sha, fma, vzeroupper, clflush, clflushopt, hv, rdtscp, rdpid, fsrm, f16c, cet_ss
Processor Information for the first 12 processors :
  Max Mhz: 3301, Current Mhz: 3301, Mhz Limit: 3301

Memory: 4k page, system-wide physical 15752M (452M free)
TotalPageFile size 41969M (AvailPageFile size 4M)
current process WorkingSet (physical memory assigned to process): 234M, peak: 280M
current process commit charge ("private bytes"): 326M, peak: 376M

vm_info: OpenJDK 64-Bit Server VM (21.0.7+6-LTS) for windows-amd64 JRE (21.0.7+6-LTS), built on 2025-04-15T00:00:00Z by "admin" with MS VC++ 17.7 (VS2022)

END.
