This is pdfTeX, Version 3.141592653-2.6-1.40.28 (TeX Live 2025) (preloaded format=pdflatex 2025.7.14)  15 JUL 2025 10:56
entering extended mode
 restricted \write18 enabled.
 %&-line parsing enabled.
**Issues_Report_HIV_Clinic_LaTeX.tex
(./Issues_Report_HIV_Clinic_LaTeX.tex
LaTeX2e <2025-06-01> patch level 1
L3 programming layer <2025-07-11>
(d:/DATA/Programs/texlive/2025/texmf-dist/tex/latex/base/article.cls
Document Class: article 2025/01/22 v1.4n Standard LaTeX document class
(d:/DATA/Programs/texlive/2025/texmf-dist/tex/latex/base/size12.clo
File: size12.clo 2025/01/22 v1.4n Standard LaTeX file (size option)
)
\c@part=\count275
\c@section=\count276
\c@subsection=\count277
\c@subsubsection=\count278
\c@paragraph=\count279
\c@subparagraph=\count280
\c@figure=\count281
\c@table=\count282
\abovecaptionskip=\skip49
\belowcaptionskip=\skip50
\bibindent=\dimen148
)
(d:/DATA/Programs/texlive/2025/texmf-dist/tex/latex/base/inputenc.sty
Package: inputenc 2024/02/08 v1.3d Input encoding file
\inpenc@prehook=\toks17
\inpenc@posthook=\toks18
)
(d:/DATA/Programs/texlive/2025/texmf-dist/tex/generic/babel/babel.sty
Package: babel 2025/07/13 v25.11 The multilingual framework for LuaLaTeX, pdfLa
TeX and XeLaTeX
\babel@savecnt=\count283
LaTeX Encoding Info:    Redeclaring text command \ij (encoding OT1) on input li
ne 2045.
LaTeX Encoding Info:    Redeclaring text command \IJ (encoding OT1) on input li
ne 2047.
LaTeX Encoding Info:    Redeclaring text command \ij (encoding T1) on input lin
e 2049.
LaTeX Encoding Info:    Redeclaring text command \IJ (encoding T1) on input lin
e 2050.
LaTeX Encoding Info:    Ignoring declaration for text command \ij (encoding ?) 
on input line 2051.
LaTeX Encoding Info:    Ignoring declaration for text command \IJ (encoding ?) 
on input line 2053.
LaTeX Encoding Info:    Ignoring declaration for text command \SS (encoding ?) 
on input line 2078.
\U@D=\dimen149
\l@unhyphenated=\language5

(d:/DATA/Programs/texlive/2025/texmf-dist/tex/generic/babel/txtbabel.def)
\bbl@readstream=\read2
\bbl@dirlevel=\count284

(d:/DATA/Programs/texlive/2025/texmf-dist/tex/generic/babel-english/english.ldf
Language: english 2017/06/06 v3.3r English support from the babel system

(d:/DATA/Programs/texlive/2025/texmf-dist/tex/generic/babel/locale/en/babel-eng
lish.tex
Package babel Info: Importing font and identification data for english
(babel)             from babel-en.ini. Reported on input line 12.
)
Package babel Info: Hyphen rules for 'canadian' set to \l@english
(babel)             (\language0). Reported on input line 102.
Package babel Info: Hyphen rules for 'australian' set to \l@ukenglish
(babel)             (\language3). Reported on input line 105.
Package babel Info: Hyphen rules for 'newzealand' set to \l@ukenglish
(babel)             (\language3). Reported on input line 108.
))
(d:/DATA/Programs/texlive/2025/texmf-dist/tex/latex/geometry/geometry.sty
Package: geometry 2020/01/02 v5.9 Page Geometry

(d:/DATA/Programs/texlive/2025/texmf-dist/tex/latex/graphics/keyval.sty
Package: keyval 2022/05/29 v1.15 key=value parser (DPC)
\KV@toks@=\toks19
)
(d:/DATA/Programs/texlive/2025/texmf-dist/tex/generic/iftex/ifvtex.sty
Package: ifvtex 2019/10/25 v1.7 ifvtex legacy package. Use iftex instead.

(d:/DATA/Programs/texlive/2025/texmf-dist/tex/generic/iftex/iftex.sty
Package: iftex 2024/12/12 v1.0g TeX engine tests
))
\Gm@cnth=\count285
\Gm@cntv=\count286
\c@Gm@tempcnt=\count287
\Gm@bindingoffset=\dimen150
\Gm@wd@mp=\dimen151
\Gm@odd@mp=\dimen152
\Gm@even@mp=\dimen153
\Gm@layoutwidth=\dimen154
\Gm@layoutheight=\dimen155
\Gm@layouthoffset=\dimen156
\Gm@layoutvoffset=\dimen157
\Gm@dimlist=\toks20
)
(d:/DATA/Programs/texlive/2025/texmf-dist/tex/latex/fancyhdr/fancyhdr.sty
Package: fancyhdr 2025/02/07 v5.2 Extensive control of page headers and footers

\f@nch@headwidth=\skip51
\f@nch@offset@elh=\skip52
\f@nch@offset@erh=\skip53
\f@nch@offset@olh=\skip54
\f@nch@offset@orh=\skip55
\f@nch@offset@elf=\skip56
\f@nch@offset@erf=\skip57
\f@nch@offset@olf=\skip58
\f@nch@offset@orf=\skip59
\f@nch@height=\skip60
\f@nch@footalignment=\skip61
\f@nch@widthL=\skip62
\f@nch@widthC=\skip63
\f@nch@widthR=\skip64
\@temptokenb=\toks21
)
(d:/DATA/Programs/texlive/2025/texmf-dist/tex/latex/graphics/graphicx.sty
Package: graphicx 2024/12/31 v1.2e Enhanced LaTeX Graphics (DPC,SPQR)

(d:/DATA/Programs/texlive/2025/texmf-dist/tex/latex/graphics/graphics.sty
Package: graphics 2024/08/06 v1.4g Standard LaTeX Graphics (DPC,SPQR)

(d:/DATA/Programs/texlive/2025/texmf-dist/tex/latex/graphics/trig.sty
Package: trig 2023/12/02 v1.11 sin cos tan (DPC)
)
(d:/DATA/Programs/texlive/2025/texmf-dist/tex/latex/graphics-cfg/graphics.cfg
File: graphics.cfg 2016/06/04 v1.11 sample graphics configuration
)
Package graphics Info: Driver file: pdftex.def on input line 106.

(d:/DATA/Programs/texlive/2025/texmf-dist/tex/latex/graphics-def/pdftex.def
File: pdftex.def 2024/04/13 v1.2c Graphics/color driver for pdftex
))
\Gin@req@height=\dimen158
\Gin@req@width=\dimen159
)
(d:/DATA/Programs/texlive/2025/texmf-dist/tex/latex/tools/longtable.sty
Package: longtable 2024-12-18 v4.23 Multi-page Table package (DPC)
\LTleft=\skip65
\LTright=\skip66
\LTpre=\skip67
\LTpost=\skip68
\LTchunksize=\count288
\LTcapwidth=\dimen160
\LT@head=\box53
\LT@firsthead=\box54
\LT@foot=\box55
\LT@lastfoot=\box56
\LT@gbox=\box57
\LT@cols=\count289
\LT@rows=\count290
\c@LT@tables=\count291
\c@LT@chunks=\count292
\LT@p@ftn=\toks22
)
(d:/DATA/Programs/texlive/2025/texmf-dist/tex/latex/tools/array.sty
Package: array 2025/06/08 v2.6j Tabular extension package (FMi)
\col@sep=\dimen161
\ar@mcellbox=\box58
\extrarowheight=\dimen162
\NC@list=\toks23
\extratabsurround=\skip69
\backup@length=\skip70
\ar@cellbox=\box59
)
(d:/DATA/Programs/texlive/2025/texmf-dist/tex/latex/booktabs/booktabs.sty
Package: booktabs 2020/01/12 v1.61803398 Publication quality tables
\heavyrulewidth=\dimen163
\lightrulewidth=\dimen164
\cmidrulewidth=\dimen165
\belowrulesep=\dimen166
\belowbottomsep=\dimen167
\aboverulesep=\dimen168
\abovetopsep=\dimen169
\cmidrulesep=\dimen170
\cmidrulekern=\dimen171
\defaultaddspace=\dimen172
\@cmidla=\count293
\@cmidlb=\count294
\@aboverulesep=\dimen173
\@belowrulesep=\dimen174
\@thisruleclass=\count295
\@lastruleclass=\count296
\@thisrulewidth=\dimen175
)
(d:/DATA/Programs/texlive/2025/texmf-dist/tex/latex/xcolor/xcolor.sty
Package: xcolor 2024/09/29 v3.02 LaTeX color extensions (UK)

(d:/DATA/Programs/texlive/2025/texmf-dist/tex/latex/graphics-cfg/color.cfg
File: color.cfg 2016/01/02 v1.6 sample color configuration
)
Package xcolor Info: Driver file: pdftex.def on input line 274.

(d:/DATA/Programs/texlive/2025/texmf-dist/tex/latex/graphics/mathcolor.ltx)
Package xcolor Info: Model `cmy' substituted by `cmy0' on input line 1349.
Package xcolor Info: Model `hsb' substituted by `rgb' on input line 1353.
Package xcolor Info: Model `RGB' extended on input line 1365.
Package xcolor Info: Model `HTML' substituted by `rgb' on input line 1367.
Package xcolor Info: Model `Hsb' substituted by `hsb' on input line 1368.
Package xcolor Info: Model `tHsb' substituted by `hsb' on input line 1369.
Package xcolor Info: Model `HSB' substituted by `hsb' on input line 1370.
Package xcolor Info: Model `Gray' substituted by `gray' on input line 1371.
Package xcolor Info: Model `wave' substituted by `hsb' on input line 1372.
)
(d:/DATA/Programs/texlive/2025/texmf-dist/tex/latex/hyperref/hyperref.sty
Package: hyperref 2025-07-12 v7.01o Hypertext links for LaTeX

(d:/DATA/Programs/texlive/2025/texmf-dist/tex/latex/kvsetkeys/kvsetkeys.sty
Package: kvsetkeys 2022-10-05 v1.19 Key value parser (HO)
)
(d:/DATA/Programs/texlive/2025/texmf-dist/tex/generic/kvdefinekeys/kvdefinekeys
.sty
Package: kvdefinekeys 2019-12-19 v1.6 Define keys (HO)
)
(d:/DATA/Programs/texlive/2025/texmf-dist/tex/generic/pdfescape/pdfescape.sty
Package: pdfescape 2019/12/09 v1.15 Implements pdfTeX's escape features (HO)

(d:/DATA/Programs/texlive/2025/texmf-dist/tex/generic/ltxcmds/ltxcmds.sty
Package: ltxcmds 2023-12-04 v1.26 LaTeX kernel commands for general use (HO)
)
(d:/DATA/Programs/texlive/2025/texmf-dist/tex/generic/pdftexcmds/pdftexcmds.sty
Package: pdftexcmds 2020-06-27 v0.33 Utility functions of pdfTeX for LuaTeX (HO
)
(d:/DATA/Programs/texlive/2025/texmf-dist/tex/generic/infwarerr/infwarerr.sty
Package: infwarerr 2019/12/03 v1.5 Providing info/warning/error messages (HO)
)
Package pdftexcmds Info: \pdf@primitive is available.
Package pdftexcmds Info: \pdf@ifprimitive is available.
Package pdftexcmds Info: \pdfdraftmode found.
)) (d:/DATA/Programs/texlive/2025/texmf-dist/tex/latex/hycolor/hycolor.sty
Package: hycolor 2020-01-27 v1.10 Color options for hyperref/bookmark (HO)
)
(d:/DATA/Programs/texlive/2025/texmf-dist/tex/latex/hyperref/nameref.sty
Package: nameref 2025-06-21 v2.57 Cross-referencing by name of section

(d:/DATA/Programs/texlive/2025/texmf-dist/tex/latex/refcount/refcount.sty
Package: refcount 2019/12/15 v3.6 Data extraction from label references (HO)
)
(d:/DATA/Programs/texlive/2025/texmf-dist/tex/generic/gettitlestring/gettitlest
ring.sty
Package: gettitlestring 2019/12/15 v1.6 Cleanup title references (HO)

(d:/DATA/Programs/texlive/2025/texmf-dist/tex/latex/kvoptions/kvoptions.sty
Package: kvoptions 2022-06-15 v3.15 Key value format for package options (HO)
))
\c@section@level=\count297
)
(d:/DATA/Programs/texlive/2025/texmf-dist/tex/latex/etoolbox/etoolbox.sty
Package: etoolbox 2025/02/11 v2.5l e-TeX tools for LaTeX (JAW)
\etb@tempcnta=\count298
)
(d:/DATA/Programs/texlive/2025/texmf-dist/tex/generic/stringenc/stringenc.sty
Package: stringenc 2019/11/29 v1.12 Convert strings between diff. encodings (HO
)
)
\@linkdim=\dimen176
\Hy@linkcounter=\count299
\Hy@pagecounter=\count300

(d:/DATA/Programs/texlive/2025/texmf-dist/tex/latex/hyperref/pd1enc.def
File: pd1enc.def 2025-07-12 v7.01o Hyperref: PDFDocEncoding definition (HO)
Now handling font encoding PD1 ...
... no UTF-8 mapping file for font encoding PD1
)
(d:/DATA/Programs/texlive/2025/texmf-dist/tex/generic/intcalc/intcalc.sty
Package: intcalc 2019/12/15 v1.3 Expandable calculations with integers (HO)
)
\Hy@SavedSpaceFactor=\count301

(d:/DATA/Programs/texlive/2025/texmf-dist/tex/latex/hyperref/puenc.def
File: puenc.def 2025-07-12 v7.01o Hyperref: PDF Unicode definition (HO)
Now handling font encoding PU ...
... no UTF-8 mapping file for font encoding PU
)
Package hyperref Info: Hyper figures OFF on input line 4195.
Package hyperref Info: Link nesting OFF on input line 4200.
Package hyperref Info: Hyper index ON on input line 4203.
Package hyperref Info: Plain pages OFF on input line 4210.
Package hyperref Info: Backreferencing OFF on input line 4215.
Package hyperref Info: Implicit mode ON; LaTeX internals redefined.
Package hyperref Info: Bookmarks ON on input line 4462.
\c@Hy@tempcnt=\count302

(d:/DATA/Programs/texlive/2025/texmf-dist/tex/latex/url/url.sty
\Urlmuskip=\muskip17
Package: url 2013/09/16  ver 3.4  Verb mode for urls, etc.
)
LaTeX Info: Redefining \url on input line 4801.
\XeTeXLinkMargin=\dimen177

(d:/DATA/Programs/texlive/2025/texmf-dist/tex/generic/bitset/bitset.sty
Package: bitset 2019/12/09 v1.3 Handle bit-vector datatype (HO)

(d:/DATA/Programs/texlive/2025/texmf-dist/tex/generic/bigintcalc/bigintcalc.sty
Package: bigintcalc 2019/12/15 v1.5 Expandable calculations on big integers (HO
)
))
\Fld@menulength=\count303
\Field@Width=\dimen178
\Fld@charsize=\dimen179
Package hyperref Info: Hyper figures OFF on input line 6078.
Package hyperref Info: Link nesting OFF on input line 6083.
Package hyperref Info: Hyper index ON on input line 6086.
Package hyperref Info: backreferencing OFF on input line 6093.
Package hyperref Info: Link coloring OFF on input line 6098.
Package hyperref Info: Link coloring with OCG OFF on input line 6103.
Package hyperref Info: PDF/A mode OFF on input line 6108.
\Hy@abspage=\count304
\c@Item=\count305
\c@Hfootnote=\count306
)
Package hyperref Info: Driver (autodetected): hpdftex.
 (d:/DATA/Programs/texlive/2025/texmf-dist/tex/latex/hyperref/hpdftex.def
File: hpdftex.def 2025-07-12 v7.01o Hyperref driver for pdfTeX
\Fld@listcount=\count307
\c@bookmark@seq@number=\count308

(d:/DATA/Programs/texlive/2025/texmf-dist/tex/latex/rerunfilecheck/rerunfileche
ck.sty
Package: rerunfilecheck 2025-06-21 v1.11 Rerun checks for auxiliary files (HO)

(d:/DATA/Programs/texlive/2025/texmf-dist/tex/generic/uniquecounter/uniquecount
er.sty
Package: uniquecounter 2019/12/15 v1.4 Provide unlimited unique counter (HO)
)
Package uniquecounter Info: New unique counter `rerunfilecheck' on input line 2
84.
)
\Hy@SectionHShift=\skip71
)
(d:/DATA/Programs/texlive/2025/texmf-dist/tex/latex/listings/listings.sty
\lst@mode=\count309
\lst@gtempboxa=\box60
\lst@token=\toks24
\lst@length=\count310
\lst@currlwidth=\dimen180
\lst@column=\count311
\lst@pos=\count312
\lst@lostspace=\dimen181
\lst@width=\dimen182
\lst@newlines=\count313
\lst@lineno=\count314
\lst@maxwidth=\dimen183

(d:/DATA/Programs/texlive/2025/texmf-dist/tex/latex/listings/lstpatch.sty
File: lstpatch.sty 2024/09/23 1.10c (Carsten Heinz)
)
(d:/DATA/Programs/texlive/2025/texmf-dist/tex/latex/listings/lstmisc.sty
File: lstmisc.sty 2024/09/23 1.10c (Carsten Heinz)
\c@lstnumber=\count315
\lst@skipnumbers=\count316
\lst@framebox=\box61
)
(d:/DATA/Programs/texlive/2025/texmf-dist/tex/latex/listings/listings.cfg
File: listings.cfg 2024/09/23 1.10c listings configuration
))
Package: listings 2024/09/23 1.10c (Carsten Heinz)

(d:/DATA/Programs/texlive/2025/texmf-dist/tex/latex/enumitem/enumitem.sty
Package: enumitem 2025/02/06 v3.11 Customized lists
\labelindent=\skip72
\enit@outerparindent=\dimen184
\enit@toks=\toks25
\enit@inbox=\box62
\enit@count@id=\count317
\enitdp@description=\count318
)
(d:/DATA/Programs/texlive/2025/texmf-dist/tex/latex/float/float.sty
Package: float 2001/11/08 v1.3d Float enhancements (AL)
\c@float@type=\count319
\float@exts=\toks26
\float@box=\box63
\@float@everytoks=\toks27
\@floatcapt=\box64
)
(d:/DATA/Programs/texlive/2025/texmf-dist/tex/latex/pgfplots/pgfplots.sty
(d:/DATA/Programs/texlive/2025/texmf-dist/tex/generic/pgfplots/pgfplots.revisio
n.tex)
Package: pgfplots 2021/05/15 v1.18.1 Data Visualization (1.18.1)

(d:/DATA/Programs/texlive/2025/texmf-dist/tex/latex/pgf/frontendlayer/tikz.sty
(d:/DATA/Programs/texlive/2025/texmf-dist/tex/latex/pgf/basiclayer/pgf.sty
(d:/DATA/Programs/texlive/2025/texmf-dist/tex/latex/pgf/utilities/pgfrcs.sty
(d:/DATA/Programs/texlive/2025/texmf-dist/tex/generic/pgf/utilities/pgfutil-com
mon.tex
\pgfutil@everybye=\toks28
\pgfutil@tempdima=\dimen185
\pgfutil@tempdimb=\dimen186
)
(d:/DATA/Programs/texlive/2025/texmf-dist/tex/generic/pgf/utilities/pgfutil-lat
ex.def
\pgfutil@abb=\box65
)
(d:/DATA/Programs/texlive/2025/texmf-dist/tex/generic/pgf/utilities/pgfrcs.code
.tex (d:/DATA/Programs/texlive/2025/texmf-dist/tex/generic/pgf/pgf.revision.tex
)
Package: pgfrcs 2023-01-15 v3.1.10 (3.1.10)
))
Package: pgf 2023-01-15 v3.1.10 (3.1.10)

(d:/DATA/Programs/texlive/2025/texmf-dist/tex/latex/pgf/basiclayer/pgfcore.sty
(d:/DATA/Programs/texlive/2025/texmf-dist/tex/latex/pgf/systemlayer/pgfsys.sty
(d:/DATA/Programs/texlive/2025/texmf-dist/tex/generic/pgf/systemlayer/pgfsys.co
de.tex
Package: pgfsys 2023-01-15 v3.1.10 (3.1.10)

(d:/DATA/Programs/texlive/2025/texmf-dist/tex/generic/pgf/utilities/pgfkeys.cod
e.tex
\pgfkeys@pathtoks=\toks29
\pgfkeys@temptoks=\toks30

(d:/DATA/Programs/texlive/2025/texmf-dist/tex/generic/pgf/utilities/pgfkeyslibr
aryfiltered.code.tex
\pgfkeys@tmptoks=\toks31
))
\pgf@x=\dimen187
\pgf@y=\dimen188
\pgf@xa=\dimen189
\pgf@ya=\dimen190
\pgf@xb=\dimen191
\pgf@yb=\dimen192
\pgf@xc=\dimen193
\pgf@yc=\dimen194
\pgf@xd=\dimen195
\pgf@yd=\dimen196
\w@pgf@writea=\write3
\r@pgf@reada=\read3
\c@pgf@counta=\count320
\c@pgf@countb=\count321
\c@pgf@countc=\count322
\c@pgf@countd=\count323
\t@pgf@toka=\toks32
\t@pgf@tokb=\toks33
\t@pgf@tokc=\toks34
\pgf@sys@id@count=\count324

(d:/DATA/Programs/texlive/2025/texmf-dist/tex/generic/pgf/systemlayer/pgf.cfg
File: pgf.cfg 2023-01-15 v3.1.10 (3.1.10)
)
Driver file for pgf: pgfsys-pdftex.def

(d:/DATA/Programs/texlive/2025/texmf-dist/tex/generic/pgf/systemlayer/pgfsys-pd
ftex.def
File: pgfsys-pdftex.def 2023-01-15 v3.1.10 (3.1.10)

(d:/DATA/Programs/texlive/2025/texmf-dist/tex/generic/pgf/systemlayer/pgfsys-co
mmon-pdf.def
File: pgfsys-common-pdf.def 2023-01-15 v3.1.10 (3.1.10)
)))
(d:/DATA/Programs/texlive/2025/texmf-dist/tex/generic/pgf/systemlayer/pgfsyssof
tpath.code.tex
File: pgfsyssoftpath.code.tex 2023-01-15 v3.1.10 (3.1.10)
\pgfsyssoftpath@smallbuffer@items=\count325
\pgfsyssoftpath@bigbuffer@items=\count326
)
(d:/DATA/Programs/texlive/2025/texmf-dist/tex/generic/pgf/systemlayer/pgfsyspro
tocol.code.tex
File: pgfsysprotocol.code.tex 2023-01-15 v3.1.10 (3.1.10)
))
(d:/DATA/Programs/texlive/2025/texmf-dist/tex/generic/pgf/basiclayer/pgfcore.co
de.tex
Package: pgfcore 2023-01-15 v3.1.10 (3.1.10)

(d:/DATA/Programs/texlive/2025/texmf-dist/tex/generic/pgf/math/pgfmath.code.tex

(d:/DATA/Programs/texlive/2025/texmf-dist/tex/generic/pgf/math/pgfmathutil.code
.tex)
(d:/DATA/Programs/texlive/2025/texmf-dist/tex/generic/pgf/math/pgfmathparser.co
de.tex
\pgfmath@dimen=\dimen197
\pgfmath@count=\count327
\pgfmath@box=\box66
\pgfmath@toks=\toks35
\pgfmath@stack@operand=\toks36
\pgfmath@stack@operation=\toks37
)
(d:/DATA/Programs/texlive/2025/texmf-dist/tex/generic/pgf/math/pgfmathfunctions
.code.tex)
(d:/DATA/Programs/texlive/2025/texmf-dist/tex/generic/pgf/math/pgfmathfunctions
.basic.code.tex)
(d:/DATA/Programs/texlive/2025/texmf-dist/tex/generic/pgf/math/pgfmathfunctions
.trigonometric.code.tex)
(d:/DATA/Programs/texlive/2025/texmf-dist/tex/generic/pgf/math/pgfmathfunctions
.random.code.tex)
(d:/DATA/Programs/texlive/2025/texmf-dist/tex/generic/pgf/math/pgfmathfunctions
.comparison.code.tex)
(d:/DATA/Programs/texlive/2025/texmf-dist/tex/generic/pgf/math/pgfmathfunctions
.base.code.tex)
(d:/DATA/Programs/texlive/2025/texmf-dist/tex/generic/pgf/math/pgfmathfunctions
.round.code.tex)
(d:/DATA/Programs/texlive/2025/texmf-dist/tex/generic/pgf/math/pgfmathfunctions
.misc.code.tex)
(d:/DATA/Programs/texlive/2025/texmf-dist/tex/generic/pgf/math/pgfmathfunctions
.integerarithmetics.code.tex)
(d:/DATA/Programs/texlive/2025/texmf-dist/tex/generic/pgf/math/pgfmathcalc.code
.tex)
(d:/DATA/Programs/texlive/2025/texmf-dist/tex/generic/pgf/math/pgfmathfloat.cod
e.tex
\c@pgfmathroundto@lastzeros=\count328
))
(d:/DATA/Programs/texlive/2025/texmf-dist/tex/generic/pgf/math/pgfint.code.tex)

(d:/DATA/Programs/texlive/2025/texmf-dist/tex/generic/pgf/basiclayer/pgfcorepoi
nts.code.tex
File: pgfcorepoints.code.tex 2023-01-15 v3.1.10 (3.1.10)
\pgf@picminx=\dimen198
\pgf@picmaxx=\dimen199
\pgf@picminy=\dimen256
\pgf@picmaxy=\dimen257
\pgf@pathminx=\dimen258
\pgf@pathmaxx=\dimen259
\pgf@pathminy=\dimen260
\pgf@pathmaxy=\dimen261
\pgf@xx=\dimen262
\pgf@xy=\dimen263
\pgf@yx=\dimen264
\pgf@yy=\dimen265
\pgf@zx=\dimen266
\pgf@zy=\dimen267
)
(d:/DATA/Programs/texlive/2025/texmf-dist/tex/generic/pgf/basiclayer/pgfcorepat
hconstruct.code.tex
File: pgfcorepathconstruct.code.tex 2023-01-15 v3.1.10 (3.1.10)
\pgf@path@lastx=\dimen268
\pgf@path@lasty=\dimen269
)
(d:/DATA/Programs/texlive/2025/texmf-dist/tex/generic/pgf/basiclayer/pgfcorepat
husage.code.tex
File: pgfcorepathusage.code.tex 2023-01-15 v3.1.10 (3.1.10)
\pgf@shorten@end@additional=\dimen270
\pgf@shorten@start@additional=\dimen271
)
(d:/DATA/Programs/texlive/2025/texmf-dist/tex/generic/pgf/basiclayer/pgfcoresco
pes.code.tex
File: pgfcorescopes.code.tex 2023-01-15 v3.1.10 (3.1.10)
\pgfpic=\box67
\pgf@hbox=\box68
\pgf@layerbox@main=\box69
\pgf@picture@serial@count=\count329
)
(d:/DATA/Programs/texlive/2025/texmf-dist/tex/generic/pgf/basiclayer/pgfcoregra
phicstate.code.tex
File: pgfcoregraphicstate.code.tex 2023-01-15 v3.1.10 (3.1.10)
\pgflinewidth=\dimen272
)
(d:/DATA/Programs/texlive/2025/texmf-dist/tex/generic/pgf/basiclayer/pgfcoretra
nsformations.code.tex
File: pgfcoretransformations.code.tex 2023-01-15 v3.1.10 (3.1.10)
\pgf@pt@x=\dimen273
\pgf@pt@y=\dimen274
\pgf@pt@temp=\dimen275
)
(d:/DATA/Programs/texlive/2025/texmf-dist/tex/generic/pgf/basiclayer/pgfcorequi
ck.code.tex
File: pgfcorequick.code.tex 2023-01-15 v3.1.10 (3.1.10)
)
(d:/DATA/Programs/texlive/2025/texmf-dist/tex/generic/pgf/basiclayer/pgfcoreobj
ects.code.tex
File: pgfcoreobjects.code.tex 2023-01-15 v3.1.10 (3.1.10)
)
(d:/DATA/Programs/texlive/2025/texmf-dist/tex/generic/pgf/basiclayer/pgfcorepat
hprocessing.code.tex
File: pgfcorepathprocessing.code.tex 2023-01-15 v3.1.10 (3.1.10)
)
(d:/DATA/Programs/texlive/2025/texmf-dist/tex/generic/pgf/basiclayer/pgfcorearr
ows.code.tex
File: pgfcorearrows.code.tex 2023-01-15 v3.1.10 (3.1.10)
\pgfarrowsep=\dimen276
)
(d:/DATA/Programs/texlive/2025/texmf-dist/tex/generic/pgf/basiclayer/pgfcoresha
de.code.tex
File: pgfcoreshade.code.tex 2023-01-15 v3.1.10 (3.1.10)
\pgf@max=\dimen277
\pgf@sys@shading@range@num=\count330
\pgf@shadingcount=\count331
)
(d:/DATA/Programs/texlive/2025/texmf-dist/tex/generic/pgf/basiclayer/pgfcoreima
ge.code.tex
File: pgfcoreimage.code.tex 2023-01-15 v3.1.10 (3.1.10)
)
(d:/DATA/Programs/texlive/2025/texmf-dist/tex/generic/pgf/basiclayer/pgfcoreext
ernal.code.tex
File: pgfcoreexternal.code.tex 2023-01-15 v3.1.10 (3.1.10)
\pgfexternal@startupbox=\box70
)
(d:/DATA/Programs/texlive/2025/texmf-dist/tex/generic/pgf/basiclayer/pgfcorelay
ers.code.tex
File: pgfcorelayers.code.tex 2023-01-15 v3.1.10 (3.1.10)
)
(d:/DATA/Programs/texlive/2025/texmf-dist/tex/generic/pgf/basiclayer/pgfcoretra
nsparency.code.tex
File: pgfcoretransparency.code.tex 2023-01-15 v3.1.10 (3.1.10)
)
(d:/DATA/Programs/texlive/2025/texmf-dist/tex/generic/pgf/basiclayer/pgfcorepat
terns.code.tex
File: pgfcorepatterns.code.tex 2023-01-15 v3.1.10 (3.1.10)
)
(d:/DATA/Programs/texlive/2025/texmf-dist/tex/generic/pgf/basiclayer/pgfcorerdf
.code.tex
File: pgfcorerdf.code.tex 2023-01-15 v3.1.10 (3.1.10)
)))
(d:/DATA/Programs/texlive/2025/texmf-dist/tex/generic/pgf/modules/pgfmoduleshap
es.code.tex
File: pgfmoduleshapes.code.tex 2023-01-15 v3.1.10 (3.1.10)
\pgfnodeparttextbox=\box71
)
(d:/DATA/Programs/texlive/2025/texmf-dist/tex/generic/pgf/modules/pgfmoduleplot
.code.tex
File: pgfmoduleplot.code.tex 2023-01-15 v3.1.10 (3.1.10)
)
(d:/DATA/Programs/texlive/2025/texmf-dist/tex/latex/pgf/compatibility/pgfcomp-v
ersion-0-65.sty
Package: pgfcomp-version-0-65 2023-01-15 v3.1.10 (3.1.10)
\pgf@nodesepstart=\dimen278
\pgf@nodesepend=\dimen279
)
(d:/DATA/Programs/texlive/2025/texmf-dist/tex/latex/pgf/compatibility/pgfcomp-v
ersion-1-18.sty
Package: pgfcomp-version-1-18 2023-01-15 v3.1.10 (3.1.10)
))
(d:/DATA/Programs/texlive/2025/texmf-dist/tex/latex/pgf/utilities/pgffor.sty
(d:/DATA/Programs/texlive/2025/texmf-dist/tex/latex/pgf/utilities/pgfkeys.sty
(d:/DATA/Programs/texlive/2025/texmf-dist/tex/generic/pgf/utilities/pgfkeys.cod
e.tex))
(d:/DATA/Programs/texlive/2025/texmf-dist/tex/latex/pgf/math/pgfmath.sty
(d:/DATA/Programs/texlive/2025/texmf-dist/tex/generic/pgf/math/pgfmath.code.tex
))
(d:/DATA/Programs/texlive/2025/texmf-dist/tex/generic/pgf/utilities/pgffor.code
.tex
Package: pgffor 2023-01-15 v3.1.10 (3.1.10)
\pgffor@iter=\dimen280
\pgffor@skip=\dimen281
\pgffor@stack=\toks38
\pgffor@toks=\toks39
))
(d:/DATA/Programs/texlive/2025/texmf-dist/tex/generic/pgf/frontendlayer/tikz/ti
kz.code.tex
Package: tikz 2023-01-15 v3.1.10 (3.1.10)

(d:/DATA/Programs/texlive/2025/texmf-dist/tex/generic/pgf/libraries/pgflibraryp
lothandlers.code.tex
File: pgflibraryplothandlers.code.tex 2023-01-15 v3.1.10 (3.1.10)
\pgf@plot@mark@count=\count332
\pgfplotmarksize=\dimen282
)
\tikz@lastx=\dimen283
\tikz@lasty=\dimen284
\tikz@lastxsaved=\dimen285
\tikz@lastysaved=\dimen286
\tikz@lastmovetox=\dimen287
\tikz@lastmovetoy=\dimen288
\tikzleveldistance=\dimen289
\tikzsiblingdistance=\dimen290
\tikz@figbox=\box72
\tikz@figbox@bg=\box73
\tikz@tempbox=\box74
\tikz@tempbox@bg=\box75
\tikztreelevel=\count333
\tikznumberofchildren=\count334
\tikznumberofcurrentchild=\count335
\tikz@fig@count=\count336

(d:/DATA/Programs/texlive/2025/texmf-dist/tex/generic/pgf/modules/pgfmodulematr
ix.code.tex
File: pgfmodulematrix.code.tex 2023-01-15 v3.1.10 (3.1.10)
\pgfmatrixcurrentrow=\count337
\pgfmatrixcurrentcolumn=\count338
\pgf@matrix@numberofcolumns=\count339
)
\tikz@expandcount=\count340

(d:/DATA/Programs/texlive/2025/texmf-dist/tex/generic/pgf/frontendlayer/tikz/li
braries/tikzlibrarytopaths.code.tex
File: tikzlibrarytopaths.code.tex 2023-01-15 v3.1.10 (3.1.10)
)))
(d:/DATA/Programs/texlive/2025/texmf-dist/tex/generic/pgfplots/pgfplots.code.te
x
(d:/DATA/Programs/texlive/2025/texmf-dist/tex/generic/pgfplots/pgfplotscore.cod
e.tex
\t@pgfplots@toka=\toks40
\t@pgfplots@tokb=\toks41
\t@pgfplots@tokc=\toks42
\pgfplots@tmpa=\dimen291
\c@pgfplots@coordindex=\count341
\c@pgfplots@scanlineindex=\count342

(d:/DATA/Programs/texlive/2025/texmf-dist/tex/generic/pgfplots/sys/pgfplotssysg
eneric.code.tex))
(d:/DATA/Programs/texlive/2025/texmf-dist/tex/generic/pgfplots/libs/pgfplotslib
rary.code.tex)
(d:/DATA/Programs/texlive/2025/texmf-dist/tex/generic/pgfplots/oldpgfcompatib/p
gfplotsoldpgfsupp_loader.code.tex
(d:/DATA/Programs/texlive/2025/texmf-dist/tex/generic/pgf/libraries/pgflibraryf
pu.code.tex)
Package pgfplots: loading complementary utilities for your pgf version...
\t@pgf@toka=\toks43
\t@pgf@tokb=\toks44
\t@pgf@tokc=\toks45

(d:/DATA/Programs/texlive/2025/texmf-dist/tex/generic/pgfplots/oldpgfcompatib/p
gfplotsoldpgfsupp_pgfutil-common-lists.tex))
(d:/DATA/Programs/texlive/2025/texmf-dist/tex/generic/pgfplots/util/pgfplotsuti
l.code.tex
(d:/DATA/Programs/texlive/2025/texmf-dist/tex/generic/pgfplots/liststructure/pg
fplotsliststructure.code.tex)
(d:/DATA/Programs/texlive/2025/texmf-dist/tex/generic/pgfplots/liststructure/pg
fplotsliststructureext.code.tex)
(d:/DATA/Programs/texlive/2025/texmf-dist/tex/generic/pgfplots/liststructure/pg
fplotsarray.code.tex
\c@pgfplotsarray@tmp=\count343
)
(d:/DATA/Programs/texlive/2025/texmf-dist/tex/generic/pgfplots/liststructure/pg
fplotsmatrix.code.tex)
(d:/DATA/Programs/texlive/2025/texmf-dist/tex/generic/pgfplots/numtable/pgfplot
stableshared.code.tex
\c@pgfplotstable@counta=\count344
\t@pgfplotstable@a=\toks46
)
(d:/DATA/Programs/texlive/2025/texmf-dist/tex/generic/pgfplots/liststructure/pg
fplotsdeque.code.tex)
(d:/DATA/Programs/texlive/2025/texmf-dist/tex/generic/pgfplots/util/pgfplotsbin
ary.code.tex
(d:/DATA/Programs/texlive/2025/texmf-dist/tex/generic/pgfplots/util/pgfplotsbin
ary.data.code.tex))
(d:/DATA/Programs/texlive/2025/texmf-dist/tex/generic/pgfplots/util/pgfplotsuti
l.verb.code.tex)
(d:/DATA/Programs/texlive/2025/texmf-dist/tex/generic/pgfplots/libs/pgflibraryp
gfplots.surfshading.code.tex
\c@pgfplotslibrarysurf@no=\count345

(d:/DATA/Programs/texlive/2025/texmf-dist/tex/generic/pgfplots/sys/pgflibrarypg
fplots.surfshading.pgfsys-pdftex.def)))
(d:/DATA/Programs/texlive/2025/texmf-dist/tex/generic/pgfplots/util/pgfplotscol
ormap.code.tex
(d:/DATA/Programs/texlive/2025/texmf-dist/tex/generic/pgfplots/util/pgfplotscol
or.code.tex))
(d:/DATA/Programs/texlive/2025/texmf-dist/tex/generic/pgfplots/pgfplotsstackedp
lots.code.tex)
(d:/DATA/Programs/texlive/2025/texmf-dist/tex/generic/pgfplots/pgfplotsplothand
lers.code.tex
(d:/DATA/Programs/texlive/2025/texmf-dist/tex/generic/pgfplots/pgfplotsmeshplot
handler.code.tex
(d:/DATA/Programs/texlive/2025/texmf-dist/tex/generic/pgfplots/pgfplotsmeshplot
image.code.tex)))
(d:/DATA/Programs/texlive/2025/texmf-dist/tex/generic/pgfplots/pgfplots.scaling
.code.tex)
(d:/DATA/Programs/texlive/2025/texmf-dist/tex/generic/pgfplots/pgfplotscoordpro
cessing.code.tex)
(d:/DATA/Programs/texlive/2025/texmf-dist/tex/generic/pgfplots/pgfplots.errorba
rs.code.tex)
(d:/DATA/Programs/texlive/2025/texmf-dist/tex/generic/pgfplots/pgfplots.markers
.code.tex)
(d:/DATA/Programs/texlive/2025/texmf-dist/tex/generic/pgfplots/pgfplotsticks.co
de.tex)
(d:/DATA/Programs/texlive/2025/texmf-dist/tex/generic/pgfplots/pgfplots.paths.c
ode.tex)
(d:/DATA/Programs/texlive/2025/texmf-dist/tex/generic/pgf/frontendlayer/tikz/li
braries/tikzlibrarydecorations.code.tex
(d:/DATA/Programs/texlive/2025/texmf-dist/tex/generic/pgf/modules/pgfmoduledeco
rations.code.tex
\pgfdecoratedcompleteddistance=\dimen292
\pgfdecoratedremainingdistance=\dimen293
\pgfdecoratedinputsegmentcompleteddistance=\dimen294
\pgfdecoratedinputsegmentremainingdistance=\dimen295
\pgf@decorate@distancetomove=\dimen296
\pgf@decorate@repeatstate=\count346
\pgfdecorationsegmentamplitude=\dimen297
\pgfdecorationsegmentlength=\dimen298
)
\tikz@lib@dec@box=\box76
)
(d:/DATA/Programs/texlive/2025/texmf-dist/tex/generic/pgf/frontendlayer/tikz/li
braries/tikzlibrarydecorations.pathmorphing.code.tex
(d:/DATA/Programs/texlive/2025/texmf-dist/tex/generic/pgf/libraries/decorations
/pgflibrarydecorations.pathmorphing.code.tex))
(d:/DATA/Programs/texlive/2025/texmf-dist/tex/generic/pgf/frontendlayer/tikz/li
braries/tikzlibrarydecorations.pathreplacing.code.tex
(d:/DATA/Programs/texlive/2025/texmf-dist/tex/generic/pgf/libraries/decorations
/pgflibrarydecorations.pathreplacing.code.tex))
(d:/DATA/Programs/texlive/2025/texmf-dist/tex/generic/pgfplots/libs/tikzlibrary
pgfplots.contourlua.code.tex)
\pgfplots@numplots=\count347
\pgfplots@xmin@reg=\dimen299
\pgfplots@xmax@reg=\dimen300
\pgfplots@ymin@reg=\dimen301
\pgfplots@ymax@reg=\dimen302
\pgfplots@zmin@reg=\dimen303
\pgfplots@zmax@reg=\dimen304
)
(d:/DATA/Programs/texlive/2025/texmf-dist/tex/generic/pgf/frontendlayer/tikz/li
braries/tikzlibraryplotmarks.code.tex
File: tikzlibraryplotmarks.code.tex 2023-01-15 v3.1.10 (3.1.10)

(d:/DATA/Programs/texlive/2025/texmf-dist/tex/generic/pgf/libraries/pgflibraryp
lotmarks.code.tex
File: pgflibraryplotmarks.code.tex 2023-01-15 v3.1.10 (3.1.10)
)))
(d:/DATA/Programs/texlive/2025/texmf-dist/tex/latex/pgfplots/pgfplotstable.sty
(d:/DATA/Programs/texlive/2025/texmf-dist/tex/generic/pgfplots/pgfplots.revisio
n.tex)
Package: pgfplotstable 2021/05/15 v1.18.1 Table typesetting and Pretty-printing
 (1.18.1)

(d:/DATA/Programs/texlive/2025/texmf-dist/tex/generic/pgfplots/numtable/pgfplot
stable.code.tex
(d:/DATA/Programs/texlive/2025/texmf-dist/tex/generic/pgfplots/numtable/pgfplot
stable.coltype.code.tex)))
(d:/DATA/Programs/texlive/2025/texmf-dist/tex/latex/l3backend/l3backend-pdftex.
def
File: l3backend-pdftex.def 2025-06-09 L3 backend support: PDF output (pdfTeX)
\l__color_backend_stack_int=\count348
)
No file Issues_Report_HIV_Clinic_LaTeX.aux.
\openout1 = `Issues_Report_HIV_Clinic_LaTeX.aux'.

LaTeX Font Info:    Checking defaults for OML/cmm/m/it on input line 30.
LaTeX Font Info:    ... okay on input line 30.
LaTeX Font Info:    Checking defaults for OMS/cmsy/m/n on input line 30.
LaTeX Font Info:    ... okay on input line 30.
LaTeX Font Info:    Checking defaults for OT1/cmr/m/n on input line 30.
LaTeX Font Info:    ... okay on input line 30.
LaTeX Font Info:    Checking defaults for T1/cmr/m/n on input line 30.
LaTeX Font Info:    ... okay on input line 30.
LaTeX Font Info:    Checking defaults for TS1/cmr/m/n on input line 30.
LaTeX Font Info:    ... okay on input line 30.
LaTeX Font Info:    Checking defaults for OMX/cmex/m/n on input line 30.
LaTeX Font Info:    ... okay on input line 30.
LaTeX Font Info:    Checking defaults for U/cmr/m/n on input line 30.
LaTeX Font Info:    ... okay on input line 30.
LaTeX Font Info:    Checking defaults for PD1/pdf/m/n on input line 30.
LaTeX Font Info:    ... okay on input line 30.
LaTeX Font Info:    Checking defaults for PU/pdf/m/n on input line 30.
LaTeX Font Info:    ... okay on input line 30.
*geometry* driver: auto-detecting
*geometry* detected driver: pdftex
*geometry* verbose mode - [ preamble ] result:
* driver: pdftex
* paper: a4paper
* layout: <same size as paper>
* layoutoffset:(h,v)=(0.0pt,0.0pt)
* modes: 
* h-part:(L,W,R)=(72.26999pt, 452.9679pt, 72.26999pt)
* v-part:(T,H,B)=(72.26999pt, 700.50687pt, 72.26999pt)
* \paperwidth=597.50787pt
* \paperheight=845.04684pt
* \textwidth=452.9679pt
* \textheight=700.50687pt
* \oddsidemargin=0.0pt
* \evensidemargin=0.0pt
* \topmargin=-37.0pt
* \headheight=14.5pt
* \headsep=25.0pt
* \topskip=12.0pt
* \footskip=30.0pt
* \marginparwidth=35.0pt
* \marginparsep=10.0pt
* \columnsep=10.0pt
* \skip\footins=10.8pt plus 4.0pt minus 2.0pt
* \hoffset=0.0pt
* \voffset=0.0pt
* \mag=1000
* \@twocolumnfalse
* \@twosidefalse
* \@mparswitchfalse
* \@reversemarginfalse
* (1in=72.27pt=25.4mm, 1cm=28.453pt)

(d:/DATA/Programs/texlive/2025/texmf-dist/tex/context/base/mkii/supp-pdf.mkii
[Loading MPS to PDF converter (version 2006.09.02).]
\scratchcounter=\count349
\scratchdimen=\dimen305
\scratchbox=\box77
\nofMPsegments=\count350
\nofMParguments=\count351
\everyMPshowfont=\toks47
\MPscratchCnt=\count352
\MPscratchDim=\dimen306
\MPnumerator=\count353
\makeMPintoPDFobject=\count354
\everyMPtoPDFconversion=\toks48
)
(d:/DATA/Programs/texlive/2025/texmf-dist/tex/latex/epstopdf-pkg/epstopdf-base.
sty
Package: epstopdf-base 2020-01-24 v2.11 Base part for package epstopdf
Package epstopdf-base Info: Redefining graphics rule for `.eps' on input line 4
85.

(d:/DATA/Programs/texlive/2025/texmf-dist/tex/latex/latexconfig/epstopdf-sys.cf
g
File: epstopdf-sys.cfg 2010/07/13 v1.3 Configuration of (r)epstopdf for TeX Liv
e
))
Package hyperref Info: Link coloring OFF on input line 30.
\@outlinefile=\write4
\openout4 = `Issues_Report_HIV_Clinic_LaTeX.out'.

\c@lstlisting=\count355


Package pgfplots Warning: running in backwards compatibility mode (unsuitable t
ick labels; missing features). Consider writing \pgfplotsset{compat=1.18} into 
your preamble.
 on input line 30.

LaTeX Font Info:    External font `cmex10' loaded for size
(Font)              <14.4> on input line 33.
LaTeX Font Info:    External font `cmex10' loaded for size
(Font)              <7> on input line 33.


[1

{d:/DATA/Programs/texlive/2025/texmf-var/fonts/map/pdftex/updmap/pdftex.map}]
Overfull \hbox (1.38895pt too wide) in paragraph at lines 41--41
[]|\OT1/cmr/bx/n/12 Version| 
 []


Overfull \hbox (5.04727pt too wide) in paragraph at lines 41--41
[]|\OT1/cmr/bx/n/12 A*M,
 []


Overfull \hbox (7.53435pt too wide) in paragraph at lines 43--43
[]|\OT1/cmr/m/n/12 07/01/2025| 
 []


Underfull \hbox (badness 10000) in paragraph at lines 43--43
[]|\OT1/cmr/m/n/12 Development
 []



[2]
No file Issues_Report_HIV_Clinic_LaTeX.toc.
\tf@toc=\write5
\openout5 = `Issues_Report_HIV_Clinic_LaTeX.toc'.



[3]
Underfull \hbox (badness 10000) in paragraph at lines 63--63
[]|\OT1/cmr/bx/n/12 Priority
 []


Overfull \hbox (28.56848pt too wide) in paragraph at lines 65--65
[]|\OT1/cmr/m/n/12 High/Medium/Low| 
 []


Underfull \hbox (badness 10000) in paragraph at lines 67--67
[]|\OT1/cmr/m/n/12 Feature Re-
 []


Overfull \hbox (7.68814pt too wide) in paragraph at lines 71--71
[]|\OT1/cmr/m/n/12 Documentation| 
 []


Underfull \hbox (badness 10000) in paragraph at lines 89--89
[]|\OT1/cmr/m/n/12 In
 []


Overfull \hbox (4.0084pt too wide) in paragraph at lines 107--107
[]|\OT1/cmr/bx/n/12 Priority| 
 []


Underfull \hbox (badness 10000) in paragraph at lines 109--109
[]|\OT1/cmr/m/n/12 JWT To-ken
 []


Overfull \hbox (2.58847pt too wide) in paragraph at lines 109--109
[]|\OT1/cmr/m/n/12 Resolved| 
 []


Underfull \hbox (badness 6364) in paragraph at lines 109--110
\OT1/cmr/m/n/12 quickly, caus-ing fre-
 []


Underfull \hbox (badness 10000) in paragraph at lines 111--111
[]|\OT1/cmr/m/n/12 Password
 []


Overfull \hbox (27.0021pt too wide) in paragraph at lines 111--111
[]|\OT1/cmr/m/n/12 Enhancement| 
 []


Overfull \hbox (2.58847pt too wide) in paragraph at lines 111--111
[]|\OT1/cmr/m/n/12 Resolved| 
 []


Underfull \hbox (badness 10000) in paragraph at lines 111--112
[]|\OT1/cmr/m/n/12 Strengthen pass-word
 []


Overfull \hbox (2.58847pt too wide) in paragraph at lines 113--113
[]|\OT1/cmr/m/n/12 Resolved| 
 []


Underfull \hbox (badness 10000) in paragraph at lines 115--115
[]|\OT1/cmr/m/n/12 CORS Con-
 []


Overfull \hbox (2.58847pt too wide) in paragraph at lines 115--115
[]|\OT1/cmr/m/n/12 Resolved| 
 []


Underfull \hbox (badness 10000) in paragraph at lines 115--116
[]|\OT1/cmr/m/n/12 Cross-origin re-quests
 []


Underfull \hbox (badness 10000) in paragraph at lines 117--117
[]|\OT1/cmr/m/n/12 Role-based
 []


Overfull \hbox (2.58847pt too wide) in paragraph at lines 117--117
[]|\OT1/cmr/m/n/12 Resolved| 
 []


Underfull \hbox (badness 1009) in paragraph at lines 117--118
[]|\OT1/cmr/m/n/12 Incorrect role per-mis-
 []


Underfull \hbox (badness 4595) in paragraph at lines 117--118
\OT1/cmr/m/n/12 sions for some end-
 []

[4]
Overfull \hbox (4.0084pt too wide) in paragraph at lines 125--125
[]|\OT1/cmr/bx/n/12 Priority| 
 []


Overfull \hbox (2.58847pt too wide) in paragraph at lines 127--127
[]|\OT1/cmr/m/n/12 Resolved| 
 []


Underfull \hbox (badness 1515) in paragraph at lines 127--128
[]|\OT1/cmr/m/n/12 System al-lows dou-ble
 []


Underfull \hbox (badness 10000) in paragraph at lines 129--129
[]|\OT1/cmr/m/n/12 Appointment
 []


Overfull \hbox (2.58847pt too wide) in paragraph at lines 129--129
[]|\OT1/cmr/m/n/12 Resolved| 
 []


Underfull \hbox (badness 10000) in paragraph at lines 129--130
[]|\OT1/cmr/m/n/12 Cancelled ap-point-
 []


Underfull \hbox (badness 5711) in paragraph at lines 129--130
\OT1/cmr/m/n/12 ments still show as
 []


Underfull \hbox (badness 10000) in paragraph at lines 131--131
[]|\OT1/cmr/m/n/12 Time Zone
 []


Overfull \hbox (2.58847pt too wide) in paragraph at lines 131--131
[]|\OT1/cmr/m/n/12 Resolved| 
 []


Underfull \hbox (badness 10000) in paragraph at lines 131--132
[]|\OT1/cmr/m/n/12 Appointment times
 []


Underfull \hbox (badness 1430) in paragraph at lines 131--132
\OT1/cmr/m/n/12 not han-dled cor-rectly
 []


Overfull \hbox (2.58847pt too wide) in paragraph at lines 133--133
[]|\OT1/cmr/m/n/12 Resolved| 
 []


Underfull \hbox (badness 10000) in paragraph at lines 133--134
[]|\OT1/cmr/m/n/12 Appointment re-
 []


Underfull \hbox (badness 3471) in paragraph at lines 133--134
\OT1/cmr/m/n/12 minders not sent at
 []


Underfull \hbox (badness 3148) in paragraph at lines 135--135
[]|\OT1/cmr/m/n/12 Calendar In-
 []


Underfull \hbox (badness 4108) in paragraph at lines 135--136
[]|\OT1/cmr/m/n/12 Request for cal-en-dar
 []


Overfull \hbox (4.0084pt too wide) in paragraph at lines 143--143
[]|\OT1/cmr/bx/n/12 Priority| 
 []


Underfull \hbox (badness 2057) in paragraph at lines 145--145
[]|\OT1/cmr/m/n/12 Data Val-i-da-
 []


Overfull \hbox (2.58847pt too wide) in paragraph at lines 145--145
[]|\OT1/cmr/m/n/12 Resolved| 
 []


Underfull \hbox (badness 4024) in paragraph at lines 145--146
\OT1/cmr/m/n/12 pa-tient med-i-cal data
 []


Underfull \hbox (badness 10000) in paragraph at lines 147--147
[]|\OT1/cmr/m/n/12 Record Pri-
 []


Overfull \hbox (2.58847pt too wide) in paragraph at lines 147--147
[]|\OT1/cmr/m/n/12 Resolved| 
 []


Underfull \hbox (badness 1259) in paragraph at lines 147--148
\OT1/cmr/m/n/12 si-ble by unau-tho-rized
 []


Overfull \hbox (2.58847pt too wide) in paragraph at lines 149--149
[]|\OT1/cmr/m/n/12 Resolved| 
 []


Underfull \hbox (badness 4168) in paragraph at lines 149--150
[]|\OT1/cmr/m/n/12 Profile im-age up-load
 []


Underfull \hbox (badness 3568) in paragraph at lines 151--151
[]|\OT1/cmr/m/n/12 Medical His-
 []


Overfull \hbox (27.0021pt too wide) in paragraph at lines 151--151
[]|\OT1/cmr/m/n/12 Enhancement| 
 []


Overfull \hbox (2.58847pt too wide) in paragraph at lines 151--151
[]|\OT1/cmr/m/n/12 Resolved| 
 []


Overfull \hbox (2.58847pt too wide) in paragraph at lines 153--153
[]|\OT1/cmr/m/n/12 Resolved| 
 []


Overfull \hbox (4.0084pt too wide) in paragraph at lines 161--161
[]|\OT1/cmr/bx/n/12 Priority| 
 []


Underfull \hbox (badness 10000) in paragraph at lines 163--163
[]|\OT1/cmr/m/n/12 Medication
 []


Overfull \hbox (2.58847pt too wide) in paragraph at lines 163--163
[]|\OT1/cmr/m/n/12 Resolved| 
 []


Underfull \hbox (badness 4805) in paragraph at lines 163--164
[]|\OT1/cmr/m/n/12 Daily med-i-ca-tion re-
 []


Underfull \hbox (badness 10000) in paragraph at lines 165--165
[]|\OT1/cmr/m/n/12 Treatment
 []


Overfull \hbox (27.0021pt too wide) in paragraph at lines 165--165
[]|\OT1/cmr/m/n/12 Enhancement| 
 []


Overfull \hbox (2.58847pt too wide) in paragraph at lines 165--165
[]|\OT1/cmr/m/n/12 Resolved| 
 []


Underfull \hbox (badness 10000) in paragraph at lines 167--167
[]|\OT1/cmr/m/n/12 Side Ef-fects
 []


Underfull \hbox (badness 10000) in paragraph at lines 167--167
[]|\OT1/cmr/m/n/12 In
 []


Overfull \hbox (0.69543pt too wide) in paragraph at lines 167--167
\OT1/cmr/m/n/12 Progress| 
 []


Underfull \hbox (badness 4967) in paragraph at lines 167--168
[]|\OT1/cmr/m/n/12 Add func-tion-al-ity to
 []


Underfull \hbox (badness 10000) in paragraph at lines 169--170
[]|\OT1/cmr/m/n/12 Check for po-ten-tial
 []


Underfull \hbox (badness 10000) in paragraph at lines 171--171
[]|\OT1/cmr/m/n/12 Treatment
 []


Overfull \hbox (2.58847pt too wide) in paragraph at lines 171--171
[]|\OT1/cmr/m/n/12 Resolved| 
 []


Underfull \hbox (badness 5578) in paragraph at lines 171--172
\OT1/cmr/m/n/12 dis-play-ing chrono-log-i-
 []



[5]
Overfull \hbox (4.0084pt too wide) in paragraph at lines 179--179
[]|\OT1/cmr/bx/n/12 Priority| 
 []


Underfull \hbox (badness 10000) in paragraph at lines 181--181
[]|\OT1/cmr/m/n/12 Mobile Re-
 []


Overfull \hbox (27.0021pt too wide) in paragraph at lines 181--181
[]|\OT1/cmr/m/n/12 Enhancement| 
 []


Overfull \hbox (2.58847pt too wide) in paragraph at lines 181--181
[]|\OT1/cmr/m/n/12 Resolved| 
 []


Overfull \hbox (27.0021pt too wide) in paragraph at lines 183--183
[]|\OT1/cmr/m/n/12 Enhancement| 
 []


Overfull \hbox (2.58847pt too wide) in paragraph at lines 183--183
[]|\OT1/cmr/m/n/12 Resolved| 
 []


Underfull \hbox (badness 10000) in paragraph at lines 185--185
[]|\OT1/cmr/m/n/12 Error Mes-
 []


Overfull \hbox (2.58847pt too wide) in paragraph at lines 185--185
[]|\OT1/cmr/m/n/12 Resolved| 
 []


Underfull \hbox (badness 10000) in paragraph at lines 185--186
[]|\OT1/cmr/m/n/12 Error mes-sages not
 []


Underfull \hbox (badness 10000) in paragraph at lines 187--187
[]|\OT1/cmr/m/n/12 Navigation
 []


Overfull \hbox (27.0021pt too wide) in paragraph at lines 187--187
[]|\OT1/cmr/m/n/12 Enhancement| 
 []


Overfull \hbox (2.58847pt too wide) in paragraph at lines 187--187
[]|\OT1/cmr/m/n/12 Resolved| 
 []


Underfull \hbox (badness 10000) in paragraph at lines 187--188
[]|\OT1/cmr/m/n/12 Improve nav-i-ga-tion
 []


Overfull \hbox (2.58847pt too wide) in paragraph at lines 189--189
[]|\OT1/cmr/m/n/12 Resolved| 
 []


Overfull \hbox (4.0084pt too wide) in paragraph at lines 197--197
[]|\OT1/cmr/bx/n/12 Priority| 
 []


Overfull \hbox (21.45355pt too wide) in paragraph at lines 199--199
[]|\OT1/cmr/m/n/12 Performance| 
 []


Overfull \hbox (2.58847pt too wide) in paragraph at lines 199--199
[]|\OT1/cmr/m/n/12 Resolved| 
 []


Underfull \hbox (badness 10000) in paragraph at lines 201--201
[]|\OT1/cmr/m/n/12 Connection
 []


Overfull \hbox (21.45355pt too wide) in paragraph at lines 201--201
[]|\OT1/cmr/m/n/12 Performance| 
 []


Overfull \hbox (2.58847pt too wide) in paragraph at lines 201--201
[]|\OT1/cmr/m/n/12 Resolved| 
 []


Underfull \hbox (badness 10000) in paragraph at lines 201--202
[]|\OT1/cmr/m/n/12 Database con-nec-tion
 []


Underfull \hbox (badness 5970) in paragraph at lines 203--203
[]|\OT1/cmr/m/n/12 Data Mi-gra-
 []


Overfull \hbox (2.58847pt too wide) in paragraph at lines 203--203
[]|\OT1/cmr/m/n/12 Resolved| 
 []


Overfull \hbox (27.0021pt too wide) in paragraph at lines 205--205
[]|\OT1/cmr/m/n/12 Enhancement| 
 []


Overfull \hbox (2.58847pt too wide) in paragraph at lines 205--205
[]|\OT1/cmr/m/n/12 Resolved| 
 []


Underfull \hbox (badness 2762) in paragraph at lines 205--206
[]|\OT1/cmr/m/n/12 Implement au-to-mated
 []


Underfull \hbox (badness 10000) in paragraph at lines 207--207
[]|\OT1/cmr/m/n/12 Index Op-ti-
 []


Overfull \hbox (21.45355pt too wide) in paragraph at lines 207--207
[]|\OT1/cmr/m/n/12 Performance| 
 []


Overfull \hbox (2.58847pt too wide) in paragraph at lines 207--207
[]|\OT1/cmr/m/n/12 Resolved| 
 []


Underfull \hbox (badness 4454) in paragraph at lines 207--208
[]|\OT1/cmr/m/n/12 Missing database in-
 []


Underfull \hbox (badness 10000) in paragraph at lines 207--208
\OT1/cmr/m/n/12 dexes caus-ing slow
 []

LaTeX Font Info:    External font `cmex10' loaded for size
(Font)              <12> on input line 233.
LaTeX Font Info:    External font `cmex10' loaded for size
(Font)              <8> on input line 233.
LaTeX Font Info:    External font `cmex10' loaded for size
(Font)              <6> on input line 233.


[6]

[7
pdfTeX warning (ext4): destination with the same identifier (name{figure.1}) ha
s been already used, duplicate ignored
<argument> ...shipout:D \box_use:N \l_shipout_box 
                                                  \__shipout_drop_firstpage_...
l.288 
      
pdfTeX warning (ext4): destination with the same identifier (name{figure.2}) ha
s been already used, duplicate ignored
<argument> ...shipout:D \box_use:N \l_shipout_box 
                                                  \__shipout_drop_firstpage_...
l.288 
      ]
Overfull \hbox (1.24886pt too wide) in paragraph at lines 293--293
[]|\OT1/cmr/bx/n/12 Resolved| 
 []



[8
pdfTeX warning (ext4): destination with the same identifier (name{figure.3}) ha
s been already used, duplicate ignored
<argument> ...shipout:D \box_use:N \l_shipout_box 
                                                  \__shipout_drop_firstpage_...
l.334     \item \textbf
                       {Root Cause:} Race condition in appointment booking s...
{d:/DATA/Programs/texlive/2025/texmf-dist/fonts/enc/dvips/cm-super/cm-super-ts1
.enc}]
Underfull \hbox (badness 10000) in paragraph at lines 345--345
[]|\OT1/cmr/bx/n/12 Target
 []


Underfull \hbox (badness 10000) in paragraph at lines 345--345
[]|\OT1/cmr/bx/n/12 Actual
 []


Underfull \hbox (badness 6094) in paragraph at lines 376--376
[]|\OT1/cmr/m/n/12 Requirement Am-
 []


Underfull \hbox (badness 10000) in paragraph at lines 380--380
[]|\OT1/cmr/m/n/12 Configuration
 []


Underfull \hbox (badness 10000) in paragraph at lines 382--382
[]|\OT1/cmr/m/n/12 Third-party In-te-
 []

[9]

[10]

[11] (./Issues_Report_HIV_Clinic_LaTeX.aux)
 ***********
LaTeX2e <2025-06-01> patch level 1
L3 programming layer <2025-07-11>
 ***********


LaTeX Warning: Label(s) may have changed. Rerun to get cross-references right.


Package rerunfilecheck Warning: File `Issues_Report_HIV_Clinic_LaTeX.out' has c
hanged.
(rerunfilecheck)                Rerun to get outlines right
(rerunfilecheck)                or use package `bookmark'.

Package rerunfilecheck Info: Checksums for `Issues_Report_HIV_Clinic_LaTeX.out'
:
(rerunfilecheck)             Before: <no file>
(rerunfilecheck)             After:  3C95A73F7C7F3A046E2E07A465284759;5871.
 ) 
Here is how much of TeX's memory you used:
 33806 strings out of 469753
 795525 string characters out of 5480518
 1345645 words of memory out of 5000000
 61640 multiletter control sequences out of 15000+600000
 632984 words of font info for 60 fonts, out of 8000000 for 9000
 36 hyphenation exceptions out of 8191
 99i,11n,101p,752b,2252s stack positions out of 10000i,1000n,20000p,200000b,200000s
<d:/DATA/Programs/texlive/2025/texmf-dist/fonts/type1/public/amsfonts/cm/cmbx
12.pfb><d:/DATA/Programs/texlive/2025/texmf-dist/fonts/type1/public/amsfonts/cm
/cmr12.pfb><d:/DATA/Programs/texlive/2025/texmf-dist/fonts/type1/public/amsfont
s/cm/cmti12.pfb><d:/DATA/Programs/texlive/2025/texmf-dist/fonts/type1/public/cm
-super/sfrm1200.pfb>
Output written on Issues_Report_HIV_Clinic_LaTeX.pdf (11 pages, 81170 bytes).
PDF statistics:
 149 PDF objects out of 1000 (max. 8388607)
 126 compressed objects within 2 object streams
 67 named destinations out of 1000 (max. 500000)
 13 words of extra memory for PDF output out of 10000 (max. 10000000)

