This is pdfTeX, Version 3.141592653-2.6-1.40.26 (TeX Live 2025/dev/Debian) (preloaded format=pdflatex 2025.7.18)  18 JUL 2025 02:03
entering extended mode
 restricted \write18 enabled.
 %&-line parsing enabled.
**RDS_Document_HIV_Clinic_Filled.tex
(./RDS_Document_HIV_Clinic_Filled.tex
LaTeX2e <2024-11-01> patch level 2
L3 programming layer <2025-01-18>
(/usr/share/texlive/texmf-dist/tex/latex/base/article.cls
Document Class: article 2024/06/29 v1.4n Standard LaTeX document class
(/usr/share/texlive/texmf-dist/tex/latex/base/size12.clo
File: size12.clo 2024/06/29 v1.4n Standard LaTeX file (size option)
)
\c@part=\count196
\c@section=\count197
\c@subsection=\count198
\c@subsubsection=\count199
\c@paragraph=\count266
\c@subparagraph=\count267
\c@figure=\count268
\c@table=\count269
\abovecaptionskip=\skip49
\belowcaptionskip=\skip50
\bibindent=\dimen141
)
(/usr/share/texlive/texmf-dist/tex/latex/base/inputenc.sty
Package: inputenc 2024/02/08 v1.3d Input encoding file
\inpenc@prehook=\toks17
\inpenc@posthook=\toks18
)
(/usr/share/texlive/texmf-dist/tex/generic/babel/babel.sty
Package: babel 2025/02/14 v25.4 The multilingual framework for pdfLaTeX, LuaLaT
eX and XeLaTeX
\babel@savecnt=\count270
\U@D=\dimen142
\l@unhyphenated=\language3

(/usr/share/texlive/texmf-dist/tex/generic/babel/txtbabel.def)
\bbl@readstream=\read2
\bbl@dirlevel=\count271

(/usr/share/texlive/texmf-dist/tex/generic/babel-english/english.ldf
Language: english 2017/06/06 v3.3r English support from the babel system
Package babel Info: Hyphen rules for 'british' set to \l@english
(babel)             (\language0). Reported on input line 82.
Package babel Info: Hyphen rules for 'UKenglish' set to \l@english
(babel)             (\language0). Reported on input line 83.
Package babel Info: Hyphen rules for 'canadian' set to \l@english
(babel)             (\language0). Reported on input line 102.
Package babel Info: Hyphen rules for 'australian' set to \l@english
(babel)             (\language0). Reported on input line 105.
Package babel Info: Hyphen rules for 'newzealand' set to \l@english
(babel)             (\language0). Reported on input line 108.
))
(/usr/share/texlive/texmf-dist/tex/generic/babel/locale/en/babel-english.tex
Package babel Info: Importing font and identification data for english
(babel)             from babel-en.ini. Reported on input line 11.
)
(/usr/share/texlive/texmf-dist/tex/latex/geometry/geometry.sty
Package: geometry 2020/01/02 v5.9 Page Geometry

(/usr/share/texlive/texmf-dist/tex/latex/graphics/keyval.sty
Package: keyval 2022/05/29 v1.15 key=value parser (DPC)
\KV@toks@=\toks19
)
(/usr/share/texlive/texmf-dist/tex/generic/iftex/ifvtex.sty
Package: ifvtex 2019/10/25 v1.7 ifvtex legacy package. Use iftex instead.

(/usr/share/texlive/texmf-dist/tex/generic/iftex/iftex.sty
Package: iftex 2024/12/12 v1.0g TeX engine tests
))
\Gm@cnth=\count272
\Gm@cntv=\count273
\c@Gm@tempcnt=\count274
\Gm@bindingoffset=\dimen143
\Gm@wd@mp=\dimen144
\Gm@odd@mp=\dimen145
\Gm@even@mp=\dimen146
\Gm@layoutwidth=\dimen147
\Gm@layoutheight=\dimen148
\Gm@layouthoffset=\dimen149
\Gm@layoutvoffset=\dimen150
\Gm@dimlist=\toks20
)
(/usr/share/texlive/texmf-dist/tex/latex/fancyhdr/fancyhdr.sty
Package: fancyhdr 2025/02/07 v5.2 Extensive control of page headers and footers

\f@nch@headwidth=\skip51
\f@nch@offset@elh=\skip52
\f@nch@offset@erh=\skip53
\f@nch@offset@olh=\skip54
\f@nch@offset@orh=\skip55
\f@nch@offset@elf=\skip56
\f@nch@offset@erf=\skip57
\f@nch@offset@olf=\skip58
\f@nch@offset@orf=\skip59
\f@nch@height=\skip60
\f@nch@footalignment=\skip61
\f@nch@widthL=\skip62
\f@nch@widthC=\skip63
\f@nch@widthR=\skip64
\@temptokenb=\toks21
)
(/usr/share/texlive/texmf-dist/tex/latex/graphics/graphicx.sty
Package: graphicx 2021/09/16 v1.2d Enhanced LaTeX Graphics (DPC,SPQR)

(/usr/share/texlive/texmf-dist/tex/latex/graphics/graphics.sty
Package: graphics 2024/08/06 v1.4g Standard LaTeX Graphics (DPC,SPQR)

(/usr/share/texlive/texmf-dist/tex/latex/graphics/trig.sty
Package: trig 2023/12/02 v1.11 sin cos tan (DPC)
)
(/usr/share/texlive/texmf-dist/tex/latex/graphics-cfg/graphics.cfg
File: graphics.cfg 2016/06/04 v1.11 sample graphics configuration
)
Package graphics Info: Driver file: pdftex.def on input line 106.

(/usr/share/texlive/texmf-dist/tex/latex/graphics-def/pdftex.def
File: pdftex.def 2024/04/13 v1.2c Graphics/color driver for pdftex
))
\Gin@req@height=\dimen151
\Gin@req@width=\dimen152
)
(/usr/share/texlive/texmf-dist/tex/latex/tools/longtable.sty
Package: longtable 2024-10-27 v4.22 Multi-page Table package (DPC)
\LTleft=\skip65
\LTright=\skip66
\LTpre=\skip67
\LTpost=\skip68
\LTchunksize=\count275
\LTcapwidth=\dimen153
\LT@head=\box52
\LT@firsthead=\box53
\LT@foot=\box54
\LT@lastfoot=\box55
\LT@gbox=\box56
\LT@cols=\count276
\LT@rows=\count277
\c@LT@tables=\count278
\c@LT@chunks=\count279
\LT@p@ftn=\toks22
)
(/usr/share/texlive/texmf-dist/tex/latex/tools/array.sty
Package: array 2024/10/17 v2.6g Tabular extension package (FMi)
\col@sep=\dimen154
\ar@mcellbox=\box57
\extrarowheight=\dimen155
\NC@list=\toks23
\extratabsurround=\skip69
\backup@length=\skip70
\ar@cellbox=\box58
)
(/usr/share/texlive/texmf-dist/tex/latex/booktabs/booktabs.sty
Package: booktabs 2020/01/12 v1.61803398 Publication quality tables
\heavyrulewidth=\dimen156
\lightrulewidth=\dimen157
\cmidrulewidth=\dimen158
\belowrulesep=\dimen159
\belowbottomsep=\dimen160
\aboverulesep=\dimen161
\abovetopsep=\dimen162
\cmidrulesep=\dimen163
\cmidrulekern=\dimen164
\defaultaddspace=\dimen165
\@cmidla=\count280
\@cmidlb=\count281
\@aboverulesep=\dimen166
\@belowrulesep=\dimen167
\@thisruleclass=\count282
\@lastruleclass=\count283
\@thisrulewidth=\dimen168
)
(/usr/share/texlive/texmf-dist/tex/latex/xcolor/xcolor.sty
Package: xcolor 2024/09/29 v3.02 LaTeX color extensions (UK)

(/usr/share/texlive/texmf-dist/tex/latex/graphics-cfg/color.cfg
File: color.cfg 2016/01/02 v1.6 sample color configuration
)
Package xcolor Info: Driver file: pdftex.def on input line 274.

(/usr/share/texlive/texmf-dist/tex/latex/graphics/mathcolor.ltx)
Package xcolor Info: Model `cmy' substituted by `cmy0' on input line 1349.
Package xcolor Info: Model `hsb' substituted by `rgb' on input line 1353.
Package xcolor Info: Model `RGB' extended on input line 1365.
Package xcolor Info: Model `HTML' substituted by `rgb' on input line 1367.
Package xcolor Info: Model `Hsb' substituted by `hsb' on input line 1368.
Package xcolor Info: Model `tHsb' substituted by `hsb' on input line 1369.
Package xcolor Info: Model `HSB' substituted by `hsb' on input line 1370.
Package xcolor Info: Model `Gray' substituted by `gray' on input line 1371.
Package xcolor Info: Model `wave' substituted by `hsb' on input line 1372.
)
(/usr/share/texlive/texmf-dist/tex/latex/hyperref/hyperref.sty
Package: hyperref 2024-11-05 v7.01l Hypertext links for LaTeX

(/usr/share/texlive/texmf-dist/tex/latex/kvsetkeys/kvsetkeys.sty
Package: kvsetkeys 2022-10-05 v1.19 Key value parser (HO)
)
(/usr/share/texlive/texmf-dist/tex/generic/kvdefinekeys/kvdefinekeys.sty
Package: kvdefinekeys 2019-12-19 v1.6 Define keys (HO)
)
(/usr/share/texlive/texmf-dist/tex/generic/pdfescape/pdfescape.sty
Package: pdfescape 2019/12/09 v1.15 Implements pdfTeX's escape features (HO)

(/usr/share/texlive/texmf-dist/tex/generic/ltxcmds/ltxcmds.sty
Package: ltxcmds 2023-12-04 v1.26 LaTeX kernel commands for general use (HO)
)
(/usr/share/texlive/texmf-dist/tex/generic/pdftexcmds/pdftexcmds.sty
Package: pdftexcmds 2020-06-27 v0.33 Utility functions of pdfTeX for LuaTeX (HO
)

(/usr/share/texlive/texmf-dist/tex/generic/infwarerr/infwarerr.sty
Package: infwarerr 2019/12/03 v1.5 Providing info/warning/error messages (HO)
)
Package pdftexcmds Info: \pdf@primitive is available.
Package pdftexcmds Info: \pdf@ifprimitive is available.
Package pdftexcmds Info: \pdfdraftmode found.
))
(/usr/share/texlive/texmf-dist/tex/latex/hycolor/hycolor.sty
Package: hycolor 2020-01-27 v1.10 Color options for hyperref/bookmark (HO)
)
(/usr/share/texlive/texmf-dist/tex/latex/hyperref/nameref.sty
Package: nameref 2023-11-26 v2.56 Cross-referencing by name of section

(/usr/share/texlive/texmf-dist/tex/latex/refcount/refcount.sty
Package: refcount 2019/12/15 v3.6 Data extraction from label references (HO)
)
(/usr/share/texlive/texmf-dist/tex/generic/gettitlestring/gettitlestring.sty
Package: gettitlestring 2019/12/15 v1.6 Cleanup title references (HO)

(/usr/share/texlive/texmf-dist/tex/latex/kvoptions/kvoptions.sty
Package: kvoptions 2022-06-15 v3.15 Key value format for package options (HO)
))
\c@section@level=\count284
)
(/usr/share/texlive/texmf-dist/tex/latex/etoolbox/etoolbox.sty
Package: etoolbox 2025/02/11 v2.5l e-TeX tools for LaTeX (JAW)
\etb@tempcnta=\count285
)
(/usr/share/texlive/texmf-dist/tex/generic/stringenc/stringenc.sty
Package: stringenc 2019/11/29 v1.12 Convert strings between diff. encodings (HO
)
)
\@linkdim=\dimen169
\Hy@linkcounter=\count286
\Hy@pagecounter=\count287

(/usr/share/texlive/texmf-dist/tex/latex/hyperref/pd1enc.def
File: pd1enc.def 2024-11-05 v7.01l Hyperref: PDFDocEncoding definition (HO)
Now handling font encoding PD1 ...
... no UTF-8 mapping file for font encoding PD1
)
(/usr/share/texlive/texmf-dist/tex/generic/intcalc/intcalc.sty
Package: intcalc 2019/12/15 v1.3 Expandable calculations with integers (HO)
)
\Hy@SavedSpaceFactor=\count288

(/usr/share/texlive/texmf-dist/tex/latex/hyperref/puenc.def
File: puenc.def 2024-11-05 v7.01l Hyperref: PDF Unicode definition (HO)
Now handling font encoding PU ...
... no UTF-8 mapping file for font encoding PU
)
Package hyperref Info: Hyper figures OFF on input line 4157.
Package hyperref Info: Link nesting OFF on input line 4162.
Package hyperref Info: Hyper index ON on input line 4165.
Package hyperref Info: Plain pages OFF on input line 4172.
Package hyperref Info: Backreferencing OFF on input line 4177.
Package hyperref Info: Implicit mode ON; LaTeX internals redefined.
Package hyperref Info: Bookmarks ON on input line 4424.
\c@Hy@tempcnt=\count289

(/usr/share/texlive/texmf-dist/tex/latex/url/url.sty
\Urlmuskip=\muskip17
Package: url 2013/09/16  ver 3.4  Verb mode for urls, etc.
)
LaTeX Info: Redefining \url on input line 4763.
\XeTeXLinkMargin=\dimen170

(/usr/share/texlive/texmf-dist/tex/generic/bitset/bitset.sty
Package: bitset 2019/12/09 v1.3 Handle bit-vector datatype (HO)

(/usr/share/texlive/texmf-dist/tex/generic/bigintcalc/bigintcalc.sty
Package: bigintcalc 2019/12/15 v1.5 Expandable calculations on big integers (HO
)
))
\Fld@menulength=\count290
\Field@Width=\dimen171
\Fld@charsize=\dimen172
Package hyperref Info: Hyper figures OFF on input line 6042.
Package hyperref Info: Link nesting OFF on input line 6047.
Package hyperref Info: Hyper index ON on input line 6050.
Package hyperref Info: backreferencing OFF on input line 6057.
Package hyperref Info: Link coloring OFF on input line 6062.
Package hyperref Info: Link coloring with OCG OFF on input line 6067.
Package hyperref Info: PDF/A mode OFF on input line 6072.

(/usr/share/texlive/texmf-dist/tex/latex/base/atbegshi-ltx.sty
Package: atbegshi-ltx 2021/01/10 v1.0c Emulation of the original atbegshi
package with kernel methods
)
\Hy@abspage=\count291
\c@Item=\count292
\c@Hfootnote=\count293
)
Package hyperref Info: Driver (autodetected): hpdftex.

(/usr/share/texlive/texmf-dist/tex/latex/hyperref/hpdftex.def
File: hpdftex.def 2024-11-05 v7.01l Hyperref driver for pdfTeX

(/usr/share/texlive/texmf-dist/tex/latex/base/atveryend-ltx.sty
Package: atveryend-ltx 2020/08/19 v1.0a Emulation of the original atveryend pac
kage
with kernel methods
)
\Fld@listcount=\count294
\c@bookmark@seq@number=\count295

(/usr/share/texlive/texmf-dist/tex/latex/rerunfilecheck/rerunfilecheck.sty
Package: rerunfilecheck 2022-07-10 v1.10 Rerun checks for auxiliary files (HO)

(/usr/share/texlive/texmf-dist/tex/generic/uniquecounter/uniquecounter.sty
Package: uniquecounter 2019/12/15 v1.4 Provide unlimited unique counter (HO)
)
Package uniquecounter Info: New unique counter `rerunfilecheck' on input line 2
85.
)
\Hy@SectionHShift=\skip71
)
(/usr/share/texlive/texmf-dist/tex/latex/listings/listings.sty
\lst@mode=\count296
\lst@gtempboxa=\box59
\lst@token=\toks24
\lst@length=\count297
\lst@currlwidth=\dimen173
\lst@column=\count298
\lst@pos=\count299
\lst@lostspace=\dimen174
\lst@width=\dimen175
\lst@newlines=\count300
\lst@lineno=\count301
\lst@maxwidth=\dimen176

(/usr/share/texlive/texmf-dist/tex/latex/listings/lstpatch.sty
File: lstpatch.sty 2024/09/23 1.10c (Carsten Heinz)
)
(/usr/share/texlive/texmf-dist/tex/latex/listings/lstmisc.sty
File: lstmisc.sty 2024/09/23 1.10c (Carsten Heinz)
\c@lstnumber=\count302
\lst@skipnumbers=\count303
\lst@framebox=\box60
)
(/usr/share/texlive/texmf-dist/tex/latex/listings/listings.cfg
File: listings.cfg 2024/09/23 1.10c listings configuration
))
Package: listings 2024/09/23 1.10c (Carsten Heinz)

(/usr/share/texlive/texmf-dist/tex/latex/enumitem/enumitem.sty
Package: enumitem 2025/02/06 v3.11 Customized lists
\labelindent=\skip72
\enit@outerparindent=\dimen177
\enit@toks=\toks25
\enit@inbox=\box61
\enit@count@id=\count304
\enitdp@description=\count305
)
(/usr/share/texlive/texmf-dist/tex/latex/caption/caption.sty
Package: caption 2023/08/05 v3.6o Customizing captions (AR)

(/usr/share/texlive/texmf-dist/tex/latex/caption/caption3.sty
Package: caption3 2023/07/31 v2.4d caption3 kernel (AR)
\caption@tempdima=\dimen178
\captionmargin=\dimen179
\caption@leftmargin=\dimen180
\caption@rightmargin=\dimen181
\caption@width=\dimen182
\caption@indent=\dimen183
\caption@parindent=\dimen184
\caption@hangindent=\dimen185
Package caption Info: Standard document class detected.
)
\c@caption@flags=\count306
\c@continuedfloat=\count307
Package caption Info: hyperref package is loaded.
Package caption Info: listings package is loaded.
Package caption Info: longtable package is loaded.

(/usr/share/texlive/texmf-dist/tex/latex/caption/ltcaption.sty
Package: ltcaption 2021/01/08 v1.4c longtable captions (AR)
))
(/usr/share/texlive/texmf-dist/tex/latex/float/float.sty
Package: float 2001/11/08 v1.3d Float enhancements (AL)
\c@float@type=\count308
\float@exts=\toks26
\float@box=\box62
\@float@everytoks=\toks27
\@floatcapt=\box63
)
(/usr/share/texlive/texmf-dist/tex/latex/l3backend/l3backend-pdftex.def
File: l3backend-pdftex.def 2024-05-08 L3 backend support: PDF output (pdfTeX)
\l__color_backend_stack_int=\count309
\l__pdf_internal_box=\box64
)
(./RDS_Document_HIV_Clinic_Filled.aux)
\openout1 = `RDS_Document_HIV_Clinic_Filled.aux'.

LaTeX Font Info:    Checking defaults for OML/cmm/m/it on input line 28.
LaTeX Font Info:    ... okay on input line 28.
LaTeX Font Info:    Checking defaults for OMS/cmsy/m/n on input line 28.
LaTeX Font Info:    ... okay on input line 28.
LaTeX Font Info:    Checking defaults for OT1/cmr/m/n on input line 28.
LaTeX Font Info:    ... okay on input line 28.
LaTeX Font Info:    Checking defaults for T1/cmr/m/n on input line 28.
LaTeX Font Info:    ... okay on input line 28.
LaTeX Font Info:    Checking defaults for TS1/cmr/m/n on input line 28.
LaTeX Font Info:    ... okay on input line 28.
LaTeX Font Info:    Checking defaults for OMX/cmex/m/n on input line 28.
LaTeX Font Info:    ... okay on input line 28.
LaTeX Font Info:    Checking defaults for U/cmr/m/n on input line 28.
LaTeX Font Info:    ... okay on input line 28.
LaTeX Font Info:    Checking defaults for PD1/pdf/m/n on input line 28.
LaTeX Font Info:    ... okay on input line 28.
LaTeX Font Info:    Checking defaults for PU/pdf/m/n on input line 28.
LaTeX Font Info:    ... okay on input line 28.

*geometry* driver: auto-detecting
*geometry* detected driver: pdftex
*geometry* verbose mode - [ preamble ] result:
* driver: pdftex
* paper: a4paper
* layout: <same size as paper>
* layoutoffset:(h,v)=(0.0pt,0.0pt)
* modes: 
* h-part:(L,W,R)=(72.26999pt, 452.9679pt, 72.26999pt)
* v-part:(T,H,B)=(72.26999pt, 700.50687pt, 72.26999pt)
* \paperwidth=597.50787pt
* \paperheight=845.04684pt
* \textwidth=452.9679pt
* \textheight=700.50687pt
* \oddsidemargin=0.0pt
* \evensidemargin=0.0pt
* \topmargin=-37.0pt
* \headheight=14.5pt
* \headsep=25.0pt
* \topskip=12.0pt
* \footskip=30.0pt
* \marginparwidth=35.0pt
* \marginparsep=10.0pt
* \columnsep=10.0pt
* \skip\footins=10.8pt plus 4.0pt minus 2.0pt
* \hoffset=0.0pt
* \voffset=0.0pt
* \mag=1000
* \@twocolumnfalse
* \@twosidefalse
* \@mparswitchfalse
* \@reversemarginfalse
* (1in=72.27pt=25.4mm, 1cm=28.453pt)

(/usr/share/texlive/texmf-dist/tex/context/base/mkii/supp-pdf.mkii
[Loading MPS to PDF converter (version 2006.09.02).]
\scratchcounter=\count310
\scratchdimen=\dimen186
\scratchbox=\box65
\nofMPsegments=\count311
\nofMParguments=\count312
\everyMPshowfont=\toks28
\MPscratchCnt=\count313
\MPscratchDim=\dimen187
\MPnumerator=\count314
\makeMPintoPDFobject=\count315
\everyMPtoPDFconversion=\toks29
) (/usr/share/texlive/texmf-dist/tex/latex/epstopdf-pkg/epstopdf-base.sty
Package: epstopdf-base 2020-01-24 v2.11 Base part for package epstopdf
Package epstopdf-base Info: Redefining graphics rule for `.eps' on input line 4
85.

(/usr/share/texlive/texmf-dist/tex/latex/latexconfig/epstopdf-sys.cfg
File: epstopdf-sys.cfg 2010/07/13 v1.3 Configuration of (r)epstopdf for TeX Liv
e
))
Package hyperref Info: Link coloring OFF on input line 28.

(./RDS_Document_HIV_Clinic_Filled.out) (./RDS_Document_HIV_Clinic_Filled.out)
\@outlinefile=\write3
\openout3 = `RDS_Document_HIV_Clinic_Filled.out'.

\c@lstlisting=\count316
Package caption Info: Begin \AtBeginDocument code.
Package caption Info: float package is loaded.
Package caption Info: End \AtBeginDocument code.
LaTeX Font Info:    External font `cmex10' loaded for size
(Font)              <14.4> on input line 31.
LaTeX Font Info:    External font `cmex10' loaded for size
(Font)              <7> on input line 31.


[1

{/var/lib/texmf/fonts/map/pdftex/updmap/pdftex.map}]
LaTeX Font Info:    External font `cmex10' loaded for size
(Font)              <12> on input line 40.
LaTeX Font Info:    External font `cmex10' loaded for size
(Font)              <8> on input line 40.
LaTeX Font Info:    External font `cmex10' loaded for size
(Font)              <6> on input line 40.

Overfull \hbox (61.3861pt too wide) in paragraph at lines 40--70
 [][] 
 []



[2] (./RDS_Document_HIV_Clinic_Filled.toc)
\tf@toc=\write4
\openout4 = `RDS_Document_HIV_Clinic_Filled.toc'.



[3]

[4]
Underfull \hbox (badness 10000) in paragraph at lines 134--134
[]|\OT1/cmr/m/n/12 UC-
 []


Underfull \hbox (badness 1024) in paragraph at lines 134--134
[]|\OT1/cmr/m/n/12 Public In-for-ma-
 []


Underfull \hbox (badness 10000) in paragraph at lines 134--134
[]|\OT1/cmr/m/n/12 Browse Pub-lic
 []


Underfull \hbox (badness 2277) in paragraph at lines 134--135
[]|\OT1/cmr/m/n/12 View HIV in-for-ma-tion, ed-u-ca-tional
 []


Underfull \hbox (badness 10000) in paragraph at lines 136--136
[]|\OT1/cmr/m/n/12 UC-
 []


Underfull \hbox (badness 10000) in paragraph at lines 136--136
[]|\OT1/cmr/m/n/12 Account Man-
 []


Underfull \hbox (badness 10000) in paragraph at lines 136--136
[]|\OT1/cmr/m/n/12 User Reg-is-tra-
 []


Underfull \hbox (badness 10000) in paragraph at lines 138--138
[]|\OT1/cmr/m/n/12 UC-
 []


Underfull \hbox (badness 10000) in paragraph at lines 138--139
[]|\OT1/cmr/m/n/12 Authenticate us-ing user-name/-pass-
 []


Underfull \hbox (badness 10000) in paragraph at lines 142--142
[]|\OT1/cmr/m/n/12 UC-
 []


Underfull \hbox (badness 10000) in paragraph at lines 144--144
[]|\OT1/cmr/m/n/12 UC-
 []


Underfull \hbox (badness 10000) in paragraph at lines 146--146
[]|\OT1/cmr/m/n/12 UC-
 []


Underfull \hbox (badness 10000) in paragraph at lines 146--146
[]|\OT1/cmr/m/n/12 Change Pass-
 []


Underfull \hbox (badness 10000) in paragraph at lines 150--150
[]|\OT1/cmr/m/n/12 UC-
 []


Underfull \hbox (badness 10000) in paragraph at lines 150--150
[]|\OT1/cmr/m/n/12 View Pa-tient
 []


Underfull \hbox (badness 10000) in paragraph at lines 152--152
[]|\OT1/cmr/m/n/12 UC-
 []


Underfull \hbox (badness 10000) in paragraph at lines 152--152
[]|\OT1/cmr/m/n/12 Manage Ap-
 []


Underfull \hbox (badness 10000) in paragraph at lines 154--154
[]|\OT1/cmr/m/n/12 UC-
 []


Underfull \hbox (badness 10000) in paragraph at lines 154--154
[]|\OT1/cmr/m/n/12 Manage Per-
 []


Underfull \hbox (badness 10000) in paragraph at lines 154--154
\OT1/cmr/m/n/12 sonal Med-i-cal
 []


Underfull \hbox (badness 1983) in paragraph at lines 154--155
[]|\OT1/cmr/m/n/12 View and up-date per-sonal med-i-cal
 []


Underfull \hbox (badness 10000) in paragraph at lines 156--156
[]|\OT1/cmr/m/n/12 UC-
 []


Underfull \hbox (badness 10000) in paragraph at lines 156--156
[]|\OT1/cmr/m/n/12 View ARV
 []


Underfull \hbox (badness 10000) in paragraph at lines 158--158
[]|\OT1/cmr/m/n/12 UC-
 []


Underfull \hbox (badness 10000) in paragraph at lines 158--158
[]|\OT1/cmr/m/n/12 View No-ti-fi-ca-
 []


Underfull \hbox (badness 10000) in paragraph at lines 162--162
[]|\OT1/cmr/m/n/12 UC-
 []


Underfull \hbox (badness 10000) in paragraph at lines 162--162
[]|\OT1/cmr/m/n/12 View Doc-tor
 []


Underfull \hbox (badness 1371) in paragraph at lines 162--163
[]|\OT1/cmr/m/n/12 Professional dash-board with pa-tient
 []


Underfull \hbox (badness 10000) in paragraph at lines 164--164
[]|\OT1/cmr/m/n/12 UC-
 []


Underfull \hbox (badness 10000) in paragraph at lines 164--164
[]|\OT1/cmr/m/n/12 Manage Ap-
 []


Underfull \hbox (badness 10000) in paragraph at lines 166--166
[]|\OT1/cmr/m/n/12 UC-
 []


Underfull \hbox (badness 10000) in paragraph at lines 166--166
[]|\OT1/cmr/m/n/12 Manage Avail-
 []


Underfull \hbox (badness 10000) in paragraph at lines 168--168
[]|\OT1/cmr/m/n/12 UC-
 []


Underfull \hbox (badness 10000) in paragraph at lines 168--168
[]|\OT1/cmr/m/n/12 Access Pa-tient
 []


Underfull \hbox (badness 10000) in paragraph at lines 170--170
[]|\OT1/cmr/m/n/12 UC-
 []


Underfull \hbox (badness 10000) in paragraph at lines 170--170
[]|\OT1/cmr/m/n/12 Manage ARV
 []


Underfull \hbox (badness 10000) in paragraph at lines 172--172
[]|\OT1/cmr/m/n/12 UC-
 []


Underfull \hbox (badness 10000) in paragraph at lines 176--176
[]|\OT1/cmr/m/n/12 UC-
 []


Underfull \hbox (badness 10000) in paragraph at lines 176--176
[]|\OT1/cmr/m/n/12 View Ad-min
 []


Underfull \hbox (badness 10000) in paragraph at lines 178--178
[]|\OT1/cmr/m/n/12 UC-
 []


Underfull \hbox (badness 10000) in paragraph at lines 178--178
[]|\OT1/cmr/m/n/12 User Man-age-
 []


Underfull \hbox (badness 10000) in paragraph at lines 180--180
[]|\OT1/cmr/m/n/12 UC-
 []


Underfull \hbox (badness 10000) in paragraph at lines 180--180
[]|\OT1/cmr/m/n/12 System Over-
 []


Underfull \hbox (badness 10000) in paragraph at lines 180--180
[]|\OT1/cmr/m/n/12 View All Ap-
 []


Underfull \hbox (badness 7151) in paragraph at lines 180--181
[]|\OT1/cmr/m/n/12 System-wide ap-point-ment over-sight
 []


Underfull \hbox (badness 10000) in paragraph at lines 184--184
[]|\OT1/cmr/m/n/12 UC-
 []


Underfull \hbox (badness 10000) in paragraph at lines 184--184
[]|\OT1/cmr/m/n/12 View Man-ager
 []


Underfull \hbox (badness 1033) in paragraph at lines 184--185
\OT1/cmr/m/n/12 hen-sive an-a-lyt-ics, data ex-port, and
 []


Underfull \hbox (badness 10000) in paragraph at lines 186--186
[]|\OT1/cmr/m/n/12 UC-
 []


Underfull \hbox (badness 3240) in paragraph at lines 186--187
[]|\OT1/cmr/m/n/12 Comprehensive clinic statis-tics and
 []


Underfull \hbox (badness 10000) in paragraph at lines 188--188
[]|\OT1/cmr/m/n/12 UC-
 []


Underfull \hbox (badness 10000) in paragraph at lines 190--190
[]|\OT1/cmr/m/n/12 UC-
 []


Underfull \hbox (badness 2717) in paragraph at lines 190--190
[]|\OT1/cmr/m/n/12 Manage Doc-tor
 []


Underfull \hbox (badness 10000) in paragraph at lines 192--192
[]|\OT1/cmr/m/n/12 UC-
 []


Underfull \hbox (badness 10000) in paragraph at lines 192--192
[]|\OT1/cmr/m/n/12 Manage ARV
 []


Underfull \hbox (badness 5771) in paragraph at lines 192--193
[]|\OT1/cmr/m/n/12 Monitor ARV treat-ment pro-grams
 []


Underfull \hbox (badness 10000) in paragraph at lines 194--194
[]|\OT1/cmr/m/n/12 UC-
 []


Underfull \hbox (badness 6032) in paragraph at lines 194--194
[]|\OT1/cmr/m/n/12 Manage Sched-
 []


Underfull \hbox (badness 10000) in paragraph at lines 196--196
[]|\OT1/cmr/m/n/12 UC-
 []


Underfull \hbox (badness 10000) in paragraph at lines 196--196
[]|\OT1/cmr/m/n/12 Data Man-age-
 []


Underfull \hbox (badness 10000) in paragraph at lines 196--196
[]|\OT1/cmr/m/n/12 Export Data
 []

[5]
Overfull \hbox (49.45198pt too wide) in alignment at lines 220--224
 [] [] [] [] 
 []


Overfull \hbox (49.45198pt too wide) in alignment at lines 224--229
 [] [] [] [] 
 []


Overfull \hbox (49.45198pt too wide) in alignment at lines 229--255
 [] [] [] [] 
 []



[6] [7]

[8] [9] [10]
Underfull \hbox (badness 10000) in paragraph at lines 520--521
[]|\OT1/cmr/bx/n/12 AF-2: \OT1/cmr/m/n/12 Ap-point-ment
 []


Underfull \hbox (badness 10000) in paragraph at lines 520--521
\OT1/cmr/m/n/12 within 24 hours \TS1/cmr/m/n/12 ^^Y
 []

[11] [12]
Underfull \hbox (badness 10000) in paragraph at lines 600--601
\OT1/cmr/m/n/12 de-tected \TS1/cmr/m/n/12 ^^Y \OT1/cmr/m/n/12 Doc-tor
 []


Underfull \hbox (badness 10000) in paragraph at lines 600--601
\OT1/cmr/m/n/12 sched-ules coun-sel-ing
 []

[13] [14]
Underfull \hbox (badness 10000) in paragraph at lines 652--652
[]|\OT1/cmr/m/n/12 Forgot Pass-
 []

[15] (/usr/share/texlive/texmf-dist/tex/latex/listings/lstlang1.sty
File: lstlang1.sty 2024/09/23 1.10c listings language file
)
Overfull \hbox (61.68121pt too wide) in paragraph at lines 681--682
[][][][][][][][][][][][][][][][][][][][][] 
 []


Underfull \hbox (badness 10000) in paragraph at lines 699--699
[]|\OT1/cmr/m/n/12 Doctor Se-lec-
 []


Underfull \hbox (badness 10000) in paragraph at lines 701--701
[]|\OT1/cmr/m/n/12 Appointment
 []


Underfull \hbox (badness 4621) in paragraph at lines 703--703
[]|\OT1/cmr/m/n/12 Available Time
 []


Underfull \hbox (badness 10000) in paragraph at lines 705--705
[]|\OT1/cmr/m/n/12 Appointment
 []


Underfull \hbox (badness 10000) in paragraph at lines 707--707
[]|\OT1/cmr/m/n/12 Book Ap-point-
 []

[16]
Overfull \hbox (34.32106pt too wide) in paragraph at lines 721--721
[]|\OT1/cmr/m/n/12 DoctorAvailabilitySlots| 
 []


Overfull \hbox (5.28131pt too wide) in paragraph at lines 733--734
[][][][][][][][][][][][][][][][][][][][][][][][][][][][] 
 []


Overfull \hbox (33.48126pt too wide) in paragraph at lines 737--738
[][][][][][][][][][][][][][][][][][][][][][][][][][][][][][] 
 []


Overfull \hbox (40.53125pt too wide) in paragraph at lines 748--749
[][][][][][][][][][][][][][][] 
 []



[17]
Underfull \hbox (badness 10000) in paragraph at lines 774--774
[]|\OT1/cmr/m/n/12 Current Reg-i-
 []


Underfull \hbox (badness 10000) in paragraph at lines 776--776
[]|\OT1/cmr/m/n/12 Available ARV
 []


Underfull \hbox (badness 8151) in paragraph at lines 782--782
[]|\OT1/cmr/m/n/12 Treatment Du-
 []


Underfull \hbox (badness 10000) in paragraph at lines 786--786
[]|\OT1/cmr/m/n/12 Monitoring
 []


Underfull \hbox (badness 1668) in paragraph at lines 788--788
[]|\OT1/cmr/m/n/12 Special In-struc-
 []


Overfull \hbox (13.206pt too wide) in paragraph at lines 810--810
[]|\OT1/cmr/m/n/12 AdherenceTracking| 
 []



[18]
Underfull \hbox (badness 2142) in paragraph at lines 858--859
[]|\OT1/cmr/m/n/12 Comprehensive med-i-cal his-tory in-clud-ing
 []


Underfull \hbox (badness 10000) in paragraph at lines 860--860
[]|\OT1/cmr/m/n/12 Current Al-ler-
 []


Underfull \hbox (badness 10000) in paragraph at lines 868--868
[]|\OT1/cmr/m/n/12 Emergency
 []



[19]
Overfull \hbox (40.53125pt too wide) in paragraph at lines 906--907
[][][][][][][][][][][][][][][][][][][][][][][][] 
 []


Overfull \hbox (12.3313pt too wide) in paragraph at lines 908--909
[][][][][][][][][][][][][][][][][][][][][][][] 
 []



[20]
Overfull \hbox (7.73001pt too wide) in paragraph at lines 941--942
[]\OT1/cmr/bx/n/12 UC-013 (Man-age Ap-point-ments) \OT1/cmr/m/n/12 in-cludes \O
T1/cmr/bx/n/12 UC-015 (Ac-cess Pa-tient Records)
 []


Overfull \hbox (22.9924pt too wide) in paragraph at lines 942--943
[]\OT1/cmr/bx/n/12 UC-016 (Man-age ARV Treat-ments) \OT1/cmr/m/n/12 in-cludes \
OT1/cmr/bx/n/12 UC-015 (Ac-cess Pa-tient Records)
 []



[21]
Underfull \hbox (badness 10000) in paragraph at lines 972--972
[]|\OT1/cmr/m/n/12 User Man-age-
 []


Underfull \hbox (badness 10000) in paragraph at lines 984--984
[]|\OT1/cmr/m/n/12 Appointment
 []


Underfull \hbox (badness 10000) in paragraph at lines 986--986
[]|\OT1/cmr/m/n/12 Cancellation
 []


Underfull \hbox (badness 10000) in paragraph at lines 988--988
[]|\OT1/cmr/m/n/12 Appointment
 []


Underfull \hbox (badness 1735) in paragraph at lines 990--990
[]|\OT1/cmr/m/n/12 Medical Au-tho-
 []


Underfull \hbox (badness 4303) in paragraph at lines 1004--1004
[]|\OT1/cmr/m/n/12 Emergency Ac-
 []


Underfull \hbox (badness 1325) in paragraph at lines 1004--1005
[]|\OT1/cmr/m/n/12 Emergency over-ride al-lows au-tho-rized med-i-cal
 []


Underfull \hbox (badness 10000) in paragraph at lines 1006--1006
[]|\OT1/cmr/m/n/12 Notification
 []

[22]

[23]

[24] (./RDS_Document_HIV_Clinic_Filled.aux)
 ***********
LaTeX2e <2024-11-01> patch level 2
L3 programming layer <2025-01-18>
 ***********
Package rerunfilecheck Info: File `RDS_Document_HIV_Clinic_Filled.out' has not 
changed.
(rerunfilecheck)             Checksum: 49459A34030FFDB7968256530A86F8D9;5294.
 ) 
Here is how much of TeX's memory you used:
 15029 strings out of 475178
 238130 string characters out of 5766539
 860893 words of memory out of 5000000
 37658 multiletter control sequences out of 15000+600000
 565373 words of font info for 57 fonts, out of 8000000 for 9000
 14 hyphenation exceptions out of 8191
 75i,12n,79p,346b,1932s stack positions out of 10000i,1000n,20000p,200000b,200000s
 </home/ubuntu/.texlive2025/texmf-var/fonts/pk/ljfour/jknappen/ec/tcrm1200.60
0pk> </home/ubuntu/.texlive2025/texmf-var/fonts/pk/ljfour/jknappen/ec/tcti1200.
600pk></usr/share/texlive/texmf-dist/fonts/type1/public/amsfonts/cm/cmbx12.pfb>
</usr/share/texlive/texmf-dist/fonts/type1/public/amsfonts/cm/cmr12.pfb></usr/s
hare/texlive/texmf-dist/fonts/type1/public/amsfonts/cm/cmti12.pfb>
Output written on RDS_Document_HIV_Clinic_Filled.pdf (24 pages, 122542 bytes).
PDF statistics:
 500 PDF objects out of 1000 (max. 8388607)
 458 compressed objects within 5 object streams
 213 named destinations out of 1000 (max. 500000)
 257 words of extra memory for PDF output out of 10000 (max. 10000000)

