\BOOKMARK [1][-]{section.1}{\376\377\000O\000v\000e\000r\000v\000i\000e\000w}{}% 1
\BOOKMARK [2][-]{subsection.1.1}{\376\377\000U\000s\000e\000r\000\040\000R\000e\000q\000u\000i\000r\000e\000m\000e\000n\000t\000s}{section.1}% 2
\BOOKMARK [3][-]{subsubsection.1.1.1}{\376\377\000A\000c\000t\000o\000r\000s}{subsection.1.1}% 3
\BOOKMARK [2][-]{subsection.1.2}{\376\377\000A\000c\000t\000o\000r\000\040\000D\000e\000s\000c\000r\000i\000p\000t\000i\000o\000n}{section.1}% 4
\BOOKMARK [3][-]{subsubsection.1.2.1}{\376\377\000U\000s\000e\000\040\000C\000a\000s\000e\000s}{subsection.1.2}% 5
\BOOKMARK [1][-]{section.2}{\376\377\000O\000v\000e\000r\000a\000l\000l\000\040\000F\000u\000n\000c\000t\000i\000o\000n\000a\000l\000i\000t\000i\000e\000s}{}% 6
\BOOKMARK [2][-]{subsection.2.1}{\376\377\000S\000c\000r\000e\000e\000n\000s\000\040\000F\000l\000o\000w}{section.2}% 7
\BOOKMARK [2][-]{subsection.2.2}{\376\377\000S\000c\000r\000e\000e\000n\000\040\000D\000e\000s\000c\000r\000i\000p\000t\000i\000o\000n\000s}{section.2}% 8
\BOOKMARK [2][-]{subsection.2.3}{\376\377\000S\000c\000r\000e\000e\000n\000\040\000A\000u\000t\000h\000o\000r\000i\000z\000a\000t\000i\000o\000n}{section.2}% 9
\BOOKMARK [2][-]{subsection.2.4}{\376\377\000N\000o\000n\000-\000U\000I\000\040\000F\000u\000n\000c\000t\000i\000o\000n\000s}{section.2}% 10
\BOOKMARK [1][-]{section.3}{\376\377\000S\000y\000s\000t\000e\000m\000\040\000H\000i\000g\000h\000\040\000L\000e\000v\000e\000l\000\040\000D\000e\000s\000i\000g\000n}{}% 11
\BOOKMARK [2][-]{subsection.3.1}{\376\377\000D\000a\000t\000a\000b\000a\000s\000e\000\040\000D\000e\000s\000i\000g\000n}{section.3}% 12
\BOOKMARK [2][-]{subsection.3.2}{\376\377\000C\000o\000d\000e\000\040\000P\000a\000c\000k\000a\000g\000e\000s}{section.3}% 13
\BOOKMARK [2][-]{subsection.3.3}{\376\377\000D\000a\000t\000a\000\040\000F\000l\000o\000w\000\040\000A\000r\000c\000h\000i\000t\000e\000c\000t\000u\000r\000e}{section.3}% 14
\BOOKMARK [1][-]{section.4}{\376\377\000R\000e\000q\000u\000i\000r\000e\000m\000e\000n\000t\000\040\000S\000p\000e\000c\000i\000f\000i\000c\000a\000t\000i\000o\000n\000s}{}% 15
\BOOKMARK [2][-]{subsection.4.1}{\376\377\000F\000u\000n\000c\000t\000i\000o\000n\000a\000l\000\040\000R\000e\000q\000u\000i\000r\000e\000m\000e\000n\000t\000s}{section.4}% 16
\BOOKMARK [2][-]{subsection.4.2}{\376\377\000N\000o\000n\000-\000F\000u\000n\000c\000t\000i\000o\000n\000a\000l\000\040\000R\000e\000q\000u\000i\000r\000e\000m\000e\000n\000t\000s}{section.4}% 17
\BOOKMARK [1][-]{section.5}{\376\377\000D\000e\000s\000i\000g\000n\000\040\000S\000p\000e\000c\000i\000f\000i\000c\000a\000t\000i\000o\000n\000s}{}% 18
\BOOKMARK [2][-]{subsection.5.1}{\376\377\000A\000u\000t\000h\000e\000n\000t\000i\000c\000a\000t\000i\000o\000n\000\040\000\046\000\040\000U\000s\000e\000r\000\040\000M\000a\000n\000a\000g\000e\000m\000e\000n\000t}{section.5}% 19
\BOOKMARK [3][-]{subsubsection.5.1.1}{\376\377\000U\000C\000-\0000\0000\0001\000:\000\040\000U\000s\000e\000r\000\040\000R\000e\000g\000i\000s\000t\000r\000a\000t\000i\000o\000n}{subsection.5.1}% 20
\BOOKMARK [3][-]{subsubsection.5.1.2}{\376\377\000U\000C\000-\0000\0000\0002\000:\000\040\000U\000s\000e\000r\000\040\000L\000o\000g\000i\000n}{subsection.5.1}% 21
\BOOKMARK [3][-]{subsubsection.5.1.3}{\376\377\000U\000C\000-\0000\0000\0003\000:\000\040\000B\000r\000o\000w\000s\000e\000\040\000P\000u\000b\000l\000i\000c\000\040\000W\000e\000b\000s\000i\000t\000e}{subsection.5.1}% 22
\BOOKMARK [2][-]{subsection.5.2}{\376\377\000P\000a\000t\000i\000e\000n\000t\000\040\000M\000a\000n\000a\000g\000e\000m\000e\000n\000t}{section.5}% 23
\BOOKMARK [3][-]{subsubsection.5.2.1}{\376\377\000U\000C\000-\0000\0000\0004\000:\000\040\000V\000i\000e\000w\000\040\000P\000a\000t\000i\000e\000n\000t\000\040\000D\000a\000s\000h\000b\000o\000a\000r\000d}{subsection.5.2}% 24
\BOOKMARK [3][-]{subsubsection.5.2.2}{\376\377\000U\000C\000-\0000\0000\0005\000:\000\040\000B\000o\000o\000k\000\040\000A\000p\000p\000o\000i\000n\000t\000m\000e\000n\000t}{subsection.5.2}% 25
\BOOKMARK [1][-]{section.6}{\376\377\000A\000p\000p\000e\000n\000d\000i\000x}{}% 26
\BOOKMARK [2][-]{subsection.6.1}{\376\377\000A\000s\000s\000u\000m\000p\000t\000i\000o\000n\000s\000\040\000\046\000\040\000D\000e\000p\000e\000n\000d\000e\000n\000c\000i\000e\000s}{section.6}% 27
\BOOKMARK [2][-]{subsection.6.2}{\376\377\000L\000i\000m\000i\000t\000a\000t\000i\000o\000n\000s\000\040\000\046\000\040\000E\000x\000c\000l\000u\000s\000i\000o\000n\000s}{section.6}% 28
\BOOKMARK [2][-]{subsection.6.3}{\376\377\000B\000u\000s\000i\000n\000e\000s\000s\000\040\000R\000u\000l\000e\000s}{section.6}% 29
\BOOKMARK [2][-]{subsection.6.4}{\376\377\000T\000e\000c\000h\000n\000i\000c\000a\000l\000\040\000S\000p\000e\000c\000i\000f\000i\000c\000a\000t\000i\000o\000n\000s}{section.6}% 30
