This is pdfTeX, Version 3.141592653-2.6-1.40.28 (TeX Live 2025) (preloaded format=pdflatex 2025.7.14)  16 JUL 2025 10:36
entering extended mode
 restricted \write18 enabled.
 file:line:error style messages enabled.
 %&-line parsing enabled.
**d:/DATA/Github/swp-hiv-clinic/docs/RDS_Document_HIV_Clinic_Filled.tex
(d:/DATA/Github/swp-hiv-clinic/docs/RDS_Document_HIV_Clinic_Filled.tex
LaTeX2e <2025-06-01> patch level 1
L3 programming layer <2025-07-11>
(d:/DATA/Programs/texlive/2025/texmf-dist/tex/latex/base/article.cls
Document Class: article 2025/01/22 v1.4n Standard LaTeX document class
(d:/DATA/Programs/texlive/2025/texmf-dist/tex/latex/base/size12.clo
File: size12.clo 2025/01/22 v1.4n Standard LaTeX file (size option)
)
\c@part=\count275
\c@section=\count276
\c@subsection=\count277
\c@subsubsection=\count278
\c@paragraph=\count279
\c@subparagraph=\count280
\c@figure=\count281
\c@table=\count282
\abovecaptionskip=\skip49
\belowcaptionskip=\skip50
\bibindent=\dimen148
) (d:/DATA/Programs/texlive/2025/texmf-dist/tex/latex/base/inputenc.sty
Package: inputenc 2024/02/08 v1.3d Input encoding file
\inpenc@prehook=\toks17
\inpenc@posthook=\toks18
) (d:/DATA/Programs/texlive/2025/texmf-dist/tex/generic/babel/babel.sty
Package: babel 2025/07/13 v25.11 The multilingual framework for LuaLaTeX, pdfLaTeX and XeLaTeX
\babel@savecnt=\count283
LaTeX Encoding Info:    Redeclaring text command \ij (encoding OT1) on input line 2045.
LaTeX Encoding Info:    Redeclaring text command \IJ (encoding OT1) on input line 2047.
LaTeX Encoding Info:    Redeclaring text command \ij (encoding T1) on input line 2049.
LaTeX Encoding Info:    Redeclaring text command \IJ (encoding T1) on input line 2050.
LaTeX Encoding Info:    Ignoring declaration for text command \ij (encoding ?) on input line 2051.
LaTeX Encoding Info:    Ignoring declaration for text command \IJ (encoding ?) on input line 2053.
LaTeX Encoding Info:    Ignoring declaration for text command \SS (encoding ?) on input line 2078.
\U@D=\dimen149
\l@unhyphenated=\language5
 (d:/DATA/Programs/texlive/2025/texmf-dist/tex/generic/babel/txtbabel.def)
\bbl@readstream=\read2
\bbl@dirlevel=\count284
 (d:/DATA/Programs/texlive/2025/texmf-dist/tex/generic/babel-english/english.ldf
Language: english 2017/06/06 v3.3r English support from the babel system
 (d:/DATA/Programs/texlive/2025/texmf-dist/tex/generic/babel/locale/en/babel-english.tex
Package babel Info: Importing font and identification data for english
(babel)             from babel-en.ini. Reported on input line 12.
)
Package babel Info: Hyphen rules for 'canadian' set to \l@english
(babel)             (\language0). Reported on input line 102.
Package babel Info: Hyphen rules for 'australian' set to \l@ukenglish
(babel)             (\language3). Reported on input line 105.
Package babel Info: Hyphen rules for 'newzealand' set to \l@ukenglish
(babel)             (\language3). Reported on input line 108.
)) (d:/DATA/Programs/texlive/2025/texmf-dist/tex/latex/geometry/geometry.sty
Package: geometry 2020/01/02 v5.9 Page Geometry
 (d:/DATA/Programs/texlive/2025/texmf-dist/tex/latex/graphics/keyval.sty
Package: keyval 2022/05/29 v1.15 key=value parser (DPC)
\KV@toks@=\toks19
) (d:/DATA/Programs/texlive/2025/texmf-dist/tex/generic/iftex/ifvtex.sty
Package: ifvtex 2019/10/25 v1.7 ifvtex legacy package. Use iftex instead.
 (d:/DATA/Programs/texlive/2025/texmf-dist/tex/generic/iftex/iftex.sty
Package: iftex 2024/12/12 v1.0g TeX engine tests
))
\Gm@cnth=\count285
\Gm@cntv=\count286
\c@Gm@tempcnt=\count287
\Gm@bindingoffset=\dimen150
\Gm@wd@mp=\dimen151
\Gm@odd@mp=\dimen152
\Gm@even@mp=\dimen153
\Gm@layoutwidth=\dimen154
\Gm@layoutheight=\dimen155
\Gm@layouthoffset=\dimen156
\Gm@layoutvoffset=\dimen157
\Gm@dimlist=\toks20
) (d:/DATA/Programs/texlive/2025/texmf-dist/tex/latex/fancyhdr/fancyhdr.sty
Package: fancyhdr 2025/02/07 v5.2 Extensive control of page headers and footers
\f@nch@headwidth=\skip51
\f@nch@offset@elh=\skip52
\f@nch@offset@erh=\skip53
\f@nch@offset@olh=\skip54
\f@nch@offset@orh=\skip55
\f@nch@offset@elf=\skip56
\f@nch@offset@erf=\skip57
\f@nch@offset@olf=\skip58
\f@nch@offset@orf=\skip59
\f@nch@height=\skip60
\f@nch@footalignment=\skip61
\f@nch@widthL=\skip62
\f@nch@widthC=\skip63
\f@nch@widthR=\skip64
\@temptokenb=\toks21
) (d:/DATA/Programs/texlive/2025/texmf-dist/tex/latex/graphics/graphicx.sty
Package: graphicx 2024/12/31 v1.2e Enhanced LaTeX Graphics (DPC,SPQR)
 (d:/DATA/Programs/texlive/2025/texmf-dist/tex/latex/graphics/graphics.sty
Package: graphics 2024/08/06 v1.4g Standard LaTeX Graphics (DPC,SPQR)
 (d:/DATA/Programs/texlive/2025/texmf-dist/tex/latex/graphics/trig.sty
Package: trig 2023/12/02 v1.11 sin cos tan (DPC)
) (d:/DATA/Programs/texlive/2025/texmf-dist/tex/latex/graphics-cfg/graphics.cfg
File: graphics.cfg 2016/06/04 v1.11 sample graphics configuration
)
Package graphics Info: Driver file: pdftex.def on input line 106.
 (d:/DATA/Programs/texlive/2025/texmf-dist/tex/latex/graphics-def/pdftex.def
File: pdftex.def 2024/04/13 v1.2c Graphics/color driver for pdftex
))
\Gin@req@height=\dimen158
\Gin@req@width=\dimen159
) (d:/DATA/Programs/texlive/2025/texmf-dist/tex/latex/tools/longtable.sty
Package: longtable 2024-12-18 v4.23 Multi-page Table package (DPC)
\LTleft=\skip65
\LTright=\skip66
\LTpre=\skip67
\LTpost=\skip68
\LTchunksize=\count288
\LTcapwidth=\dimen160
\LT@head=\box53
\LT@firsthead=\box54
\LT@foot=\box55
\LT@lastfoot=\box56
\LT@gbox=\box57
\LT@cols=\count289
\LT@rows=\count290
\c@LT@tables=\count291
\c@LT@chunks=\count292
\LT@p@ftn=\toks22
) (d:/DATA/Programs/texlive/2025/texmf-dist/tex/latex/tools/array.sty
Package: array 2025/06/08 v2.6j Tabular extension package (FMi)
\col@sep=\dimen161
\ar@mcellbox=\box58
\extrarowheight=\dimen162
\NC@list=\toks23
\extratabsurround=\skip69
\backup@length=\skip70
\ar@cellbox=\box59
) (d:/DATA/Programs/texlive/2025/texmf-dist/tex/latex/booktabs/booktabs.sty
Package: booktabs 2020/01/12 v1.61803398 Publication quality tables
\heavyrulewidth=\dimen163
\lightrulewidth=\dimen164
\cmidrulewidth=\dimen165
\belowrulesep=\dimen166
\belowbottomsep=\dimen167
\aboverulesep=\dimen168
\abovetopsep=\dimen169
\cmidrulesep=\dimen170
\cmidrulekern=\dimen171
\defaultaddspace=\dimen172
\@cmidla=\count293
\@cmidlb=\count294
\@aboverulesep=\dimen173
\@belowrulesep=\dimen174
\@thisruleclass=\count295
\@lastruleclass=\count296
\@thisrulewidth=\dimen175
) (d:/DATA/Programs/texlive/2025/texmf-dist/tex/latex/xcolor/xcolor.sty
Package: xcolor 2024/09/29 v3.02 LaTeX color extensions (UK)
 (d:/DATA/Programs/texlive/2025/texmf-dist/tex/latex/graphics-cfg/color.cfg
File: color.cfg 2016/01/02 v1.6 sample color configuration
)
Package xcolor Info: Driver file: pdftex.def on input line 274.
 (d:/DATA/Programs/texlive/2025/texmf-dist/tex/latex/graphics/mathcolor.ltx)
Package xcolor Info: Model `cmy' substituted by `cmy0' on input line 1349.
Package xcolor Info: Model `hsb' substituted by `rgb' on input line 1353.
Package xcolor Info: Model `RGB' extended on input line 1365.
Package xcolor Info: Model `HTML' substituted by `rgb' on input line 1367.
Package xcolor Info: Model `Hsb' substituted by `hsb' on input line 1368.
Package xcolor Info: Model `tHsb' substituted by `hsb' on input line 1369.
Package xcolor Info: Model `HSB' substituted by `hsb' on input line 1370.
Package xcolor Info: Model `Gray' substituted by `gray' on input line 1371.
Package xcolor Info: Model `wave' substituted by `hsb' on input line 1372.
) (d:/DATA/Programs/texlive/2025/texmf-dist/tex/latex/hyperref/hyperref.sty
Package: hyperref 2025-07-12 v7.01o Hypertext links for LaTeX
 (d:/DATA/Programs/texlive/2025/texmf-dist/tex/latex/kvsetkeys/kvsetkeys.sty
Package: kvsetkeys 2022-10-05 v1.19 Key value parser (HO)
) (d:/DATA/Programs/texlive/2025/texmf-dist/tex/generic/kvdefinekeys/kvdefinekeys.sty
Package: kvdefinekeys 2019-12-19 v1.6 Define keys (HO)
) (d:/DATA/Programs/texlive/2025/texmf-dist/tex/generic/pdfescape/pdfescape.sty
Package: pdfescape 2019/12/09 v1.15 Implements pdfTeX's escape features (HO)
 (d:/DATA/Programs/texlive/2025/texmf-dist/tex/generic/ltxcmds/ltxcmds.sty
Package: ltxcmds 2023-12-04 v1.26 LaTeX kernel commands for general use (HO)
) (d:/DATA/Programs/texlive/2025/texmf-dist/tex/generic/pdftexcmds/pdftexcmds.sty
Package: pdftexcmds 2020-06-27 v0.33 Utility functions of pdfTeX for LuaTeX (HO)
 (d:/DATA/Programs/texlive/2025/texmf-dist/tex/generic/infwarerr/infwarerr.sty
Package: infwarerr 2019/12/03 v1.5 Providing info/warning/error messages (HO)
)
Package pdftexcmds Info: \pdf@primitive is available.
Package pdftexcmds Info: \pdf@ifprimitive is available.
Package pdftexcmds Info: \pdfdraftmode found.
)) (d:/DATA/Programs/texlive/2025/texmf-dist/tex/latex/hycolor/hycolor.sty
Package: hycolor 2020-01-27 v1.10 Color options for hyperref/bookmark (HO)
) (d:/DATA/Programs/texlive/2025/texmf-dist/tex/latex/hyperref/nameref.sty
Package: nameref 2025-06-21 v2.57 Cross-referencing by name of section
 (d:/DATA/Programs/texlive/2025/texmf-dist/tex/latex/refcount/refcount.sty
Package: refcount 2019/12/15 v3.6 Data extraction from label references (HO)
) (d:/DATA/Programs/texlive/2025/texmf-dist/tex/generic/gettitlestring/gettitlestring.sty
Package: gettitlestring 2019/12/15 v1.6 Cleanup title references (HO)
 (d:/DATA/Programs/texlive/2025/texmf-dist/tex/latex/kvoptions/kvoptions.sty
Package: kvoptions 2022-06-15 v3.15 Key value format for package options (HO)
))
\c@section@level=\count297
) (d:/DATA/Programs/texlive/2025/texmf-dist/tex/latex/etoolbox/etoolbox.sty
Package: etoolbox 2025/02/11 v2.5l e-TeX tools for LaTeX (JAW)
\etb@tempcnta=\count298
) (d:/DATA/Programs/texlive/2025/texmf-dist/tex/generic/stringenc/stringenc.sty
Package: stringenc 2019/11/29 v1.12 Convert strings between diff. encodings (HO)
)
\@linkdim=\dimen176
\Hy@linkcounter=\count299
\Hy@pagecounter=\count300
 (d:/DATA/Programs/texlive/2025/texmf-dist/tex/latex/hyperref/pd1enc.def
File: pd1enc.def 2025-07-12 v7.01o Hyperref: PDFDocEncoding definition (HO)
Now handling font encoding PD1 ...
... no UTF-8 mapping file for font encoding PD1
) (d:/DATA/Programs/texlive/2025/texmf-dist/tex/generic/intcalc/intcalc.sty
Package: intcalc 2019/12/15 v1.3 Expandable calculations with integers (HO)
)
\Hy@SavedSpaceFactor=\count301
 (d:/DATA/Programs/texlive/2025/texmf-dist/tex/latex/hyperref/puenc.def
File: puenc.def 2025-07-12 v7.01o Hyperref: PDF Unicode definition (HO)
Now handling font encoding PU ...
... no UTF-8 mapping file for font encoding PU
)
Package hyperref Info: Hyper figures OFF on input line 4195.
Package hyperref Info: Link nesting OFF on input line 4200.
Package hyperref Info: Hyper index ON on input line 4203.
Package hyperref Info: Plain pages OFF on input line 4210.
Package hyperref Info: Backreferencing OFF on input line 4215.
Package hyperref Info: Implicit mode ON; LaTeX internals redefined.
Package hyperref Info: Bookmarks ON on input line 4462.
\c@Hy@tempcnt=\count302
 (d:/DATA/Programs/texlive/2025/texmf-dist/tex/latex/url/url.sty
\Urlmuskip=\muskip17
Package: url 2013/09/16  ver 3.4  Verb mode for urls, etc.
)
LaTeX Info: Redefining \url on input line 4801.
\XeTeXLinkMargin=\dimen177
 (d:/DATA/Programs/texlive/2025/texmf-dist/tex/generic/bitset/bitset.sty
Package: bitset 2019/12/09 v1.3 Handle bit-vector datatype (HO)
 (d:/DATA/Programs/texlive/2025/texmf-dist/tex/generic/bigintcalc/bigintcalc.sty
Package: bigintcalc 2019/12/15 v1.5 Expandable calculations on big integers (HO)
))
\Fld@menulength=\count303
\Field@Width=\dimen178
\Fld@charsize=\dimen179
Package hyperref Info: Hyper figures OFF on input line 6078.
Package hyperref Info: Link nesting OFF on input line 6083.
Package hyperref Info: Hyper index ON on input line 6086.
Package hyperref Info: backreferencing OFF on input line 6093.
Package hyperref Info: Link coloring OFF on input line 6098.
Package hyperref Info: Link coloring with OCG OFF on input line 6103.
Package hyperref Info: PDF/A mode OFF on input line 6108.
\Hy@abspage=\count304
\c@Item=\count305
\c@Hfootnote=\count306
)
Package hyperref Info: Driver (autodetected): hpdftex.
 (d:/DATA/Programs/texlive/2025/texmf-dist/tex/latex/hyperref/hpdftex.def
File: hpdftex.def 2025-07-12 v7.01o Hyperref driver for pdfTeX
\Fld@listcount=\count307
\c@bookmark@seq@number=\count308
 (d:/DATA/Programs/texlive/2025/texmf-dist/tex/latex/rerunfilecheck/rerunfilecheck.sty
Package: rerunfilecheck 2025-06-21 v1.11 Rerun checks for auxiliary files (HO)
 (d:/DATA/Programs/texlive/2025/texmf-dist/tex/generic/uniquecounter/uniquecounter.sty
Package: uniquecounter 2019/12/15 v1.4 Provide unlimited unique counter (HO)
)
Package uniquecounter Info: New unique counter `rerunfilecheck' on input line 284.
)
\Hy@SectionHShift=\skip71
) (d:/DATA/Programs/texlive/2025/texmf-dist/tex/latex/listings/listings.sty
\lst@mode=\count309
\lst@gtempboxa=\box60
\lst@token=\toks24
\lst@length=\count310
\lst@currlwidth=\dimen180
\lst@column=\count311
\lst@pos=\count312
\lst@lostspace=\dimen181
\lst@width=\dimen182
\lst@newlines=\count313
\lst@lineno=\count314
\lst@maxwidth=\dimen183
 (d:/DATA/Programs/texlive/2025/texmf-dist/tex/latex/listings/lstpatch.sty
File: lstpatch.sty 2024/09/23 1.10c (Carsten Heinz)
) (d:/DATA/Programs/texlive/2025/texmf-dist/tex/latex/listings/lstmisc.sty
File: lstmisc.sty 2024/09/23 1.10c (Carsten Heinz)
\c@lstnumber=\count315
\lst@skipnumbers=\count316
\lst@framebox=\box61
) (d:/DATA/Programs/texlive/2025/texmf-dist/tex/latex/listings/listings.cfg
File: listings.cfg 2024/09/23 1.10c listings configuration
))
Package: listings 2024/09/23 1.10c (Carsten Heinz)
 (d:/DATA/Programs/texlive/2025/texmf-dist/tex/latex/enumitem/enumitem.sty
Package: enumitem 2025/02/06 v3.11 Customized lists
\labelindent=\skip72
\enit@outerparindent=\dimen184
\enit@toks=\toks25
\enit@inbox=\box62
\enit@count@id=\count317
\enitdp@description=\count318
) (d:/DATA/Programs/texlive/2025/texmf-dist/tex/latex/l3backend/l3backend-pdftex.def
File: l3backend-pdftex.def 2025-06-09 L3 backend support: PDF output (pdfTeX)
\l__color_backend_stack_int=\count319
) (./RDS_Document_HIV_Clinic_Filled.aux)
\openout1 = `RDS_Document_HIV_Clinic_Filled.aux'.

LaTeX Font Info:    Checking defaults for OML/cmm/m/it on input line 25.
LaTeX Font Info:    ... okay on input line 25.
LaTeX Font Info:    Checking defaults for OMS/cmsy/m/n on input line 25.
LaTeX Font Info:    ... okay on input line 25.
LaTeX Font Info:    Checking defaults for OT1/cmr/m/n on input line 25.
LaTeX Font Info:    ... okay on input line 25.
LaTeX Font Info:    Checking defaults for T1/cmr/m/n on input line 25.
LaTeX Font Info:    ... okay on input line 25.
LaTeX Font Info:    Checking defaults for TS1/cmr/m/n on input line 25.
LaTeX Font Info:    ... okay on input line 25.
LaTeX Font Info:    Checking defaults for OMX/cmex/m/n on input line 25.
LaTeX Font Info:    ... okay on input line 25.
LaTeX Font Info:    Checking defaults for U/cmr/m/n on input line 25.
LaTeX Font Info:    ... okay on input line 25.
LaTeX Font Info:    Checking defaults for PD1/pdf/m/n on input line 25.
LaTeX Font Info:    ... okay on input line 25.
LaTeX Font Info:    Checking defaults for PU/pdf/m/n on input line 25.
LaTeX Font Info:    ... okay on input line 25.

*geometry* driver: auto-detecting
*geometry* detected driver: pdftex
*geometry* verbose mode - [ preamble ] result:
* driver: pdftex
* paper: a4paper
* layout: <same size as paper>
* layoutoffset:(h,v)=(0.0pt,0.0pt)
* modes: 
* h-part:(L,W,R)=(72.26999pt, 452.9679pt, 72.26999pt)
* v-part:(T,H,B)=(72.26999pt, 700.50687pt, 72.26999pt)
* \paperwidth=597.50787pt
* \paperheight=845.04684pt
* \textwidth=452.9679pt
* \textheight=700.50687pt
* \oddsidemargin=0.0pt
* \evensidemargin=0.0pt
* \topmargin=-37.0pt
* \headheight=12.0pt
* \headsep=25.0pt
* \topskip=12.0pt
* \footskip=30.0pt
* \marginparwidth=35.0pt
* \marginparsep=10.0pt
* \columnsep=10.0pt
* \skip\footins=10.8pt plus 4.0pt minus 2.0pt
* \hoffset=0.0pt
* \voffset=0.0pt
* \mag=1000
* \@twocolumnfalse
* \@twosidefalse
* \@mparswitchfalse
* \@reversemarginfalse
* (1in=72.27pt=25.4mm, 1cm=28.453pt)

(d:/DATA/Programs/texlive/2025/texmf-dist/tex/context/base/mkii/supp-pdf.mkii
[Loading MPS to PDF converter (version 2006.09.02).]
\scratchcounter=\count320
\scratchdimen=\dimen185
\scratchbox=\box63
\nofMPsegments=\count321
\nofMParguments=\count322
\everyMPshowfont=\toks26
\MPscratchCnt=\count323
\MPscratchDim=\dimen186
\MPnumerator=\count324
\makeMPintoPDFobject=\count325
\everyMPtoPDFconversion=\toks27
) (d:/DATA/Programs/texlive/2025/texmf-dist/tex/latex/epstopdf-pkg/epstopdf-base.sty
Package: epstopdf-base 2020-01-24 v2.11 Base part for package epstopdf
Package epstopdf-base Info: Redefining graphics rule for `.eps' on input line 485.
 (d:/DATA/Programs/texlive/2025/texmf-dist/tex/latex/latexconfig/epstopdf-sys.cfg
File: epstopdf-sys.cfg 2010/07/13 v1.3 Configuration of (r)epstopdf for TeX Live
))
Package hyperref Info: Link coloring OFF on input line 25.
 (./RDS_Document_HIV_Clinic_Filled.out) (./RDS_Document_HIV_Clinic_Filled.out)
\@outlinefile=\write3
\openout3 = `RDS_Document_HIV_Clinic_Filled.out'.

\c@lstlisting=\count326
LaTeX Font Info:    External font `cmex10' loaded for size
(Font)              <14.4> on input line 28.
LaTeX Font Info:    External font `cmex10' loaded for size
(Font)              <7> on input line 28.


[1

{d:/DATA/Programs/texlive/2025/texmf-var/fonts/map/pdftex/updmap/pdftex.map}]
Overfull \hbox (5.04727pt too wide) in paragraph at lines 36--36
[]|\OT1/cmr/bx/n/12 A*M,
 []


Overfull \hbox (1.84389pt too wide) in paragraph at lines 38--38
[]|\OT1/cmr/m/n/12 07/01/2025| 
 []


Underfull \hbox (badness 10000) in paragraph at lines 38--38
[]|\OT1/cmr/m/n/12 Development
 []


Overfull \hbox (7.7706pt too wide) in alignment at lines 34--40
 [] [] [] [] [] 
 []




Package fancyhdr Warning: \headheight is too small (12.0pt): 
(fancyhdr)                Make it at least 14.49998pt, for example:
(fancyhdr)                \setlength{\headheight}{14.49998pt}.
(fancyhdr)                You might also make \topmargin smaller:
(fancyhdr)                \addtolength{\topmargin}{-2.49998pt}.

[2] (./RDS_Document_HIV_Clinic_Filled.toc
LaTeX Font Info:    External font `cmex10' loaded for size
(Font)              <12> on input line 3.
LaTeX Font Info:    External font `cmex10' loaded for size
(Font)              <8> on input line 3.
LaTeX Font Info:    External font `cmex10' loaded for size
(Font)              <6> on input line 3.
)
\tf@toc=\write4
\openout4 = `RDS_Document_HIV_Clinic_Filled.toc'.




Package fancyhdr Warning: \headheight is too small (12.0pt): 
(fancyhdr)                Make it at least 14.49998pt, for example:
(fancyhdr)                \setlength{\headheight}{14.49998pt}.
(fancyhdr)                You might also make \topmargin smaller:
(fancyhdr)                \addtolength{\topmargin}{-2.49998pt}.

[3]
Underfull \hbox (badness 10000) in paragraph at lines 83--83
[]|\OT1/cmr/m/n/12 UC-
 []


Underfull \hbox (badness 10000) in paragraph at lines 83--83
[]|\OT1/cmr/m/n/12 User Man-age-
 []


Underfull \hbox (badness 10000) in paragraph at lines 83--83
[]|\OT1/cmr/m/n/12 User Reg-is-tra-
 []


Underfull \hbox (badness 10000) in paragraph at lines 85--85
[]|\OT1/cmr/m/n/12 UC-
 []


Underfull \hbox (badness 10000) in paragraph at lines 87--87
[]|\OT1/cmr/m/n/12 UC-
 []


Underfull \hbox (badness 2951) in paragraph at lines 87--88
[]|\OT1/cmr/m/n/12 Users up-date per-sonal in-for-ma-tion,
 []


Underfull \hbox (badness 10000) in paragraph at lines 89--89
[]|\OT1/cmr/m/n/12 UC-
 []


Underfull \hbox (badness 10000) in paragraph at lines 89--89
[]|\OT1/cmr/m/n/12 Appointment
 []


Underfull \hbox (badness 10000) in paragraph at lines 89--89
[]|\OT1/cmr/m/n/12 Book Ap-point-
 []


Underfull \hbox (badness 10000) in paragraph at lines 91--91
[]|\OT1/cmr/m/n/12 UC-
 []


Underfull \hbox (badness 10000) in paragraph at lines 91--91
[]|\OT1/cmr/m/n/12 Doctor Op-er-a-
 []


Underfull \hbox (badness 10000) in paragraph at lines 91--91
[]|\OT1/cmr/m/n/12 Manage Avail-
 []


Underfull \hbox (badness 10000) in paragraph at lines 93--93
[]|\OT1/cmr/m/n/12 UC-
 []


Underfull \hbox (badness 10000) in paragraph at lines 93--93
[]|\OT1/cmr/m/n/12 Appointment
 []


Underfull \hbox (badness 10000) in paragraph at lines 95--95
[]|\OT1/cmr/m/n/12 UC-
 []


Underfull \hbox (badness 2181) in paragraph at lines 95--96
[]|\OT1/cmr/m/n/12 Doctors ac-cess and up-date pa-tient
 []


Underfull \hbox (badness 10000) in paragraph at lines 97--97
[]|\OT1/cmr/m/n/12 UC-
 []


Underfull \hbox (badness 3271) in paragraph at lines 97--98
[]|\OT1/cmr/m/n/12 Doctors man-age HIV an-tiretro-vi-ral
 []


Underfull \hbox (badness 1400) in paragraph at lines 97--98
\OT1/cmr/m/n/12 treat-ment reg-i-mens, mon-i-tor ad-her-
 []


Underfull \hbox (badness 10000) in paragraph at lines 99--99
[]|\OT1/cmr/m/n/12 UC-
 []


Underfull \hbox (badness 10000) in paragraph at lines 99--99
[]|\OT1/cmr/m/n/12 Medication
 []


Underfull \hbox (badness 10000) in paragraph at lines 99--99
[]|\OT1/cmr/m/n/12 Medication
 []


Underfull \hbox (badness 10000) in paragraph at lines 99--99
\OT1/cmr/m/n/12 Rou-tine Man-
 []


Underfull \hbox (badness 1107) in paragraph at lines 99--100
[]|\OT1/cmr/m/n/12 Doctors cre-ate med-i-ca-tion sched-ules
 []


Underfull \hbox (badness 1803) in paragraph at lines 99--100
\OT1/cmr/m/n/12 and pa-tients re-ceive au-to-mated re-
 []


Underfull \hbox (badness 10000) in paragraph at lines 101--101
[]|\OT1/cmr/m/n/12 UC-
 []


Underfull \hbox (badness 10000) in paragraph at lines 101--101
[]|\OT1/cmr/m/n/12 Appointment
 []


Underfull \hbox (badness 1082) in paragraph at lines 101--102
\OT1/cmr/m/n/12 pa-tients for up-com-ing ap-point-ments
 []


Underfull \hbox (badness 10000) in paragraph at lines 103--103
[]|\OT1/cmr/m/n/12 UC-
 []


Underfull \hbox (badness 3724) in paragraph at lines 103--103
[]|\OT1/cmr/m/n/12 Medication Re-
 []


Underfull \hbox (badness 2884) in paragraph at lines 103--104
[]|\OT1/cmr/m/n/12 System sends daily med-i-ca-tion re-
 []


Underfull \hbox (badness 10000) in paragraph at lines 105--105
[]|\OT1/cmr/m/n/12 UC-
 []


Package fancyhdr Warning: \headheight is too small (12.0pt): 
(fancyhdr)                Make it at least 14.49998pt, for example:
(fancyhdr)                \setlength{\headheight}{14.49998pt}.
(fancyhdr)                You might also make \topmargin smaller:
(fancyhdr)                \addtolength{\topmargin}{-2.49998pt}.

[4]
Underfull \hbox (badness 10000) in paragraph at lines 130--130
[]|\OT1/cmr/m/n/12 Registration
 []


Underfull \hbox (badness 10000) in paragraph at lines 132--132
[]|\OT1/cmr/m/n/12 Patient Dash-
 []


Underfull \hbox (badness 10000) in paragraph at lines 134--134
[]|\OT1/cmr/m/n/12 Appointment
 []


Underfull \hbox (badness 10000) in paragraph at lines 134--134
[]|\OT1/cmr/m/n/12 Book Ap-point-
 []


Underfull \hbox (badness 1117) in paragraph at lines 134--135
[]|\OT1/cmr/m/n/12 Search avail-able doc-tors, view time
 []


Underfull \hbox (badness 10000) in paragraph at lines 136--136
[]|\OT1/cmr/m/n/12 Appointment
 []


Underfull \hbox (badness 10000) in paragraph at lines 136--136
[]|\OT1/cmr/m/n/12 My Ap-point-
 []


Underfull \hbox (badness 10000) in paragraph at lines 138--138
[]|\OT1/cmr/m/n/12 Doctor Dash-
 []


Underfull \hbox (badness 4429) in paragraph at lines 138--139
\OT1/cmr/m/n/12 tient no-ti-fi-ca-tions, and avail-abil-ity
 []


Underfull \hbox (badness 10000) in paragraph at lines 140--140
[]|\OT1/cmr/m/n/12 Doctor Op-er-a-
 []


Underfull \hbox (badness 10000) in paragraph at lines 140--140
[]|\OT1/cmr/m/n/12 Availability
 []


Underfull \hbox (badness 1990) in paragraph at lines 142--143
[]|\OT1/cmr/m/n/12 Comprehensive pa-tient med-i-cal his-
 []


Underfull \hbox (badness 1496) in paragraph at lines 144--145
[]|\OT1/cmr/m/n/12 HIV treat-ment reg-i-mens, ad-her-ence
 []


Underfull \hbox (badness 10000) in paragraph at lines 146--146
[]|\OT1/cmr/m/n/12 Medication
 []


Underfull \hbox (badness 10000) in paragraph at lines 148--148
[]|\OT1/cmr/m/n/12 Notification
 []


Underfull \hbox (badness 1910) in paragraph at lines 148--149
[]|\OT1/cmr/m/n/12 View and man-age ap-point-ment re-
 []


Underfull \hbox (badness 10000) in paragraph at lines 150--150
[]|\OT1/cmr/m/n/12 User Man-age-
 []


Package fancyhdr Warning: \headheight is too small (12.0pt): 
(fancyhdr)                Make it at least 14.49998pt, for example:
(fancyhdr)                \setlength{\headheight}{14.49998pt}.
(fancyhdr)                You might also make \topmargin smaller:
(fancyhdr)                \addtolength{\topmargin}{-2.49998pt}.

[5{d:/DATA/Programs/texlive/2025/texmf-dist/fonts/enc/dvips/cm-super/cm-super-ts1.enc}]
Underfull \hbox (badness 7869) in paragraph at lines 174--174
[]| \OT1/cmr/m/n/12 Man-age Avail-abil-
 []


Underfull \hbox (badness 10000) in paragraph at lines 176--176
[]| \OT1/cmr/m/n/12 View Pa-tient
 []


Underfull \hbox (badness 4108) in paragraph at lines 178--178
[]| \OT1/cmr/m/n/12 Up-date Treat-ment
 []


Underfull \hbox (badness 10000) in paragraph at lines 192--192
[]|\OT1/cmr/m/n/12 Appointment Man-
 []


Underfull \hbox (badness 10000) in paragraph at lines 194--194
[]| \OT1/cmr/m/n/12 Can-cel Ap-point-
 []


Package fancyhdr Warning: \headheight is too small (12.0pt): 
(fancyhdr)                Make it at least 14.49998pt, for example:
(fancyhdr)                \setlength{\headheight}{14.49998pt}.
(fancyhdr)                You might also make \topmargin smaller:
(fancyhdr)                \addtolength{\topmargin}{-2.49998pt}.

[6]
Underfull \hbox (badness 3029) in paragraph at lines 206--206
[]|\OT1/cmr/m/n/12 Notification Schedul-
 []


Underfull \hbox (badness 10000) in paragraph at lines 206--207
[]|\OT1/cmr/m/n/12 Background ser-vice that
 []


Underfull \hbox (badness 4096) in paragraph at lines 206--207
\OT1/cmr/m/n/12 sched-ules and sends ap-
 []


Underfull \hbox (badness 5231) in paragraph at lines 208--209
[]|\OT1/cmr/m/n/12 Automatic to-ken gen-er-a-
 []


Underfull \hbox (badness 1360) in paragraph at lines 210--211
[]|\OT1/cmr/m/n/12 Server-side val-i-da-tion and
 []


Underfull \hbox (badness 10000) in paragraph at lines 214--214
[]|\OT1/cmr/m/n/12 Database Man-age-
 []


Underfull \hbox (badness 2012) in paragraph at lines 214--215
[]|\OT1/cmr/m/n/12 Scheduled database back-
 []


Underfull \hbox (badness 10000) in paragraph at lines 216--217
\OT1/cmr/m/n/12 no-ti-fi-ca-tions and sys-tem
 []




Package fancyhdr Warning: \headheight is too small (12.0pt): 
(fancyhdr)                Make it at least 14.49998pt, for example:
(fancyhdr)                \setlength{\headheight}{14.49998pt}.
(fancyhdr)                You might also make \topmargin smaller:
(fancyhdr)                \addtolength{\topmargin}{-2.49998pt}.

[7]
Overfull \hbox (34.32106pt too wide) in paragraph at lines 268--268
[]|\OT1/cmr/m/n/12 DoctorAvailabilitySlots| 
 []


Overfull \hbox (17.02263pt too wide) in paragraph at lines 280--280
[]|\OT1/cmr/m/n/12 MedicationRoutines| 
 []


Overfull \hbox (27.63223pt too wide) in paragraph at lines 288--288
[]|\OT1/cmr/m/n/12 NotificationTemplates| 
 []


Underfull \hbox (badness 1102) in paragraph at lines 290--291
[]|\OT1/cmr/m/n/12 - Con-tains: ap-point-ment re-minder, med-i-ca-tion re-
 []


Package fancyhdr Warning: \headheight is too small (12.0pt): 
(fancyhdr)                Make it at least 14.49998pt, for example:
(fancyhdr)                \setlength{\headheight}{14.49998pt}.
(fancyhdr)                You might also make \topmargin smaller:
(fancyhdr)                \addtolength{\topmargin}{-2.49998pt}.

[8]
Overfull \hbox (4.66692pt too wide) in paragraph at lines 302--302
[]|\OT1/cmr/m/n/12 com.hivclinic.controller| 
 []


Underfull \hbox (badness 2790) in paragraph at lines 304--305
\OT1/cmr/m/n/12 tient care, ARV treat-ment, and no-ti-fi-ca-tion
 []


Overfull \hbox (7.66966pt too wide) in paragraph at lines 306--306
[]|\OT1/cmr/m/n/12 com.hivclinic.repository| 
 []


Underfull \hbox (badness 2573) in paragraph at lines 306--307
[]|\OT1/cmr/m/n/12 Data ac-cess layer with JPA repos-i-to-ries for
 []


Underfull \hbox (badness 10000) in paragraph at lines 308--309
[]|\OT1/cmr/m/n/12 Entity classes rep-re-sent-ing database ta-bles
 []


Underfull \hbox (badness 3758) in paragraph at lines 308--309
\OT1/cmr/m/n/12 in-clud-ing User, Ap-point-ment, Pa-tien-tRecord,
 []


Underfull \hbox (badness 10000) in paragraph at lines 312--313
[]|\OT1/cmr/m/n/12 Configuration classes for se-cu-rity (JWT),
 []


Overfull \hbox (4.66692pt too wide) in paragraph at lines 314--314
[]|\OT1/cmr/m/n/12 com.hivclinic.exception| 
 []


Overfull \hbox (6.62523pt too wide) in paragraph at lines 316--316
[]|\OT1/cmr/m/n/12 com.hivclinic.validation| 
 []




Package fancyhdr Warning: \headheight is too small (12.0pt): 
(fancyhdr)                Make it at least 14.49998pt, for example:
(fancyhdr)                \setlength{\headheight}{14.49998pt}.
(fancyhdr)                You might also make \topmargin smaller:
(fancyhdr)                \addtolength{\topmargin}{-2.49998pt}.

[9]
Underfull \hbox (badness 4156) in paragraph at lines 396--397
[]|\OT1/cmr/m/n/12 User pass-words must be hashed us-ing
 []




Package fancyhdr Warning: \headheight is too small (12.0pt): 
(fancyhdr)                Make it at least 14.49998pt, for example:
(fancyhdr)                \setlength{\headheight}{14.49998pt}.
(fancyhdr)                You might also make \topmargin smaller:
(fancyhdr)                \addtolength{\topmargin}{-2.49998pt}.

[10]


Package fancyhdr Warning: \headheight is too small (12.0pt): 
(fancyhdr)                Make it at least 14.49998pt, for example:
(fancyhdr)                \setlength{\headheight}{14.49998pt}.
(fancyhdr)                You might also make \topmargin smaller:
(fancyhdr)                \addtolength{\topmargin}{-2.49998pt}.

[11]


Package fancyhdr Warning: \headheight is too small (12.0pt): 
(fancyhdr)                Make it at least 14.49998pt, for example:
(fancyhdr)                \setlength{\headheight}{14.49998pt}.
(fancyhdr)                You might also make \topmargin smaller:
(fancyhdr)                \addtolength{\topmargin}{-2.49998pt}.

[12]


Package fancyhdr Warning: \headheight is too small (12.0pt): 
(fancyhdr)                Make it at least 14.49998pt, for example:
(fancyhdr)                \setlength{\headheight}{14.49998pt}.
(fancyhdr)                You might also make \topmargin smaller:
(fancyhdr)                \addtolength{\topmargin}{-2.49998pt}.

[13]


Package fancyhdr Warning: \headheight is too small (12.0pt): 
(fancyhdr)                Make it at least 14.49998pt, for example:
(fancyhdr)                \setlength{\headheight}{14.49998pt}.
(fancyhdr)                You might also make \topmargin smaller:
(fancyhdr)                \addtolength{\topmargin}{-2.49998pt}.

[14]


Package fancyhdr Warning: \headheight is too small (12.0pt): 
(fancyhdr)                Make it at least 14.49998pt, for example:
(fancyhdr)                \setlength{\headheight}{14.49998pt}.
(fancyhdr)                You might also make \topmargin smaller:
(fancyhdr)                \addtolength{\topmargin}{-2.49998pt}.

[15]
Underfull \hbox (badness 1466) in paragraph at lines 711--712
[]|\OT1/cmr/m/n/12 System must re-spect pa-tient no-ti-fi-ca-tion
 []


Underfull \hbox (badness 10000) in paragraph at lines 739--739
[]|\OT1/cmr/m/n/12 Forgot Pass-
 []




Package fancyhdr Warning: \headheight is too small (12.0pt): 
(fancyhdr)                Make it at least 14.49998pt, for example:
(fancyhdr)                \setlength{\headheight}{14.49998pt}.
(fancyhdr)                You might also make \topmargin smaller:
(fancyhdr)                \addtolength{\topmargin}{-2.49998pt}.

[16] (d:/DATA/Programs/texlive/2025/texmf-dist/tex/latex/listings/lstlang1.sty
File: lstlang1.sty 2024/09/23 1.10c listings language file
)
Overfull \hbox (61.68121pt too wide) in paragraph at lines 768--769
[][][][][][][][][][][][][][][][][][][][][] 
 []


Underfull \hbox (badness 10000) in paragraph at lines 786--786
[]|\OT1/cmr/m/n/12 Doctor Se-lec-
 []


Underfull \hbox (badness 10000) in paragraph at lines 788--788
[]|\OT1/cmr/m/n/12 Appointment
 []


Underfull \hbox (badness 4621) in paragraph at lines 790--790
[]|\OT1/cmr/m/n/12 Available Time
 []


Underfull \hbox (badness 10000) in paragraph at lines 792--792
[]|\OT1/cmr/m/n/12 Appointment
 []


Underfull \hbox (badness 10000) in paragraph at lines 794--794
[]|\OT1/cmr/m/n/12 Book Ap-point-
 []


Package fancyhdr Warning: \headheight is too small (12.0pt): 
(fancyhdr)                Make it at least 14.49998pt, for example:
(fancyhdr)                \setlength{\headheight}{14.49998pt}.
(fancyhdr)                You might also make \topmargin smaller:
(fancyhdr)                \addtolength{\topmargin}{-2.49998pt}.

[17]
Overfull \hbox (34.32106pt too wide) in paragraph at lines 808--808
[]|\OT1/cmr/m/n/12 DoctorAvailabilitySlots| 
 []


Overfull \hbox (5.28131pt too wide) in paragraph at lines 820--821
[][][][][][][][][][][][][][][][][][][][][][][][][][][][] 
 []


Overfull \hbox (33.48126pt too wide) in paragraph at lines 824--825
[][][][][][][][][][][][][][][][][][][][][][][][][][][][][][] 
 []


Overfull \hbox (40.53125pt too wide) in paragraph at lines 835--836
[][][][][][][][][][][][][][][] 
 []




Package fancyhdr Warning: \headheight is too small (12.0pt): 
(fancyhdr)                Make it at least 14.49998pt, for example:
(fancyhdr)                \setlength{\headheight}{14.49998pt}.
(fancyhdr)                You might also make \topmargin smaller:
(fancyhdr)                \addtolength{\topmargin}{-2.49998pt}.

[18]
Underfull \hbox (badness 2142) in paragraph at lines 859--860
[]|\OT1/cmr/m/n/12 Comprehensive med-i-cal his-tory in-clud-ing
 []


Underfull \hbox (badness 10000) in paragraph at lines 861--861
[]|\OT1/cmr/m/n/12 Current Al-ler-
 []


Underfull \hbox (badness 10000) in paragraph at lines 869--869
[]|\OT1/cmr/m/n/12 Emergency
 []


Underfull \hbox (badness 10000) in paragraph at lines 875--875
[]|\OT1/cmr/m/n/12 View ARV
 []


Overfull \hbox (17.02263pt too wide) in paragraph at lines 889--889
[]|\OT1/cmr/m/n/12 MedicationRoutines| 
 []




Package fancyhdr Warning: \headheight is too small (12.0pt): 
(fancyhdr)                Make it at least 14.49998pt, for example:
(fancyhdr)                \setlength{\headheight}{14.49998pt}.
(fancyhdr)                You might also make \topmargin smaller:
(fancyhdr)                \addtolength{\topmargin}{-2.49998pt}.

[19]
Underfull \hbox (badness 10000) in paragraph at lines 955--955
[]|\OT1/cmr/m/n/12 Appointment
 []


Underfull \hbox (badness 1735) in paragraph at lines 957--957
[]|\OT1/cmr/m/n/12 Medication Ad-
 []


Underfull \hbox (badness 10000) in paragraph at lines 959--959
[]|\OT1/cmr/m/n/12 Record Re-ten-
 []


Underfull \hbox (badness 4303) in paragraph at lines 961--961
[]|\OT1/cmr/m/n/12 Emergency Ac-
 []


Underfull \hbox (badness 1325) in paragraph at lines 961--962
[]|\OT1/cmr/m/n/12 Emergency over-ride al-lows au-tho-rized med-i-cal
 []


Underfull \hbox (badness 10000) in paragraph at lines 963--963
[]|\OT1/cmr/m/n/12 Notification
 []




Package fancyhdr Warning: \headheight is too small (12.0pt): 
(fancyhdr)                Make it at least 14.49998pt, for example:
(fancyhdr)                \setlength{\headheight}{14.49998pt}.
(fancyhdr)                You might also make \topmargin smaller:
(fancyhdr)                \addtolength{\topmargin}{-2.49998pt}.

[20]


Package fancyhdr Warning: \headheight is too small (12.0pt): 
(fancyhdr)                Make it at least 14.49998pt, for example:
(fancyhdr)                \setlength{\headheight}{14.49998pt}.
(fancyhdr)                You might also make \topmargin smaller:
(fancyhdr)                \addtolength{\topmargin}{-2.49998pt}.

[21] (./RDS_Document_HIV_Clinic_Filled.aux)
 ***********
LaTeX2e <2025-06-01> patch level 1
L3 programming layer <2025-07-11>
 ***********
Package rerunfilecheck Info: File `RDS_Document_HIV_Clinic_Filled.out' has not changed.
(rerunfilecheck)             Checksum: 5DA9E7099CDEF03DBEF1AB355CC9FE40;5509.
 ) 
Here is how much of TeX's memory you used:
 13540 strings out of 469753
 210301 string characters out of 5480518
 854447 words of memory out of 5000000
 41583 multiletter control sequences out of 15000+600000
 633361 words of font info for 61 fonts, out of 8000000 for 9000
 36 hyphenation exceptions out of 8191
 75i,12n,79p,342b,1938s stack positions out of 10000i,1000n,20000p,200000b,200000s
<d:/DATA/Programs/texlive/2025/texmf-dist/fonts/type1/public/amsfonts/cm/cmbx12.pfb><d:/DATA/Programs/texlive/2025/texmf-dist/fonts/type1/public/amsfonts/cm/cmr12.pfb><d:/DATA/Programs/texlive/2025/texmf-dist/fonts/type1/public/amsfonts/cm/cmti12.pfb><d:/DATA/Programs/texlive/2025/texmf-dist/fonts/type1/public/cm-super/sfrm1200.pfb><d:/DATA/Programs/texlive/2025/texmf-dist/fonts/type1/public/cm-super/sfti1200.pfb>
Output written on RDS_Document_HIV_Clinic_Filled.pdf (21 pages, 119274 bytes).
PDF statistics:
 481 PDF objects out of 1000 (max. 8388607)
 443 compressed objects within 5 object streams
 199 named destinations out of 1000 (max. 500000)
 273 words of extra memory for PDF output out of 10000 (max. 10000000)

